Scenario - 
Logfile written - 12/03/2021 10:51:12

Subject	Trial	Event Type	Code	block(str)	left_stim(str)	right_stim(str)	stim_chosen(str)	instruct(str)	reward(str)	Time	TTime	Uncertainty	Duration	Uncertainty	ReqTime	ReqDur	Stim Type	Pair Index

ss_05	1	Response	3							359263	359102	1
ss_05	3	Picture	1;2;1;	1	2	1				363339	0	1	7180	1	0	next	false_alarm	3
ss_05	3	Response	1							370343	7005	1
ss_05	5	Picture	1;2;1;2;stand;	1	2	1	2	stand		374359	0	6	20037	7	0	next	other	0
ss_05	7	Picture	1;2;1;2;stand;false;	1	2	1	2	stand	false	398070	0	7	10019	7	0	next	other	0
ss_05	9	Response	3							761223	23019	1
ss_05	11	Picture	1;2;1;	1	2	1				765923	0	1	3674	1	0	next	false_alarm	8
ss_05	11	Response	2							769463	3540	1
ss_05	13	Picture	1;2;1;1;sit;	1	2	1	1	sit		773270	0	6	20037	6	0	next	other	0
ss_05	15	Picture	1;2;1;1;sit;false;	1	2	1	1	sit	false	797482	0	6	10019	7	0	next	other	0
ss_05	17	Response	3							1152782	15166	1
ss_05	19	Picture	1;2;1;	1	2	1				1157320	0	1	4008	1	0	next	false_alarm	13
ss_05	19	Response	2							1161183	3863	1
ss_05	21	Picture	1;2;1;1;sit;	1	2	1	1	sit		1165001	0	6	20037	6	0	next	other	0
ss_05	23	Picture	1;2;1;1;sit;true;	1	2	1	1	sit	true	1188545	0	6	10019	6	0	next	other	0
ss_05	30	Response	3							1542862	14684	1
ss_05	32	Picture	1;2;1;	1	2	1				1547882	0	1	3507	1	0	next	false_alarm	18
ss_05	32	Response	1							1551262	3380	1
ss_05	34	Picture	1;2;1;2;stand;	1	2	1	2	stand		1555396	0	6	20037	6	0	next	other	0
ss_05	36	Picture	1;2;1;2;stand;true;	1	2	1	2	stand	true	1579107	0	6	10019	6	0	next	other	0
ss_05	43	Response	3							1938901	20161	1
ss_05	45	Picture	1;1;2;	1	1	2				1942952	0	1	3173	1	0	next	false_alarm	23
ss_05	45	Response	1							1946021	3069	1
ss_05	47	Picture	1;1;2;1;sit;	1	1	2	1	sit		1950299	0	6	20037	6	0	next	other	0
ss_05	49	Picture	1;1;2;1;sit;false;	1	1	2	1	sit	false	1974845	0	6	10019	6	0	next	other	0
ss_05	51	Response	3							2327221	12241	1
ss_05	53	Picture	1;1;2;	1	1	2				2332011	0	1	2839	1	0	next	false_alarm	28
ss_05	53	Response	2							2334660	2649	1
ss_05	55	Picture	1;1;2;2;sit;	1	1	2	2	sit		2338022	0	6	20037	6	0	next	other	0
ss_05	57	Picture	1;1;2;2;sit;true;	1	1	2	2	sit	true	2362067	0	6	10019	6	0	next	other	0
ss_05	64	Response	3							2737420	35719	1
ss_05	66	Picture	1;2;1;	1	2	1				2741275	0	1	6679	1	0	next	false_alarm	33
ss_05	66	Response	2							2747900	6625	1
ss_05	68	Picture	1;2;1;1;sit;	1	2	1	1	sit		2751627	0	6	20037	6	0	next	other	0
ss_05	70	Picture	1;2;1;1;sit;true;	1	2	1	1	sit	true	2775839	0	6	10019	6	0	next	other	0
ss_05	77	Response	3							3136459	20987	1
ss_05	79	Picture	1;2;1;	1	2	1				3140853	0	1	6679	1	0	next	false_alarm	38
ss_05	79	Response	1							3147339	6486	0
ss_05	81	Picture	1;2;1;2;stand;	1	2	1	2	stand		3150872	0	6	20037	7	0	next	other	0
ss_05	83	Picture	1;2;1;2;stand;true;	1	2	1	2	stand	true	3174583	0	6	10019	6	0	next	other	0
ss_05	90	Response	3							3530659	16443	1
ss_05	92	Picture	1;2;1;	1	2	1				3535089	0	1	3840	1	0	next	false_alarm	43
ss_05	92	Response	1							3538819	3730	1
ss_05	94	Picture	1;2;1;2;stand;	1	2	1	2	stand		3542102	0	6	20037	7	0	next	other	0
ss_05	96	Picture	1;2;1;2;stand;false;	1	2	1	2	stand	false	3565479	0	6	10019	7	0	next	other	0
ss_05	98	Response	3							3919658	14045	1
ss_05	100	Picture	1;1;2;	1	1	2				3924816	0	1	3339	1	0	next	false_alarm	48
ss_05	100	Response	1							3928058	3243	1
ss_05	102	Picture	1;1;2;1;sit;	1	1	2	1	sit		3931495	0	6	20037	7	0	next	other	0
ss_05	104	Picture	1;1;2;1;sit;false;	1	1	2	1	sit	false	3955039	0	6	10019	6	0	next	other	0
ss_05	106	Response	3							4301058	5885	1
ss_05	108	Picture	1;2;1;	1	2	1				4305693	0	1	2839	1	0	next	false_alarm	53
ss_05	108	Response	2							4308458	2765	1
ss_05	110	Picture	1;2;1;1;stand;	1	2	1	1	stand		4311704	0	6	20037	6	0	next	other	0
ss_05	112	Picture	1;2;1;1;stand;true;	1	2	1	1	stand	true	4335916	0	6	10019	6	0	next	other	0
ss_05	119	Response	3							4684977	9428	1
ss_05	121	Picture	1;2;1;	1	2	1				4689909	0	1	3006	1	0	next	false_alarm	58
ss_05	121	Response	1							4692737	2828	1
ss_05	123	Picture	1;2;1;2;stand;	1	2	1	2	stand		4696755	0	6	20037	6	0	next	other	0
ss_05	125	Picture	1;2;1;2;stand;true;	1	2	1	2	stand	true	4721468	0	6	10019	6	0	next	other	0
ss_05	132	Response	3							5072016	10915	1
ss_05	134	Picture	1;2;1;	1	2	1				5076464	0	1	3507	1	0	next	false_alarm	63
ss_05	134	Response	2							5079897	3433	1
ss_05	136	Picture	1;2;1;1;stand;	1	2	1	1	stand		5084145	0	6	20037	6	0	next	other	0
ss_05	138	Picture	1;2;1;1;stand;false;	1	2	1	1	stand	false	5108690	0	7	10019	7	0	next	other	0
ss_05	140	Response	3							5460696	11871	1
ss_05	142	Picture	1;1;2;	1	1	2				5464187	0	1	3506	1	0	next	false_alarm	68
ss_05	142	Response	2							5467496	3309	1
ss_05	144	Picture	1;1;2;2;stand;	1	1	2	2	stand		5471200	0	6	20038	6	0	next	other	0
ss_05	146	Picture	1;1;2;2;stand;true;	1	1	2	2	stand	true	5495746	0	6	10019	7	0	next	other	0
ss_05	153	Response	3							5846895	11516	1
ss_05	155	Picture	1;1;2;	1	1	2				5851075	0	1	3340	1	0	next	false_alarm	73
ss_05	155	Response	1							5854335	3260	1
ss_05	157	Picture	1;1;2;1;sit;	1	1	2	1	sit		5858089	0	6	20037	7	0	next	other	0
ss_05	159	Picture	1;1;2;1;sit;true;	1	1	2	1	sit	true	5883135	0	6	10019	6	0	next	other	0
ss_05	166	Response	3							6267855	45086	1
ss_05	168	Picture	1;2;1;	1	2	1				6272361	0	1	2839	1	0	next	false_alarm	78
ss_05	168	Response	2							6275095	2733	1
ss_05	170	Picture	1;2;1;1;stand;	1	2	1	1	stand		6279374	0	6	20037	6	0	next	other	0
ss_05	172	Picture	1;2;1;1;stand;false;	1	2	1	1	stand	false	6303252	0	6	10019	6	0	next	other	0
ss_05	174	Response	3							6652014	8627	1
ss_05	176	Picture	1;1;2;	1	1	2				6655910	0	1	7347	1	0	next	false_alarm	83
ss_05	176	Response	1							6663094	7184	1
ss_05	178	Picture	1;1;2;1;sit;	1	1	2	1	sit		6668266	0	6	20037	6	0	next	other	0
ss_05	180	Picture	1;1;2;1;sit;true;	1	1	2	1	sit	true	6692979	0	6	10019	7	0	next	other	0
ss_05	187	Response	3							7097093	64480	1
ss_05	189	Picture	1;1;2;	1	1	2				7100573	0	1	10854	1	0	next	false_alarm	88
ss_05	189	Response	2							7111213	10641	1
ss_05	191	Picture	1;1;2;2;stand;	1	1	2	2	stand		7114599	0	6	20037	6	0	next	other	0
ss_05	193	Picture	1;1;2;2;stand;true;	1	1	2	2	stand	true	7139479	0	6	10019	6	0	next	other	0
ss_05	200	Response	3							7498573	19461	1
ss_05	202	Picture	1;2;1;	1	2	1				7502322	0	1	6011	1	0	next	false_alarm	93
ss_05	202	Response	1							7508253	5931	1
ss_05	204	Picture	1;2;1;2;stand;	1	2	1	2	stand		7511673	0	6	20037	6	0	next	other	0
ss_05	206	Picture	1;2;1;2;stand;false;	1	2	1	2	stand	false	7534716	0	6	10019	6	0	next	other	0
ss_05	208	Response	3							7881453	6602	1
ss_05	210	Picture	1;1;2;	1	1	2				7885704	0	1	13859	1	0	next	false_alarm	98
ss_05	210	Response	2							7899372	13668	1
ss_05	212	Picture	1;1;2;2;stand;	1	1	2	2	stand		7904239	0	6	20037	6	0	next	other	0
ss_05	214	Picture	1;1;2;2;stand;true;	1	1	2	2	stand	true	7928617	0	6	10019	6	0	next	other	0
ss_05	221	Response	3							8284612	16361	1
ss_05	223	Picture	1;1;2;	1	1	2				8288288	0	1	14861	1	0	next	false_alarm	103
ss_05	223	Response	1							8303011	14723	1
ss_05	225	Picture	1;1;2;1;stand;	1	1	2	1	stand		8306990	0	6	20037	6	0	next	other	0
ss_05	227	Picture	1;1;2;1;stand;false;	1	1	2	1	stand	false	8330033	0	6	10019	6	0	next	other	0
ss_05	229	Response	3							8678491	8324	1
ss_05	231	Picture	1;2;1;	1	2	1				8683025	0	1	14527	1	0	next	false_alarm	108
ss_05	231	Response	1							8697411	14386	1
ss_05	233	Picture	1;2;1;2;stand;	1	2	1	2	stand		8701559	0	6	20037	6	0	next	other	0
ss_05	235	Picture	1;2;1;2;stand;false;	1	2	1	2	stand	false	8725437	0	6	10019	6	0	next	other	0
ss_05	237	Response	3							9071970	6399	1
ss_05	239	Picture	1;1;2;	1	1	2				9076592	0	1	15529	1	0	next	false_alarm	113
ss_05	239	Response	1							9092010	15418	1
ss_05	241	Picture	1;1;2;1;sit;	1	1	2	1	sit		9095294	0	6	20037	6	0	next	other	0
ss_05	243	Picture	1;1;2;1;sit;false;	1	1	2	1	sit	false	9118337	0	6	10019	7	0	next	other	0
ss_05	245	Response	3							9464810	6339	0
ss_05	247	Picture	1;2;1;	1	2	1				9468824	0	1	8015	1	0	next	false_alarm	118
ss_05	247	Response	1							9476650	7826	1
ss_05	249	Picture	1;2;1;2;stand;	1	2	1	2	stand		9480846	0	6	20037	7	0	next	other	0
ss_05	251	Picture	1;2;1;2;stand;false;	1	2	1	2	stand	false	9504390	0	6	10019	7	0	next	other	0
ss_05	253	Response	3							9853329	8805	1
ss_05	255	Picture	1;1;2;	1	1	2				9856714	0	1	2505	1	0	next	false_alarm	123
ss_05	255	Response	1							9859169	2455	1
ss_05	257	Picture	1;1;2;1;sit;	1	1	2	1	sit		9864228	0	6	20037	7	0	next	other	0
ss_05	259	Picture	1;1;2;1;sit;true;	1	1	2	1	sit	true	9887772	0	6	10019	6	0	next	other	0
ss_05	266	Response	3							10264489	37083	1
ss_05	268	Picture	1;1;2;	1	1	2				10268315	0	1	11355	1	0	next	false_alarm	128
ss_05	268	Response	1							10279528	11213	0
ss_05	270	Picture	1;1;2;1;sit;	1	1	2	1	sit		10283009	0	6	20037	6	0	next	other	0
ss_05	272	Picture	1;1;2;1;sit;true;	1	1	2	1	sit	true	10307722	0	7	10019	7	0	next	other	0
ss_05	279	Response	3							10683248	35892	1
ss_05	281	Picture	1;2;1;	1	2	1				10688265	0	1	10520	1	0	next	false_alarm	133
ss_05	281	Response	1							10698608	10343	1
ss_05	283	Picture	1;2;1;2;stand;	1	2	1	2	stand		10703794	0	6	20037	6	0	next	other	0
ss_05	285	Picture	1;2;1;2;stand;true;	1	2	1	2	stand	true	10727839	0	6	10019	7	0	next	other	0
ss_05	292	Response	3							11079487	12015	1
ss_05	294	Picture	1;2;1;	1	2	1				11084170	0	1	3507	1	0	next	false_alarm	138
ss_05	294	Response	1							11087607	3437	1
ss_05	296	Picture	1;2;1;2;stand;	1	2	1	2	stand		11092185	0	6	20037	7	0	next	other	0
ss_05	298	Picture	1;2;1;2;stand;false;	1	2	1	2	stand	false	11116898	0	6	10019	6	0	next	other	0
ss_05	300	Response	3							11460847	3814	1
ss_05	301	Response	2							11463966	2926	1
ss_05	302	Picture	1;2;1;	1	2	1				11465882	0	1	6846	1	0	next	false_alarm	144
ss_05	302	Response	2							11472607	6725	1
ss_05	304	Picture	1;2;1;1;sit;	1	2	1	1	sit		11476402	0	6	20037	7	0	next	other	0
ss_05	306	Picture	1;2;1;1;sit;false;	1	2	1	1	sit	false	11500614	0	6	10019	6	0	next	other	0
ss_05	308	Response	3							11847046	6298	1
ss_05	310	Picture	1;1;2;	1	1	2				11850600	0	1	4008	1	0	next	false_alarm	149
ss_05	310	Response	1							11854526	3927	1
ss_05	312	Picture	1;1;2;1;sit;	1	1	2	1	sit		11857947	0	6	20037	6	0	next	other	0
ss_05	314	Picture	1;1;2;1;sit;true;	1	1	2	1	sit	true	11882326	0	6	10019	6	0	next	other	0
ss_05	321	Response	3							12241246	19287	1
ss_05	323	Picture	1;2;1;	1	2	1				12245503	0	1	4008	1	0	next	false_alarm	154
ss_05	323	Response	2							12249406	3902	1
ss_05	325	Picture	1;2;1;1;sit;	1	2	1	1	sit		12254019	0	6	20037	6	0	next	other	0
ss_05	327	Picture	1;2;1;1;sit;true;	1	2	1	1	sit	true	12278064	0	6	10019	6	0	next	other	0
ss_05	334	Response	3							12637685	19987	1
ss_05	336	Picture	1;2;1;	1	2	1				12642744	0	1	6345	1	0	next	false_alarm	159
ss_05	336	Response	1							12649005	6261	1
ss_05	338	Picture	1;2;1;2;stand;	1	2	1	2	stand		12653431	0	6	20037	6	0	next	other	0
ss_05	340	Picture	1;2;1;2;stand;false;	1	2	1	2	stand	false	12676808	0	6	10019	6	0	next	other	0
ss_05	342	Response	3							13021804	4862	1
ss_05	344	Picture	1;1;2;	1	1	2				13025792	0	1	3674	1	0	next	false_alarm	164
ss_05	344	Response	1							13029404	3612	0
ss_05	346	Picture	1;1;2;1;sit;	1	1	2	1	sit		13033473	0	6	20037	6	0	next	other	0
ss_05	348	Picture	1;1;2;1;sit;false;	1	1	2	1	sit	false	13056850	0	6	10019	6	0	next	other	0
ss_05	350	Response	3							13402604	5619	1
ss_05	352	Picture	1;2;1;	1	2	1				13406001	0	1	8015	1	0	next	false_alarm	169
ss_05	352	Response	2							13413964	7962	1
ss_05	354	Picture	1;2;1;1;sit;	1	2	1	1	sit		13418358	0	7	20037	7	0	next	other	0
ss_05	356	Picture	1;2;1;1;sit;true;	1	2	1	1	sit	true	13441902	0	6	10019	6	0	next	other	0
ss_05	363	Response	3							13809563	28028	1
ss_05	365	Picture	1;2;1;	1	2	1				13814597	0	1	6846	1	0	next	false_alarm	174
ss_05	365	Response	1							13821283	6686	1
ss_05	367	Picture	1;2;1;2;stand;	1	2	1	2	stand		13824949	0	6	20037	6	0	next	other	0
ss_05	369	Picture	1;2;1;2;stand;false;	1	2	1	2	stand	false	13849495	0	6	10019	6	0	next	other	0
ss_05	371	Response	3							15035041	845412	1
ss_05	373	Picture	1;1;2;	1	1	2				15039882	0	1	5844	1	0	next	false_alarm	179
ss_05	373	Response	1							15045601	5719	1
ss_05	375	Picture	1;1;2;1;sit;	1	1	2	1	sit		15049066	0	6	20037	6	0	next	other	0
ss_05	377	Picture	1;1;2;1;sit;false;	1	1	2	1	sit	false	15073946	0	6	10019	6	0	next	other	0
ss_05	379	Response	3							15421161	7080	1
ss_05	381	Picture	1;1;2;	1	1	2				15424433	0	1	6011	1	0	next	false_alarm	184
ss_05	381	Response	2							15430361	5928	1
ss_05	383	Picture	1;1;2;2;stand;	1	1	2	2	stand		15434452	0	6	20037	6	0	next	other	0
ss_05	385	Picture	1;1;2;2;stand;false;	1	1	2	2	stand	false	15457829	0	6	10019	6	0	next	other	0
ss_05	387	Response	3							15801640	3677	1
ss_05	389	Picture	1;2;1;	1	2	1				15806813	0	1	5677	1	0	next	false_alarm	189
ss_05	389	Response	2							15812280	5467	1
ss_05	391	Picture	1;2;1;1;sit;	1	2	1	1	sit		15816498	0	6	20037	7	0	next	other	0
ss_05	393	Picture	1;2;1;1;sit;true;	1	2	1	1	sit	true	15839875	0	6	10019	7	0	next	other	0
ss_05	400	Response	3							16211960	32452	1
ss_05	402	Picture	1;2;1;	1	2	1				16215742	0	1	5176	1	0	next	false_alarm	194
ss_05	402	Response	2							16220799	5057	1
ss_05	404	Picture	1;2;1;1;sit;	1	2	1	1	sit		16224091	0	6	20037	6	0	next	other	0
ss_05	406	Picture	1;2;1;1;sit;false;	1	2	1	1	sit	false	16247635	0	6	10019	6	0	next	other	0
ss_05	408	Response	3							16596079	8309	1
ss_05	410	Picture	1;1;2;	1	1	2				16600293	0	1	4007	1	0	next	false_alarm	199
ss_05	410	Response	1							16604159	3866	1
ss_05	412	Picture	1;1;2;1;sit;	1	1	2	1	sit		16609143	0	6	20037	6	0	next	other	0
ss_05	414	Picture	1;1;2;1;sit;true;	1	1	2	1	sit	true	16634023	0	6	10019	6	0	next	other	0
ss_05	421	Response	3							17004758	31102	1
ss_05	423	Picture	1;1;2;	1	1	2				17008054	0	1	6345	1	0	next	false_alarm	204
ss_05	423	Response	1							17014198	6145	1
ss_05	425	Picture	1;1;2;1;sit;	1	1	2	1	sit		17018406	0	6	20037	7	0	next	other	0
ss_05	427	Picture	1;1;2;1;sit;false;	1	1	2	1	sit	false	17043286	0	6	10019	6	0	next	other	0
ss_05	429	Response	3							17390637	7217	1
ss_05	431	Picture	1;2;1;	1	2	1				17395276	0	1	7013	1	0	next	false_alarm	209
ss_05	431	Response	2							17402238	6962	1
ss_05	433	Picture	1;2;1;1;sit;	1	2	1	1	sit		17406964	0	6	20037	6	0	next	other	0
ss_05	435	Picture	1;2;1;1;sit;true;	1	2	1	1	sit	true	17431176	0	6	10019	6	0	next	other	0
ss_05	442	Response	3							17804117	33307	1
ss_05	444	Picture	1;2;1;	1	2	1				17809048	0	1	6345	1	0	next	false_alarm	214
ss_05	444	Response	1							17815197	6149	1
ss_05	446	Picture	1;2;1;2;stand;	1	2	1	2	stand		17818900	0	6	20037	6	0	next	other	0
ss_05	448	Picture	1;2;1;2;stand;true;	1	2	1	2	stand	true	17842777	0	6	10019	6	0	next	other	0
ss_05	455	Response	3							18214556	32146	1
ss_05	457	Picture	1;1;2;	1	1	2				18218478	0	1	4007	1	0	next	false_alarm	219
ss_05	457	Response	1							18222316	3838	1
ss_05	459	Picture	1;1;2;1;sit;	1	1	2	1	sit		18226493	0	6	20037	7	0	next	other	0
ss_05	461	Picture	1;1;2;1;sit;false;	1	1	2	1	sit	false	18249536	0	6	10019	6	0	next	other	0
ss_05	463	Response	3							18595596	5925	1
ss_05	465	Picture	1;1;2;	1	1	2				18599355	0	1	5176	1	0	next	false_alarm	224
ss_05	465	Response	1							18604476	5121	1
ss_05	467	Picture	1;1;2;1;stand;	1	1	2	1	stand		18609040	0	6	20037	6	0	next	other	0
ss_05	469	Picture	1;1;2;1;stand;false;	1	1	2	1	stand	false	18633753	0	6	10019	6	0	next	other	0
ss_05	471	Response	3							18979675	5788	1
ss_05	473	Picture	1;1;2;	1	1	2				18983572	0	1	21039	1	0	next	false_alarm	229
ss_05	473	Response	2							19004555	20983	1
ss_05	475	Picture	1;1;2;2;sit;	1	1	2	2	sit		19007951	0	7	20037	7	0	next	other	0
ss_05	477	Picture	1;1;2;2;sit;true;	1	1	2	2	sit	true	19031829	0	7	10019	7	0	next	other	0
ss_05	484	Response	3							19398274	26812	1
ss_05	486	Picture	1;2;1;	1	2	1				19402186	0	1	11188	1	0	next	false_alarm	234
ss_05	486	Response	1							19413235	11049	1
ss_05	488	Picture	1;2;1;2;stand;	1	2	1	2	stand		19417548	0	6	20037	7	0	next	other	0
ss_05	490	Picture	1;2;1;2;stand;true;	1	2	1	2	stand	true	19441426	0	6	10019	7	0	next	other	0
ss_05	497	Response	3							19792074	11014	0
ss_05	499	Picture	1;2;1;	1	2	1				19795921	0	1	12022	1	0	next	false_alarm	239
ss_05	499	Response	2							19807754	11833	1
ss_05	501	Picture	1;2;1;1;sit;	1	2	1	1	sit		19812618	0	6	20037	6	0	next	other	0
ss_05	503	Picture	1;2;1;1;sit;true;	1	2	1	1	sit	true	19836496	0	6	10019	6	0	next	other	0
ss_05	510	Response	3							20209353	33223	1
ss_05	512	Picture	1;1;2;	1	1	2				20214034	0	1	13358	1	0	next	false_alarm	244
ss_05	512	Response	2							20227233	13200	0
ss_05	514	Picture	1;1;2;2;stand;	1	1	2	2	stand		20231567	0	6	20037	6	0	next	other	0
ss_05	516	Picture	1;1;2;2;stand;false;	1	1	2	2	stand	false	20256613	0	6	10019	6	0	next	other	0
ss_05	518	Response	3							20604953	8205	1
ss_05	520	Picture	1;1;2;	1	1	2				20609772	0	1	8349	1	0	next	false_alarm	249
ss_05	520	Response	2							20617953	8181	1
ss_05	522	Picture	1;1;2;2;stand;	1	1	2	2	stand		20622796	0	6	20037	6	0	next	other	0
ss_05	524	Picture	1;1;2;2;stand;true;	1	1	2	2	stand	true	20647676	0	6	10019	7	0	next	other	0
ss_05	531	Response	3							21000192	12883	1
ss_05	533	Picture	1;1;2;	1	1	2				21004341	0	1	7514	1	0	next	false_alarm	254
ss_05	533	Response	1							21011672	7331	1
ss_05	535	Picture	1;1;2;1;sit;	1	1	2	1	sit		21016698	0	6	20037	6	0	next	other	0
ss_05	537	Picture	1;1;2;1;sit;false;	1	1	2	1	sit	false	21040242	0	6	10019	6	0	next	other	0
ss_05	539	Response	3							21392632	12255	1
ss_05	541	Picture	1;1;2;	1	1	2				21396406	0	1	13692	1	0	next	false_alarm	259
ss_05	541	Response	2							21409992	13585	1
ss_05	543	Picture	1;1;2;2;stand;	1	1	2	2	stand		21413939	0	6	20037	6	0	next	other	0
ss_05	545	Picture	1;1;2;2;stand;false;	1	1	2	2	stand	false	21437650	0	6	10019	6	0	next	other	0
ss_05	547	Response	3							21781871	4087	1
ss_05	549	Picture	1;1;2;	1	1	2				21785632	0	1	9351	1	0	next	false_alarm	264
ss_05	549	Response	2							21794871	9239	1
ss_05	551	Picture	1;1;2;2;stand;	1	1	2	2	stand		21798489	0	6	20037	6	0	next	other	0
ss_05	553	Picture	1;1;2;2;stand;false;	1	1	2	2	stand	false	21823369	0	6	10019	6	0	next	other	0
ss_05	555	Response	3							22169870	6367	1
ss_05	557	Picture	1;2;1;	1	2	1				22174858	0	1	8683	1	0	next	false_alarm	269
ss_05	557	Response	2							22183430	8572	1
ss_05	559	Picture	1;2;1;1;stand;	1	2	1	1	stand		22186714	0	6	20037	6	0	next	other	0
ss_05	561	Picture	1;2;1;1;stand;true;	1	2	1	1	stand	true	22210758	0	6	10019	6	0	next	other	0
ss_05	568	Response	3							22564630	14238	1
ss_05	570	Picture	1;1;2;	1	1	2				22568092	0	1	21039	1	0	next	false_alarm	274
ss_05	570	Response	1							22589030	20938	1
ss_05	572	Picture	1;1;2;1;stand;	1	1	2	1	stand		22593973	0	6	20037	6	0	next	other	0
ss_05	574	Picture	1;1;2;1;stand;false;	1	1	2	1	stand	false	22617517	0	6	10019	6	0	next	other	0
ss_05	576	Response	3							22965309	7657	1
ss_05	578	Picture	1;2;1;	1	2	1				22969841	0	1	5510	1	0	next	false_alarm	279
ss_05	578	Response	1							22975229	5388	1
ss_05	580	Picture	1;2;1;2;stand;	1	2	1	2	stand		22979526	0	6	20037	6	0	next	other	0
ss_05	582	Picture	1;2;1;2;stand;true;	1	2	1	2	stand	true	23003237	0	6	10019	6	0	next	other	0
ss_05	589	Response	3							23353189	10318	1
ss_05	591	Picture	1;2;1;	1	2	1				23357230	0	1	4508	1	0	next	false_alarm	284
ss_05	591	Response	1							23361589	4358	0
ss_05	593	Picture	1;2;1;2;stand;	1	2	1	2	stand		23365245	0	6	20037	7	0	next	other	0
ss_05	595	Picture	1;2;1;2;stand;false;	1	2	1	2	stand	false	23388956	0	6	10019	7	0	next	other	0
ss_05	597	Response	3							23734948	5858	1
ss_05	599	Picture	1;2;1;	1	2	1				23739610	0	1	4842	1	0	next	false_alarm	289
ss_05	599	Response	2							23744268	4658	1
ss_05	601	Picture	1;2;1;1;stand;	1	2	1	1	stand		23748293	0	6	20037	7	0	next	other	0
ss_05	603	Picture	1;2;1;1;stand;true;	1	2	1	1	stand	true	23772004	0	6	10019	7	0	next	other	0
ss_05	610	Response	3							24120907	9270	1
ss_05	612	Picture	1;2;1;	1	2	1				24125831	0	1	3840	1	0	next	false_alarm	294
ss_05	612	Response	1							24129547	3717	1
ss_05	614	Picture	1;2;1;2;stand;	1	2	1	2	stand		24133345	0	6	20037	7	0	next	other	0
ss_05	616	Picture	1;2;1;2;stand;false;	1	2	1	2	stand	false	24158224	0	7	10019	7	0	next	other	0
ss_05	618	Response	3							24504867	6508	1
ss_05	620	Picture	1;2;1;	1	2	1				24509046	0	1	4341	1	0	next	false_alarm	299
ss_05	620	Response	1							24513267	4222	1
ss_05	622	Picture	1;2;1;2;stand;	1	2	1	2	stand		24516560	0	6	20037	6	0	next	other	0
ss_05	624	Picture	1;2;1;2;stand;true;	1	2	1	2	stand	true	24540103	0	6	10019	6	0	next	other	0
ss_05	631	Response	3							24888426	8689	1
ss_05	633	Picture	1;1;2;	1	1	2				24892761	0	1	3840	1	0	next	false_alarm	304
ss_05	633	Response	1							24896506	3745	1
ss_05	635	Picture	1;1;2;1;sit;	1	1	2	1	sit		24901444	0	6	20037	6	0	next	other	0
ss_05	637	Picture	1;1;2;1;sit;false;	1	1	2	1	sit	false	24925322	0	6	10019	7	0	next	other	0
ss_05	639	Response	3							25272506	7049	1
ss_05	641	Picture	1;2;1;	1	2	1				25276811	0	1	6178	1	0	next	false_alarm	309
ss_05	641	Response	1							25282786	5975	1
ss_05	643	Picture	1;2;1;2;stand;	1	2	1	2	stand		25287664	0	6	20037	7	0	next	other	0
ss_05	645	Picture	1;2;1;2;stand;false;	1	2	1	2	stand	false	25311876	0	6	10019	6	0	next	other	0
ss_05	647	Response	3							25657825	5814	1
ss_05	649	Picture	1;1;2;	1	1	2				25661863	0	1	16030	1	0	next	false_alarm	314
ss_05	649	Response	1							25677785	15922	1
ss_05	651	Picture	1;1;2;1;stand;	1	1	2	1	stand		25681065	0	6	20037	6	0	next	other	0
ss_05	653	Picture	1;1;2;1;stand;false;	1	1	2	1	stand	false	25704275	0	6	10019	6	0	next	other	0
ss_05	655	Response	3							26050264	5855	1
ss_05	657	Picture	1;2;1;	1	2	1				26054094	0	1	3173	1	0	next	false_alarm	319
ss_05	657	Response	2							26057105	3011	1
ss_05	659	Picture	1;2;1;1;stand;	1	2	1	1	stand		26061608	0	6	20037	6	0	next	other	0
ss_05	661	Picture	1;2;1;1;stand;true;	1	2	1	1	stand	true	26085820	0	6	10019	7	0	next	other	0
ss_05	668	Response	3							26435344	9890	1
ss_05	670	Picture	1;1;2;	1	1	2				26438645	0	1	3173	1	0	next	false_alarm	324
ss_05	670	Response	1							26441704	3059	1
ss_05	672	Picture	1;1;2;1;stand;	1	1	2	1	stand		26446159	0	6	20037	6	0	next	other	0
ss_05	674	Picture	1;1;2;1;stand;false;	1	1	2	1	stand	false	26470371	0	6	10019	6	0	next	other	0
ss_05	676	Response	3							26818703	8198	1
ss_05	678	Picture	1;1;2;	1	1	2				26823696	0	1	7347	1	0	next	false_alarm	329
ss_05	678	Response	2							26830903	7207	1
ss_05	680	Picture	1;1;2;2;stand;	1	1	2	2	stand		26834717	0	6	20037	7	0	next	other	0
ss_05	682	Picture	1;1;2;2;stand;false;	1	1	2	2	stand	false	26858261	0	6	10019	6	0	next	other	0
ss_05	684	Response	3							27230343	31947	1
ss_05	686	Picture	1;1;2;	1	1	2				27233962	0	1	7514	1	0	next	false_alarm	334
ss_05	686	Response	2							27241263	7301	1
ss_05	688	Picture	1;1;2;2;sit;	1	1	2	2	sit		27246485	0	6	20037	6	0	next	other	0
ss_05	690	Picture	1;1;2;2;sit;true;	1	1	2	2	sit	true	27269862	0	6	10019	6	0	next	other	0
ss_05	697	Response	3							27645142	35647	1
ss_05	699	Picture	1;2;1;	1	2	1				27649403	0	1	3674	1	0	next	false_alarm	339
ss_05	699	Response	2							27652982	3579	1
ss_05	701	Picture	1;2;1;1;sit;	1	2	1	1	sit		27656416	0	7	20037	7	0	next	other	0
ss_05	703	Picture	1;2;1;1;sit;true;	1	2	1	1	sit	true	27680461	0	6	10019	6	0	next	other	0
ss_05	710	Response	3							28052501	32407	1
ss_05	712	Picture	1;2;1;	1	2	1				28056162	0	1	4842	1	0	next	false_alarm	344
ss_05	712	Response	1							28060901	4739	1
ss_05	714	Picture	1;2;1;2;stand;	1	2	1	2	stand		28065513	0	6	20037	6	0	next	other	0
ss_05	716	Picture	1;2;1;2;stand;false;	1	2	1	2	stand	false	28089224	0	6	10019	6	0	next	other	0
ss_05	718	Response	3							28435741	6383	1
ss_05	720	Picture	1;1;2;	1	1	2				28439377	0	1	4007	1	0	next	false_alarm	349
ss_05	720	Response	1							28443221	3844	1
ss_05	722	Picture	1;1;2;1;stand;	1	1	2	1	stand		28447559	0	6	20037	6	0	next	other	0
ss_05	724	Picture	1;1;2;1;stand;true;	1	1	2	1	stand	true	28471938	0	6	10019	6	0	next	other	0
ss_05	731	Response	3							28821540	9969	1
ss_05	733	Picture	1;2;1;	1	2	1				28825430	0	1	4174	1	0	next	false_alarm	354
ss_05	733	Response	1							28829460	4030	0
ss_05	735	Picture	1;2;1;2;sit;	1	2	1	2	sit		28833445	0	7	20037	7	0	next	other	0
ss_05	737	Picture	1;2;1;2;sit;false;	1	2	1	2	sit	false	28858325	0	6	10019	6	0	next	other	0
ss_05	739	Response	3							29991858	793399	1
ss_05	741	Picture	1;1;2;	1	1	2				29996448	0	1	7180	1	0	next	false_alarm	359
ss_05	741	Response	1							30003418	6970	1
ss_05	743	Picture	1;1;2;1;sit;	1	1	2	1	sit		30006634	0	6	20037	6	0	next	other	0
ss_05	745	Picture	1;1;2;1;sit;false;	1	1	2	1	sit	false	30030011	0	6	10019	6	0	next	other	0
ss_05	747	Response	3							30376698	6553	1
ss_05	749	Picture	1;1;2;	1	1	2				30380498	0	1	7347	1	0	next	false_alarm	364
ss_05	749	Response	1							30387658	7160	1
ss_05	751	Picture	1;1;2;1;stand;	1	1	2	1	stand		30392019	0	6	20037	7	0	next	other	0
ss_05	753	Picture	1;1;2;1;stand;false;	1	1	2	1	stand	false	30415229	0	6	10019	6	0	next	other	0
ss_05	755	Response	3							30763377	8014	1
ss_05	757	Picture	1;1;2;	1	1	2				30768388	0	1	7180	1	0	next	false_alarm	369
ss_05	757	Response	1							30775497	7109	1
ss_05	759	Picture	1;1;2;1;stand;	1	1	2	1	stand		30779909	0	6	20037	6	0	next	other	0
ss_05	761	Picture	1;1;2;1;stand;false;	1	1	2	1	stand	false	30804121	0	6	10019	6	0	next	other	0
ss_05	763	Response	3							31150817	6561	1
ss_05	765	Picture	1;2;1;	1	2	1				31155276	0	1	7347	1	0	next	false_alarm	374
ss_05	765	Response	1							31162417	7140	1
ss_05	767	Picture	1;2;1;2;stand;	1	2	1	2	stand		31167466	0	6	20037	6	0	next	other	0
ss_05	769	Picture	1;2;1;2;stand;false;	1	2	1	2	stand	false	31191177	0	6	10019	6	0	next	other	0
ss_05	771	Response	3							31547336	16025	1
ss_05	773	Picture	1;1;2;	1	1	2				31552016	0	1	12022	1	0	next	false_alarm	379
ss_05	773	Response	2							31563896	11880	1
ss_05	775	Picture	1;1;2;2;stand;	1	1	2	2	stand		31568213	0	6	20037	7	0	next	other	0
ss_05	777	Picture	1;1;2;2;stand;false;	1	1	2	2	stand	false	31592759	0	6	10019	6	0	next	other	0
ss_05	779	Response	3							31941135	8242	1
ss_05	781	Picture	1;2;1;	1	2	1				31944582	0	1	5844	1	0	next	false_alarm	384
ss_05	781	Response	2							31950256	5674	1
ss_05	783	Picture	1;2;1;1;stand;	1	2	1	1	stand		31955268	0	6	20037	6	0	next	other	0
ss_05	785	Picture	1;2;1;1;stand;true;	1	2	1	1	stand	true	31979480	0	6	10019	6	0	next	other	0
ss_05	792	Response	3							32343655	24541	1
ss_05	794	Picture	1;2;1;	1	2	1				32348168	0	1	4341	1	0	next	false_alarm	389
ss_05	794	Response	1							32352455	4287	1
ss_05	796	Picture	1;2;1;2;stand;	1	2	1	2	stand		32356851	0	6	20037	6	0	next	other	0
ss_05	798	Picture	1;2;1;2;stand;false;	1	2	1	2	stand	false	32380061	0	6	10019	6	0	next	other	0
ss_05	800	Response	3							32726854	6659	1
ss_05	802	Picture	1;1;2;	1	1	2				32731216	0	1	5510	1	0	next	false_alarm	394
ss_05	802	Response	2							32736574	5358	1
ss_05	804	Picture	1;1;2;2;stand;	1	1	2	2	stand		32739732	0	6	20037	7	0	next	other	0
ss_05	806	Picture	1;1;2;2;stand;false;	1	1	2	2	stand	false	32762942	0	7	10019	7	0	next	other	0
ss_05	808	Response	3							33120494	17418	1
ss_05	810	Picture	1;1;2;	1	1	2				33125618	0	1	7180	1	0	next	false_alarm	399
ss_05	810	Response	2							33132694	7076	1
ss_05	812	Picture	1;1;2;2;stand;	1	1	2	2	stand		33137474	0	6	20037	7	0	next	other	0
ss_05	814	Picture	1;1;2;2;stand;false;	1	1	2	2	stand	false	33161185	0	6	10019	6	0	next	other	0
ss_05	816	Response	3							33511333	10014	1
ss_05	818	Picture	1;1;2;	1	1	2				33515512	0	1	7681	1	0	next	false_alarm	404
ss_05	818	Response	2							33523013	7501	1
ss_05	820	Picture	1;1;2;2;stand;	1	1	2	2	stand		33527201	0	6	20037	6	0	next	other	0
ss_05	822	Picture	1;1;2;2;stand;true;	1	1	2	2	stand	true	33552080	0	6	10019	6	0	next	other	0
ss_05	829	Response	3							33904453	12739	1
ss_05	831	Picture	1;1;2;	1	1	2				33908078	0	1	7347	1	0	next	false_alarm	409
ss_05	831	Response	2							33915372	7295	1
ss_05	833	Picture	1;1;2;2;stand;	1	1	2	2	stand		33919766	0	6	20037	7	0	next	other	0
ss_05	835	Picture	1;1;2;2;stand;true;	1	1	2	2	stand	true	33943811	0	6	10019	6	0	next	other	0
ss_05	842	Response	3							34311732	28287	1
ss_05	844	Picture	1;1;2;	1	1	2				34315170	0	1	3840	1	0	next	false_alarm	414
ss_05	844	Response	2							34318852	3681	1
ss_05	846	Picture	1;1;2;2;stand;	1	1	2	2	stand		34322017	0	6	20037	6	0	next	other	0
ss_05	848	Picture	1;1;2;2;stand;false;	1	1	2	2	stand	false	34345560	0	6	10019	6	0	next	other	0
ss_05	850	Response	3							34702651	16956	1
ss_05	852	Picture	1;1;2;	1	1	2				34707235	0	1	7514	1	0	next	false_alarm	419
ss_05	852	Response	1							34714651	7416	1
ss_05	854	Picture	1;1;2;1;stand;	1	1	2	1	stand		34719591	0	6	20037	6	0	next	other	0
ss_05	856	Picture	1;1;2;1;stand;true;	1	1	2	1	stand	true	34743636	0	6	10019	6	0	next	other	0
ss_05	863	Response	3							35099091	15821	1
ss_05	865	Picture	1;2;1;	1	2	1				35104309	0	1	7347	1	0	next	false_alarm	424
ss_05	865	Response	2							35111531	7222	1
ss_05	867	Picture	1;2;1;1;stand;	1	2	1	1	stand		35116331	0	6	20037	6	0	next	other	0
ss_05	869	Picture	1;2;1;1;stand;true;	1	2	1	1	stand	true	35139708	0	6	10019	6	0	next	other	0
ss_05	876	Response	3							35494490	15148	1
ss_05	878	Picture	1;2;1;	1	2	1				35499212	0	1	4341	1	0	next	false_alarm	429
ss_05	878	Response	2							35503450	4238	1
ss_05	880	Picture	1;2;1;1;sit;	1	2	1	1	sit		35507060	0	6	20037	6	0	next	other	0
ss_05	882	Picture	1;2;1;1;sit;false;	1	2	1	1	sit	false	35530771	0	6	10019	6	0	next	other	0
ss_05	884	Response	3							35883450	12544	1
ss_05	886	Picture	1;1;2;	1	1	2				35887937	0	1	8850	1	0	next	false_alarm	434
ss_05	886	Response	1							35896609	8672	1
ss_05	888	Picture	1;1;2;1;stand;	1	1	2	1	stand		35900461	0	6	20037	6	0	next	other	0
ss_05	890	Picture	1;1;2;1;stand;true;	1	1	2	1	stand	true	35924339	0	6	10019	7	0	next	other	0
ss_05	897	Response	3							36320849	56877	1
ss_05	899	Picture	1;2;1;	1	2	1				36324585	0	1	5677	1	0	next	false_alarm	439
ss_05	899	Response	1							36330049	5464	0
ss_05	901	Picture	1;2;1;2;stand;	1	2	1	2	stand		36334103	0	6	20037	6	0	next	other	0
ss_05	903	Picture	1;2;1;2;stand;false;	1	2	1	2	stand	false	36358649	0	6	10019	6	0	next	other	0
ss_05	905	Response	3							36710208	11425	1
ss_05	907	Picture	1;1;2;	1	1	2				36713477	0	1	4842	1	0	next	false_alarm	444
ss_05	907	Response	2							36718128	4651	1
ss_05	909	Picture	1;1;2;2;stand;	1	1	2	2	stand		36721325	0	7	20037	7	0	next	other	0
ss_05	911	Picture	1;1;2;2;stand;false;	1	1	2	2	stand	false	36745036	0	6	10019	6	0	next	other	0
ss_05	913	Response	3							37092208	7037	1
ss_05	915	Picture	1;1;2;	1	1	2				37096859	0	1	7180	1	0	next	false_alarm	449
ss_05	915	Response	1							37103848	6989	0
ss_05	917	Picture	1;1;2;1;sit;	1	1	2	1	sit		37107379	0	6	20037	6	0	next	other	0
ss_05	919	Picture	1;1;2;1;sit;false;	1	1	2	1	sit	false	37131257	0	6	10019	6	0	next	other	0
ss_05	921	Response	3							37477607	6216	1
ss_05	923	Picture	1;1;2;	1	1	2				37482579	0	1	3840	1	0	next	false_alarm	454
ss_05	923	Response	1							37486327	3749	1
ss_05	925	Picture	1;1;2;1;stand;	1	1	2	1	stand		37489926	0	6	20037	6	0	next	other	0
ss_05	927	Picture	1;1;2;1;stand;true;	1	1	2	1	stand	true	37513470	0	6	10019	6	0	next	other	0
ss_05	934	Response	3							37950766	97663	1
ss_05	936	Picture	1;2;1;	1	2	1				37955962	0	1	8349	1	0	next	false_alarm	459
ss_05	936	Response	1							37964126	8165	1
ss_05	938	Picture	1;2;1;2;stand;	1	2	1	2	stand		37967984	0	6	20037	6	0	next	other	0
ss_05	940	Picture	1;2;1;2;stand;true;	1	2	1	2	stand	true	37992697	0	6	10019	6	0	next	other	0
ss_05	947	Response	3							38375606	43275	1
ss_05	949	Picture	1;1;2;	1	1	2				38379585	0	1	3507	1	0	next	false_alarm	464
ss_05	949	Response	2							38383005	3420	1
ss_05	951	Picture	1;1;2;2;stand;	1	1	2	2	stand		38386598	0	7	20037	7	0	next	other	0
ss_05	953	Picture	1;1;2;2;stand;true;	1	1	2	2	stand	true	38410309	0	6	10019	6	0	next	other	0
ss_05	960	Response	3							38760845	10902	1
ss_05	962	Picture	1;2;1;	1	2	1				38764136	0	1	4508	1	0	next	false_alarm	469
ss_05	962	Response	2							38768485	4350	1
ss_05	964	Picture	1;2;1;1;stand;	1	2	1	1	stand		38771984	0	6	20037	6	0	next	other	0
ss_05	966	Picture	1;2;1;1;stand;true;	1	2	1	1	stand	true	38797030	0	6	10019	6	0	next	other	0
ss_05	973	Response	3							39155205	18541	1
ss_05	975	Picture	1;1;2;	1	1	2				39159039	0	1	7848	1	0	next	false_alarm	474
ss_05	975	Response	2							39166725	7685	1
ss_05	977	Picture	1;1;2;2;stand;	1	1	2	2	stand		39171228	0	6	20037	7	0	next	other	0
ss_05	979	Picture	1;1;2;2;stand;false;	1	1	2	2	stand	false	39195273	0	6	10019	6	0	next	other	0
ss_05	981	Response	3							39558524	23116	0
ss_05	983	Picture	1;2;1;	1	2	1				39561790	0	1	5009	1	0	next	false_alarm	479
ss_05	983	Response	1							39566604	4814	1
ss_05	985	Picture	1;2;1;2;sit;	1	2	1	2	sit		39571308	0	6	20037	6	0	next	other	0
ss_05	987	Picture	1;2;1;2;sit;false;	1	2	1	2	sit	false	39596188	0	6	10019	6	0	next	other	0
ss_05	989	Response	3							39949483	13161	1
ss_05	991	Picture	1;2;1;	1	2	1				39953521	0	1	9685	1	0	next	false_alarm	484
ss_05	991	Response	1							39963123	9602	1
ss_05	993	Picture	1;2;1;2;stand;	1	2	1	2	stand		39968048	0	6	20037	7	0	next	other	0
ss_05	995	Picture	1;2;1;2;stand;false;	1	2	1	2	stand	false	39992427	0	6	10019	7	0	next	other	0
ss_05	996	Response	3							40029884	27438	1
ss_05	997	Response	3							40370963	38401	1
ss_05	999	Picture	1;1;2;	1	1	2				40374306	0	1	5677	1	0	next	false_alarm	490
ss_05	999	Response	2							40379923	5617	1
ss_05	1001	Picture	1;1;2;2;stand;	1	1	2	2	stand		40384158	0	6	20037	7	0	next	other	0
ss_05	1003	Picture	1;1;2;2;stand;false;	1	1	2	2	stand	false	40408870	0	6	10019	6	0	next	other	0
ss_05	1005	Response	3							40763722	14717	1
ss_05	1007	Picture	1;1;2;	1	1	2				40766872	0	1	10520	1	0	next	false_alarm	495
ss_05	1007	Response	2							40777202	10331	1
ss_05	1009	Picture	1;1;2;2;stand;	1	1	2	2	stand		40782066	0	6	20037	7	0	next	other	0
ss_05	1011	Picture	1;1;2;2;stand;true;	1	1	2	2	stand	true	40807113	0	6	10019	6	0	next	other	0
ss_05	1018	Response	3							41201361	54615	1
ss_05	1020	Picture	1;2;1;	1	2	1				41206358	0	1	4175	1	0	next	false_alarm	500
ss_05	1020	Response	2							41210481	4124	1
ss_05	1022	Picture	1;2;1;1;sit;	1	2	1	1	sit		41214039	0	6	20037	6	0	next	other	0
ss_05	1024	Picture	1;2;1;1;sit;false;	1	2	1	1	sit	false	41237917	0	6	10019	7	0	next	other	0
ss_05	1026	Response	3							41591121	13070	1
ss_05	1028	Picture	1;1;2;	1	1	2				41594415	0	1	4675	1	0	next	false_alarm	505
ss_05	1028	Response	2							41598881	4465	1
ss_05	1030	Picture	1;1;2;2;stand;	1	1	2	2	stand		41602263	0	6	20037	6	0	next	other	0
ss_05	1032	Picture	1;1;2;2;stand;true;	1	1	2	2	stand	true	41626308	0	6	10019	6	0	next	other	0
ss_05	1039	Response	3							41981120	15179	1
ss_05	1041	Picture	1;1;2;	1	1	2				41985979	0	1	5510	1	0	next	false_alarm	510
ss_05	1041	Response	2							41991360	5381	0
ss_05	1043	Picture	1;1;2;2;stand;	1	1	2	2	stand		41994829	0	6	20037	6	0	next	other	0
ss_05	1045	Picture	1;1;2;2;stand;true;	1	1	2	2	stand	true	42018874	0	6	10019	6	0	next	other	0
ss_05	1052	Response	3							42435720	77212	1
ss_05	1054	Picture	1;2;1;	1	2	1				42439825	0	1	4842	1	0	next	false_alarm	515
ss_05	1054	Response	1							42444600	4774	1
ss_05	1056	Picture	1;2;1;2;sit;	1	2	1	2	sit		42448508	0	6	20037	6	0	next	other	0
ss_05	1058	Picture	1;2;1;2;sit;true;	1	2	1	2	sit	true	42472386	0	6	10019	6	0	next	other	0
ss_05	1065	Response	3							42856079	44059	1
ss_05	1067	Picture	1;1;2;	1	1	2				42859942	0	1	7681	1	0	next	false_alarm	520
ss_05	1067	Response	2							42867559	7617	1
ss_05	1069	Picture	1;1;2;2;stand;	1	1	2	2	stand		42871464	0	6	20037	6	0	next	other	0
ss_05	1071	Picture	1;1;2;2;stand;false;	1	1	2	2	stand	false	42895509	0	6	10019	7	0	next	other	0
ss_05	1073	Response	3							43246318	10675	1
ss_05	1075	Picture	1;2;1;	1	2	1				43251172	0	1	4842	1	0	next	false_alarm	525
ss_05	1075	Response	1							43255918	4746	1
ss_05	1077	Picture	1;2;1;2;stand;	1	2	1	2	stand		43260690	0	6	20037	6	0	next	other	0
ss_05	1079	Picture	1;2;1;2;stand;true;	1	2	1	2	stand	true	43283733	0	6	10019	6	0	next	other	0
ss_05	1086	Response	3							43658518	35151	1
ss_05	1088	Picture	1;2;1;	1	2	1				43662606	0	1	6011	1	0	next	false_alarm	530
ss_05	1088	Response	1							43668558	5952	1
ss_05	1090	Picture	1;2;1;2;sit;	1	2	1	2	sit		43672792	0	7	20037	7	0	next	other	0
ss_05	1092	Picture	1;2;1;2;sit;false;	1	2	1	2	sit	false	43696336	0	6	10019	7	0	next	other	0
ss_05	1094	Response	3							44944476	908006	1
ss_05	1096	Picture	1;2;1;	1	2	1				44947837	0	1	30056	1	0	next	false_alarm	535
ss_05	1096	Response	1							44977756	29919	0
ss_05	1098	Picture	1;2;1;2;stand;	1	2	1	2	stand		44982568	0	6	20037	6	0	next	other	0
ss_05	1100	Picture	1;2;1;2;stand;true;	1	2	1	2	stand	true	45007615	0	6	10019	6	0	next	other	0
ss_05	1107	Response	3							45389635	42386	1
ss_05	1109	Picture	1;2;1;	1	2	1				45392834	0	1	5176	1	0	next	false_alarm	540
ss_05	1109	Response	2							45397875	5041	0
ss_05	1111	Picture	1;2;1;1;sit;	1	2	1	1	sit		45401850	0	6	20037	6	0	next	other	0
ss_05	1113	Picture	1;2;1;1;sit;true;	1	2	1	1	sit	true	45426563	0	6	10019	6	0	next	other	0
ss_05	1120	Response	3							45809674	43478	1
ss_05	1122	Picture	1;2;1;	1	2	1				45813285	0	1	4008	1	0	next	false_alarm	545
ss_05	1122	Response	1							45817114	3830	1
ss_05	1124	Picture	1;2;1;2;stand;	1	2	1	2	stand		45821132	0	6	20037	6	0	next	other	0
ss_05	1126	Picture	1;2;1;2;stand;true;	1	2	1	2	stand	true	45845010	0	6	10019	7	0	next	other	0
ss_05	1133	Response	3							46202833	18190	0
ss_05	1135	Picture	1;1;2;	1	1	2				46207687	0	1	7180	1	0	next	false_alarm	550
ss_05	1135	Response	1							46214754	7067	1
ss_05	1137	Picture	1;1;2;1;stand;	1	1	2	1	stand		46219208	0	6	20037	6	0	next	other	0
ss_05	1139	Picture	1;1;2;1;stand;true;	1	1	2	1	stand	true	46242919	0	6	10019	6	0	next	other	0
ss_05	1146	Response	3							46639473	56920	1
ss_05	1148	Picture	1;2;1;	1	2	1				46642832	0	1	5677	1	0	next	false_alarm	555
ss_05	1148	Response	1							46648393	5561	0
ss_05	1150	Picture	1;2;1;2;stand;	1	2	1	2	stand		46653352	0	6	20037	6	0	next	other	0
ss_05	1152	Picture	1;2;1;2;stand;false;	1	2	1	2	stand	false	46678398	0	6	10019	6	0	next	other	0
ss_05	1154	Response	3							47047113	28580	1
ss_05	1156	Picture	1;1;2;	1	1	2				47050926	0	1	10186	1	0	next	false_alarm	560
ss_05	1156	Response	2							47060993	10066	1
ss_05	1158	Picture	1;1;2;2;stand;	1	1	2	2	stand		47065788	0	6	20037	6	0	next	other	0
ss_05	1160	Picture	1;1;2;2;stand;true;	1	1	2	2	stand	true	47090333	0	6	10019	6	0	next	other	0
ss_05	1167	Response	3							47495872	65905	1
ss_05	1169	Picture	1;1;2;	1	1	2				47499764	0	1	6178	1	0	next	false_alarm	565
ss_05	1169	Response	1							47505832	6068	1
ss_05	1171	Picture	1;1;2;1;sit;	1	1	2	1	sit		47509281	0	6	20037	6	0	next	other	0
ss_05	1173	Picture	1;1;2;1;sit;false;	1	1	2	1	sit	false	47534328	0	6	10019	6	0	next	other	0
ss_05	1175	Response	3							47881671	7209	1
ss_05	1177	Picture	1;2;1;	1	2	1				47885817	0	1	8349	1	0	next	false_alarm	570
ss_05	1177	Response	2							47893951	8134	1
ss_05	1179	Picture	1;2;1;1;sit;	1	2	1	1	sit		47897673	0	6	20037	6	0	next	other	0
ss_05	1181	Picture	1;2;1;1;sit;false;	1	2	1	1	sit	false	47921216	0	6	10019	6	0	next	other	0
ss_05	1183	Response	3							48272231	10880	1
ss_05	1185	Picture	1;1;2;	1	1	2				48276713	0	1	4174	1	0	next	false_alarm	575
ss_05	1185	Response	1							48280791	4078	1
ss_05	1187	Picture	1;1;2;1;sit;	1	1	2	1	sit		48284728	0	6	20037	7	0	next	other	0
ss_05	1189	Picture	1;1;2;1;sit;true;	1	1	2	1	sit	true	48309107	0	6	10019	6	0	next	other	0
ss_05	1196	Response	3							48700750	52010	1
ss_05	1198	Picture	1;2;1;	1	2	1				48704511	0	1	6846	1	0	next	false_alarm	580
ss_05	1198	Response	2							48711190	6679	1
ss_05	1200	Picture	1;2;1;1;sit;	1	2	1	1	sit		48714697	0	6	20037	6	0	next	other	0
ss_05	1202	Picture	1;2;1;1;sit;false;	1	2	1	1	sit	false	48738407	0	6	10019	6	0	next	other	0
ss_05	1204	Response	3							49087789	9248	1
ss_05	1206	Picture	1;1;2;	1	1	2				49091900	0	1	5677	1	0	next	false_alarm	585
ss_05	1206	Response	2							49097469	5569	1
ss_05	1208	Picture	1;1;2;2;stand;	1	1	2	2	stand		49102420	0	6	20037	6	0	next	other	0
ss_05	1210	Picture	1;1;2;2;stand;true;	1	1	2	2	stand	true	49125463	0	7	10019	7	0	next	other	0
ss_05	1217	Response	3							49497549	32453	1
ss_05	1219	Picture	1;2;1;	1	2	1				49501163	0	1	4341	1	0	next	false_alarm	590
ss_05	1219	Response	2							49505309	4145	1
ss_05	1221	Picture	1;2;1;1;sit;	1	2	1	1	sit		49508678	0	6	20037	6	0	next	other	0
ss_05	1223	Picture	1;2;1;1;sit;false;	1	2	1	1	sit	false	49532722	0	6	10019	6	0	next	other	0
ss_05	1225	Response	3							49886588	13731	1
ss_05	1227	Picture	1;1;2;	1	1	2				49890556	0	1	4341	1	0	next	false_alarm	595
ss_05	1227	Response	1							49894828	4272	1
ss_05	1229	Picture	1;1;2;1;stand;	1	1	2	1	stand		49899406	0	6	20037	6	0	next	other	0
ss_05	1231	Picture	1;1;2;1;stand;true;	1	1	2	1	stand	true	49922950	0	6	10019	6	0	next	other	0
ss_05	1238	Response	3							50312548	49964	0
ss_05	1240	Picture	1;1;2;	1	1	2				50316685	0	1	4174	1	0	next	false_alarm	600
ss_05	1240	Response	2							50320668	3983	1
ss_05	1242	Picture	1;1;2;2;stand;	1	1	2	2	stand		50325368	0	6	20037	6	0	next	other	0
ss_05	1244	Picture	1;1;2;2;stand;false;	1	1	2	2	stand	false	50348911	0	6	10019	6	0	next	other	0
ss_05	1246	Response	3							50705827	16781	1
ss_05	1248	Picture	1;2;1;	1	2	1				50710753	0	1	5677	1	0	next	false_alarm	605
ss_05	1248	Response	1							50716267	5514	1
ss_05	1250	Picture	1;2;1;2;stand;	1	2	1	2	stand		50721273	0	6	20037	6	0	next	other	0
ss_05	1252	Picture	1;2;1;2;stand;true;	1	2	1	2	stand	true	50744650	0	6	10019	6	0	next	other	0
ss_05	1259	Response	3							51126346	42063	1
ss_05	1261	Picture	1;2;1;	1	2	1				51130870	0	1	4675	1	0	next	false_alarm	610
ss_05	1261	Response	1							51135426	4556	1
ss_05	1263	Picture	1;2;1;2;stand;	1	2	1	2	stand		51138718	0	6	20037	6	0	next	other	0
ss_05	1265	Picture	1;2;1;2;stand;true;	1	2	1	2	stand	true	51161928	0	6	10019	6	0	next	other	0
ss_05	1272	Response	3							51542026	40464	1
ss_05	1274	Picture	1;1;2;	1	1	2				51545477	0	1	7013	1	0	next	false_alarm	615
ss_05	1274	Response	2							51552305	6829	1
ss_05	1276	Picture	1;1;2;2;stand;	1	1	2	2	stand		51556664	0	6	20037	7	0	next	other	0
ss_05	1278	Picture	1;1;2;2;stand;false;	1	1	2	2	stand	false	51581544	0	6	10019	6	0	next	other	0
ss_05	1280	Response	3							51955305	33627	1
ss_05	1282	Picture	1;2;1;	1	2	1				51960083	0	1	6846	1	0	next	false_alarm	620
ss_05	1282	Response	1							51966825	6742	1
ss_05	1284	Picture	1;2;1;2;stand;	1	2	1	2	stand		51970102	0	6	20037	7	0	next	other	0
ss_05	1286	Picture	1;2;1;2;stand;true;	1	2	1	2	stand	true	51994147	0	6	10019	6	0	next	other	0
ss_05	1293	Response	3							52400704	66924	1
ss_05	1295	Picture	1;1;2;	1	1	2				52405748	0	1	8349	1	0	next	false_alarm	625
ss_05	1295	Response	2							52413944	8196	1
ss_05	1297	Picture	1;1;2;2;stand;	1	1	2	2	stand		52418104	0	6	20037	6	0	next	other	0
ss_05	1299	Picture	1;1;2;2;stand;false;	1	1	2	2	stand	false	52442650	0	6	10019	6	0	next	other	0
ss_05	1301	Response	3							52792144	9359	1
ss_05	1303	Picture	1;2;1;	1	2	1				52797145	0	1	7180	1	0	next	false_alarm	630
ss_05	1303	Response	1							52804184	7039	1
ss_05	1305	Picture	1;2;1;2;stand;	1	2	1	2	stand		52808499	0	6	20037	7	0	next	other	0
ss_05	1307	Picture	1;2;1;2;stand;true;	1	2	1	2	stand	true	52832043	0	6	10019	7	0	next	other	0
ss_05	1314	Response	3							53241583	69906	1
ss_05	1316	Picture	1;2;1;	1	2	1				53245815	0	1	3674	1	0	next	false_alarm	635
ss_05	1316	Response	1							53249343	3528	1
ss_05	1318	Picture	1;2;1;2;sit;	1	2	1	2	sit		53252995	0	6	20037	7	0	next	other	0
ss_05	1320	Picture	1;2;1;2;sit;false;	1	2	1	2	sit	false	53276539	0	6	10019	6	0	next	other	0
ss_05	1322	Response	3							53625182	8509	1
ss_05	1324	Picture	1;2;1;	1	2	1				53629698	0	1	3506	1	0	next	false_alarm	640
ss_05	1324	Response	1							53633103	3405	0
ss_05	1326	Picture	1;2;1;2;stand;	1	2	1	2	stand		53637546	0	6	20037	6	0	next	other	0
ss_05	1328	Picture	1;2;1;2;stand;true;	1	2	1	2	stand	true	53662425	0	6	10019	6	0	next	other	0
ss_05	1335	Response	3							54054502	52443	1
ss_05	1337	Picture	1;2;1;	1	2	1				54058832	0	1	7013	1	0	next	false_alarm	645
ss_05	1337	Response	2							54065742	6910	0
ss_05	1339	Picture	1;2;1;1;sit;	1	2	1	1	sit		54070186	0	6	20037	6	0	next	other	0
ss_05	1341	Picture	1;2;1;1;sit;true;	1	2	1	1	sit	true	54093396	0	6	10019	7	0	next	other	0
ss_05	1348	Response	3							54494661	61632	1
ss_05	1350	Picture	1;1;2;	1	1	2				54497817	0	1	5009	1	0	next	false_alarm	650
ss_05	1350	Response	2							54502741	4924	1
ss_05	1352	Picture	1;1;2;2;stand;	1	1	2	2	stand		54506166	0	6	20037	6	0	next	other	0
ss_05	1354	Picture	1;1;2;2;stand;true;	1	1	2	2	stand	true	54529877	0	6	10019	6	0	next	other	0
ss_05	1361	Response	3							54886540	17030	1
ss_05	1363	Picture	1;2;1;	1	2	1				54890884	0	1	4341	1	0	next	false_alarm	655
ss_05	1363	Response	2							54895020	4137	1
ss_05	1365	Picture	1;2;1;1;sit;	1	2	1	1	sit		54899232	0	6	20037	6	0	next	other	0
ss_05	1367	Picture	1;2;1;1;sit;false;	1	2	1	1	sit	false	54923110	0	6	10019	6	0	next	other	0
ss_05	1369	Response	3							55271100	7855	1
ss_05	1371	Picture	1;1;2;	1	1	2				55275768	0	1	7514	1	0	next	false_alarm	660
ss_05	1371	Response	1							55283140	7372	1
ss_05	1373	Picture	1;1;2;1;sit;	1	1	2	1	sit		55286622	0	6	20037	6	0	next	other	0
ss_05	1375	Picture	1;1;2;1;sit;true;	1	1	2	1	sit	true	55309832	0	6	10019	6	0	next	other	0
ss_05	1382	Response	3							55755659	106194	1
ss_05	1384	Picture	1;1;2;	1	1	2				55760506	0	1	3841	1	0	next	false_alarm	665
ss_05	1384	Response	1							55764219	3714	1
ss_05	1386	Picture	1;1;2;1;sit;	1	1	2	1	sit		55767853	0	6	20037	6	0	next	other	0
ss_05	1388	Picture	1;1;2;1;sit;false;	1	1	2	1	sit	false	55792231	0	6	10019	7	0	next	other	0
ss_05	1390	Response	3							56143979	11613	1
ss_05	1392	Picture	1;2;1;	1	2	1				56148563	0	1	4341	1	0	next	false_alarm	670
ss_05	1392	Response	2							56152779	4216	0
ss_05	1394	Picture	1;2;1;1;sit;	1	2	1	1	sit		56156578	0	6	20037	7	0	next	other	0
ss_05	1396	Picture	1;2;1;1;sit;false;	1	2	1	1	sit	false	56180623	0	6	10019	6	0	next	other	0
ss_05	1398	Response	3							56530018	9261	1
ss_05	1400	Picture	1;2;1;	1	2	1				56534449	0	1	3841	1	0	next	false_alarm	675
ss_05	1400	Response	2							56538178	3728	1
ss_05	1402	Picture	1;2;1;1;sit;	1	2	1	1	sit		56542631	0	6	20037	6	0	next	other	0
ss_05	1404	Picture	1;2;1;1;sit;false;	1	2	1	1	sit	false	56566843	0	6	10019	6	0	next	other	0
ss_05	1406	Response	3							56928257	21280	1
ss_05	1408	Picture	1;2;1;	1	2	1				56933360	0	1	4341	1	0	next	false_alarm	680
ss_05	1408	Response	1							56937538	4178	1
ss_05	1410	Picture	1;2;1;2;stand;	1	2	1	2	stand		56942043	0	6	20037	7	0	next	other	0
ss_05	1412	Picture	1;2;1;2;stand;true;	1	2	1	2	stand	true	56966255	0	6	10019	6	0	next	other	0
ss_05	1419	Response	3							57346457	40569	1
ss_05	1421	Picture	1;2;1;	1	2	1				57349804	0	1	7681	1	0	next	false_alarm	685
ss_05	1421	Response	2							57357337	7533	1
ss_05	1423	Picture	1;2;1;1;stand;	1	2	1	1	stand		57361325	0	6	20037	7	0	next	other	0
ss_05	1425	Picture	1;2;1;1;stand;false;	1	2	1	1	stand	false	57385370	0	6	10019	6	0	next	other	0
ss_05	1427	Response	3							57738776	13272	1
ss_05	1429	Picture	1;1;2;	1	1	2				57743705	0	1	10019	1	0	next	false_alarm	690
ss_05	1429	Response	2							57753536	9831	1
ss_05	1431	Picture	1;1;2;2;sit;	1	1	2	2	sit		57756896	0	6	20037	6	0	next	other	0
ss_05	1433	Picture	1;1;2;2;sit;true;	1	1	2	2	sit	true	57781609	0	6	10019	7	0	next	other	0
ss_05	1440	Response	3							58167376	46133	0
ss_05	1442	Picture	1;2;1;	1	2	1				58172004	0	1	5176	1	0	next	false_alarm	695
ss_05	1442	Response	1							58177056	5052	1
ss_05	1444	Picture	1;2;1;2;stand;	1	2	1	2	stand		58180854	0	6	20037	7	0	next	other	0
ss_05	1446	Picture	1;2;1;2;stand;false;	1	2	1	2	stand	false	58204231	0	6	10019	7	0	next	other	0
ss_05	1448	Response	3							59295814	751449	1
ss_05	1450	Picture	1;1;2;	1	1	2				59299941	0	1	8516	1	0	next	false_alarm	700
ss_05	1450	Response	1							59308374	8433	1
ss_05	1452	Picture	1;1;2;1;sit;	1	1	2	1	sit		59312131	0	6	20037	6	0	next	other	0
ss_05	1454	Picture	1;1;2;1;sit;true;	1	1	2	1	sit	true	59336843	0	6	10019	6	0	next	other	0
ss_05	1461	Response	3							59710253	33776	1
ss_05	1463	Picture	1;1;2;	1	1	2				59713880	0	1	9184	1	0	next	false_alarm	705
ss_05	1463	Response	1							59723013	9134	1
ss_05	1465	Picture	1;1;2;1;stand;	1	1	2	1	stand		59727405	0	6	20037	6	0	next	other	0
ss_05	1467	Picture	1;1;2;1;stand;true;	1	1	2	1	stand	true	59751116	0	6	10019	6	0	next	other	0
ss_05	1474	Response	3							60108253	17503	1
ss_05	1476	Picture	1;1;2;	1	1	2				60112457	0	1	5677	1	0	next	false_alarm	710
ss_05	1476	Response	2							60117933	5476	1
ss_05	1478	Picture	1;1;2;2;stand;	1	1	2	2	stand		60121307	0	6	20037	6	0	next	other	0
ss_05	1480	Picture	1;1;2;2;stand;true;	1	1	2	2	stand	true	60144850	0	6	10019	6	0	next	other	0
ss_05	1487	Response	3							60557293	72809	1
ss_05	1489	Picture	1;2;1;	1	2	1				60562296	0	1	8850	1	0	next	false_alarm	715
ss_05	1489	Response	1							60570932	8636	1
ss_05	1491	Picture	1;2;1;2;stand;	1	2	1	2	stand		60574986	0	6	20037	6	0	next	other	0
ss_05	1493	Picture	1;2;1;2;stand;true;	1	2	1	2	stand	true	60598697	0	6	10019	6	0	next	other	0
ss_05	1500	Response	3							61043051	104721	1
ss_05	1502	Picture	1;2;1;	1	2	1				61047534	0	1	8850	1	0	next	false_alarm	720
ss_05	1502	Response	2							61056211	8677	1
ss_05	1504	Picture	1;2;1;1;sit;	1	2	1	1	sit		61060225	0	6	20037	6	0	next	other	0
ss_05	1506	Picture	1;2;1;1;sit;false;	1	2	1	1	sit	false	61085104	0	6	10019	7	0	next	other	0
ss_05	1508	Response	3							61432811	7572	1
ss_05	1510	Picture	1;2;1;	1	2	1				61437762	0	1	3507	1	0	next	false_alarm	725
ss_05	1510	Response	1							61441211	3449	1
ss_05	1512	Picture	1;2;1;2;stand;	1	2	1	2	stand		61444608	0	6	20037	6	0	next	other	0
ss_05	1514	Picture	1;2;1;2;stand;true;	1	2	1	2	stand	true	61467818	0	6	10019	6	0	next	other	0
ss_05	1521	Response	3							61859610	52158	1
ss_05	1523	Picture	1;1;2;	1	1	2				61864391	0	1	9351	1	0	next	false_alarm	730
ss_05	1523	Response	2							61873690	9299	1
ss_05	1525	Picture	1;1;2;2;stand;	1	1	2	2	stand		61878417	0	6	20037	6	0	next	other	0
ss_05	1527	Picture	1;1;2;2;stand;true;	1	1	2	2	stand	true	61901460	0	6	10019	6	0	next	other	0
ss_05	1534	Response	3							62321329	80235	1
ss_05	1536	Picture	1;2;1;	1	2	1				62326086	0	1	4508	1	0	next	false_alarm	735
ss_05	1536	Response	2							62330529	4443	1
ss_05	1538	Picture	1;2;1;1;sit;	1	2	1	1	sit		62333600	0	6	20037	6	0	next	other	0
ss_05	1540	Picture	1;2;1;1;sit;false;	1	2	1	1	sit	false	62358146	0	6	10019	7	0	next	other	0
ss_05	1542	Response	3							62704488	6208	1
ss_05	1544	Picture	1;2;1;	1	2	1				62707798	0	1	3507	1	0	next	false_alarm	740
ss_05	1544	Response	1							62711169	3371	0
ss_05	1546	Picture	1;2;1;2;stand;	1	2	1	2	stand		62714310	0	6	20037	6	0	next	other	0
ss_05	1548	Picture	1;2;1;2;stand;false;	1	2	1	2	stand	false	62737520	0	6	10019	6	0	next	other	0
ss_05	1550	Response	3							63087288	9634	0
ss_05	1552	Picture	1;2;1;	1	2	1				63090679	0	1	6345	1	0	next	false_alarm	745
ss_05	1552	Response	2							63096968	6290	1
ss_05	1554	Picture	1;2;1;1;sit;	1	2	1	1	sit		63100697	0	7	20037	7	0	next	other	0
ss_05	1556	Picture	1;2;1;1;sit;false;	1	2	1	1	sit	false	63124742	0	6	10019	6	0	next	other	0
ss_05	1558	Response	3							63474207	9331	1
ss_05	1560	Picture	1;2;1;	1	2	1				63478903	0	1	3173	1	0	next	false_alarm	750
ss_05	1560	Response	1							63481967	3065	0
ss_05	1562	Picture	1;2;1;2;stand;	1	2	1	2	stand		63486918	0	6	20037	6	0	next	other	0
ss_05	1564	Picture	1;2;1;2;stand;true;	1	2	1	2	stand	true	63511130	0	6	10019	7	0	next	other	0
ss_05	1571	Response	3							63882567	31804	1
ss_05	1573	Picture	1;2;1;	1	2	1				63885828	0	1	4341	1	0	next	false_alarm	755
ss_05	1573	Response	2							63890046	4218	1
ss_05	1575	Picture	1;2;1;1;sit;	1	2	1	1	sit		63894845	0	6	20037	6	0	next	other	0
ss_05	1577	Picture	1;2;1;1;sit;true;	1	2	1	1	sit	true	63919725	0	6	10019	6	0	next	other	0
ss_05	1584	Response	3							64310246	50887	1
ss_05	1586	Picture	1;2;1;	1	2	1				64315463	0	1	3006	1	0	next	false_alarm	760
ss_05	1586	Response	1							64318406	2943	1
ss_05	1588	Picture	1;2;1;2;stand;	1	2	1	2	stand		64322810	0	6	20037	6	0	next	other	0
ss_05	1590	Picture	1;2;1;2;stand;false;	1	2	1	2	stand	false	64346187	0	6	10019	6	0	next	other	0
ss_05	1592	Response	3							64695646	9324	1
ss_05	1594	Picture	1;2;1;	1	2	1				64700348	0	1	8516	1	0	next	false_alarm	765
ss_05	1594	Response	1							64708726	8378	1
ss_05	1596	Picture	1;2;1;2;sit;	1	2	1	2	sit		64713038	0	6	20037	6	0	next	other	0
ss_05	1598	Picture	1;2;1;2;sit;true;	1	2	1	2	sit	true	64736749	0	6	10019	6	0	next	other	0
ss_05	1605	Response	3							65131205	54823	1
ss_05	1607	Picture	1;2;1;	1	2	1				65135994	0	1	7013	1	0	next	false_alarm	770
ss_05	1607	Response	1							65142845	6851	0
ss_05	1609	Picture	1;2;1;2;stand;	1	2	1	2	stand		65147348	0	6	20037	6	0	next	other	0
ss_05	1611	Picture	1;2;1;2;stand;true;	1	2	1	2	stand	true	65171059	0	6	10019	6	0	next	other	0
ss_05	1618	Response	3							65546964	36272	1
ss_05	1620	Picture	1;2;1;	1	2	1				65550600	0	1	5343	1	0	next	false_alarm	775
ss_05	1620	Response	1							65555764	5164	1
ss_05	1622	Picture	1;2;1;2;stand;	1	2	1	2	stand		65559617	0	6	20037	6	0	next	other	0
ss_05	1624	Picture	1;2;1;2;stand;false;	1	2	1	2	stand	false	65584664	0	6	10019	6	0	next	other	0
ss_05	1626	Response	3							65937044	12245	1
ss_05	1628	Picture	1;2;1;	1	2	1				65941329	0	1	6846	1	0	next	false_alarm	780
ss_05	1628	Response	1							65948084	6754	1
ss_05	1630	Picture	1;2;1;2;stand;	1	2	1	2	stand		65952016	0	6	20037	6	0	next	other	0
ss_05	1632	Picture	1;2;1;2;stand;false;	1	2	1	2	stand	false	65975560	0	6	10019	6	0	next	other	0
ss_05	1634	Response	3							66321403	5709	1
ss_05	1636	Picture	1;1;2;	1	1	2				66325379	0	1	10186	1	0	next	false_alarm	785
ss_05	1636	Response	1							66335443	10064	1
ss_05	1638	Picture	1;1;2;1;stand;	1	1	2	1	stand		66339405	0	6	20037	6	0	next	other	0
ss_05	1640	Picture	1;1;2;1;stand;true;	1	1	2	1	stand	true	66363116	0	6	10019	6	0	next	other	0
ss_05	1647	Response	3							66742243	39493	1
ss_05	1649	Picture	1;1;2;	1	1	2				66746498	0	1	3841	1	0	next	false_alarm	790
ss_05	1649	Response	2							66750242	3745	1
ss_05	1651	Picture	1;1;2;2;stand;	1	1	2	2	stand		66754680	0	6	20037	7	0	next	other	0
ss_05	1653	Picture	1;1;2;2;stand;false;	1	1	2	2	stand	false	66779058	0	6	10019	7	0	next	other	0
ss_05	1655	Response	3							67129322	10129	1
ss_05	1657	Picture	1;1;2;	1	1	2				67133386	0	1	5844	1	0	next	false_alarm	795
ss_05	1657	Response	1							67139162	5776	1
ss_05	1659	Picture	1;1;2;1;sit;	1	1	2	1	sit		67143238	0	6	20037	7	0	next	other	0
ss_05	1661	Picture	1;1;2;1;sit;true;	1	1	2	1	sit	true	67166782	0	6	10019	6	0	next	other	0
ss_05	1668	Response	3							67545001	38586	1
ss_05	1670	Picture	1;2;1;	1	2	1				67549996	0	1	7514	1	0	next	false_alarm	800
ss_05	1670	Response	2							67557361	7365	1
ss_05	1672	Picture	1;2;1;1;sit;	1	2	1	1	sit		67560683	0	6	20037	6	0	next	other	0
ss_05	1674	Picture	1;2;1;1;sit;true;	1	2	1	1	sit	true	67585563	0	6	10019	6	0	next	other	0


{
   "app": "Presentation Version 21.0 Build 06.06.19",
   "device": "Dell Inc. OptiPlex 7040",
   "experiment": "{783366C0-BBCE-4F44-80DE-11CDC1AD73DF}",
   "os": "Windows 10 64 bit",
   "package": "",
   "parameters": {
      "configuration": "Default configuration"
   },
   "scenario": "Case 686.sce",
   "subject": "ss_05",
   "timestamp": "2021/12/03 14:57:59 GMT"
}
