Scenario - 
Logfile written - 03/16/2022 18:11:02

Subject	Trial	Event Type	Code	block(str)	left_stim(str)	right_stim(str)	stim_chosen(str)	instruct(str)	reward(str)	Time	TTime	Uncertainty	Duration	Uncertainty	ReqTime	ReqDur	Stim Type	Pair Index

ss_19_part2	1	Response	3							179791	179630	1
ss_19_part2	3	Picture	1;2;1;	1	2	1				185006	0	1	7514	1	0	next	false_alarm	3
ss_19_part2	3	Response	1							192311	7305	1
ss_19_part2	5	Picture	1;2;1;2;sit;	1	2	1	2	sit		195860	0	6	20037	7	0	next	other	0
ss_19_part2	7	Picture	1;2;1;2;sit;false;	1	2	1	2	sit	false	220906	0	6	10019	7	0	next	other	0
ss_19_part2	9	Response	3							575391	14350	1
ss_19_part2	11	Picture	1;1;2;	1	1	2				580243	0	1	12690	1	0	next	false_alarm	8
ss_19_part2	11	Response	2							592751	12507	1
ss_19_part2	13	Picture	1;1;2;2;sit;	1	1	2	2	sit		597943	0	6	20037	6	0	next	other	0
ss_19_part2	15	Picture	1;1;2;2;sit;false;	1	1	2	2	sit	false	621821	0	6	10019	6	0	next	other	0
ss_19_part2	17	Response	3							969071	7115	1
ss_19_part2	19	Picture	1;1;2;	1	1	2				973978	0	1	9184	1	0	next	false_alarm	13
ss_19_part2	19	Response	2							983111	9133	1
ss_19_part2	21	Picture	1;1;2;2;sit;	1	1	2	2	sit		986501	0	6	20037	6	0	next	other	0
ss_19_part2	23	Picture	1;1;2;2;sit;true;	1	1	2	2	sit	true	1010546	0	7	10019	7	0	next	other	0
ss_19_part2	30	Response	3							1353550	3371	1
ss_19_part2	32	Picture	1;1;2;	1	1	2				1358195	0	1	334	1	0	next	false_alarm	18
ss_19_part2	32	Response	1							1358470	275	1
ss_19_part2	34	Picture	1;1;2;1;sit;	1	1	2	1	sit		1361701	0	6	20037	6	0	next	other	0
ss_19_part2	36	Picture	1;1;2;1;sit;true;	1	1	2	1	sit	true	1385078	0	6	10019	6	0	next	other	0
ss_19_part2	43	Response	3							1743470	18759	1
ss_19_part2	45	Picture	1;1;2;	1	1	2				1747588	0	1	4675	1	0	next	false_alarm	23
ss_19_part2	45	Response	2							1752190	4603	1
ss_19_part2	47	Picture	1;1;2;2;stand;	1	1	2	2	stand		1756939	0	6	20037	6	0	next	other	0
ss_19_part2	49	Picture	1;1;2;2;stand;false;	1	1	2	2	stand	false	1780315	0	6	10019	6	0	next	other	0
ss_19_part2	51	Response	3							2133830	13380	1
ss_19_part2	53	Picture	1;2;1;	1	2	1				2138651	0	1	4675	1	0	next	false_alarm	28
ss_19_part2	53	Response	2							2143270	4619	1
ss_19_part2	55	Picture	1;2;1;1;stand;	1	2	1	1	stand		2148001	0	6	20037	6	0	next	other	0
ss_19_part2	57	Picture	1;2;1;1;stand;false;	1	2	1	1	stand	false	2172714	0	6	10019	6	0	next	other	0
ss_19_part2	59	Response	3							2519030	6181	1
ss_19_part2	61	Picture	1;2;1;	1	2	1				2523702	0	1	13692	1	0	next	false_alarm	33
ss_19_part2	61	Response	2							2537190	13488	1
ss_19_part2	63	Picture	1;2;1;1;stand;	1	2	1	1	stand		2540567	0	6	20037	6	0	next	other	0
ss_19_part2	65	Picture	1;2;1;1;stand;false;	1	2	1	1	stand	false	2564612	0	6	10019	6	0	next	other	0
ss_19_part2	67	Response	3							2914869	10123	1
ss_19_part2	69	Picture	1;2;1;	1	2	1				2919440	0	1	7180	1	0	next	false_alarm	38
ss_19_part2	69	Response	1							2926510	7069	1
ss_19_part2	71	Picture	1;2;1;2;sit;	1	2	1	2	sit		2931463	0	6	20037	6	0	next	other	0
ss_19_part2	73	Picture	1;2;1;2;sit;false;	1	2	1	2	sit	false	2955675	0	6	10019	6	0	next	other	0
ss_19_part2	75	Response	3							3301190	5380	1
ss_19_part2	77	Picture	1;2;1;	1	2	1				3304492	0	1	2171	1	0	next	false_alarm	43
ss_19_part2	77	Response	1							3306510	2017	1
ss_19_part2	79	Picture	1;2;1;2;sit;	1	2	1	2	sit		3309668	0	6	20037	6	0	next	other	0
ss_19_part2	81	Picture	1;2;1;2;sit;false;	1	2	1	2	sit	false	3333546	0	6	10019	6	0	next	other	0
ss_19_part2	83	Response	3							3678629	4949	1
ss_19_part2	85	Picture	1;2;1;	1	2	1				3683032	0	1	167	1	0	next	false_alarm	48
ss_19_part2	85	Response	1							3683149	117	1
ss_19_part2	87	Picture	1;2;1;2;sit;	1	2	1	2	sit		3687874	0	6	20037	6	0	next	other	0
ss_19_part2	89	Picture	1;2;1;2;sit;true;	1	2	1	2	sit	true	3711084	0	6	10019	6	0	next	other	0
ss_19_part2	96	Response	3							4067549	16832	1
ss_19_part2	98	Picture	1;2;1;	1	2	1				4070922	0	1	3340	1	0	next	false_alarm	53
ss_19_part2	98	Response	1							4074069	3147	1
ss_19_part2	100	Picture	1;2;1;2;stand;	1	2	1	2	stand		4078937	0	6	20037	6	0	next	other	0
ss_19_part2	102	Picture	1;2;1;2;stand;true;	1	2	1	2	stand	true	4103984	0	6	10019	7	0	next	other	0
ss_19_part2	109	Response	3							4446789	3172	1
ss_19_part2	110	Response	2							4448709	1752	0
ss_19_part2	111	Picture	1;1;2;	1	1	2				4451799	0	1	501	1	0	next	false_alarm	59
ss_19_part2	111	Response	2							4452109	310	1
ss_19_part2	113	Picture	1;1;2;2;stand;	1	1	2	2	stand		4456808	0	6	20037	6	0	next	other	0
ss_19_part2	115	Picture	1;1;2;2;stand;false;	1	1	2	2	stand	false	4480018	0	6	10019	7	0	next	other	0
ss_19_part2	117	Response	3							4823989	3836	1
ss_19_part2	119	Picture	1;1;2;	1	1	2				4828836	0	1	167	1	0	next	false_alarm	64
ss_19_part2	119	Response	1							4828909	73	1
ss_19_part2	121	Picture	1;1;2;1;stand;	1	1	2	1	stand		4832676	0	6	20037	6	0	next	other	0
ss_19_part2	123	Picture	1;1;2;1;stand;true;	1	1	2	1	stand	true	4856387	0	6	10019	6	0	next	other	0
ss_19_part2	130	Response	3							5200949	4928	1
ss_19_part2	132	Picture	1;2;1;	1	2	1				5204537	0	1	9017	1	0	next	false_alarm	69
ss_19_part2	132	Response	2							5213429	8892	1
ss_19_part2	134	Picture	1;2;1;1;stand;	1	2	1	1	stand		5216726	0	6	20037	7	0	next	other	0
ss_19_part2	136	Picture	1;2;1;1;stand;true;	1	2	1	1	stand	true	5241773	0	6	10019	6	0	next	other	0
ss_19_part2	143	Response	3							5585789	4382	1
ss_19_part2	145	Picture	1;1;2;	1	1	2				5589755	0	1	2004	1	0	next	false_alarm	74
ss_19_part2	145	Response	1							5591629	1873	1
ss_19_part2	147	Picture	1;1;2;1;stand;	1	1	2	1	stand		5594932	0	6	20037	6	0	next	other	0
ss_19_part2	149	Picture	1;1;2;1;stand;true;	1	1	2	1	stand	true	5619143	0	6	10019	7	0	next	other	0
ss_19_part2	156	Response	3							5963508	4731	1
ss_19_part2	158	Picture	1;1;2;	1	1	2				5967794	0	1	4341	1	0	next	false_alarm	79
ss_19_part2	158	Response	1							5972069	4275	1
ss_19_part2	160	Picture	1;1;2;1;stand;	1	1	2	1	stand		5976143	0	7	20037	7	0	next	other	0
ss_19_part2	162	Picture	1;1;2;1;stand;false;	1	1	2	1	stand	false	6000688	0	6	10019	7	0	next	other	0
ss_19_part2	164	Response	3							6344748	3925	1
ss_19_part2	166	Picture	1;2;1;	1	2	1				6348337	0	1	5510	1	0	next	false_alarm	84
ss_19_part2	166	Response	1							6353708	5371	1
ss_19_part2	168	Picture	1;2;1;2;sit;	1	2	1	2	sit		6357187	0	6	20037	6	0	next	other	0
ss_19_part2	170	Picture	1;2;1;2;sit;true;	1	2	1	2	sit	true	6381566	0	6	10019	6	0	next	other	0
ss_19_part2	177	Response	3							6769388	48189	1
ss_19_part2	179	Picture	1;2;1;	1	2	1				6774298	0	1	3507	1	0	next	false_alarm	89
ss_19_part2	179	Response	1							6777628	3330	1
ss_19_part2	181	Picture	1;2;1;2;sit;	1	2	1	2	sit		6782480	0	6	20037	7	0	next	other	0
ss_19_part2	183	Picture	1;2;1;2;sit;true;	1	2	1	2	sit	true	6806525	0	6	10019	6	0	next	other	0
ss_19_part2	190	Response	3							7152068	5909	1
ss_19_part2	192	Picture	1;2;1;	1	2	1				7155676	0	1	5176	1	0	next	false_alarm	94
ss_19_part2	192	Response	1							7160788	5112	0
ss_19_part2	194	Picture	1;2;1;2;stand;	1	2	1	2	stand		7164526	0	6	20037	6	0	next	other	0
ss_19_part2	196	Picture	1;2;1;2;stand;true;	1	2	1	2	stand	true	7189406	0	6	10019	6	0	next	other	0
ss_19_part2	203	Response	3							7531787	2748	1
ss_19_part2	205	Picture	1;1;2;	1	1	2				7535719	0	1	3006	1	0	next	false_alarm	99
ss_19_part2	205	Response	1							7538628	2909	1
ss_19_part2	207	Picture	1;1;2;1;stand;	1	1	2	1	stand		7542732	0	6	20037	7	0	next	other	0
ss_19_part2	209	Picture	1;1;2;1;stand;false;	1	1	2	1	stand	false	7567611	0	6	10019	7	0	next	other	0
ss_19_part2	211	Response	3							7911468	3722	1
ss_19_part2	213	Picture	1;2;1;	1	2	1				7915928	0	1	5009	1	0	next	false_alarm	104
ss_19_part2	213	Response	1							7920747	4819	0
ss_19_part2	215	Picture	1;2;1;2;sit;	1	2	1	2	sit		7925446	0	6	20037	6	0	next	other	0
ss_19_part2	217	Picture	1;2;1;2;sit;true;	1	2	1	2	sit	true	7950158	0	6	10019	6	0	next	other	0
ss_19_part2	224	Response	3							8295547	5755	1
ss_19_part2	226	Picture	1;1;2;	1	1	2				8298976	0	1	16698	1	0	next	false_alarm	109
ss_19_part2	226	Response	1							8315467	16492	1
ss_19_part2	228	Picture	1;1;2;1;stand;	1	1	2	1	stand		8319681	0	6	20037	6	0	next	other	0
ss_19_part2	230	Picture	1;1;2;1;stand;true;	1	1	2	1	stand	true	8344561	0	6	10019	6	0	next	other	0
ss_19_part2	237	Response	3							8688307	4113	1
ss_19_part2	239	Picture	1;1;2;	1	1	2				8691541	0	1	5510	1	0	next	false_alarm	114
ss_19_part2	239	Response	1							8696867	5326	1
ss_19_part2	241	Picture	1;1;2;1;stand;	1	1	2	1	stand		8702061	0	7	20037	7	0	next	other	0
ss_19_part2	243	Picture	1;1;2;1;stand;true;	1	1	2	1	stand	true	8726106	0	6	10019	6	0	next	other	0
ss_19_part2	250	Response	3							9070947	5207	1
ss_19_part2	252	Picture	1;1;2;	1	1	2				9074422	0	1	2171	1	0	next	false_alarm	119
ss_19_part2	252	Response	1							9076427	2004	0
ss_19_part2	254	Picture	1;1;2;1;sit;	1	1	2	1	sit		9080601	0	6	20037	6	0	next	other	0
ss_19_part2	256	Picture	1;1;2;1;sit;false;	1	1	2	1	sit	false	9104812	0	6	10019	7	0	next	other	0
ss_19_part2	258	Response	3							9449027	4080	1
ss_19_part2	260	Picture	1;1;2;	1	1	2				9453797	0	1	9017	1	0	next	false_alarm	124
ss_19_part2	260	Response	1							9462667	8870	1
ss_19_part2	262	Picture	1;1;2;1;stand;	1	1	2	1	stand		9467656	0	6	20037	6	0	next	other	0
ss_19_part2	264	Picture	1;1;2;1;stand;false;	1	1	2	1	stand	false	9492035	0	6	10019	7	0	next	other	0
ss_19_part2	266	Response	3							9837946	5777	1
ss_19_part2	268	Picture	1;2;1;	1	2	1				9841854	0	1	4508	1	0	next	false_alarm	129
ss_19_part2	268	Response	1							9846227	4373	1
ss_19_part2	270	Picture	1;2;1;2;sit;	1	2	1	2	sit		9851038	0	6	20037	6	0	next	other	0
ss_19_part2	272	Picture	1;2;1;2;sit;false;	1	2	1	2	sit	false	9874749	0	6	10019	6	0	next	other	0
ss_19_part2	274	Response	3							10223546	8663	1
ss_19_part2	276	Picture	1;2;1;	1	2	1				10227573	0	1	3674	1	0	next	false_alarm	134
ss_19_part2	276	Response	1							10231106	3533	1
ss_19_part2	278	Picture	1;2;1;2;stand;	1	2	1	2	stand		10234420	0	6	20037	6	0	next	other	0
ss_19_part2	280	Picture	1;2;1;2;stand;true;	1	2	1	2	stand	true	10257964	0	6	10019	6	0	next	other	0
ss_19_part2	287	Response	3							10602506	4909	1
ss_19_part2	289	Picture	1;1;2;	1	1	2				10607282	0	1	5677	1	0	next	false_alarm	139
ss_19_part2	289	Response	2							10612826	5544	1
ss_19_part2	291	Picture	1;1;2;2;sit;	1	1	2	2	sit		10617802	0	6	20037	6	0	next	other	0
ss_19_part2	293	Picture	1;1;2;2;sit;false;	1	1	2	2	sit	false	10642514	0	6	10019	6	0	next	other	0
ss_19_part2	295	Response	3							10989386	6738	1
ss_19_part2	297	Picture	1;2;1;	1	2	1				10992667	0	1	3173	1	0	next	false_alarm	144
ss_19_part2	297	Response	1							10995786	3119	1
ss_19_part2	299	Picture	1;2;1;2;sit;	1	2	1	2	sit		11000014	0	6	20037	7	0	next	other	0
ss_19_part2	301	Picture	1;2;1;2;sit;true;	1	2	1	2	sit	true	11024727	0	6	10019	6	0	next	other	0
ss_19_part2	308	Response	3							11377826	13465	1
ss_19_part2	310	Picture	1;2;1;	1	2	1				11381893	0	1	7514	1	0	next	false_alarm	149
ss_19_part2	310	Response	1							11389266	7372	1
ss_19_part2	312	Picture	1;2;1;2;stand;	1	2	1	2	stand		11392580	0	7	20037	7	0	next	other	0
ss_19_part2	314	Picture	1;2;1;2;stand;false;	1	2	1	2	stand	false	11415790	0	6	10019	6	0	next	other	0
ss_19_part2	316	Response	3							11760346	4421	1
ss_19_part2	318	Picture	1;1;2;	1	1	2				11764106	0	1	1670	1	0	next	false_alarm	154
ss_19_part2	318	Response	1							11765586	1479	1
ss_19_part2	320	Picture	1;1;2;1;stand;	1	1	2	1	stand		11768782	0	6	20037	6	0	next	other	0
ss_19_part2	322	Picture	1;1;2;1;stand;true;	1	1	2	1	stand	true	11792827	0	6	10019	6	0	next	other	0
ss_19_part2	329	Response	3							12136745	4285	1
ss_19_part2	331	Picture	1;2;1;	1	2	1				12141143	0	1	19536	1	0	next	false_alarm	159
ss_19_part2	331	Response	2							12160465	19322	0
ss_19_part2	333	Picture	1;2;1;1;stand;	1	2	1	1	stand		12165021	0	7	20037	7	0	next	other	0
ss_19_part2	335	Picture	1;2;1;1;stand;true;	1	2	1	1	stand	true	12188899	0	6	10019	6	0	next	other	0
ss_19_part2	342	Response	3							12533305	4773	1
ss_19_part2	344	Picture	1;2;1;	1	2	1				12538217	0	1	4341	1	0	next	false_alarm	164
ss_19_part2	344	Response	1							12542345	4128	1
ss_19_part2	346	Picture	1;2;1;2;stand;	1	2	1	2	stand		12547401	0	6	20037	6	0	next	other	0
ss_19_part2	348	Picture	1;2;1;2;stand;false;	1	2	1	2	stand	false	12571112	0	6	10019	6	0	next	other	0
ss_19_part2	350	Response	3							12915105	3859	1
ss_19_part2	352	Picture	1;2;1;	1	2	1				12918426	0	1	4341	1	0	next	false_alarm	169
ss_19_part2	352	Response	2							12922625	4199	1
ss_19_part2	354	Picture	1;2;1;1;stand;	1	2	1	1	stand		12926942	0	6	20037	7	0	next	other	0
ss_19_part2	356	Picture	1;2;1;1;stand;false;	1	2	1	1	stand	false	12951822	0	6	10019	6	0	next	other	0
ss_19_part2	358	Response	3							13297745	5789	1
ss_19_part2	360	Picture	1;2;1;	1	2	1				13302476	0	1	3507	1	0	next	false_alarm	174
ss_19_part2	360	Response	1							13305865	3389	1
ss_19_part2	362	Picture	1;2;1;2;sit;	1	2	1	2	sit		13309990	0	6	20037	6	0	next	other	0
ss_19_part2	364	Picture	1;2;1;2;sit;true;	1	2	1	2	sit	true	13334035	0	6	10019	6	0	next	other	0
ss_19_part2	371	Response	3							13687105	13436	1
ss_19_part2	373	Picture	1;1;2;	1	1	2				13691201	0	1	4675	1	0	next	false_alarm	179
ss_19_part2	373	Response	2							13695665	4464	1
ss_19_part2	375	Picture	1;1;2;2;sit;	1	1	2	2	sit		13699216	0	6	20037	6	0	next	other	0
ss_19_part2	377	Picture	1;1;2;2;sit;true;	1	1	2	2	sit	true	13723929	0	6	10019	6	0	next	other	0
ss_19_part2	384	Response	3							14708264	644702	1
ss_19_part2	386	Picture	1;2;1;	1	2	1				14712440	0	1	12857	1	0	next	false_alarm	184
ss_19_part2	386	Response	2							14725144	12705	1
ss_19_part2	388	Picture	1;2;1;1;stand;	1	2	1	1	stand		14728470	0	6	20037	6	0	next	other	0
ss_19_part2	390	Picture	1;2;1;1;stand;false;	1	2	1	1	stand	false	14752181	0	6	10019	6	0	next	other	0
ss_19_part2	392	Response	3							15098944	6629	1
ss_19_part2	394	Picture	1;1;2;	1	1	2				15102167	0	1	1503	1	0	next	false_alarm	189
ss_19_part2	394	Response	2							15103544	1377	1
ss_19_part2	396	Picture	1;1;2;2;sit;	1	1	2	2	sit		15107844	0	6	20037	6	0	next	other	0
ss_19_part2	398	Picture	1;1;2;2;sit;false;	1	1	2	2	sit	false	15131388	0	6	10019	6	0	next	other	0
ss_19_part2	400	Response	3							15478024	6502	1
ss_19_part2	402	Picture	1;1;2;	1	1	2				15482042	0	1	7514	1	0	next	false_alarm	194
ss_19_part2	402	Response	2							15489464	7422	1
ss_19_part2	404	Picture	1;1;2;2;sit;	1	1	2	2	sit		15494565	0	6	20037	6	0	next	other	0
ss_19_part2	406	Picture	1;1;2;2;sit;false;	1	1	2	2	sit	false	15518109	0	6	10019	6	0	next	other	0
ss_19_part2	408	Response	3							15865384	7140	1
ss_19_part2	410	Picture	1;2;1;	1	2	1				15870600	0	1	6512	1	0	next	false_alarm	199
ss_19_part2	410	Response	2							15876904	6303	1
ss_19_part2	412	Picture	1;2;1;1;sit;	1	2	1	1	sit		15880619	0	6	20037	7	0	next	other	0
ss_19_part2	414	Picture	1;2;1;1;sit;false;	1	2	1	1	sit	false	15904998	0	6	10019	6	0	next	other	0
ss_19_part2	416	Response	3							16249584	4451	1
ss_19_part2	418	Picture	1;2;1;	1	2	1				16253815	0	1	3173	1	0	next	false_alarm	204
ss_19_part2	418	Response	2							16256784	2968	1
ss_19_part2	420	Picture	1;2;1;1;sit;	1	2	1	1	sit		16260327	0	6	20037	7	0	next	other	0
ss_19_part2	422	Picture	1;2;1;1;sit;true;	1	2	1	1	sit	true	16284038	0	6	10019	6	0	next	other	0
ss_19_part2	429	Response	3							16629863	6192	1
ss_19_part2	431	Picture	1;1;2;	1	1	2				16634692	0	1	26549	1	0	next	false_alarm	209
ss_19_part2	431	Response	1							16661183	26491	1
ss_19_part2	433	Picture	1;1;2;1;stand;	1	1	2	1	stand		16665583	0	6	20037	6	0	next	other	0
ss_19_part2	435	Picture	1;1;2;1;stand;false;	1	1	2	1	stand	false	16690463	0	6	10019	6	0	next	other	0
ss_19_part2	437	Response	3							17037983	7386	1
ss_19_part2	439	Picture	1;1;2;	1	1	2				17042954	0	1	7514	1	0	next	false_alarm	214
ss_19_part2	439	Response	1							17050343	7390	1
ss_19_part2	441	Picture	1;1;2;1;stand;	1	1	2	1	stand		17053807	0	6	20037	6	0	next	other	0
ss_19_part2	443	Picture	1;1;2;1;stand;true;	1	1	2	1	stand	true	17078520	0	6	10019	7	0	next	other	0
ss_19_part2	450	Response	3							17422143	3989	1
ss_19_part2	452	Picture	1;2;1;	1	2	1				17426336	0	1	2338	1	0	next	false_alarm	219
ss_19_part2	452	Response	1							17428503	2167	0
ss_19_part2	454	Picture	1;2;1;2;sit;	1	2	1	2	sit		17433516	0	6	20037	6	0	next	other	0
ss_19_part2	456	Picture	1;2;1;2;sit;false;	1	2	1	2	sit	false	17456726	0	6	10019	7	0	next	other	0
ss_19_part2	458	Response	3							18841942	1045082	1
ss_19_part2	460	Picture	1;1;2;	1	1	2				18846819	0	1	11522	1	0	next	false_alarm	224
ss_19_part2	460	Response	1							18858182	11364	1
ss_19_part2	462	Picture	1;1;2;1;stand;	1	1	2	1	stand		18861513	0	6	20037	6	0	next	other	0
ss_19_part2	464	Picture	1;1;2;1;stand;true;	1	1	2	1	stand	true	18886560	0	6	10019	7	0	next	other	0
ss_19_part2	471	Response	3							19229782	3589	1
ss_19_part2	473	Picture	1;1;2;	1	1	2				19234709	0	1	6512	1	0	next	false_alarm	229
ss_19_part2	473	Response	2							19241102	6393	1
ss_19_part2	475	Picture	1;1;2;2;sit;	1	1	2	2	sit		19246064	0	6	20037	6	0	next	other	0
ss_19_part2	477	Picture	1;1;2;2;sit;true;	1	1	2	2	sit	true	19270108	0	6	10019	6	0	next	other	0
ss_19_part2	484	Response	3							19635662	25920	1
ss_19_part2	486	Picture	1;1;2;	1	1	2				19639965	0	1	11188	1	0	next	false_alarm	234
ss_19_part2	486	Response	1							19651062	11097	1
ss_19_part2	488	Picture	1;1;2;1;stand;	1	1	2	1	stand		19655327	0	6	20037	6	0	next	other	0
ss_19_part2	490	Picture	1;1;2;1;stand;false;	1	1	2	1	stand	false	19678871	0	6	10019	6	0	next	other	0
ss_19_part2	492	Response	3							20023902	4896	1
ss_19_part2	494	Picture	1;1;2;	1	1	2				20028189	0	1	2839	1	0	next	false_alarm	239
ss_19_part2	494	Response	1							20030942	2753	1
ss_19_part2	496	Picture	1;1;2;1;stand;	1	1	2	1	stand		20035369	0	6	20037	6	0	next	other	0
ss_19_part2	498	Picture	1;1;2;1;stand;false;	1	1	2	1	stand	false	20059080	0	6	10019	6	0	next	other	0
ss_19_part2	500	Response	3							20407902	8687	1
ss_19_part2	502	Picture	1;1;2;	1	1	2				20411571	0	1	3340	1	0	next	false_alarm	244
ss_19_part2	502	Response	1							20414742	3171	0
ss_19_part2	504	Picture	1;1;2;1;stand;	1	1	2	1	stand		20419419	0	6	20037	7	0	next	other	0
ss_19_part2	506	Picture	1;1;2;1;stand;true;	1	1	2	1	stand	true	20443464	0	6	10019	6	0	next	other	0
ss_19_part2	513	Response	3							20786782	3684	1
ss_19_part2	515	Picture	1;2;1;	1	2	1				20790779	0	1	1670	1	0	next	false_alarm	249
ss_19_part2	515	Response	2							20792342	1563	1
ss_19_part2	517	Picture	1;2;1;1;stand;	1	2	1	1	stand		20796456	0	7	20037	7	0	next	other	0
ss_19_part2	519	Picture	1;2;1;1;stand;false;	1	2	1	1	stand	false	20820334	0	6	10019	6	0	next	other	0
ss_19_part2	521	Response	3							21169541	9073	1
ss_19_part2	523	Picture	1;1;2;	1	1	2				21173826	0	1	7514	1	0	next	false_alarm	254
ss_19_part2	523	Response	2							21181182	7355	1
ss_19_part2	525	Picture	1;1;2;2;sit;	1	1	2	2	sit		21185515	0	6	20037	6	0	next	other	0
ss_19_part2	527	Picture	1;1;2;2;sit;false;	1	1	2	2	sit	false	21209560	0	6	10019	6	0	next	other	0
ss_19_part2	529	Response	3							21557981	8287	1
ss_19_part2	531	Picture	1;2;1;	1	2	1				21561216	0	1	10186	1	0	next	false_alarm	259
ss_19_part2	531	Response	1							21571221	10005	1
ss_19_part2	533	Picture	1;2;1;2;sit;	1	2	1	2	sit		21575576	0	7	20037	7	0	next	other	0
ss_19_part2	535	Picture	1;2;1;2;sit;true;	1	2	1	2	sit	true	21600623	0	6	10019	6	0	next	other	0
ss_19_part2	542	Response	3							21959141	18885	1
ss_19_part2	544	Picture	1;1;2;	1	1	2				21963633	0	1	14694	1	0	next	false_alarm	264
ss_19_part2	544	Response	1							21978261	14628	1
ss_19_part2	546	Picture	1;1;2;1;stand;	1	1	2	1	stand		21982502	0	6	20037	6	0	next	other	0
ss_19_part2	548	Picture	1;1;2;1;stand;true;	1	1	2	1	stand	true	22007214	0	6	10019	7	0	next	other	0
ss_19_part2	555	Response	3							22353861	7013	1
ss_19_part2	557	Picture	1;2;1;	1	2	1				22358036	0	1	2004	1	0	next	false_alarm	269
ss_19_part2	557	Response	1							22359901	1865	1
ss_19_part2	559	Picture	1;2;1;2;sit;	1	2	1	2	sit		22365049	0	6	20037	7	0	next	other	0
ss_19_part2	561	Picture	1;2;1;2;sit;true;	1	2	1	2	sit	true	22389427	0	6	10019	6	0	next	other	0
ss_19_part2	568	Response	3							22748821	19760	1
ss_19_part2	570	Picture	1;1;2;	1	1	2				22752438	0	1	3006	1	0	next	false_alarm	274
ss_19_part2	570	Response	1							22755341	2903	1
ss_19_part2	572	Picture	1;1;2;1;stand;	1	1	2	1	stand		22758616	0	6	20037	6	0	next	other	0
ss_19_part2	574	Picture	1;1;2;1;stand;false;	1	1	2	1	stand	false	22782661	0	6	10019	6	0	next	other	0
ss_19_part2	576	Response	3							23132621	9825	1
ss_19_part2	578	Picture	1;1;2;	1	1	2				23136321	0	1	2004	1	0	next	false_alarm	279
ss_19_part2	578	Response	2							23138220	1900	1
ss_19_part2	580	Picture	1;1;2;2;sit;	1	1	2	2	sit		23143000	0	6	20037	6	0	next	other	0
ss_19_part2	582	Picture	1;1;2;2;sit;false;	1	1	2	2	sit	false	23166210	0	6	10019	7	0	next	other	0
ss_19_part2	584	Response	3							23509940	3596	1
ss_19_part2	585	Response	2							23511060	1042	0
ss_19_part2	586	Picture	1;1;2;	1	1	2				23514025	0	1	5176	1	0	next	false_alarm	285
ss_19_part2	586	Response	2							23519060	5035	1
ss_19_part2	588	Picture	1;1;2;2;sit;	1	1	2	2	sit		23523710	0	6	20037	6	0	next	other	0
ss_19_part2	590	Picture	1;1;2;2;sit;true;	1	1	2	2	sit	true	23548757	0	6	10019	7	0	next	other	0
ss_19_part2	597	Response	3							23893500	5110	1
ss_19_part2	599	Picture	1;1;2;	1	1	2				23896906	0	1	835	1	0	next	false_alarm	290
ss_19_part2	599	Response	1							23897620	714	0
ss_19_part2	601	Picture	1;1;2;1;stand;	1	1	2	1	stand		23901414	0	7	20038	7	0	next	other	0
ss_19_part2	603	Picture	1;1;2;1;stand;true;	1	1	2	1	stand	true	23926127	0	6	10019	6	0	next	other	0
ss_19_part2	610	Response	3							24268540	2779	1
ss_19_part2	612	Picture	1;2;1;	1	2	1				24272774	0	1	3006	1	0	next	false_alarm	295
ss_19_part2	612	Response	1							24275700	2926	1
ss_19_part2	614	Picture	1;2;1;2;sit;	1	2	1	2	sit		24280455	0	6	20037	7	0	next	other	0
ss_19_part2	616	Picture	1;2;1;2;sit;false;	1	2	1	2	sit	false	24304333	0	6	10019	6	0	next	other	0
ss_19_part2	618	Response	3							24648140	3672	1
ss_19_part2	619	Response	1							24650900	2592	1
ss_19_part2	620	Picture	1;2;1;	1	2	1				24651647	0	1	5844	1	0	next	false_alarm	301
ss_19_part2	620	Response	1							24657420	5772	1
ss_19_part2	622	Picture	1;2;1;2;sit;	1	2	1	2	sit		24662501	0	6	20037	6	0	next	other	0
ss_19_part2	624	Picture	1;2;1;2;sit;false;	1	2	1	2	sit	false	24685878	0	6	10019	6	0	next	other	0
ss_19_part2	626	Response	3							25031660	5647	1
ss_19_part2	628	Response	1							25036179	92	1
ss_19_part2	628	Picture	1;2;1;	1	2	1				25036198	111	1	2300	1	0	next	other	0


{
   "app": "Presentation Version 21.0 Build 06.06.19",
   "device": "Dell Inc. OptiPlex 7040",
   "experiment": "{783366C0-BBCE-4F44-80DE-11CDC1AD73DF}",
   "os": "Windows 10 64 bit",
   "package": "",
   "parameters": {
      "configuration": "Default configuration"
   },
   "scenario": "Case 686.sce",
   "subject": "ss_19_part2",
   "timestamp": "2022/03/16 22:29:17 GMT"
}
