Scenario - 
Logfile written - 03/14/2022 18:37:15

Subject	Trial	Event Type	Code	block(str)	left_stim(str)	right_stim(str)	stim_chosen(str)	instruct(str)	reward(str)	Time	TTime	Uncertainty	Duration	Uncertainty	ReqTime	ReqDur	Stim Type	Pair Index

ss_18	1	Response	3							111830	111168	1
ss_18	3	Picture	1;2;1;	1	2	1				115543	0	1	9351	1	0	next	false_alarm	3
ss_18	3	Response	1							124790	9247	1
ss_18	5	Picture	1;2;1;2;sit;	1	2	1	2	sit		128568	0	6	20037	6	0	next	other	0
ss_18	7	Picture	1;2;1;2;sit;false;	1	2	1	2	sit	false	152278	0	6	10019	6	0	next	other	0
ss_18	9	Response	3							509631	17217	1
ss_18	11	Picture	1;1;2;	1	1	2				513620	0	1	13358	1	0	next	false_alarm	8
ss_18	11	Response	2							526871	13251	1
ss_18	13	Picture	1;1;2;2;sit;	1	1	2	2	sit		530818	0	6	20037	6	0	next	other	0
ss_18	15	Picture	1;1;2;2;sit;false;	1	1	2	2	sit	false	554028	0	6	10019	6	0	next	other	0
ss_18	17	Response	3							904431	10268	1
ss_18	19	Picture	1;2;1;	1	2	1				909191	0	1	6679	1	0	next	false_alarm	13
ss_18	19	Response	1							915711	6520	1
ss_18	21	Picture	1;2;1;2;sit;	1	2	1	2	sit		920045	0	6	20037	7	0	next	other	0
ss_18	23	Picture	1;2;1;2;sit;false;	1	2	1	2	sit	false	943923	0	6	10019	6	0	next	other	0
ss_18	25	Response	3							1295632	11574	1
ss_18	27	Picture	1;2;1;	1	2	1				1300589	0	1	6345	1	0	next	false_alarm	18
ss_18	27	Response	1							1306831	6242	0
ss_18	29	Picture	1;2;1;2;sit;	1	2	1	2	sit		1310607	0	6	20037	6	0	next	other	0
ss_18	31	Picture	1;2;1;2;sit;true;	1	2	1	2	sit	true	1335153	0	6	10019	6	0	next	other	0
ss_18	38	Response	3							1720512	45725	1
ss_18	40	Picture	1;1;2;	1	1	2				1724881	0	1	6679	1	0	next	false_alarm	23
ss_18	40	Response	2							1731392	6511	1
ss_18	42	Picture	1;1;2;2;sit;	1	1	2	2	sit		1734732	0	6	20037	7	0	next	other	0
ss_18	44	Picture	1;1;2;2;sit;true;	1	1	2	2	sit	true	1759278	0	6	10019	7	0	next	other	0
ss_18	51	Response	3							2181792	82880	1
ss_18	53	Picture	1;1;2;	1	1	2				2185407	0	1	9351	1	0	next	false_alarm	28
ss_18	53	Response	2							2194672	9265	1
ss_18	55	Picture	1;1;2;2;sit;	1	1	2	2	sit		2197930	0	6	20037	6	0	next	other	0
ss_18	57	Picture	1;1;2;2;sit;false;	1	1	2	2	sit	false	2221307	0	7	10019	7	0	next	other	0
ss_18	59	Response	3							2569673	8230	1
ss_18	61	Picture	1;2;1;	1	2	1				2573632	0	1	4508	1	0	next	false_alarm	33
ss_18	61	Response	1							2577992	4361	1
ss_18	63	Picture	1;2;1;2;stand;	1	2	1	2	stand		2582482	0	6	20037	6	0	next	other	0
ss_18	65	Picture	1;2;1;2;stand;false;	1	2	1	2	stand	false	2606693	0	6	10019	6	0	next	other	0
ss_18	67	Response	3							2955993	9165	1
ss_18	69	Picture	1;2;1;	1	2	1				2960186	0	1	5343	1	0	next	false_alarm	38
ss_18	69	Response	2							2965473	5287	1
ss_18	71	Picture	1;2;1;1;stand;	1	2	1	1	stand		2969203	0	6	20037	7	0	next	other	0
ss_18	73	Picture	1;2;1;1;stand;false;	1	2	1	1	stand	false	2993582	0	6	10019	7	0	next	other	0
ss_18	75	Response	3							3344593	10876	1
ss_18	77	Picture	1;1;2;	1	1	2				3348077	0	1	4174	1	0	next	false_alarm	43
ss_18	77	Response	2							3352153	4076	1
ss_18	79	Picture	1;1;2;2;stand;	1	1	2	2	stand		3356593	0	6	20037	6	0	next	other	0
ss_18	81	Picture	1;1;2;2;stand;true;	1	1	2	2	stand	true	3381640	0	6	10019	6	0	next	other	0
ss_18	88	Response	3							3739194	17920	1
ss_18	90	Picture	1;1;2;	1	1	2				3743816	0	1	5176	1	0	next	false_alarm	48
ss_18	90	Response	1							3748833	5017	1
ss_18	92	Picture	1;1;2;1;stand;	1	1	2	1	stand		3752666	0	6	20037	6	0	next	other	0
ss_18	94	Picture	1;1;2;1;stand;false;	1	1	2	1	stand	false	3777545	0	6	10019	6	0	next	other	0
ss_18	96	Response	3							4126754	9074	1
ss_18	98	Picture	1;1;2;	1	1	2				4131039	0	1	3674	1	0	next	false_alarm	53
ss_18	98	Response	2							4134634	3595	1
ss_18	100	Picture	1;1;2;2;sit;	1	1	2	2	sit		4139221	0	6	20037	6	0	next	other	0
ss_18	102	Picture	1;1;2;2;sit;true;	1	1	2	2	sit	true	4162598	0	6	10019	6	0	next	other	0
ss_18	109	Response	3							4573794	71563	1
ss_18	111	Picture	1;2;1;	1	2	1				4578875	0	1	3674	1	0	next	false_alarm	58
ss_18	111	Response	2							4582394	3520	1
ss_18	113	Picture	1;2;1;1;stand;	1	2	1	1	stand		4585888	0	6	20037	6	0	next	other	0
ss_18	115	Picture	1;2;1;1;stand;true;	1	2	1	1	stand	true	4609098	0	6	10019	7	0	next	other	0
ss_18	122	Response	3							4958835	10103	1
ss_18	124	Picture	1;1;2;	1	1	2				4963426	0	1	4508	1	0	next	false_alarm	63
ss_18	124	Response	2							4967875	4449	1
ss_18	126	Picture	1;1;2;2;stand;	1	1	2	2	stand		4972109	0	7	20038	7	0	next	other	0
ss_18	128	Picture	1;1;2;2;stand;true;	1	1	2	2	stand	true	4995986	0	6	10019	6	0	next	other	0
ss_18	135	Response	3							5342475	6855	1
ss_18	137	Picture	1;2;1;	1	2	1				5347643	0	1	3674	1	0	next	false_alarm	68
ss_18	137	Response	2							5351115	3472	1
ss_18	139	Picture	1;2;1;1;sit;	1	2	1	1	sit		5355825	0	6	20037	6	0	next	other	0
ss_18	141	Picture	1;2;1;1;sit;false;	1	2	1	1	sit	false	5380037	0	6	10019	6	0	next	other	0
ss_18	143	Response	3							5731915	11744	1
ss_18	145	Picture	1;2;1;	1	2	1				5736535	0	1	5176	1	0	next	false_alarm	73
ss_18	145	Response	1							5741635	5100	1
ss_18	147	Picture	1;2;1;2;stand;	1	2	1	2	stand		5745719	0	6	20037	6	0	next	other	0
ss_18	149	Picture	1;2;1;2;stand;true;	1	2	1	2	stand	true	5769597	0	6	10019	6	0	next	other	0
ss_18	156	Response	3							6117396	8165	1
ss_18	158	Picture	1;2;1;	1	2	1				6122088	0	1	2839	1	0	next	false_alarm	78
ss_18	158	Response	2							6124716	2627	0
ss_18	160	Picture	1;2;1;1;stand;	1	2	1	1	stand		6128935	0	6	20037	6	0	next	other	0
ss_18	162	Picture	1;2;1;1;stand;false;	1	2	1	1	stand	false	6152312	0	6	10019	6	0	next	other	0
ss_18	164	Response	3							6501076	8629	1
ss_18	166	Picture	1;2;1;	1	2	1				6505137	0	1	2171	1	0	next	false_alarm	83
ss_18	166	Response	2							6507116	1980	1
ss_18	168	Picture	1;2;1;1;stand;	1	2	1	1	stand		6511816	0	6	20037	6	0	next	other	0
ss_18	170	Picture	1;2;1;1;stand;true;	1	2	1	1	stand	true	6535694	0	6	10019	6	0	next	other	0
ss_18	177	Response	3							6903877	28549	1
ss_18	179	Picture	1;1;2;	1	1	2				6908890	0	1	2171	1	0	next	false_alarm	88
ss_18	179	Response	2							6910997	2106	1
ss_18	181	Picture	1;1;2;2;sit;	1	1	2	2	sit		6914234	0	6	20037	7	0	next	other	0
ss_18	183	Picture	1;1;2;2;sit;true;	1	1	2	2	sit	true	6938112	0	6	10019	7	0	next	other	0
ss_18	190	Response	3							7324717	46971	1
ss_18	192	Picture	1;1;2;	1	1	2				7329175	0	1	3507	1	0	next	false_alarm	93
ss_18	192	Response	2							7332557	3382	1
ss_18	194	Picture	1;1;2;2;sit;	1	1	2	2	sit		7336188	0	6	20037	7	0	next	other	0
ss_18	196	Picture	1;1;2;2;sit;true;	1	1	2	2	sit	true	7360233	0	6	10019	7	0	next	other	0
ss_18	203	Response	3							7748077	48211	1
ss_18	205	Picture	1;1;2;	1	1	2				7753300	0	1	5510	1	0	next	false_alarm	98
ss_18	205	Response	2							7758717	5417	1
ss_18	207	Picture	1;1;2;2;sit;	1	1	2	2	sit		7761983	0	6	20037	6	0	next	other	0
ss_18	209	Picture	1;1;2;2;sit;true;	1	1	2	2	sit	true	7786529	0	6	10019	7	0	next	other	0
ss_18	216	Response	3							8162557	36394	0
ss_18	218	Picture	1;2;1;	1	2	1				8167740	0	1	2672	1	0	next	false_alarm	103
ss_18	218	Response	2							8170358	2617	1
ss_18	220	Picture	1;2;1;1;stand;	1	2	1	1	stand		8173918	0	6	20037	6	0	next	other	0
ss_18	222	Picture	1;2;1;1;stand;false;	1	2	1	1	stand	false	8198464	0	6	10019	6	0	next	other	0
ss_18	224	Response	3							8549478	10879	1
ss_18	226	Picture	1;1;2;	1	1	2				8552959	0	1	5176	1	0	next	false_alarm	108
ss_18	226	Response	2							8557958	4999	1
ss_18	228	Picture	1;1;2;2;sit;	1	1	2	2	sit		8562477	0	6	20037	6	0	next	other	0
ss_18	230	Picture	1;1;2;2;sit;false;	1	1	2	2	sit	false	8586188	0	6	10019	6	0	next	other	0
ss_18	232	Response	3							8935439	9116	1
ss_18	234	Picture	1;2;1;	1	2	1				8940516	0	1	3674	1	0	next	false_alarm	113
ss_18	234	Response	1							8944078	3562	1
ss_18	236	Picture	1;2;1;2;stand;	1	2	1	2	stand		8947863	0	6	20037	6	0	next	other	0
ss_18	238	Picture	1;2;1;2;stand;false;	1	2	1	2	stand	false	8971741	0	6	10019	6	0	next	other	0
ss_18	240	Response	3							9319479	7603	1
ss_18	242	Picture	1;2;1;	1	2	1				9323230	0	1	4008	1	0	next	false_alarm	118
ss_18	242	Response	2							9327119	3888	1
ss_18	244	Picture	1;2;1;1;stand;	1	2	1	1	stand		9331746	0	6	20037	6	0	next	other	0
ss_18	246	Picture	1;2;1;1;stand;false;	1	2	1	1	stand	false	9355624	0	6	10019	6	0	next	other	0
ss_18	248	Response	3							9707679	11920	1
ss_18	250	Picture	1;1;2;	1	1	2				9711455	0	1	3674	1	0	next	false_alarm	123
ss_18	250	Response	2							9714959	3504	1
ss_18	252	Picture	1;1;2;2;sit;	1	1	2	2	sit		9719637	0	6	20037	7	0	next	other	0
ss_18	254	Picture	1;1;2;2;sit;true;	1	1	2	2	sit	true	9743181	0	6	10019	6	0	next	other	0
ss_18	261	Response	3							10134920	52105	1
ss_18	263	Picture	1;1;2;	1	1	2				10138919	0	1	6011	1	0	next	false_alarm	128
ss_18	263	Response	2							10144879	5960	0
ss_18	265	Picture	1;1;2;2;sit;	1	1	2	2	sit		10148103	0	6	20037	6	0	next	other	0
ss_18	267	Picture	1;1;2;2;sit;false;	1	1	2	2	sit	false	10172983	0	6	10019	7	0	next	other	0
ss_18	269	Response	3							10543920	30802	1
ss_18	271	Picture	1;2;1;	1	2	1				10548517	0	1	4174	1	0	next	false_alarm	133
ss_18	271	Response	2							10552520	4003	1
ss_18	273	Picture	1;2;1;1;sit;	1	2	1	1	sit		10557367	0	6	20037	6	0	next	other	0
ss_18	275	Picture	1;2;1;1;sit;true;	1	2	1	1	sit	true	10581412	0	6	10019	6	0	next	other	0
ss_18	282	Response	3							10981680	60634	1
ss_18	284	Picture	1;2;1;	1	2	1				10986001	0	1	6178	1	0	next	false_alarm	138
ss_18	284	Response	2							10992120	6120	1
ss_18	286	Picture	1;2;1;1;stand;	1	2	1	1	stand		10995518	0	6	20037	6	0	next	other	0
ss_18	288	Picture	1;2;1;1;stand;false;	1	2	1	1	stand	false	11019396	0	6	10019	6	0	next	other	0
ss_18	290	Response	3							11376641	17109	0
ss_18	292	Picture	1;1;2;	1	1	2				11380570	0	1	4842	1	0	next	false_alarm	143
ss_18	292	Response	2							11385361	4790	1
ss_18	294	Picture	1;1;2;2;sit;	1	1	2	2	sit		11389253	0	6	20037	7	0	next	other	0
ss_18	296	Picture	1;1;2;2;sit;false;	1	1	2	2	sit	false	11412630	0	6	10019	6	0	next	other	0
ss_18	298	Response	3							11770201	17436	1
ss_18	300	Picture	1;1;2;	1	1	2				11773471	0	1	6679	1	0	next	false_alarm	148
ss_18	300	Response	2							11780081	6610	1
ss_18	302	Picture	1;1;2;2;sit;	1	1	2	2	sit		11783656	0	6	20037	7	0	next	other	0
ss_18	304	Picture	1;1;2;2;sit;true;	1	1	2	2	sit	true	11807367	0	6	10019	6	0	next	other	0
ss_18	311	Response	3							12189001	42000	1
ss_18	313	Picture	1;2;1;	1	2	1				12192920	0	1	21707	2	0	next	false_alarm	153
ss_18	313	Response	1							12214562	21642	1
ss_18	315	Picture	1;2;1;2;sit;	1	2	1	2	sit		12219136	0	6	20037	7	0	next	other	0
ss_18	317	Picture	1;2;1;2;sit;false;	1	2	1	2	sit	false	12243849	0	6	10019	6	0	next	other	0
ss_18	319	Response	3							12592842	8858	1
ss_18	321	Picture	1;1;2;	1	1	2				12597843	0	1	5677	1	0	next	false_alarm	158
ss_18	321	Response	1							12603322	5479	1
ss_18	323	Picture	1;1;2;1;stand;	1	1	2	1	stand		12608362	0	6	20037	6	0	next	other	0
ss_18	325	Picture	1;1;2;1;stand;true;	1	1	2	1	stand	true	12633409	0	6	10019	7	0	next	other	0
ss_18	332	Response	3							13003802	30759	0
ss_18	334	Picture	1;1;2;	1	1	2				13007273	0	1	6345	1	0	next	false_alarm	163
ss_18	334	Response	2							13013562	6289	1
ss_18	336	Picture	1;1;2;2;sit;	1	1	2	2	sit		13017960	0	6	20037	7	0	next	other	0
ss_18	338	Picture	1;1;2;2;sit;true;	1	1	2	2	sit	true	13043007	0	6	10019	6	0	next	other	0
ss_18	345	Response	3							13425762	43122	1
ss_18	347	Picture	1;1;2;	1	1	2				13429228	0	1	6178	1	0	next	false_alarm	168
ss_18	347	Response	2							13435203	5975	0
ss_18	349	Picture	1;1;2;2;sit;	1	1	2	2	sit		13439914	0	6	20037	7	0	next	other	0
ss_18	351	Picture	1;1;2;2;sit;false;	1	1	2	2	sit	false	13464293	0	6	10019	7	0	next	other	0
ss_18	353	Response	3							15074684	1270256	1
ss_18	355	Picture	1;2;1;	1	2	1				15077972	0	1	13191	1	0	next	false_alarm	173
ss_18	355	Response	1							15091004	13032	1
ss_18	357	Picture	1;2;1;2;stand;	1	2	1	2	stand		15094336	0	6	20037	6	0	next	other	0
ss_18	359	Picture	1;2;1;2;stand;true;	1	2	1	2	stand	true	15118381	0	6	10019	6	0	next	other	0
ss_18	366	Response	3							15510805	52790	1
ss_18	368	Picture	1;1;2;	1	1	2				15515121	0	1	4842	1	0	next	false_alarm	178
ss_18	368	Response	1							15519844	4723	1
ss_18	370	Picture	1;1;2;1;stand;	1	1	2	1	stand		15523637	0	6	20037	6	0	next	other	0
ss_18	372	Picture	1;1;2;1;stand;false;	1	1	2	1	stand	false	15547682	0	6	10019	6	0	next	other	0
ss_18	374	Response	3							15903885	16068	1
ss_18	376	Picture	1;1;2;	1	1	2				15909023	0	1	6846	1	0	next	false_alarm	183
ss_18	376	Response	1							15915725	6702	0
ss_18	378	Picture	1;1;2;1;stand;	1	1	2	1	stand		15920712	0	6	20037	6	0	next	other	0
ss_18	380	Picture	1;1;2;1;stand;true;	1	1	2	1	stand	true	15945091	0	6	10019	6	0	next	other	0
ss_18	387	Response	3							16314165	29441	1
ss_18	389	Picture	1;1;2;	1	1	2				16318621	0	1	7013	1	0	next	false_alarm	188
ss_18	389	Response	1							16325525	6904	0
ss_18	391	Picture	1;1;2;1;stand;	1	1	2	1	stand		16329642	0	6	20037	7	0	next	other	0
ss_18	393	Picture	1;1;2;1;stand;false;	1	1	2	1	stand	false	16353520	0	6	10019	7	0	next	other	0
ss_18	395	Response	3							16699965	6311	1
ss_18	397	Picture	1;2;1;	1	2	1				16705009	0	1	4174	1	0	next	false_alarm	193
ss_18	397	Response	2							16709125	4116	1
ss_18	399	Picture	1;2;1;1;stand;	1	2	1	1	stand		16712189	0	6	20037	6	0	next	other	0
ss_18	401	Picture	1;2;1;1;stand;true;	1	2	1	1	stand	true	16736735	0	6	10019	6	0	next	other	0
ss_18	408	Response	3							17126526	50157	1
ss_18	410	Picture	1;2;1;	1	2	1				17130470	0	1	8683	1	0	next	false_alarm	198
ss_18	410	Response	1							17139086	8616	0
ss_18	412	Picture	1;2;1;2;sit;	1	2	1	2	sit		17143828	0	6	20037	7	0	next	other	0
ss_18	414	Picture	1;2;1;2;sit;true;	1	2	1	2	sit	true	17167038	0	6	10019	6	0	next	other	0
ss_18	421	Response	3							17586366	79694	1
ss_18	423	Picture	1;1;2;	1	1	2				17590495	0	1	5009	1	0	next	false_alarm	203
ss_18	423	Response	1							17595446	4951	1
ss_18	425	Picture	1;1;2;1;stand;	1	1	2	1	stand		17598510	0	6	20037	6	0	next	other	0
ss_18	427	Picture	1;1;2;1;stand;true;	1	1	2	1	stand	true	17621720	0	7	10019	7	0	next	other	0
ss_18	434	Response	3							18035647	74293	1
ss_18	436	Picture	1;2;1;	1	2	1				18039166	0	1	5343	1	0	next	false_alarm	208
ss_18	436	Response	1							18044406	5240	1
ss_18	438	Picture	1;2;1;2;sit;	1	2	1	2	sit		18047682	0	7	20037	7	0	next	other	0
ss_18	440	Picture	1;2;1;2;sit;true;	1	2	1	2	sit	true	18071059	0	6	10019	6	0	next	other	0
ss_18	447	Response	3							18488327	77634	1
ss_18	449	Picture	1;2;1;	1	2	1				18492679	0	1	4675	1	0	next	false_alarm	213
ss_18	449	Response	2							18497167	4488	1
ss_18	451	Picture	1;2;1;1;stand;	1	2	1	1	stand		18500527	0	7	20037	7	0	next	other	0
ss_18	453	Picture	1;2;1;1;stand;false;	1	2	1	1	stand	false	18524405	0	6	10019	7	0	next	other	0
ss_18	455	Response	3							18879328	14788	1
ss_18	457	Picture	1;2;1;	1	2	1				18882407	0	1	5343	1	0	next	false_alarm	218
ss_18	457	Response	2							18887567	5161	1
ss_18	459	Picture	1;2;1;1;stand;	1	2	1	1	stand		18892592	0	6	20037	6	0	next	other	0
ss_18	461	Picture	1;2;1;1;stand;false;	1	2	1	1	stand	false	18916804	0	6	10019	6	0	next	other	0
ss_18	463	Response	3							19285768	28829	1
ss_18	465	Picture	1;1;2;	1	1	2				19290836	0	1	5343	1	0	next	false_alarm	223
ss_18	465	Response	2							19296088	5252	0
ss_18	467	Picture	1;1;2;2;sit;	1	1	2	2	sit		19300353	0	6	20037	6	0	next	other	0
ss_18	469	Picture	1;1;2;2;sit;true;	1	1	2	2	sit	true	19323730	0	6	10019	6	0	next	other	0
ss_18	476	Response	3							19717088	53724	1
ss_18	478	Picture	1;2;1;	1	2	1				19721306	0	1	6679	1	0	next	false_alarm	228
ss_18	478	Response	2							19727808	6502	1
ss_18	480	Picture	1;2;1;1;stand;	1	2	1	1	stand		19732493	0	6	20037	6	0	next	other	0
ss_18	482	Picture	1;2;1;1;stand;false;	1	2	1	1	stand	false	19757039	0	6	10019	6	0	next	other	0
ss_18	484	Response	3							20107169	9995	1
ss_18	486	Picture	1;2;1;	1	2	1				20110532	0	1	16364	1	0	next	false_alarm	233
ss_18	486	Response	1							20126729	16196	1
ss_18	488	Picture	1;2;1;2;stand;	1	2	1	2	stand		20129902	0	6	20037	6	0	next	other	0
ss_18	490	Picture	1;2;1;2;stand;true;	1	2	1	2	stand	true	20154782	0	6	10019	6	0	next	other	0
ss_18	497	Response	3							20630569	136154	1
ss_18	499	Picture	1;2;1;	1	2	1				20634844	0	1	7514	1	0	next	false_alarm	238
ss_18	499	Response	2							20642249	7405	1
ss_18	501	Picture	1;2;1;1;sit;	1	2	1	1	sit		20647368	0	6	20037	7	0	next	other	0
ss_18	503	Picture	1;2;1;1;sit;false;	1	2	1	1	sit	false	20670578	0	6	10019	6	0	next	other	0
ss_18	505	Response	3							21035609	24897	1
ss_18	507	Picture	1;2;1;	1	2	1				21039934	0	1	17533	1	0	next	false_alarm	243
ss_18	507	Response	2							21057289	17356	1
ss_18	509	Picture	1;2;1;1;sit;	1	2	1	1	sit		21062142	0	6	20037	6	0	next	other	0
ss_18	511	Picture	1;2;1;1;sit;true;	1	2	1	1	sit	true	21086020	0	6	10019	6	0	next	other	0
ss_18	518	Response	3							21499170	73516	0
ss_18	520	Picture	1;2;1;	1	2	1				21502965	0	1	4508	1	0	next	false_alarm	248
ss_18	520	Response	2							21507290	4325	1
ss_18	522	Picture	1;2;1;1;stand;	1	2	1	1	stand		21510813	0	6	20037	6	0	next	other	0
ss_18	524	Picture	1;2;1;1;stand;true;	1	2	1	1	stand	true	21535526	0	6	10019	6	0	next	other	0
ss_18	531	Response	3							21891330	16171	1
ss_18	533	Picture	1;2;1;	1	2	1				21896199	0	1	2338	1	0	next	false_alarm	253
ss_18	533	Response	1							21898410	2212	1
ss_18	535	Picture	1;2;1;2;sit;	1	2	1	2	sit		21903045	0	7	20038	7	0	next	other	0
ss_18	537	Picture	1;2;1;2;sit;true;	1	2	1	2	sit	true	21927758	0	6	10019	6	0	next	other	0
ss_18	544	Response	3							22331971	64579	1
ss_18	546	Picture	1;2;1;	1	2	1				22335686	0	1	11855	1	0	next	false_alarm	258
ss_18	546	Response	2							22347450	11765	1
ss_18	548	Picture	1;2;1;1;stand;	1	2	1	1	stand		22352050	0	6	20037	6	0	next	other	0
ss_18	550	Picture	1;2;1;1;stand;true;	1	2	1	1	stand	true	22376095	0	6	10019	6	0	next	other	0
ss_18	557	Response	3							22769011	53283	1
ss_18	559	Picture	1;1;2;	1	1	2				22772835	0	1	7013	1	0	next	false_alarm	263
ss_18	559	Response	1							22779731	6896	1
ss_18	561	Picture	1;1;2;1;stand;	1	1	2	1	stand		22783355	0	6	20037	6	0	next	other	0
ss_18	563	Picture	1;1;2;1;stand;false;	1	1	2	1	stand	false	22806565	0	7	10019	7	0	next	other	0
ss_18	565	Response	3							23210091	63392	1
ss_18	567	Picture	1;1;2;	1	1	2				23214159	0	1	8683	1	0	next	false_alarm	268
ss_18	567	Response	2							23222651	8493	1
ss_18	569	Picture	1;1;2;2;sit;	1	1	2	2	sit		23226348	0	6	20037	6	0	next	other	0
ss_18	571	Picture	1;1;2;2;sit;true;	1	1	2	2	sit	true	23249725	0	7	10019	7	0	next	other	0
ss_18	578	Response	3							23686652	97293	1
ss_18	580	Picture	1;1;2;	1	1	2				23690214	0	1	6345	1	0	next	false_alarm	273
ss_18	580	Response	2							23696412	6198	1
ss_18	582	Picture	1;1;2;2;sit;	1	1	2	2	sit		23701068	0	6	20037	6	0	next	other	0
ss_18	584	Picture	1;1;2;2;sit;true;	1	1	2	2	sit	true	23724779	0	6	10019	6	0	next	other	0
ss_18	591	Response	3							24121772	57360	1
ss_18	593	Picture	1;1;2;	1	1	2				24125527	0	1	8683	1	0	next	false_alarm	278
ss_18	593	Response	1							24134092	8565	1
ss_18	595	Picture	1;1;2;1;stand;	1	1	2	1	stand		24137883	0	7	20037	7	0	next	other	0
ss_18	597	Picture	1;1;2;1;stand;true;	1	1	2	1	stand	true	24161928	0	6	10019	7	0	next	other	0
ss_18	604	Response	3							24538333	36771	1
ss_18	606	Picture	1;1;2;	1	1	2				24541470	0	1	6178	1	0	next	false_alarm	283
ss_18	606	Response	1							24547533	6063	0
ss_18	608	Picture	1;1;2;1;stand;	1	1	2	1	stand		24550988	0	6	20037	6	0	next	other	0
ss_18	610	Picture	1;1;2;1;stand;true;	1	1	2	1	stand	true	24576034	0	6	10019	6	0	next	other	0
ss_18	617	Response	3							24937053	21385	1
ss_18	619	Picture	1;2;1;	1	2	1				24942051	0	1	7347	1	0	next	false_alarm	288
ss_18	619	Response	1							24949213	7162	0
ss_18	621	Picture	1;2;1;2;sit;	1	2	1	2	sit		24952737	0	6	20037	6	0	next	other	0
ss_18	623	Picture	1;2;1;2;sit;true;	1	2	1	2	sit	true	24975780	0	6	10019	6	0	next	other	0
ss_18	630	Response	3							25354814	39399	1
ss_18	632	Picture	1;2;1;	1	2	1				25359497	0	1	10687	1	0	next	false_alarm	293
ss_18	632	Response	1							25370133	10637	1
ss_18	634	Picture	1;2;1;2;sit;	1	2	1	2	sit		25373857	0	6	20037	6	0	next	other	0
ss_18	636	Picture	1;2;1;2;sit;false;	1	2	1	2	sit	false	25398236	0	6	10019	6	0	next	other	0
ss_18	638	Response	3							25748694	10323	1
ss_18	640	Picture	1;1;2;	1	1	2				25753232	0	1	6512	1	0	next	false_alarm	298
ss_18	640	Response	1							25759574	6342	1
ss_18	642	Picture	1;1;2;1;stand;	1	1	2	1	stand		25764419	0	6	20037	6	0	next	other	0
ss_18	644	Picture	1;1;2;1;stand;true;	1	1	2	1	stand	true	25789299	0	6	10019	6	0	next	other	0
ss_18	651	Response	3							26153174	24241	1
ss_18	653	Picture	1;2;1;	1	2	1				26157987	0	1	6512	1	0	next	false_alarm	303
ss_18	653	Response	1							26164374	6387	1
ss_18	655	Picture	1;2;1;2;sit;	1	2	1	2	sit		26169175	0	6	20037	7	0	next	other	0
ss_18	657	Picture	1;2;1;2;sit;false;	1	2	1	2	sit	false	26193553	0	6	10019	6	0	next	other	0
ss_18	659	Response	3							26542855	9166	1
ss_18	661	Picture	1;2;1;	1	2	1				26546880	0	1	6345	1	0	next	false_alarm	308
ss_18	661	Response	1							26553135	6255	1
ss_18	663	Picture	1;2;1;2;sit;	1	2	1	2	sit		26558067	0	6	20037	6	0	next	other	0
ss_18	665	Picture	1;2;1;2;sit;true;	1	2	1	2	sit	true	26582780	0	6	10019	6	0	next	other	0
ss_18	672	Response	3							26995015	72601	1
ss_18	674	Picture	1;1;2;	1	1	2				26999224	0	1	11355	1	0	next	false_alarm	313
ss_18	674	Response	1							27010495	11271	1
ss_18	676	Picture	1;1;2;1;stand;	1	1	2	1	stand		27014252	0	6	20037	7	0	next	other	0
ss_18	678	Picture	1;1;2;1;stand;true;	1	1	2	1	stand	true	27037295	0	6	10019	6	0	next	other	0
ss_18	685	Response	3							27419895	42966	1
ss_18	687	Picture	1;2;1;	1	2	1				27423182	0	1	6846	1	0	next	false_alarm	318
ss_18	687	Response	2							27429815	6633	1
ss_18	689	Picture	1;2;1;1;sit;	1	2	1	1	sit		27433535	0	6	20037	6	0	next	other	0
ss_18	691	Picture	1;2;1;1;sit;false;	1	2	1	1	sit	false	27457747	0	6	10019	6	0	next	other	0
ss_18	693	Response	3							27805856	7974	1
ss_18	695	Picture	1;1;2;	1	1	2				27810405	0	1	7013	1	0	next	false_alarm	323
ss_18	695	Response	2							27817216	6811	1
ss_18	697	Picture	1;1;2;2;stand;	1	1	2	2	stand		27822427	0	6	20037	6	0	next	other	0
ss_18	699	Picture	1;1;2;2;stand;true;	1	1	2	2	stand	true	27847474	0	6	10019	6	0	next	other	0
ss_18	706	Response	3							28216216	29108	1
ss_18	708	Picture	1;1;2;	1	1	2				28220337	0	1	11688	1	0	next	false_alarm	328
ss_18	708	Response	1							28231936	11599	1
ss_18	710	Picture	1;1;2;1;stand;	1	1	2	1	stand		28235699	0	6	20037	6	0	next	other	0
ss_18	712	Picture	1;1;2;1;stand;true;	1	1	2	1	stand	true	28260745	0	6	10019	6	0	next	other	0
ss_18	719	Response	3							28679616	79237	1
ss_18	721	Picture	1;2;1;	1	2	1				28683535	0	1	10186	1	0	next	false_alarm	333
ss_18	721	Response	2							28693536	10002	0
ss_18	723	Picture	1;2;1;1;stand;	1	2	1	1	stand		28698229	0	6	20037	6	0	next	other	0
ss_18	725	Picture	1;2;1;1;stand;false;	1	2	1	1	stand	false	28722608	0	6	10019	6	0	next	other	0
ss_18	727	Response	3							30141218	1078476	1
ss_18	729	Picture	1;2;1;	1	2	1				30144762	0	1	18869	1	0	next	false_alarm	338
ss_18	729	Response	1							30163458	18696	1
ss_18	731	Picture	1;2;1;2;sit;	1	2	1	2	sit		30168306	0	6	20037	6	0	next	other	0
ss_18	733	Picture	1;2;1;2;sit;true;	1	2	1	2	sit	true	30191516	0	6	10019	6	0	next	other	0
ss_18	740	Response	3							30611578	80428	1
ss_18	742	Picture	1;1;2;	1	1	2				30614639	0	1	8683	1	0	next	false_alarm	343
ss_18	742	Response	2							30623258	8619	1
ss_18	744	Picture	1;1;2;2;sit;	1	1	2	2	sit		30627997	0	6	20037	6	0	next	other	0
ss_18	746	Picture	1;1;2;2;sit;false;	1	1	2	2	sit	false	30651374	0	6	10019	6	0	next	other	0
ss_18	748	Response	3							31004979	13469	1
ss_18	750	Picture	1;2;1;	1	2	1				31008708	0	1	9184	1	0	next	false_alarm	348
ss_18	750	Response	2							31017699	8991	0
ss_18	752	Picture	1;2;1;1;sit;	1	2	1	1	sit		31022400	0	6	20037	6	0	next	other	0
ss_18	754	Picture	1;2;1;1;sit;true;	1	2	1	1	sit	true	31047113	0	6	10019	6	0	next	other	0
ss_18	761	Response	3							31487019	100272	1
ss_18	763	Picture	1;1;2;	1	1	2				31491108	0	1	14527	1	0	next	false_alarm	353
ss_18	763	Response	1							31505499	14391	1
ss_18	765	Picture	1;1;2;1;sit;	1	1	2	1	sit		31510144	0	6	20037	6	0	next	other	0
ss_18	767	Picture	1;1;2;1;sit;true;	1	1	2	1	sit	true	31534356	0	6	10019	7	0	next	other	0
ss_18	774	Response	3							31923099	49110	1
ss_18	776	Picture	1;1;2;	1	1	2				31927757	0	1	26383	1	0	next	false_alarm	358
ss_18	776	Response	2							31953980	26223	1
ss_18	778	Picture	1;1;2;2;stand;	1	1	2	2	stand		31957312	0	6	20037	6	0	next	other	0
ss_18	780	Picture	1;1;2;2;stand;true;	1	1	2	2	stand	true	31981858	0	7	10019	7	0	next	other	0
ss_18	787	Response	3							32408740	87248	1
ss_18	789	Picture	1;2;1;	1	2	1				32412161	0	1	7347	1	0	next	false_alarm	363
ss_18	789	Response	1							32419420	7259	1
ss_18	791	Picture	1;2;1;2;sit;	1	2	1	2	sit		32423683	0	6	20037	6	0	next	other	0
ss_18	793	Picture	1;2;1;2;sit;false;	1	2	1	2	sit	false	32447060	0	6	10019	6	0	next	other	0
ss_18	795	Response	3							32797900	10706	1
ss_18	797	Picture	1;1;2;	1	1	2				32801555	0	1	6345	1	0	next	false_alarm	368
ss_18	797	Response	2							32807740	6185	1
ss_18	799	Picture	1;1;2;2;sit;	1	1	2	2	sit		32811239	0	6	20037	6	0	next	other	0
ss_18	801	Picture	1;1;2;2;sit;false;	1	1	2	2	sit	false	32834282	0	6	10019	6	0	next	other	0
ss_18	803	Response	3							33211901	37483	1
ss_18	805	Picture	1;2;1;	1	2	1				33216830	0	1	27885	1	0	next	false_alarm	373
ss_18	805	Response	1							33244541	27711	1
ss_18	807	Picture	1;2;1;2;sit;	1	2	1	2	sit		33248055	0	7	20037	7	0	next	other	0
ss_18	809	Picture	1;2;1;2;sit;false;	1	2	1	2	sit	false	33271766	0	6	10019	6	0	next	other	0
ss_18	811	Response	3							33620261	8361	1
ss_18	813	Picture	1;2;1;	1	2	1				33623923	0	1	6512	1	0	next	false_alarm	378
ss_18	813	Response	2							33630341	6418	1
ss_18	815	Picture	1;2;1;1;stand;	1	2	1	1	stand		33635110	0	6	20037	6	0	next	other	0
ss_18	817	Picture	1;2;1;1;stand;true;	1	2	1	1	stand	true	33658487	0	6	10019	6	0	next	other	0
ss_18	824	Response	3							34052781	54660	1
ss_18	826	Picture	1;2;1;	1	2	1				34057065	0	1	4007	1	0	next	false_alarm	383
ss_18	826	Response	1							34060942	3877	1
ss_18	828	Picture	1;2;1;2;sit;	1	2	1	2	sit		34065748	0	6	20037	6	0	next	other	0
ss_18	830	Picture	1;2;1;2;sit;false;	1	2	1	2	sit	false	34090126	0	6	10019	6	0	next	other	0
ss_18	832	Response	3							34461702	31440	1
ss_18	834	Picture	1;2;1;	1	2	1				34465494	0	1	6679	1	0	next	false_alarm	388
ss_18	834	Response	1							34472102	6608	1
ss_18	836	Picture	1;2;1;2;sit;	1	2	1	2	sit		34476681	0	6	20037	6	0	next	other	0
ss_18	838	Picture	1;2;1;2;sit;false;	1	2	1	2	sit	false	34500392	0	6	10019	7	0	next	other	0
ss_18	840	Response	3							34849502	8975	1
ss_18	842	Picture	1;2;1;	1	2	1				34853885	0	1	6512	1	0	next	false_alarm	393
ss_18	842	Response	1							34860302	6417	0
ss_18	844	Picture	1;2;1;2;stand;	1	2	1	2	stand		34864405	0	6	20037	6	0	next	other	0
ss_18	846	Picture	1;2;1;2;stand;false;	1	2	1	2	stand	false	34887782	0	6	10019	6	0	next	other	0
ss_18	848	Response	3							35236943	9026	0
ss_18	850	Picture	1;1;2;	1	1	2				35240440	0	1	5844	1	0	next	false_alarm	398
ss_18	850	Response	1							35246182	5742	1
ss_18	852	Picture	1;1;2;1;stand;	1	1	2	1	stand		35251294	0	6	20037	6	0	next	other	0
ss_18	854	Picture	1;1;2;1;stand;false;	1	1	2	1	stand	false	35274838	0	6	10019	6	0	next	other	0
ss_18	856	Response	3							35621383	6410	1
ss_18	858	Picture	1;1;2;	1	1	2				35625492	0	1	12690	1	0	next	false_alarm	403
ss_18	858	Response	2							35638023	12530	1
ss_18	860	Picture	1;1;2;2;sit;	1	1	2	2	sit		35641522	0	6	20037	6	0	next	other	0
ss_18	862	Picture	1;1;2;2;sit;true;	1	1	2	2	sit	true	35664899	0	6	10019	6	0	next	other	0
ss_18	869	Response	3							36082823	78290	1
ss_18	871	Picture	1;2;1;	1	2	1				36087855	0	1	14026	1	0	next	false_alarm	408
ss_18	871	Response	1							36101743	13888	1
ss_18	873	Picture	1;2;1;2;sit;	1	2	1	2	sit		36106223	0	6	20037	6	0	next	other	0
ss_18	875	Picture	1;2;1;2;sit;true;	1	2	1	2	sit	true	36131103	0	6	10019	6	0	next	other	0
ss_18	882	Response	3							36590744	120007	1
ss_18	884	Picture	1;1;2;	1	1	2				36595804	0	1	9017	1	0	next	false_alarm	413
ss_18	884	Response	2							36604744	8940	1
ss_18	886	Picture	1;1;2;2;sit;	1	1	2	2	sit		36609496	0	6	20037	6	0	next	other	0
ss_18	888	Picture	1;1;2;2;sit;false;	1	1	2	2	sit	false	36634042	0	6	10019	6	0	next	other	0
ss_18	890	Response	3							36983224	9048	0
ss_18	892	Picture	1;1;2;	1	1	2				36987702	0	1	9518	1	0	next	false_alarm	418
ss_18	892	Response	2							36997024	9322	1
ss_18	894	Picture	1;1;2;2;sit;	1	1	2	2	sit		37000559	0	6	20037	7	0	next	other	0
ss_18	896	Picture	1;1;2;2;sit;true;	1	1	2	2	sit	true	37023936	0	6	10019	6	0	next	other	0
ss_18	903	Response	3							37408344	44774	1
ss_18	905	Picture	1;2;1;	1	2	1				37411827	0	1	7848	1	0	next	false_alarm	423
ss_18	905	Response	1							37419465	7638	1
ss_18	907	Picture	1;2;1;2;stand;	1	2	1	2	stand		37424183	0	6	20037	6	0	next	other	0
ss_18	909	Picture	1;2;1;2;stand;false;	1	2	1	2	stand	false	37447894	0	6	10019	6	0	next	other	0
ss_18	911	Response	3							37808065	20036	1
ss_18	913	Picture	1;1;2;	1	1	2				37811907	0	1	5844	1	0	next	false_alarm	428
ss_18	913	Response	1							37817665	5758	1
ss_18	915	Picture	1;1;2;1;stand;	1	1	2	1	stand		37820924	0	6	20037	6	0	next	other	0
ss_18	917	Picture	1;1;2;1;stand;false;	1	1	2	1	stand	false	37845970	0	6	10019	7	0	next	other	0
ss_18	919	Response	3							38201785	15680	1
ss_18	921	Picture	1;2;1;	1	2	1				38206143	0	1	6679	1	0	next	false_alarm	433
ss_18	921	Response	1							38212665	6523	1
ss_18	923	Picture	1;2;1;2;stand;	1	2	1	2	stand		38216495	0	6	20037	6	0	next	other	0
ss_18	925	Picture	1;2;1;2;stand;true;	1	2	1	2	stand	true	38240039	0	6	10019	6	0	next	other	0
ss_18	932	Response	3							38630826	51152	1
ss_18	934	Picture	1;1;2;	1	1	2				38634943	0	1	6178	1	0	next	false_alarm	438
ss_18	934	Response	2							38641066	6122	1
ss_18	936	Picture	1;1;2;2;sit;	1	1	2	2	sit		38645630	0	6	20037	6	0	next	other	0
ss_18	938	Picture	1;1;2;2;sit;false;	1	1	2	2	sit	false	38670343	0	6	10019	6	0	next	other	0
ss_18	940	Response	3							39038146	27669	1
ss_18	942	Picture	1;2;1;	1	2	1				39042871	0	1	12189	1	0	next	false_alarm	443
ss_18	942	Response	2							39054906	12035	0
ss_18	944	Picture	1;2;1;1;stand;	1	2	1	1	stand		39058400	0	6	20037	6	0	next	other	0
ss_18	946	Picture	1;2;1;1;stand;false;	1	2	1	1	stand	false	39083280	0	6	10019	7	0	next	other	0
ss_18	948	Response	3							39433386	9971	1
ss_18	950	Picture	1;1;2;	1	1	2				39437107	0	1	6345	1	0	next	false_alarm	448
ss_18	950	Response	1							39443346	6239	1
ss_18	952	Picture	1;1;2;1;stand;	1	1	2	1	stand		39447961	0	6	20037	6	0	next	other	0
ss_18	954	Picture	1;1;2;1;stand;true;	1	1	2	1	stand	true	39472840	0	6	10019	6	0	next	other	0
ss_18	961	Response	3							39882986	70512	1
ss_18	963	Picture	1;2;1;	1	2	1				39887448	0	1	4007	1	0	next	false_alarm	453
ss_18	963	Response	1							39891267	3819	1
ss_18	965	Picture	1;2;1;2;sit;	1	2	1	2	sit		39894628	0	7	20037	7	0	next	other	0
ss_18	967	Picture	1;2;1;2;sit;false;	1	2	1	2	sit	false	39917671	0	6	10019	6	0	next	other	0
ss_18	969	Response	3							40272067	14262	1
ss_18	971	Picture	1;1;2;	1	1	2				40275505	0	1	61448	1	0	next	false_alarm	458
ss_18	971	Response	2							40336867	61362	1
ss_18	973	Picture	1;1;2;2;stand;	1	1	2	2	stand		40340293	0	6	20037	7	0	next	other	0
ss_18	975	Picture	1;1;2;2;stand;false;	1	1	2	2	stand	false	40365173	0	6	10019	6	0	next	other	0
ss_18	977	Response	3							40713067	7760	1
ss_18	979	Picture	1;1;2;	1	1	2				40717831	0	1	5510	1	0	next	false_alarm	463
ss_18	979	Response	2							40723147	5316	1
ss_18	981	Picture	1;1;2;2;stand;	1	1	2	2	stand		40728017	0	6	20037	6	0	next	other	0
ss_18	983	Picture	1;1;2;2;stand;false;	1	1	2	2	stand	false	40751728	0	6	10019	6	0	next	other	0
ss_18	985	Response	3							41099588	7725	1
ss_18	987	Picture	1;2;1;	1	2	1				41104720	0	1	49426	1	0	next	false_alarm	468
ss_18	987	Response	2							41154067	49348	1
ss_18	989	Picture	1;2;1;1;stand;	1	2	1	1	stand		41158320	0	6	20037	6	0	next	other	0
ss_18	991	Picture	1;2;1;1;stand;true;	1	2	1	1	stand	true	41183200	0	6	10019	6	0	next	other	0
ss_18	998	Response	3							41536548	13715	1
ss_18	1000	Picture	1;2;1;	1	2	1				41541034	0	1	4842	1	0	next	false_alarm	473
ss_18	1000	Response	2							41545748	4714	1
ss_18	1002	Picture	1;2;1;1;sit;	1	2	1	1	sit		41549383	0	6	20037	7	0	next	other	0
ss_18	1004	Picture	1;2;1;1;sit;false;	1	2	1	1	sit	false	41573929	0	6	10019	6	0	next	other	0
ss_18	1006	Response	3							41925749	11685	1
ss_18	1008	Picture	1;2;1;	1	2	1				41929259	0	1	17366	1	0	next	false_alarm	478
ss_18	1008	Response	1							41946509	17250	1
ss_18	1010	Picture	1;2;1;2;sit;	1	2	1	2	sit		41949797	0	6	20037	6	0	next	other	0
ss_18	1012	Picture	1;2;1;2;sit;false;	1	2	1	2	sit	false	41973174	0	6	10019	6	0	next	other	0
ss_18	1014	Response	3							42321749	8440	1
ss_18	1016	Picture	1;2;1;	1	2	1				42324998	0	1	2004	1	0	next	false_alarm	483
ss_18	1016	Response	2							42326909	1911	1
ss_18	1018	Picture	1;2;1;1;stand;	1	2	1	1	stand		42331510	0	6	20037	7	0	next	other	0
ss_18	1020	Picture	1;2;1;1;stand;false;	1	2	1	1	stand	false	42355221	0	6	10019	6	0	next	other	0
ss_18	1022	Response	3							42704669	9313	1
ss_18	1024	Picture	1;2;1;	1	2	1				42708881	0	1	501	1	0	next	false_alarm	488
ss_18	1024	Response	2							42709189	309	1
ss_18	1026	Picture	1;2;1;1;sit;	1	2	1	1	sit		42712721	0	6	20037	6	0	next	other	0
ss_18	1028	Picture	1;2;1;1;sit;true;	1	2	1	1	sit	true	42737434	0	6	10019	6	0	next	other	0
ss_18	1035	Response	3							43105870	28802	1
ss_18	1037	Picture	1;2;1;	1	2	1				43110464	0	1	2338	1	0	next	false_alarm	493
ss_18	1037	Response	2							43112709	2246	1
ss_18	1039	Picture	1;2;1;1;stand;	1	2	1	1	stand		43116141	0	6	20037	7	0	next	other	0
ss_18	1041	Picture	1;2;1;1;stand;true;	1	2	1	1	stand	true	43140520	0	6	10019	6	0	next	other	0
ss_18	1048	Response	3							43485710	5556	1
ss_18	1050	Picture	1;1;2;	1	1	2				43489839	0	1	1336	1	0	next	false_alarm	498
ss_18	1050	Response	2							43491030	1192	1
ss_18	1052	Picture	1;1;2;2;sit;	1	1	2	2	sit		43495516	0	6	20037	7	0	next	other	0
ss_18	1054	Picture	1;1;2;2;sit;false;	1	1	2	2	sit	false	43519060	0	6	10019	6	0	next	other	0
ss_18	1056	Response	3							44717231	858037	1
ss_18	1058	Picture	1;1;2;	1	1	2				44722139	0	1	1336	1	0	next	false_alarm	503
ss_18	1058	Response	2							44723271	1132	1
ss_18	1060	Picture	1;1;2;2;sit;	1	1	2	2	sit		44726480	0	6	20037	6	0	next	other	0
ss_18	1062	Picture	1;1;2;2;sit;true;	1	1	2	2	sit	true	44751360	0	6	10019	6	0	next	other	0
ss_18	1069	Response	3							45136432	45438	1
ss_18	1070	Response	2							45138871	2292	1
ss_18	1071	Picture	1;1;2;	1	1	2				45140419	0	1	3173	1	0	next	false_alarm	509
ss_18	1071	Response	2							45143472	3052	1
ss_18	1073	Picture	1;1;2;2;stand;	1	1	2	2	stand		45148267	0	6	20038	7	0	next	other	0
ss_18	1075	Picture	1;1;2;2;stand;false;	1	1	2	2	stand	false	45171811	0	6	10019	6	0	next	other	0
ss_18	1077	Response	3							45521831	9885	1
ss_18	1079	Picture	1;1;2;	1	1	2				45525638	0	1	3841	1	0	next	false_alarm	514
ss_18	1079	Response	2							45529352	3713	1
ss_18	1081	Picture	1;1;2;2;sit;	1	1	2	2	sit		45533319	0	6	20037	6	0	next	other	0
ss_18	1083	Picture	1;1;2;2;sit;false;	1	1	2	2	sit	false	45557865	0	6	10019	7	0	next	other	0
ss_18	1085	Response	3							45908512	10512	1
ss_18	1087	Picture	1;1;2;	1	1	2				45913696	0	1	4842	1	0	next	false_alarm	519
ss_18	1087	Response	2							45918352	4656	1
ss_18	1089	Picture	1;1;2;2;sit;	1	1	2	2	sit		45921711	0	6	20037	6	0	next	other	0
ss_18	1091	Picture	1;1;2;2;sit;false;	1	1	2	2	sit	false	45944754	0	6	10019	6	0	next	other	0
ss_18	1093	Response	3							46293352	8463	1
ss_18	1095	Picture	1;2;1;	1	2	1				46297746	0	1	2004	1	0	next	false_alarm	524
ss_18	1095	Response	2							46299633	1887	1
ss_18	1097	Picture	1;2;1;1;stand;	1	2	1	1	stand		46304592	0	6	20037	6	0	next	other	0
ss_18	1099	Picture	1;2;1;1;stand;true;	1	2	1	1	stand	true	46328470	0	6	10019	7	0	next	other	0
ss_18	1106	Response	3							46703753	35649	1
ss_18	1108	Picture	1;1;2;	1	1	2				46707845	0	1	8182	1	0	next	false_alarm	529
ss_18	1108	Response	2							46715833	7988	1
ss_18	1110	Picture	1;1;2;2;sit;	1	1	2	2	sit		46719534	0	6	20037	6	0	next	other	0
ss_18	1112	Picture	1;1;2;2;sit;true;	1	1	2	2	sit	true	46743745	0	6	10019	6	0	next	other	0
ss_18	1119	Response	3							47126273	42894	0
ss_18	1121	Picture	1;1;2;	1	1	2				47131469	0	1	3506	1	0	next	false_alarm	534
ss_18	1121	Response	2							47134873	3404	1
ss_18	1123	Picture	1;1;2;2;sit;	1	1	2	2	sit		47138816	0	6	20037	6	0	next	other	0
ss_18	1125	Picture	1;1;2;2;sit;false;	1	1	2	2	sit	false	47162527	0	6	10019	6	0	next	other	0
ss_18	1127	Response	3							47542274	39612	1
ss_18	1129	Picture	1;1;2;	1	1	2				47546076	0	1	4842	1	0	next	false_alarm	539
ss_18	1129	Response	2							47550754	4677	1
ss_18	1131	Picture	1;1;2;2;sit;	1	1	2	2	sit		47554592	0	6	20037	7	0	next	other	0
ss_18	1133	Picture	1;1;2;2;sit;true;	1	1	2	2	sit	true	47578971	0	6	10019	6	0	next	other	0
ss_18	1140	Response	3							47955714	37109	1
ss_18	1142	Picture	1;2;1;	1	2	1				47960684	0	1	2839	1	0	next	false_alarm	544
ss_18	1142	Response	2							47963354	2670	1
ss_18	1144	Picture	1;2;1;1;stand;	1	2	1	1	stand		47966695	0	6	20037	6	0	next	other	0
ss_18	1146	Picture	1;2;1;1;stand;true;	1	2	1	1	stand	true	47990907	0	6	10019	6	0	next	other	0
ss_18	1153	Response	3							48348194	17654	1
ss_18	1155	Picture	1;2;1;	1	2	1				48352248	0	1	4675	1	0	next	false_alarm	549
ss_18	1155	Response	2							48356834	4586	1
ss_18	1157	Picture	1;2;1;1;stand;	1	2	1	1	stand		48360597	0	6	20038	6	0	next	other	0
ss_18	1159	Picture	1;2;1;1;stand;true;	1	2	1	1	stand	true	48384976	0	6	10019	6	0	next	other	0
ss_18	1166	Response	3							48730155	5545	0
ss_18	1168	Picture	1;2;1;	1	2	1				48733960	0	1	1837	1	0	next	false_alarm	554
ss_18	1168	Response	2							48735714	1754	1
ss_18	1170	Picture	1;2;1;1;stand;	1	2	1	1	stand		48739304	0	6	20037	6	0	next	other	0
ss_18	1172	Picture	1;2;1;1;stand;false;	1	2	1	1	stand	false	48764351	0	6	10019	7	0	next	other	0
ss_18	1174	Response	3							49128515	24030	1
ss_18	1176	Picture	1;1;2;	1	1	2				49133039	0	1	6345	1	0	next	false_alarm	559
ss_18	1176	Response	2							49139235	6196	1
ss_18	1178	Picture	1;1;2;2;sit;	1	1	2	2	sit		49143558	0	6	20037	6	0	next	other	0
ss_18	1180	Picture	1;1;2;2;sit;false;	1	1	2	2	sit	false	49167937	0	6	10019	6	0	next	other	0
ss_18	1182	Response	3							49513595	5523	1
ss_18	1184	Picture	1;1;2;	1	1	2				49517256	0	1	2505	1	0	next	false_alarm	564
ss_18	1184	Response	2							49519555	2300	1
ss_18	1186	Picture	1;1;2;2;sit;	1	1	2	2	sit		49523935	0	6	20037	6	0	next	other	0
ss_18	1188	Picture	1;1;2;2;sit;false;	1	1	2	2	sit	false	49547312	0	6	10019	6	0	next	other	0
ss_18	1190	Response	3							49899395	11949	1
ss_18	1192	Picture	1;2;1;	1	2	1				49903811	0	1	4008	1	0	next	false_alarm	569
ss_18	1192	Response	2							49907756	3945	1
ss_18	1194	Picture	1;2;1;1;stand;	1	2	1	1	stand		49911993	0	6	20037	7	0	next	other	0
ss_18	1196	Picture	1;2;1;1;stand;false;	1	2	1	1	stand	false	49936538	0	6	10019	6	0	next	other	0
ss_18	1198	Response	3							50314596	37923	1
ss_18	1200	Picture	1;1;2;	1	1	2				50318919	0	1	3006	1	0	next	false_alarm	574
ss_18	1200	Response	2							50321836	2917	1
ss_18	1202	Picture	1;1;2;2;sit;	1	1	2	2	sit		50326600	0	6	20037	6	0	next	other	0
ss_18	1204	Picture	1;1;2;2;sit;false;	1	1	2	2	sit	false	50350645	0	6	10019	6	0	next	other	0
ss_18	1206	Response	3							50718757	27977	0
ss_18	1208	Picture	1;1;2;	1	1	2				50722506	0	1	1503	1	0	next	false_alarm	579
ss_18	1208	Response	2							50723917	1411	1
ss_18	1210	Picture	1;1;2;2;stand;	1	1	2	2	stand		50728183	0	6	20037	6	0	next	other	0
ss_18	1212	Picture	1;1;2;2;stand;true;	1	1	2	2	stand	true	50752896	0	6	10019	6	0	next	other	0
ss_18	1219	Response	3							51100597	8067	1
ss_18	1221	Picture	1;1;2;	1	1	2				51105220	0	1	4842	1	0	next	false_alarm	584
ss_18	1221	Response	2							51109877	4657	1
ss_18	1223	Picture	1;1;2;2;sit;	1	1	2	2	sit		51113903	0	6	20037	6	0	next	other	0
ss_18	1225	Picture	1;1;2;2;sit;false;	1	1	2	2	sit	false	51138950	0	6	10019	6	0	next	other	0
ss_18	1227	Response	3							51487357	8273	1
ss_18	1229	Picture	1;1;2;	1	1	2				51491775	0	1	4675	1	0	next	false_alarm	589
ss_18	1229	Response	2							51496237	4462	0
ss_18	1231	Picture	1;1;2;2;stand;	1	1	2	2	stand		51500458	0	6	20037	6	0	next	other	0
ss_18	1233	Picture	1;1;2;2;stand;true;	1	1	2	2	stand	true	51524503	0	6	10019	6	0	next	other	0
ss_18	1240	Response	3							51869398	5261	1
ss_18	1242	Picture	1;2;1;	1	2	1				51873821	0	1	1169	1	0	next	false_alarm	594
ss_18	1242	Response	2							51874798	977	0
ss_18	1244	Picture	1;2;1;1;stand;	1	2	1	1	stand		51879165	0	6	20037	6	0	next	other	0
ss_18	1246	Picture	1;2;1;1;stand;false;	1	2	1	1	stand	false	51903543	0	6	10019	6	0	next	other	0
ss_18	1248	Response	3							52251798	8120	1
ss_18	1250	Picture	1;2;1;	1	2	1				52255033	0	1	2839	1	0	next	false_alarm	599
ss_18	1250	Response	2							52257678	2645	1
ss_18	1252	Picture	1;2;1;1;stand;	1	2	1	1	stand		52262380	0	6	20037	6	0	next	other	0
ss_18	1254	Picture	1;2;1;1;stand;true;	1	2	1	1	stand	true	52286592	0	7	10019	7	0	next	other	0
ss_18	1261	Response	3							52635278	9053	1
ss_18	1263	Picture	1;2;1;	1	2	1				52640419	0	1	2672	1	0	next	false_alarm	604
ss_18	1263	Response	2							52642998	2579	1
ss_18	1265	Picture	1;2;1;1;stand;	1	2	1	1	stand		52646597	0	6	20037	6	0	next	other	0
ss_18	1267	Picture	1;2;1;1;stand;true;	1	2	1	1	stand	true	52669974	0	6	10019	7	0	next	other	0
ss_18	1274	Response	3							53016159	6551	1
ss_18	1276	Picture	1;1;2;	1	1	2				53020629	0	1	1837	1	0	next	false_alarm	609
ss_18	1276	Response	2							53022359	1730	1
ss_18	1278	Picture	1;1;2;2;stand;	1	1	2	2	stand		53025638	0	6	20037	6	0	next	other	0
ss_18	1280	Picture	1;1;2;2;stand;true;	1	1	2	2	stand	true	53049683	0	6	10019	6	0	next	other	0
ss_18	1287	Response	3							53398239	8922	1
ss_18	1289	Picture	1;2;1;	1	2	1				53402508	0	1	5343	1	0	next	false_alarm	614
ss_18	1289	Response	2							53407759	5251	1
ss_18	1291	Picture	1;2;1;1;stand;	1	2	1	1	stand		53412694	0	6	20037	6	0	next	other	0
ss_18	1293	Picture	1;2;1;1;stand;true;	1	2	1	1	stand	true	53436572	0	6	10019	7	0	next	other	0
ss_18	1300	Response	3							53783799	7594	1
ss_18	1302	Picture	1;1;2;	1	1	2				53788061	0	1	3173	1	0	next	false_alarm	619
ss_18	1302	Response	2							53791159	3098	0
ss_18	1304	Picture	1;1;2;2;stand;	1	1	2	2	stand		53795742	0	6	20037	6	0	next	other	0
ss_18	1306	Picture	1;1;2;2;stand;true;	1	1	2	2	stand	true	53819620	0	6	10019	6	0	next	other	0
ss_18	1313	Response	3							54166880	7626	1
ss_18	1315	Picture	1;1;2;	1	1	2				54171109	0	1	3340	1	0	next	false_alarm	624
ss_18	1315	Response	2							54174360	3250	1
ss_18	1317	Picture	1;1;2;2;sit;	1	1	2	2	sit		54178957	0	6	20037	6	0	next	other	0
ss_18	1319	Picture	1;1;2;2;sit;true;	1	1	2	2	sit	true	54203670	0	6	10019	6	0	next	other	0
ss_18	1326	Response	3							54626480	83176	0
ss_18	1328	Picture	1;1;2;	1	1	2				54630300	0	1	5009	1	0	next	false_alarm	629
ss_18	1328	Response	2							54635160	4860	1
ss_18	1330	Picture	1;1;2;2;sit;	1	1	2	2	sit		54639985	0	6	20037	6	0	next	other	0
ss_18	1332	Picture	1;1;2;2;sit;false;	1	1	2	2	sit	false	54664864	0	6	10019	6	0	next	other	0
ss_18	1334	Response	3							55012120	7121	1
ss_18	1336	Picture	1;2;1;	1	2	1				55016020	0	1	15362	1	0	next	false_alarm	634
ss_18	1336	Response	1							55031200	15181	1
ss_18	1338	Picture	1;2;1;2;sit;	1	2	1	2	sit		55034888	0	6	20037	6	0	next	other	0
ss_18	1340	Picture	1;2;1;2;sit;false;	1	2	1	2	sit	false	55059768	0	6	10019	6	0	next	other	0
ss_18	1342	Response	3							55405800	5897	1
ss_18	1344	Picture	1;2;1;	1	2	1				55409755	0	1	31058	1	0	next	false_alarm	639
ss_18	1344	Response	1							55440681	30926	1
ss_18	1346	Picture	1;2;1;2;sit;	1	2	1	2	sit		55443985	0	6	20037	6	0	next	other	0
ss_18	1348	Picture	1;2;1;2;sit;false;	1	2	1	2	sit	false	55467696	0	6	10019	7	0	next	other	0
ss_18	1350	Response	3							55819881	12050	1
ss_18	1352	Picture	1;2;1;	1	2	1				55823026	0	1	4509	1	0	next	false_alarm	644
ss_18	1352	Response	2							55827361	4335	1
ss_18	1354	Picture	1;2;1;1;stand;	1	2	1	1	stand		55831375	0	6	20037	6	0	next	other	0
ss_18	1356	Picture	1;2;1;1;stand;false;	1	2	1	1	stand	false	55856255	0	6	10019	6	0	next	other	0
ss_18	1358	Response	3							56209962	13572	1
ss_18	1360	Picture	1;2;1;	1	2	1				56214590	0	1	7347	1	0	next	false_alarm	649
ss_18	1360	Response	2							56221801	7211	0
ss_18	1362	Picture	1;2;1;1;sit;	1	2	1	1	sit		56225945	0	6	20037	6	0	next	other	0
ss_18	1364	Picture	1;2;1;1;sit;false;	1	2	1	1	sit	false	56250658	0	6	10019	7	0	next	other	0
ss_18	1366	Response	3							56601802	11009	1
ss_18	1368	Picture	1;2;1;	1	2	1				56606990	0	1	6178	1	0	next	false_alarm	654
ss_18	1368	Response	2							56613002	6012	1
ss_18	1370	Picture	1;2;1;1;stand;	1	2	1	1	stand		56616340	0	6	20037	6	0	next	other	0
ss_18	1372	Picture	1;2;1;1;stand;false;	1	2	1	1	stand	false	56640051	0	6	10019	6	0	next	other	0
ss_18	1374	Response	3							56989762	9576	1
ss_18	1376	Picture	1;2;1;	1	2	1				56994546	0	1	3841	1	0	next	false_alarm	659
ss_18	1376	Response	2							56998242	3696	1
ss_18	1378	Picture	1;2;1;1;sit;	1	2	1	1	sit		57002227	0	6	20037	6	0	next	other	0
ss_18	1380	Picture	1;2;1;1;sit;true;	1	2	1	1	sit	true	57026940	0	6	10019	6	0	next	other	0
ss_18	1387	Response	3							57437282	70708	1
ss_18	1389	Picture	1;1;2;	1	1	2				57441881	0	1	8015	1	0	next	false_alarm	664
ss_18	1389	Response	2							57449763	7881	1
ss_18	1391	Picture	1;1;2;2;stand;	1	1	2	2	stand		57454071	0	6	20037	6	0	next	other	0
ss_18	1393	Picture	1;1;2;2;stand;false;	1	1	2	2	stand	false	57478450	0	6	10019	6	0	next	other	0
ss_18	1395	Response	3							57939803	121218	0
ss_18	1397	Picture	1;1;2;	1	1	2				57943484	0	1	4508	1	0	next	false_alarm	669
ss_18	1397	Response	2							57947803	4319	1
ss_18	1399	Picture	1;1;2;2;sit;	1	1	2	2	sit		57951499	0	6	20037	6	0	next	other	0
ss_18	1401	Picture	1;1;2;2;sit;true;	1	1	2	2	sit	true	57975711	0	6	10019	6	0	next	other	0
ss_18	1408	Response	3							58361124	45779	1
ss_18	1410	Picture	1;1;2;	1	1	2				58365439	0	1	5844	1	0	next	false_alarm	674
ss_18	1410	Response	2							58371124	5685	1
ss_18	1412	Picture	1;1;2;2;stand;	1	1	2	2	stand		58375958	0	7	20037	7	0	next	other	0
ss_18	1414	Picture	1;1;2;2;stand;false;	1	1	2	2	stand	false	58400337	0	6	10019	7	0	next	other	0
ss_18	1416	Response	3							59753045	1012573	1
ss_18	1418	Picture	1;1;2;	1	1	2				59756869	0	1	6679	1	0	next	false_alarm	679
ss_18	1418	Response	2							59763365	6496	1
ss_18	1420	Picture	1;1;2;2;sit;	1	1	2	2	sit		59768391	0	6	20037	6	0	next	other	0
ss_18	1422	Picture	1;1;2;2;sit;false;	1	1	2	2	sit	false	59792602	0	6	10019	6	0	next	other	0
ss_18	1424	Response	3							60139645	6908	1
ss_18	1426	Picture	1;2;1;	1	2	1				60143758	0	1	3173	1	0	next	false_alarm	684
ss_18	1426	Response	2							60146845	3087	0
ss_18	1428	Picture	1;2;1;1;stand;	1	2	1	1	stand		60150437	0	6	20037	6	0	next	other	0
ss_18	1430	Picture	1;2;1;1;stand;false;	1	2	1	1	stand	false	60174816	0	6	10019	7	0	next	other	0
ss_18	1432	Response	1							60521126	6175	0
ss_18	1432	Response	3							60525446	10495	1
ss_18	1434	Picture	1;1;2;	1	1	2				60529478	0	1	3340	1	0	next	false_alarm	690
ss_18	1434	Response	1							60532726	3248	1
ss_18	1436	Picture	1;1;2;1;sit;	1	1	2	1	sit		60535990	0	6	20037	6	0	next	other	0
ss_18	1438	Picture	1;1;2;1;sit;true;	1	1	2	1	sit	true	60560703	0	6	10019	7	0	next	other	0
ss_18	1445	Response	3							60930286	29949	0
ss_18	1447	Picture	1;2;1;	1	2	1				60934901	0	1	2839	1	0	next	false_alarm	695
ss_18	1447	Response	1							60937606	2705	1
ss_18	1449	Picture	1;2;1;2;sit;	1	2	1	2	sit		60941747	0	6	20037	6	0	next	other	0
ss_18	1451	Picture	1;2;1;2;sit;false;	1	2	1	2	sit	false	60964957	0	6	10019	6	0	next	other	0
ss_18	1453	Response	3							61313886	8794	1
ss_18	1455	Picture	1;2;1;	1	2	1				61318451	0	1	11355	1	0	next	false_alarm	700
ss_18	1455	Response	1							61329686	11236	1
ss_18	1457	Picture	1;2;1;2;stand;	1	2	1	2	stand		61333312	0	6	20037	6	0	next	other	0
ss_18	1459	Picture	1;2;1;2;stand;true;	1	2	1	2	stand	true	61356689	0	6	10019	6	0	next	other	0
ss_18	1466	Response	3							61701247	4924	1
ss_18	1468	Picture	1;1;2;	1	1	2				61706174	0	1	2171	1	0	next	false_alarm	705
ss_18	1468	Response	1							61708167	1992	0
ss_18	1470	Picture	1;1;2;1;sit;	1	1	2	1	sit		61712353	0	6	20037	7	0	next	other	0
ss_18	1472	Picture	1;1;2;1;sit;false;	1	1	2	1	sit	false	61736230	0	6	10019	6	0	next	other	0
ss_18	1474	Response	3							62111527	35162	1
ss_18	1476	Picture	1;2;1;	1	2	1				62114937	0	1	12189	1	0	next	false_alarm	710
ss_18	1476	Response	1							62126927	11990	1
ss_18	1478	Picture	1;2;1;2;sit;	1	2	1	2	sit		62130466	0	6	20037	6	0	next	other	0
ss_18	1480	Picture	1;2;1;2;sit;true;	1	2	1	2	sit	true	62154511	0	6	10019	6	0	next	other	0
ss_18	1487	Response	3							63043208	549063	1
ss_18	1489	Picture	1;2;1;	1	2	1				63048012	0	1	2839	1	0	next	false_alarm	715
ss_18	1489	Response	1							63050688	2676	1
ss_18	1491	Picture	1;2;1;2;sit;	1	2	1	2	sit		63055526	0	6	20037	6	0	next	other	0
ss_18	1493	Picture	1;2;1;2;sit;false;	1	2	1	2	sit	false	63080406	0	6	10019	6	0	next	other	0
ss_18	1495	Response	3							63432128	11587	1
ss_18	1497	Picture	1;2;1;	1	2	1				63436237	0	1	13191	1	0	next	false_alarm	720
ss_18	1497	Response	1							63449368	13131	1
ss_18	1499	Picture	1;2;1;2;stand;	1	2	1	2	stand		63453937	0	6	20037	6	0	next	other	0
ss_18	1501	Picture	1;2;1;2;stand;false;	1	2	1	2	stand	false	63478316	0	6	10019	6	0	next	other	0
ss_18	1503	Response	3							63824209	5758	1
ss_18	1505	Picture	1;2;1;	1	2	1				63827300	0	1	4007	1	0	next	false_alarm	725
ss_18	1505	Response	1							63831169	3868	1
ss_18	1507	Picture	1;2;1;2;sit;	1	2	1	2	sit		63835148	0	6	20037	7	0	next	other	0
ss_18	1509	Picture	1;2;1;2;sit;true;	1	2	1	2	sit	true	63859527	0	6	10019	6	0	next	other	0
ss_18	1516	Response	3							64241209	42048	1
ss_18	1518	Picture	1;2;1;	1	2	1				64245581	0	1	2505	1	0	next	false_alarm	730
ss_18	1518	Response	1							64247889	2308	1
ss_18	1520	Picture	1;2;1;2;sit;	1	2	1	2	sit		64251759	0	6	20037	6	0	next	other	0
ss_18	1522	Picture	1;2;1;2;sit;false;	1	2	1	2	sit	false	64276138	0	6	10019	6	0	next	other	0
ss_18	1524	Response	3							64638209	21937	0
ss_18	1526	Picture	1;2;1;	1	2	1				64642489	0	1	12357	1	0	next	false_alarm	735
ss_18	1526	Response	1							64654729	12241	1
ss_18	1528	Picture	1;2;1;2;sit;	1	2	1	2	sit		64659353	0	6	20037	6	0	next	other	0
ss_18	1530	Picture	1;2;1;2;sit;false;	1	2	1	2	sit	false	64684400	0	6	10019	6	0	next	other	0
ss_18	1532	Response	3							65031250	6715	1
ss_18	1534	Picture	1;1;2;	1	1	2				65034387	0	1	4675	1	0	next	false_alarm	740
ss_18	1534	Response	1							65038970	4583	1
ss_18	1536	Picture	1;1;2;1;sit;	1	1	2	1	sit		65043404	0	7	20037	7	0	next	other	0
ss_18	1538	Picture	1;1;2;1;sit;false;	1	1	2	1	sit	false	65068283	0	7	10019	7	0	next	other	0
ss_18	1540	Response	3							65413490	5072	1
ss_18	1542	Picture	1;2;1;	1	2	1				65418604	0	1	3340	1	0	next	false_alarm	745
ss_18	1542	Response	1							65421810	3206	1
ss_18	1544	Picture	1;2;1;2;stand;	1	2	1	2	stand		65425450	0	6	20037	6	0	next	other	0
ss_18	1546	Picture	1;2;1;2;stand;false;	1	2	1	2	stand	false	65449829	0	6	10019	6	0	next	other	0
ss_18	1548	Response	3							65810250	20287	1
ss_18	1550	Picture	1;1;2;	1	1	2				65814844	0	1	3507	1	0	next	false_alarm	750
ss_18	1550	Response	2							65818170	3327	0
ss_18	1552	Picture	1;1;2;2;sit;	1	1	2	2	sit		65823192	0	6	20037	6	0	next	other	0
ss_18	1554	Picture	1;1;2;2;sit;true;	1	1	2	2	sit	true	65846402	0	6	10019	6	0	next	other	0
ss_18	1561	Response	3							66222891	36854	1
ss_18	1563	Picture	1;2;1;	1	2	1				66227614	0	1	23544	1	0	next	false_alarm	755
ss_18	1563	Response	2							66251011	23397	1
ss_18	1565	Picture	1;2;1;1;sit;	1	2	1	1	sit		66254831	0	6	20037	6	0	next	other	0
ss_18	1567	Picture	1;2;1;1;sit;false;	1	2	1	1	sit	false	66279711	0	6	10019	6	0	next	other	0
ss_18	1569	Response	3							66630131	10285	1
ss_18	1571	Picture	1;2;1;	1	2	1				66635041	0	1	11021	1	0	next	false_alarm	760
ss_18	1571	Response	2							66645851	10810	0
ss_18	1573	Picture	1;2;1;1;stand;	1	2	1	1	stand		66649902	0	6	20037	6	0	next	other	0
ss_18	1575	Picture	1;2;1;1;stand;false;	1	2	1	1	stand	false	66673780	0	6	10019	6	0	next	other	0
ss_18	1577	Response	3							67035172	21256	1
ss_18	1579	Picture	1;1;2;	1	1	2				67040298	0	1	4007	1	0	next	false_alarm	765
ss_18	1579	Response	2							67044211	3914	1
ss_18	1581	Picture	1;1;2;2;sit;	1	1	2	2	sit		67048980	0	6	20037	6	0	next	other	0
ss_18	1583	Picture	1;1;2;2;sit;false;	1	1	2	2	sit	false	67072524	0	6	10019	6	0	next	other	0
ss_18	1585	Response	3							67424772	12113	1
ss_18	1587	Picture	1;1;2;	1	1	2				67429357	0	1	6345	1	0	next	false_alarm	770
ss_18	1587	Response	1							67435652	6295	1
ss_18	1589	Picture	1;1;2;1;stand;	1	1	2	1	stand		67439376	0	6	20037	7	0	next	other	0
ss_18	1591	Picture	1;1;2;1;stand;false;	1	1	2	1	stand	false	67463254	0	6	10019	6	0	next	other	0
ss_18	1593	Response	3							67808733	5344	1
ss_18	1594	Response	2							67811772	2873	1
ss_18	1595	Picture	1;1;2;	1	1	2				67813407	0	1	2839	1	0	next	false_alarm	776
ss_18	1595	Response	2							67816052	2645	1
ss_18	1597	Picture	1;1;2;2;stand;	1	1	2	2	stand		67819753	0	6	20037	6	0	next	other	0
ss_18	1599	Picture	1;1;2;2;stand;false;	1	1	2	2	stand	false	67844799	0	6	10019	6	0	next	other	0
ss_18	1601	Response	3							68200413	15478	1
ss_18	1603	Picture	1;2;1;	1	2	1				68204805	0	1	6679	1	0	next	false_alarm	781
ss_18	1603	Response	1							68211413	6608	1
ss_18	1605	Picture	1;2;1;2;sit;	1	2	1	2	sit		68215825	0	6	20037	6	0	next	other	0
ss_18	1607	Picture	1;2;1;2;sit;false;	1	2	1	2	sit	false	68240037	0	6	10019	6	0	next	other	0
ss_18	1609	Response	3							68586613	6441	1
ss_18	1611	Picture	1;2;1;	1	2	1				68591693	0	1	7848	1	0	next	false_alarm	786
ss_18	1611	Response	2							68599333	7639	1
ss_18	1613	Picture	1;2;1;1;stand;	1	2	1	1	stand		68603382	0	6	20037	6	0	next	other	0
ss_18	1615	Picture	1;2;1;1;stand;false;	1	2	1	1	stand	false	68627427	0	6	10019	6	0	next	other	0
ss_18	1617	Response	3							68995213	27652	1
ss_18	1619	Picture	1;2;1;	1	2	1				68999455	0	1	6679	1	0	next	false_alarm	791
ss_18	1619	Response	1							69005973	6519	1
ss_18	1621	Picture	1;2;1;2;sit;	1	2	1	2	sit		69010141	0	6	20037	7	0	next	other	0
ss_18	1623	Picture	1;2;1;2;sit;true;	1	2	1	2	sit	true	69033685	0	6	10019	6	0	next	other	0
ss_18	1630	Response	3							69402414	29095	1
ss_18	1632	Picture	1;2;1;	1	2	1				69406214	0	1	37069	1	0	next	false_alarm	796
ss_18	1632	Response	1							69443093	36880	1
ss_18	1634	Picture	1;2;1;2;sit;	1	2	1	2	sit		69448292	0	6	20037	7	0	next	other	0
ss_18	1636	Picture	1;2;1;2;sit;false;	1	2	1	2	sit	false	69472838	0	6	10019	6	0	next	other	0
ss_18	1638	Response	3							69838334	25361	1
ss_18	1640	Picture	1;2;1;	1	2	1				69842528	0	1	9017	1	0	next	false_alarm	801
ss_18	1640	Response	1							69851454	8926	0
ss_18	1642	Picture	1;2;1;2;sit;	1	2	1	2	sit		69855219	0	6	20037	6	0	next	other	0
ss_18	1644	Picture	1;2;1;2;sit;true;	1	2	1	2	sit	true	69879264	0	6	10019	7	0	next	other	0


{
   "app": "Presentation Version 21.0 Build 06.06.19",
   "device": "Dell Inc. OptiPlex 7040",
   "experiment": "{783366C0-BBCE-4F44-80DE-11CDC1AD73DF}",
   "os": "Windows 10 64 bit",
   "package": "",
   "parameters": {
      "configuration": "Default configuration"
   },
   "scenario": "Case 686.sce",
   "subject": "ss_18",
   "timestamp": "2022/03/14 21:40:10 GMT"
}
