Scenario - 
Logfile written - 02/15/2022 15:22:23

Subject	Trial	Event Type	Code	block(str)	left_stim(str)	right_stim(str)	stim_chosen(str)	instruct(str)	reward(str)	Time	TTime	Uncertainty	Duration	Uncertainty	ReqTime	ReqDur	Stim Type	Pair Index

ss_13	1	Response	3							316414	315919	1
ss_13	3	Picture	1;2;1;	1	2	1				320259	0	1	11188	1	0	next	false_alarm	3
ss_13	3	Response	2							331334	11075	1
ss_13	5	Picture	1;2;1;1;stand;	1	2	1	1	stand		334953	0	6	20037	6	0	next	other	0
ss_13	7	Picture	1;2;1;1;stand;true;	1	2	1	1	stand	true	358330	0	6	10019	6	0	next	other	0
ss_13	14	Response	3							725694	27730	1
ss_13	16	Picture	1;1;2;	1	1	2				728855	0	1	38238	1	0	next	false_alarm	8
ss_13	16	Response	1							766974	38119	1
ss_13	18	Picture	1;1;2;1;stand;	1	1	2	1	stand		770266	0	6	20037	6	0	next	other	0
ss_13	20	Picture	1;1;2;1;stand;false;	1	1	2	1	stand	false	795145	0	6	10019	6	0	next	other	0
ss_13	22	Response	3							1152934	17654	1
ss_13	24	Picture	1;2;1;	1	2	1				1157655	0	1	6178	1	0	next	false_alarm	13
ss_13	24	Response	2							1163734	6079	1
ss_13	26	Picture	1;2;1;1;stand;	1	2	1	1	stand		1167006	0	6	20037	7	0	next	other	0
ss_13	28	Picture	1;2;1;1;stand;true;	1	2	1	1	stand	true	1191051	0	6	10019	7	0	next	other	0
ss_13	35	Response	3							1545095	14410	1
ss_13	37	Picture	1;2;1;	1	2	1				1549387	0	1	7013	1	0	next	false_alarm	18
ss_13	37	Response	1							1556255	6868	1
ss_13	39	Picture	1;2;1;2;stand;	1	2	1	2	stand		1559739	0	6	20037	7	0	next	other	0
ss_13	41	Picture	1;2;1;2;stand;false;	1	2	1	2	stand	false	1583784	0	6	10019	6	0	next	other	0
ss_13	43	Response	3							1942855	18936	1
ss_13	45	Picture	1;2;1;	1	2	1				1947129	0	1	4675	1	0	next	false_alarm	23
ss_13	45	Response	1							1951655	4526	1
ss_13	47	Picture	1;2;1;2;stand;	1	2	1	2	stand		1956313	0	6	20037	6	0	next	other	0
ss_13	49	Picture	1;2;1;2;stand;false;	1	2	1	2	stand	false	1981193	0	6	10019	7	0	next	other	0
ss_13	51	Response	3							2331335	10008	1
ss_13	53	Picture	1;1;2;	1	1	2				2336189	0	1	6512	1	0	next	false_alarm	28
ss_13	53	Response	1							2342575	6386	1
ss_13	55	Picture	1;1;2;1;stand;	1	1	2	1	stand		2346207	0	6	20037	6	0	next	other	0
ss_13	57	Picture	1;1;2;1;stand;false;	1	1	2	1	stand	false	2371087	0	6	10019	6	0	next	other	0
ss_13	59	Response	3							2718815	7593	1
ss_13	61	Picture	1;2;1;	1	2	1				2723578	0	1	5176	1	0	next	false_alarm	33
ss_13	61	Response	2							2728695	5117	1
ss_13	63	Picture	1;2;1;1;stand;	1	2	1	1	stand		2733096	0	6	20037	6	0	next	other	0
ss_13	65	Picture	1;2;1;1;stand;false;	1	2	1	1	stand	false	2757976	0	6	10019	6	0	next	other	0
ss_13	67	Response	3							3108656	10545	1
ss_13	69	Picture	1;2;1;	1	2	1				3113807	0	1	8182	1	0	next	false_alarm	38
ss_13	69	Response	2							3121856	8049	1
ss_13	71	Picture	1;2;1;1;stand;	1	2	1	1	stand		3126330	0	7	20037	7	0	next	other	0
ss_13	73	Picture	1;2;1;1;stand;false;	1	2	1	1	stand	false	3149707	0	6	10019	6	0	next	other	0
ss_13	75	Response	3							3496016	6174	1
ss_13	77	Picture	1;1;2;	1	1	2				3499527	0	1	5176	1	0	next	false_alarm	43
ss_13	77	Response	1							3504496	4969	1
ss_13	79	Picture	1;1;2;1;sit;	1	1	2	1	sit		3507876	0	6	20037	7	0	next	other	0
ss_13	81	Picture	1;1;2;1;sit;false;	1	1	2	1	sit	false	3532088	0	6	10019	6	0	next	other	0
ss_13	83	Response	3							3879536	7313	1
ss_13	85	Picture	1;1;2;	1	1	2				3883911	0	1	7848	1	0	next	false_alarm	48
ss_13	85	Response	1							3891656	7745	1
ss_13	87	Picture	1;1;2;1;sit;	1	1	2	1	sit		3896768	0	6	20037	7	0	next	other	0
ss_13	89	Picture	1;1;2;1;sit;true;	1	1	2	1	sit	true	3921648	0	6	10019	6	0	next	other	0
ss_13	96	Response	3							4300816	39534	1
ss_13	98	Picture	1;2;1;	1	2	1				4304696	0	1	49259	1	0	next	false_alarm	53
ss_13	98	Response	2							4353856	49160	0
ss_13	100	Picture	1;2;1;1;stand;	1	2	1	1	stand		4356961	0	6	20037	6	0	next	other	0
ss_13	102	Picture	1;2;1;1;stand;true;	1	2	1	1	stand	true	4381006	0	6	10019	6	0	next	other	0
ss_13	109	Response	3							4756297	35657	1
ss_13	111	Picture	1;2;1;	1	2	1				4760714	0	1	4007	1	0	next	false_alarm	58
ss_13	111	Response	2							4764537	3823	1
ss_13	113	Picture	1;2;1;1;stand;	1	2	1	1	stand		4769397	0	6	20037	6	0	next	other	0
ss_13	115	Picture	1;2;1;1;stand;true;	1	2	1	1	stand	true	4793943	0	6	10019	6	0	next	other	0
ss_13	122	Response	3							5141777	8200	1
ss_13	124	Picture	1;1;2;	1	1	2				5145933	0	1	4675	1	0	next	false_alarm	63
ss_13	124	Response	1							5150417	4484	1
ss_13	126	Picture	1;1;2;1;stand;	1	1	2	1	stand		5154616	0	6	20037	6	0	next	other	0
ss_13	128	Picture	1;1;2;1;stand;false;	1	1	2	1	stand	false	5177993	0	6	10019	6	0	next	other	0
ss_13	130	Response	3							5526297	8169	1
ss_13	132	Picture	1;1;2;	1	1	2				5531153	0	1	4007	1	0	next	false_alarm	68
ss_13	132	Response	2							5535017	3865	1
ss_13	134	Picture	1;1;2;2;stand;	1	1	2	2	stand		5540169	0	6	20037	6	0	next	other	0
ss_13	136	Picture	1;1;2;2;stand;false;	1	1	2	2	stand	false	5564214	0	6	10019	6	0	next	other	0
ss_13	138	Response	3							5910537	6188	1
ss_13	140	Picture	1;1;2;	1	1	2				5914034	0	1	6512	1	0	next	false_alarm	73
ss_13	140	Response	2							5920338	6304	1
ss_13	142	Picture	1;1;2;2;stand;	1	1	2	2	stand		5924720	0	6	20037	6	0	next	other	0
ss_13	144	Picture	1;1;2;2;stand;true;	1	1	2	2	stand	true	5949266	0	6	10019	6	0	next	other	0
ss_13	151	Response	3							6302738	13838	1
ss_13	153	Picture	1;1;2;	1	1	2				6306433	0	1	33396	1	0	next	false_alarm	78
ss_13	153	Response	2							6339778	33344	1
ss_13	155	Picture	1;1;2;2;sit;	1	1	2	2	sit		6343168	0	7	20037	7	0	next	other	0
ss_13	157	Picture	1;1;2;2;sit;true;	1	1	2	2	sit	true	6367213	0	6	10019	7	0	next	other	0
ss_13	164	Response	3							6745538	38691	1
ss_13	166	Picture	1;2;1;	1	2	1				6750428	0	1	15362	1	0	next	false_alarm	83
ss_13	166	Response	2							6765738	15310	1
ss_13	168	Picture	1;2;1;1;stand;	1	2	1	1	stand		6769965	0	6	20037	6	0	next	other	0
ss_13	170	Picture	1;2;1;1;stand;true;	1	2	1	1	stand	true	6793175	0	6	10019	6	0	next	other	0
ss_13	177	Response	3							7161858	29050	1
ss_13	179	Picture	1;1;2;	1	1	2				7166038	0	1	12356	1	0	next	false_alarm	88
ss_13	179	Response	1							7178258	12221	0
ss_13	181	Picture	1;1;2;1;stand;	1	1	2	1	stand		7181734	0	6	20037	7	0	next	other	0
ss_13	183	Picture	1;1;2;1;stand;false;	1	1	2	1	stand	false	7206446	0	6	10019	6	0	next	other	0
ss_13	185	Response	3							7551219	4637	1
ss_13	187	Picture	1;1;2;	1	1	2				7555097	0	1	6345	1	0	next	false_alarm	93
ss_13	187	Response	2							7561379	6282	1
ss_13	189	Picture	1;1;2;2;sit;	1	1	2	2	sit		7565116	0	6	20037	6	0	next	other	0
ss_13	191	Picture	1;1;2;2;sit;false;	1	1	2	2	sit	false	7588994	0	6	10019	7	0	next	other	0
ss_13	193	Response	3							7934379	5251	1
ss_13	195	Picture	1;2;1;	1	2	1				7937978	0	1	5510	1	0	next	false_alarm	98
ss_13	195	Response	1							7943340	5361	1
ss_13	197	Picture	1;2;1;2;sit;	1	2	1	2	sit		7947162	0	6	20037	6	0	next	other	0
ss_13	199	Picture	1;2;1;2;sit;false;	1	2	1	2	sit	false	7970372	0	6	10019	6	0	next	other	0
ss_13	201	Response	3							8315499	4992	1
ss_13	203	Picture	1;2;1;	1	2	1				8320693	0	1	17700	1	0	next	false_alarm	103
ss_13	203	Response	2							8338259	17566	0
ss_13	205	Picture	1;2;1;1;stand;	1	2	1	1	stand		8341565	0	6	20037	6	0	next	other	0
ss_13	207	Picture	1;2;1;1;stand;true;	1	2	1	1	stand	true	8365276	0	6	10019	6	0	next	other	0
ss_13	214	Response	3							8778860	73949	1
ss_13	216	Picture	1;1;2;	1	1	2				8784058	0	1	24045	1	0	next	false_alarm	108
ss_13	216	Response	1							8807940	23882	1
ss_13	218	Picture	1;1;2;1;stand;	1	1	2	1	stand		8812611	0	6	20037	6	0	next	other	0
ss_13	220	Picture	1;1;2;1;stand;false;	1	1	2	1	stand	false	8836990	0	6	10019	6	0	next	other	0
ss_13	222	Response	3							9185900	8775	1
ss_13	224	Picture	1;1;2;	1	1	2				9189815	0	1	2338	1	0	next	false_alarm	113
ss_13	224	Response	2							9191980	2165	1
ss_13	226	Picture	1;1;2;2;stand;	1	1	2	2	stand		9196995	0	6	20037	6	0	next	other	0
ss_13	228	Picture	1;1;2;2;stand;false;	1	1	2	2	stand	false	9220706	0	6	10019	7	0	next	other	0
ss_13	230	Response	3							9566700	5859	1
ss_13	232	Picture	1;1;2;	1	1	2				9570025	0	1	8182	1	0	next	false_alarm	118
ss_13	232	Response	1							9578020	7995	1
ss_13	234	Picture	1;1;2;1;stand;	1	1	2	1	stand		9582214	0	7	20037	7	0	next	other	0
ss_13	236	Picture	1;1;2;1;stand;false;	1	1	2	1	stand	false	9605424	0	6	10019	6	0	next	other	0
ss_13	238	Response	3							9954380	8821	1
ss_13	240	Picture	1;2;1;	1	2	1				9959085	0	1	48758	1	0	next	false_alarm	123
ss_13	240	Response	1							10007740	48656	1
ss_13	242	Picture	1;2;1;2;sit;	1	2	1	2	sit		10011516	0	6	20037	7	0	next	other	0
ss_13	244	Picture	1;2;1;2;sit;true;	1	2	1	2	sit	true	10036395	0	6	10019	6	0	next	other	0
ss_13	251	Response	3							10444501	68472	1
ss_13	253	Picture	1;1;2;	1	1	2				10449166	0	1	13525	1	0	next	false_alarm	128
ss_13	253	Response	2							10462501	13335	1
ss_13	255	Picture	1;1;2;2;stand;	1	1	2	2	stand		10467033	0	6	20037	6	0	next	other	0
ss_13	257	Picture	1;1;2;2;stand;true;	1	1	2	2	stand	true	10491244	0	6	10019	6	0	next	other	0
ss_13	264	Response	3							10840221	9342	0
ss_13	266	Picture	1;2;1;	1	2	1				10844571	0	1	4008	1	0	next	false_alarm	133
ss_13	266	Response	1							10848381	3810	1
ss_13	268	Picture	1;2;1;2;sit;	1	2	1	2	sit		10851584	0	6	20037	6	0	next	other	0
ss_13	270	Picture	1;2;1;2;sit;true;	1	2	1	2	sit	true	10876297	0	6	10019	7	0	next	other	0
ss_13	277	Response	3							11260181	44251	1
ss_13	279	Picture	1;2;1;	1	2	1				11263686	0	1	7848	1	0	next	false_alarm	138
ss_13	279	Response	1							11271341	7655	1
ss_13	281	Picture	1;2;1;2;sit;	1	2	1	2	sit		11275208	0	6	20037	6	0	next	other	0
ss_13	283	Picture	1;2;1;2;sit;false;	1	2	1	2	sit	false	11299754	0	6	10019	6	0	next	other	0
ss_13	285	Response	3							11646462	6573	0
ss_13	287	Picture	1;1;2;	1	1	2				11649907	0	1	5343	1	0	next	false_alarm	143
ss_13	287	Response	2							11655102	5194	1
ss_13	289	Picture	1;1;2;2;sit;	1	1	2	2	sit		11658757	0	6	20037	6	0	next	other	0
ss_13	291	Picture	1;1;2;2;sit;true;	1	1	2	2	sit	true	11682468	0	6	10019	6	0	next	other	0
ss_13	298	Response	3							12071062	48960	0
ss_13	300	Picture	1;2;1;	1	2	1				12075535	0	1	26883	1	0	next	false_alarm	148
ss_13	300	Response	1							12102222	26687	1
ss_13	302	Picture	1;2;1;2;sit;	1	2	1	2	sit		12107428	0	6	20037	6	0	next	other	0
ss_13	304	Picture	1;2;1;2;sit;true;	1	2	1	2	sit	true	12131807	0	6	10019	6	0	next	other	0
ss_13	311	Response	3							12508862	37421	1
ss_13	313	Picture	1;1;2;	1	1	2				12513185	0	1	4174	1	0	next	false_alarm	153
ss_13	313	Response	2							12517263	4077	0
ss_13	315	Picture	1;1;2;2;sit;	1	1	2	2	sit		12520533	0	6	20037	6	0	next	other	0
ss_13	317	Picture	1;1;2;2;sit;true;	1	1	2	2	sit	true	12544243	0	6	10019	6	0	next	other	0
ss_13	324	Response	3							12916622	32745	1
ss_13	326	Picture	1;1;2;	1	1	2				12920112	0	1	6345	1	0	next	false_alarm	158
ss_13	326	Response	2							12926302	6191	1
ss_13	328	Picture	1;1;2;2;sit;	1	1	2	2	sit		12929796	0	6	20037	6	0	next	other	0
ss_13	330	Picture	1;1;2;2;sit;false;	1	1	2	2	sit	false	12953507	0	6	10019	6	0	next	other	0
ss_13	332	Response	3							13299903	6260	1
ss_13	334	Picture	1;1;2;	1	1	2				13303494	0	1	4007	1	0	next	false_alarm	163
ss_13	334	Response	2							13307423	3929	1
ss_13	336	Picture	1;1;2;2;stand;	1	1	2	2	stand		13312177	0	7	20037	7	0	next	other	0
ss_13	338	Picture	1;1;2;2;stand;true;	1	1	2	2	stand	true	13336222	0	6	10019	6	0	next	other	0
ss_13	345	Response	3							13685063	9207	1
ss_13	347	Picture	1;1;2;	1	1	2				13689882	0	1	3507	1	0	next	false_alarm	168
ss_13	347	Response	2							13693223	3341	1
ss_13	349	Picture	1;1;2;2;sit;	1	1	2	2	sit		13698398	0	6	20037	6	0	next	other	0
ss_13	351	Picture	1;1;2;2;sit;false;	1	1	2	2	sit	false	13723278	0	6	10019	6	0	next	other	0
ss_13	353	Response	3							14069264	5851	1
ss_13	355	Picture	1;1;2;	1	1	2				14074433	0	1	4675	1	0	next	false_alarm	173
ss_13	355	Response	2							14079023	4590	1
ss_13	357	Picture	1;1;2;2;sit;	1	1	2	2	sit		14084118	0	6	20037	6	0	next	other	0
ss_13	359	Picture	1;1;2;2;sit;false;	1	1	2	2	sit	false	14108330	0	6	10019	7	0	next	other	0
ss_13	361	Response	3							14454103	5639	1
ss_13	363	Picture	1;1;2;	1	1	2				14458149	0	1	4675	1	0	next	false_alarm	178
ss_13	363	Response	2							14462743	4594	1
ss_13	365	Picture	1;1;2;2;sit;	1	1	2	2	sit		14466498	0	6	20037	7	0	next	other	0
ss_13	367	Picture	1;1;2;2;sit;false;	1	1	2	2	sit	false	14490376	0	6	10019	7	0	next	other	0
ss_13	369	Response	3							14836504	5993	1
ss_13	371	Picture	1;2;1;	1	2	1				14840029	0	1	4842	1	0	next	false_alarm	183
ss_13	371	Response	1							14844664	4635	1
ss_13	373	Picture	1;2;1;2;sit;	1	2	1	2	sit		14849881	0	6	20037	6	0	next	other	0
ss_13	375	Picture	1;2;1;2;sit;false;	1	2	1	2	sit	false	14873592	0	6	10019	7	0	next	other	0
ss_13	377	Response	3							16130465	916738	1
ss_13	379	Picture	1;2;1;	1	2	1				16134946	0	1	17032	1	0	next	false_alarm	188
ss_13	379	Response	1							16151785	16839	1
ss_13	381	Picture	1;2;1;2;sit;	1	2	1	2	sit		16155818	0	6	20037	7	0	next	other	0
ss_13	383	Picture	1;2;1;2;sit;false;	1	2	1	2	sit	false	16180531	0	6	10019	7	0	next	other	0
ss_13	385	Response	3							16531425	10759	1
ss_13	387	Picture	1;2;1;	1	2	1				16536529	0	1	13859	1	0	next	false_alarm	193
ss_13	387	Response	1							16550185	13656	1
ss_13	389	Picture	1;2;1;2;stand;	1	2	1	2	stand		16554897	0	6	20037	6	0	next	other	0
ss_13	391	Picture	1;2;1;2;stand;false;	1	2	1	2	stand	false	16577940	0	6	10019	7	0	next	other	0
ss_13	393	Response	3							16927665	9591	1
ss_13	395	Picture	1;2;1;	1	2	1				16930932	0	1	3840	1	0	next	false_alarm	198
ss_13	395	Response	1							16934585	3653	1
ss_13	397	Picture	1;2;1;2;stand;	1	2	1	2	stand		16939114	0	7	20037	7	0	next	other	0
ss_13	399	Picture	1;2;1;2;stand;true;	1	2	1	2	stand	true	16963660	0	7	10019	7	0	next	other	0
ss_13	406	Response	3							17313625	10332	1
ss_13	408	Picture	1;1;2;	1	1	2				17318322	0	1	5009	1	0	next	false_alarm	203
ss_13	408	Response	2							17323146	4824	1
ss_13	410	Picture	1;1;2;2;sit;	1	1	2	2	sit		17327505	0	6	20038	6	0	next	other	0
ss_13	412	Picture	1;1;2;2;sit;true;	1	1	2	2	sit	true	17351216	0	6	10019	6	0	next	other	0
ss_13	419	Response	3							17738905	48055	1
ss_13	421	Picture	1;2;1;	1	2	1				17743615	0	1	10019	1	0	next	false_alarm	208
ss_13	421	Response	1							17753506	9890	1
ss_13	423	Picture	1;2;1;2;sit;	1	2	1	2	sit		17758476	0	6	20037	7	0	next	other	0
ss_13	425	Picture	1;2;1;2;sit;false;	1	2	1	2	sit	false	17783022	0	6	10019	6	0	next	other	0
ss_13	427	Response	3							18132866	9709	1
ss_13	429	Picture	1;2;1;	1	2	1				18137350	0	1	5343	1	0	next	false_alarm	213
ss_13	429	Response	1							18142626	5276	1
ss_13	431	Picture	1;2;1;2;sit;	1	2	1	2	sit		18146367	0	6	20037	6	0	next	other	0
ss_13	433	Picture	1;2;1;2;sit;true;	1	2	1	2	sit	true	18170579	0	6	10019	7	0	next	other	0
ss_13	440	Response	3							18555746	45533	1
ss_13	442	Picture	1;1;2;	1	1	2				18559806	0	1	4508	1	0	next	false_alarm	218
ss_13	442	Response	2							18564106	4300	1
ss_13	444	Picture	1;1;2;2;stand;	1	1	2	2	stand		18567821	0	6	20037	7	0	next	other	0
ss_13	446	Picture	1;1;2;2;stand;false;	1	1	2	2	stand	false	18592867	0	6	10019	6	0	next	other	0
ss_13	448	Response	3							18943147	10145	1
ss_13	450	Picture	1;2;1;	1	2	1				18948030	0	1	6846	1	0	next	false_alarm	223
ss_13	450	Response	1							18954787	6756	1
ss_13	452	Picture	1;2;1;2;sit;	1	2	1	2	sit		18958717	0	6	20037	6	0	next	other	0
ss_13	454	Picture	1;2;1;2;sit;true;	1	2	1	2	sit	true	18981760	0	6	10019	7	0	next	other	0
ss_13	461	Response	3							19364547	43153	1
ss_13	463	Picture	1;2;1;	1	2	1				19368816	0	1	3340	1	0	next	false_alarm	228
ss_13	463	Response	1							19372066	3251	1
ss_13	465	Picture	1;2;1;2;sit;	1	2	1	2	sit		19375328	0	6	20037	6	0	next	other	0
ss_13	467	Picture	1;2;1;2;sit;false;	1	2	1	2	sit	false	19398371	0	6	10019	6	0	next	other	0
ss_13	469	Response	3							19748187	9681	1
ss_13	471	Picture	1;2;1;	1	2	1				19752198	0	1	3506	1	0	next	false_alarm	233
ss_13	471	Response	1							19755628	3430	1
ss_13	473	Picture	1;2;1;2;sit;	1	2	1	2	sit		19760547	0	6	20037	6	0	next	other	0
ss_13	475	Picture	1;2;1;2;sit;false;	1	2	1	2	sit	false	19785594	0	6	10019	6	0	next	other	0
ss_13	477	Response	3							20131947	6219	1
ss_13	479	Picture	1;1;2;	1	1	2				20137083	0	1	4842	1	0	next	false_alarm	238
ss_13	479	Response	2							20141828	4744	0
ss_13	481	Picture	1;1;2;2;stand;	1	1	2	2	stand		20146601	0	6	20037	7	0	next	other	0
ss_13	483	Picture	1;1;2;2;stand;true;	1	1	2	2	stand	true	20171147	0	6	10019	7	0	next	other	0
ss_13	490	Response	3							20517748	6967	1
ss_13	492	Picture	1;1;2;	1	1	2				20521467	0	1	3674	1	0	next	false_alarm	243
ss_13	492	Response	2							20525028	3560	0
ss_13	494	Picture	1;1;2;2;sit;	1	1	2	2	sit		20530150	0	6	20037	6	0	next	other	0
ss_13	496	Picture	1;1;2;2;sit;true;	1	1	2	2	sit	true	20553861	0	6	10019	7	0	next	other	0
ss_13	503	Response	3							20946348	52853	1
ss_13	505	Picture	1;2;1;	1	2	1				20951437	0	1	5343	1	0	next	false_alarm	248
ss_13	505	Response	1							20956628	5191	1
ss_13	507	Picture	1;2;1;2;sit;	1	2	1	2	sit		20961121	0	6	20037	6	0	next	other	0
ss_13	509	Picture	1;2;1;2;sit;true;	1	2	1	2	sit	true	20984832	0	6	10019	6	0	next	other	0
ss_13	516	Response	3							21365988	41522	1
ss_13	518	Picture	1;2;1;	1	2	1				21369216	0	1	8516	1	0	next	false_alarm	253
ss_13	518	Response	1							21377628	8412	1
ss_13	520	Picture	1;2;1;2;sit;	1	2	1	2	sit		21381573	0	6	20037	6	0	next	other	0
ss_13	522	Picture	1;2;1;2;sit;false;	1	2	1	2	sit	false	21405451	0	6	10019	6	0	next	other	0
ss_13	524	Response	3							21755348	9763	0
ss_13	526	Picture	1;1;2;	1	1	2				21760113	0	1	4007	1	0	next	false_alarm	258
ss_13	526	Response	2							21764068	3955	0
ss_13	528	Picture	1;1;2;2;sit;	1	1	2	2	sit		21767627	0	6	20037	6	0	next	other	0
ss_13	530	Picture	1;1;2;2;sit;true;	1	1	2	2	sit	true	21791171	0	6	10019	7	0	next	other	0
ss_13	537	Response	3							22189269	58464	1
ss_13	539	Picture	1;1;2;	1	1	2				22194423	0	1	3840	1	0	next	false_alarm	263
ss_13	539	Response	2							22198069	3645	1
ss_13	541	Picture	1;1;2;2;sit;	1	1	2	2	sit		22201604	0	6	20037	6	0	next	other	0
ss_13	543	Picture	1;1;2;2;sit;false;	1	1	2	2	sit	false	22224980	0	6	10019	6	0	next	other	0
ss_13	545	Response	3							22572829	7713	1
ss_13	547	Picture	1;1;2;	1	1	2				22577639	0	1	5176	1	0	next	false_alarm	268
ss_13	547	Response	2							22582749	5110	0
ss_13	549	Picture	1;1;2;2;sit;	1	1	2	2	sit		22586155	0	7	20037	7	0	next	other	0
ss_13	551	Picture	1;1;2;2;sit;false;	1	1	2	2	sit	false	22609365	0	6	10019	7	0	next	other	0
ss_13	553	Response	3							22956949	7450	1
ss_13	555	Picture	1;1;2;	1	1	2				22960186	0	1	3507	1	0	next	false_alarm	273
ss_13	555	Response	2							22963629	3443	1
ss_13	557	Picture	1;1;2;2;sit;	1	1	2	2	sit		22967199	0	6	20037	6	0	next	other	0
ss_13	559	Picture	1;1;2;2;sit;false;	1	1	2	2	sit	false	22990910	0	6	10019	6	0	next	other	0
ss_13	561	Response	3							23339829	8784	1
ss_13	563	Picture	1;2;1;	1	2	1				23344236	0	1	6512	1	0	next	false_alarm	278
ss_13	563	Response	1							23350550	6313	1
ss_13	565	Picture	1;2;1;2;sit;	1	2	1	2	sit		23354255	0	6	20037	6	0	next	other	0
ss_13	567	Picture	1;2;1;2;sit;false;	1	2	1	2	sit	false	23379302	0	6	10019	6	0	next	other	0
ss_13	569	Response	3							23724910	5473	1
ss_13	571	Picture	1;1;2;	1	1	2				23729455	0	1	2839	1	0	next	false_alarm	283
ss_13	571	Response	2							23732190	2734	0
ss_13	573	Picture	1;1;2;2;sit;	1	1	2	2	sit		23736636	0	6	20037	6	0	next	other	0
ss_13	575	Picture	1;1;2;2;sit;true;	1	1	2	2	sit	true	23760680	0	6	10019	6	0	next	other	0
ss_13	582	Response	3							24152790	52476	1
ss_13	584	Picture	1;1;2;	1	1	2				24156920	0	1	4007	1	0	next	false_alarm	288
ss_13	584	Response	2							24160750	3830	1
ss_13	586	Picture	1;1;2;2;stand;	1	1	2	2	stand		24165102	0	6	20037	6	0	next	other	0
ss_13	588	Picture	1;1;2;2;stand;false;	1	1	2	2	stand	false	24189815	0	6	10019	6	0	next	other	0
ss_13	590	Response	3							24540110	10161	1
ss_13	592	Picture	1;1;2;	1	1	2				24544143	0	1	4341	1	0	next	false_alarm	293
ss_13	592	Response	2							24548430	4287	0
ss_13	594	Picture	1;1;2;2;stand;	1	1	2	2	stand		24553160	0	6	20037	7	0	next	other	0
ss_13	596	Picture	1;1;2;2;stand;false;	1	1	2	2	stand	false	24576537	0	6	10019	6	0	next	other	0
ss_13	598	Response	3							24922031	5359	0
ss_13	600	Picture	1;1;2;	1	1	2				24926857	0	1	4174	1	0	next	false_alarm	298
ss_13	600	Response	2							24930910	4053	1
ss_13	602	Picture	1;1;2;2;stand;	1	1	2	2	stand		24935039	0	6	20037	6	0	next	other	0
ss_13	604	Picture	1;1;2;2;stand;false;	1	1	2	2	stand	false	24958249	0	6	10019	6	0	next	other	0
ss_13	606	Response	3							25305831	7447	1
ss_13	608	Picture	1;2;1;	1	2	1				25310073	0	1	6679	1	0	next	false_alarm	303
ss_13	608	Response	1							25316631	6559	1
ss_13	610	Picture	1;2;1;2;stand;	1	2	1	2	stand		25320592	0	6	20037	6	0	next	other	0
ss_13	612	Picture	1;2;1;2;stand;false;	1	2	1	2	stand	false	25344470	0	6	10019	6	0	next	other	0
ss_13	614	Response	3							25722151	37546	0
ss_13	616	Picture	1;2;1;	1	2	1				25726684	0	1	3841	1	0	next	false_alarm	308
ss_13	616	Response	1							25730471	3788	1
ss_13	618	Picture	1;2;1;2;sit;	1	2	1	2	sit		25735366	0	6	20037	6	0	next	other	0
ss_13	620	Picture	1;2;1;2;sit;true;	1	2	1	2	sit	true	25760246	0	6	10019	7	0	next	other	0
ss_13	627	Response	3							26143712	43831	1
ss_13	629	Picture	1;2;1;	1	2	1				26148471	0	1	3674	1	0	next	false_alarm	313
ss_13	629	Response	1							26151952	3481	1
ss_13	631	Picture	1;2;1;2;sit;	1	2	1	2	sit		26156820	0	7	20038	7	0	next	other	0
ss_13	633	Picture	1;2;1;2;sit;false;	1	2	1	2	sit	false	26181867	0	6	10019	7	0	next	other	0
ss_13	635	Response	3							26530992	8990	1
ss_13	637	Picture	1;2;1;	1	2	1				26534525	0	1	5510	1	0	next	false_alarm	318
ss_13	637	Response	1							26539872	5347	1
ss_13	639	Picture	1;2;1;2;sit;	1	2	1	2	sit		26544877	0	6	20037	6	0	next	other	0
ss_13	641	Picture	1;2;1;2;sit;false;	1	2	1	2	sit	false	26568087	0	6	10019	7	0	next	other	0
ss_13	643	Response	3							26915152	6930	1
ss_13	645	Picture	1;2;1;	1	2	1				26920078	0	1	4174	1	0	next	false_alarm	323
ss_13	645	Response	1							26924112	4034	1
ss_13	647	Picture	1;2;1;2;stand;	1	2	1	2	stand		26929095	0	6	20037	6	0	next	other	0
ss_13	649	Picture	1;2;1;2;stand;true;	1	2	1	2	stand	true	26953473	0	6	10019	6	0	next	other	0
ss_13	656	Response	3							27307032	13925	1
ss_13	658	Picture	1;1;2;	1	1	2				27311976	0	1	4175	1	0	next	false_alarm	328
ss_13	658	Response	2							27315993	4017	1
ss_13	660	Picture	1;1;2;2;stand;	1	1	2	2	stand		27320325	0	6	20037	6	0	next	other	0
ss_13	662	Picture	1;1;2;2;stand;false;	1	1	2	2	stand	false	27343702	0	7	10019	7	0	next	other	0
ss_13	664	Response	3							27691953	8116	1
ss_13	666	Picture	1;2;1;	1	2	1				27696527	0	1	5677	1	0	next	false_alarm	333
ss_13	666	Response	1							27702033	5505	1
ss_13	668	Picture	1;2;1;2;sit;	1	2	1	2	sit		27705377	0	6	20037	6	0	next	other	0
ss_13	670	Picture	1;2;1;2;sit;true;	1	2	1	2	sit	true	27730424	0	6	10019	6	0	next	other	0
ss_13	677	Response	3							28115913	45855	1
ss_13	679	Picture	1;2;1;	1	2	1				28119149	0	1	3340	1	0	next	false_alarm	338
ss_13	679	Response	1							28122393	3243	1
ss_13	681	Picture	1;2;1;2;stand;	1	2	1	2	stand		28127164	0	6	20037	7	0	next	other	0
ss_13	683	Picture	1;2;1;2;stand;false;	1	2	1	2	stand	false	28150541	0	6	10019	7	0	next	other	0
ss_13	685	Response	3							28498753	8077	1
ss_13	687	Picture	1;1;2;	1	1	2				28502365	0	1	6345	1	0	next	false_alarm	343
ss_13	687	Response	2							28508593	6228	1
ss_13	689	Picture	1;1;2;2;sit;	1	1	2	2	sit		28512717	0	6	20037	6	0	next	other	0
ss_13	691	Picture	1;1;2;2;sit;true;	1	1	2	2	sit	true	28536595	0	6	10019	6	0	next	other	0
ss_13	698	Response	3							28918233	42004	1
ss_13	700	Picture	1;2;1;	1	2	1				28921814	0	1	4341	1	0	next	false_alarm	348
ss_13	700	Response	1							28925993	4179	1
ss_13	702	Picture	1;2;1;2;stand;	1	2	1	2	stand		28930998	0	6	20037	7	0	next	other	0
ss_13	704	Picture	1;2;1;2;stand;true;	1	2	1	2	stand	true	28955210	0	6	10019	7	0	next	other	0
ss_13	711	Response	3							29300074	5230	1
ss_13	713	Picture	1;1;2;	1	1	2				29303694	0	1	3674	1	0	next	false_alarm	353
ss_13	713	Response	2							29307194	3500	1
ss_13	715	Picture	1;1;2;2;stand;	1	1	2	2	stand		29311208	0	6	20037	7	0	next	other	0
ss_13	717	Picture	1;1;2;2;stand;true;	1	1	2	2	stand	true	29335420	0	6	10019	6	0	next	other	0
ss_13	724	Response	3							29678114	3060	1
ss_13	726	Picture	1;1;2;	1	1	2				29682401	0	1	3674	1	0	next	false_alarm	358
ss_13	726	Response	2							29685874	3473	1
ss_13	728	Picture	1;1;2;2;sit;	1	1	2	2	sit		29689581	0	6	20037	6	0	next	other	0
ss_13	730	Picture	1;1;2;2;sit;true;	1	1	2	2	sit	true	29713793	0	7	10019	7	0	next	other	0
ss_13	737	Response	3							30103314	49888	1
ss_13	739	Picture	1;2;1;	1	2	1				30106860	0	1	5176	1	0	next	false_alarm	363
ss_13	739	Response	1							30111954	5095	1
ss_13	741	Picture	1;2;1;2;sit;	1	2	1	2	sit		30115877	0	6	20037	7	0	next	other	0
ss_13	743	Picture	1;2;1;2;sit;false;	1	2	1	2	sit	false	30139420	0	6	10019	6	0	next	other	0
ss_13	745	Response	3							31325475	845920	1
ss_13	747	Picture	1;1;2;	1	1	2				31330143	0	1	5343	1	0	next	false_alarm	368
ss_13	747	Response	2							31335435	5292	1
ss_13	749	Picture	1;1;2;2;sit;	1	1	2	2	sit		31338993	0	6	20037	6	0	next	other	0
ss_13	751	Picture	1;1;2;2;sit;true;	1	1	2	2	sit	true	31362370	0	6	10019	7	0	next	other	0
ss_13	758	Response	3							31742156	40152	1
ss_13	760	Picture	1;1;2;	1	1	2				31745418	0	1	7013	1	0	next	false_alarm	373
ss_13	760	Response	2							31752315	6897	1
ss_13	762	Picture	1;1;2;2;sit;	1	1	2	2	sit		31756773	0	6	20037	6	0	next	other	0
ss_13	764	Picture	1;1;2;2;sit;false;	1	1	2	2	sit	false	31780317	0	6	10019	7	0	next	other	0
ss_13	766	Response	3							32125756	5304	1
ss_13	768	Picture	1;2;1;	1	2	1				32129636	0	1	5176	1	0	next	false_alarm	378
ss_13	768	Response	1							32134715	5080	0
ss_13	770	Picture	1;2;1;2;stand;	1	2	1	2	stand		32138318	0	6	20037	7	0	next	other	0
ss_13	772	Picture	1;2;1;2;stand;true;	1	2	1	2	stand	true	32161528	0	7	10019	7	0	next	other	0
ss_13	779	Response	3							32505996	4834	1
ss_13	781	Picture	1;1;2;	1	1	2				32510680	0	1	4007	1	0	next	false_alarm	383
ss_13	781	Response	2							32514556	3876	1
ss_13	783	Picture	1;1;2;2;sit;	1	1	2	2	sit		32518027	0	6	20037	6	0	next	other	0
ss_13	785	Picture	1;1;2;2;sit;true;	1	1	2	2	sit	true	32541905	0	6	10019	7	0	next	other	0
ss_13	792	Response	3							32914156	32617	1
ss_13	794	Picture	1;1;2;	1	1	2				32918441	0	1	3840	1	0	next	false_alarm	388
ss_13	794	Response	2							32922076	3635	1
ss_13	796	Picture	1;1;2;2;sit;	1	1	2	2	sit		32925621	0	6	20037	6	0	next	other	0
ss_13	798	Picture	1;1;2;2;sit;false;	1	1	2	2	sit	false	32948831	0	7	10019	7	0	next	other	0
ss_13	800	Response	3							33301917	12951	1
ss_13	802	Picture	1;2;1;	1	2	1				33305831	0	1	4508	1	0	next	false_alarm	393
ss_13	802	Response	1							33310236	4405	1
ss_13	804	Picture	1;2;1;2;stand;	1	2	1	2	stand		33315182	0	6	20037	6	0	next	other	0
ss_13	806	Picture	1;2;1;2;stand;true;	1	2	1	2	stand	true	33338726	0	6	10019	6	0	next	other	0
ss_13	813	Response	3							33708957	30597	1
ss_13	815	Picture	1;2;1;	1	2	1				33712924	0	1	4007	1	0	next	false_alarm	398
ss_13	815	Response	1							33716837	3913	1
ss_13	817	Picture	1;2;1;2;sit;	1	2	1	2	sit		33721941	0	6	20037	7	0	next	other	0
ss_13	819	Picture	1;2;1;2;sit;true;	1	2	1	2	sit	true	33745151	0	7	10019	7	0	next	other	0
ss_13	826	Response	3							34134397	49612	1
ss_13	828	Picture	1;2;1;	1	2	1				34138552	0	1	11188	1	0	next	false_alarm	403
ss_13	828	Response	1							34149557	11005	1
ss_13	830	Picture	1;2;1;2;sit;	1	2	1	2	sit		34154749	0	6	20037	6	0	next	other	0
ss_13	832	Picture	1;2;1;2;sit;true;	1	2	1	2	sit	true	34179629	0	6	10019	6	0	next	other	0
ss_13	839	Response	3							34557757	38495	1
ss_13	841	Picture	1;2;1;	1	2	1				34561508	0	1	3173	1	0	next	false_alarm	408
ss_13	841	Response	1							34564598	3089	1
ss_13	843	Picture	1;2;1;2;sit;	1	2	1	2	sit		34569022	0	6	20037	6	0	next	other	0
ss_13	845	Picture	1;2;1;2;sit;true;	1	2	1	2	sit	true	34592733	0	6	10019	7	0	next	other	0
ss_13	852	Response	3							34966398	34031	1
ss_13	854	Picture	1;1;2;	1	1	2				34971273	0	1	3506	1	0	next	false_alarm	413
ss_13	854	Response	2							34974718	3445	1
ss_13	856	Picture	1;1;2;2;sit;	1	1	2	2	sit		34978119	0	6	20037	6	0	next	other	0
ss_13	858	Picture	1;1;2;2;sit;false;	1	1	2	2	sit	false	35001329	0	7	10019	7	0	next	other	0
ss_13	860	Response	3							35350678	9214	1
ss_13	862	Picture	1;2;1;	1	2	1				35354655	0	1	5176	1	0	next	false_alarm	418
ss_13	862	Response	1							35359718	5063	1
ss_13	864	Picture	1;2;1;2;stand;	1	2	1	2	stand		35364006	0	6	20037	6	0	next	other	0
ss_13	866	Picture	1;2;1;2;stand;false;	1	2	1	2	stand	false	35387216	0	6	10019	6	0	next	other	0
ss_13	868	Response	3							35739118	11767	1
ss_13	870	Picture	1;2;1;	1	2	1				35742212	0	1	6345	1	0	next	false_alarm	423
ss_13	870	Response	1							35748398	6186	1
ss_13	872	Picture	1;2;1;2;stand;	1	2	1	2	stand		35751730	0	6	20037	6	0	next	other	0
ss_13	874	Picture	1;2;1;2;stand;false;	1	2	1	2	stand	false	35775107	0	6	10019	6	0	next	other	0
ss_13	876	Response	3							36125999	10757	1
ss_13	878	Picture	1;1;2;	1	1	2				36130103	0	1	7180	1	0	next	false_alarm	428
ss_13	878	Response	2							36137118	7015	1
ss_13	880	Picture	1;1;2;2;stand;	1	1	2	2	stand		36141624	0	6	20037	7	0	next	other	0
ss_13	882	Picture	1;1;2;2;stand;false;	1	1	2	2	stand	false	36165001	0	6	10019	6	0	next	other	0
ss_13	884	Response	3							36515079	9943	1
ss_13	886	Picture	1;1;2;	1	1	2				36518662	0	1	5009	1	0	next	false_alarm	433
ss_13	886	Response	2							36523559	4897	1
ss_13	888	Picture	1;1;2;2;sit;	1	1	2	2	sit		36528012	0	6	20037	6	0	next	other	0
ss_13	890	Picture	1;1;2;2;sit;false;	1	1	2	2	sit	false	36552224	0	6	10019	6	0	next	other	0
ss_13	892	Response	3							36902999	10640	1
ss_13	894	Picture	1;1;2;	1	1	2				36907387	0	1	4842	1	0	next	false_alarm	438
ss_13	894	Response	2							36912119	4732	1
ss_13	896	Picture	1;1;2;2;sit;	1	1	2	2	sit		36916237	0	6	20037	7	0	next	other	0
ss_13	898	Picture	1;1;2;2;sit;true;	1	1	2	2	sit	true	36940282	0	6	10019	6	0	next	other	0
ss_13	905	Response	3							37318519	38603	1
ss_13	907	Picture	1;1;2;	1	1	2				37322996	0	1	4007	1	0	next	false_alarm	443
ss_13	907	Response	2							37326920	3923	1
ss_13	909	Picture	1;1;2;2;stand;	1	1	2	2	stand		37331846	0	6	20037	6	0	next	other	0
ss_13	911	Picture	1;1;2;2;stand;false;	1	1	2	2	stand	false	37355557	0	6	10019	6	0	next	other	0
ss_13	913	Response	3							37707480	11788	1
ss_13	915	Picture	1;2;1;	1	2	1				37711054	0	1	7013	1	0	next	false_alarm	448
ss_13	915	Response	1							37717960	6906	1
ss_13	917	Picture	1;2;1;2;stand;	1	2	1	2	stand		37721073	0	6	20037	6	0	next	other	0
ss_13	919	Picture	1;2;1;2;stand;true;	1	2	1	2	stand	true	37745118	0	6	10019	6	0	next	other	0
ss_13	926	Response	3							38093040	8288	1
ss_13	928	Picture	1;1;2;	1	1	2				38097275	0	1	3006	1	0	next	false_alarm	453
ss_13	928	Response	2							38100200	2925	0
ss_13	930	Picture	1;1;2;2;sit;	1	1	2	2	sit		38104288	0	6	20037	6	0	next	other	0
ss_13	932	Picture	1;1;2;2;sit;true;	1	1	2	2	sit	true	38127999	0	6	10019	6	0	next	other	0
ss_13	939	Response	3							38499520	31887	1
ss_13	941	Picture	1;1;2;	1	1	2				38503700	0	1	4175	1	0	next	false_alarm	458
ss_13	941	Response	2							38507720	4020	1
ss_13	943	Picture	1;1;2;2;stand;	1	1	2	2	stand		38512216	0	6	20037	6	0	next	other	0
ss_13	945	Picture	1;1;2;2;stand;true;	1	1	2	2	stand	true	38535593	0	6	10019	6	0	next	other	0
ss_13	952	Response	3							38881040	5813	1
ss_13	954	Picture	1;2;1;	1	2	1				38885246	0	1	4842	1	0	next	false_alarm	463
ss_13	954	Response	1							38889921	4675	1
ss_13	956	Picture	1;2;1;2;sit;	1	2	1	2	sit		38894764	0	6	20037	6	0	next	other	0
ss_13	958	Picture	1;2;1;2;sit;false;	1	2	1	2	sit	false	38919309	0	6	10019	7	0	next	other	0
ss_13	960	Response	3							39274241	14796	1
ss_13	962	Picture	1;1;2;	1	1	2				39278313	0	1	4341	1	0	next	false_alarm	468
ss_13	962	Response	2							39282561	4248	1
ss_13	964	Picture	1;1;2;2;sit;	1	1	2	2	sit		39286161	0	6	20037	7	0	next	other	0
ss_13	966	Picture	1;1;2;2;sit;false;	1	1	2	2	sit	false	39310039	0	6	10019	6	0	next	other	0
ss_13	968	Response	3							39656921	6747	1
ss_13	970	Picture	1;1;2;	1	1	2				39660526	0	1	6512	1	0	next	false_alarm	473
ss_13	970	Response	2							39666841	6315	1
ss_13	972	Picture	1;1;2;2;sit;	1	1	2	2	sit		39671714	0	6	20037	7	0	next	other	0
ss_13	974	Picture	1;1;2;2;sit;true;	1	1	2	2	sit	true	39695759	0	6	10019	6	0	next	other	0
ss_13	981	Response	3							40108201	72809	1
ss_13	983	Picture	1;1;2;	1	1	2				40111535	0	1	5343	1	0	next	false_alarm	478
ss_13	983	Response	2							40116681	5146	1
ss_13	985	Picture	1;1;2;2;stand;	1	1	2	2	stand		40121887	0	6	20037	6	0	next	other	0
ss_13	987	Picture	1;1;2;2;stand;true;	1	1	2	2	stand	true	40145598	0	6	10019	6	0	next	other	0
ss_13	994	Response	3							40511522	26289	1
ss_13	996	Picture	1;2;1;	1	2	1				40515789	0	1	5176	1	0	next	false_alarm	483
ss_13	996	Response	1							40520881	5092	0
ss_13	998	Picture	1;2;1;2;sit;	1	2	1	2	sit		40524305	0	6	20037	7	0	next	other	0
ss_13	1000	Picture	1;2;1;2;sit;false;	1	2	1	2	sit	false	40549352	0	7	10019	7	0	next	other	0
ss_13	1002	Response	3							40898842	9355	1
ss_13	1004	Picture	1;2;1;	1	2	1				40902010	0	1	4174	1	0	next	false_alarm	488
ss_13	1004	Response	1							40906042	4031	1
ss_13	1006	Picture	1;2;1;2;sit;	1	2	1	2	sit		40911027	0	6	20037	7	0	next	other	0
ss_13	1008	Picture	1;2;1;2;sit;true;	1	2	1	2	sit	true	40934905	0	6	10019	6	0	next	other	0
ss_13	1015	Response	3							41338762	64223	1
ss_13	1017	Picture	1;1;2;	1	1	2				41343668	0	1	4341	1	0	next	false_alarm	493
ss_13	1017	Response	2							41347882	4214	1
ss_13	1019	Picture	1;1;2;2;sit;	1	1	2	2	sit		41352685	0	6	20037	7	0	next	other	0
ss_13	1021	Picture	1;1;2;2;sit;false;	1	1	2	2	sit	false	41376897	0	6	10019	7	0	next	other	0
ss_13	1023	Response	3							41725442	8411	1
ss_13	1025	Picture	1;2;1;	1	2	1				41730056	0	1	4174	1	0	next	false_alarm	498
ss_13	1025	Response	1							41734082	4026	1
ss_13	1027	Picture	1;2;1;2;stand;	1	2	1	2	stand		41738405	0	6	20037	6	0	next	other	0
ss_13	1029	Picture	1;2;1;2;stand;true;	1	2	1	2	stand	true	41761615	0	6	10019	6	0	next	other	0
ss_13	1036	Response	3							42104802	3553	1
ss_13	1038	Picture	1;1;2;	1	1	2				42108262	0	1	3673	1	0	next	false_alarm	503
ss_13	1038	Response	2							42111803	3541	1
ss_13	1040	Picture	1;1;2;2;sit;	1	1	2	2	sit		42116945	0	6	20037	6	0	next	other	0
ss_13	1042	Picture	1;1;2;2;sit;true;	1	1	2	2	sit	true	42141658	0	6	10019	6	0	next	other	0
ss_13	1049	Response	3							42548963	67671	1
ss_13	1051	Picture	1;1;2;	1	1	2				42552591	0	1	3841	1	0	next	false_alarm	508
ss_13	1051	Response	2							42556323	3732	1
ss_13	1053	Picture	1;1;2;2;stand;	1	1	2	2	stand		42560940	0	6	20037	6	0	next	other	0
ss_13	1055	Picture	1;1;2;2;stand;true;	1	1	2	2	stand	true	42585987	0	6	10019	6	0	next	other	0
ss_13	1062	Response	3							42931963	6342	1
ss_13	1064	Picture	1;2;1;	1	2	1				42937143	0	1	3339	1	0	next	false_alarm	513
ss_13	1064	Response	1							42940363	3221	1
ss_13	1066	Picture	1;2;1;2;sit;	1	2	1	2	sit		42943822	0	6	20037	6	0	next	other	0
ss_13	1068	Picture	1;2;1;2;sit;false;	1	2	1	2	sit	false	42968535	0	6	10019	7	0	next	other	0
ss_13	1070	Response	3							43318724	10054	1
ss_13	1072	Picture	1;1;2;	1	1	2				43322863	0	1	4675	1	0	next	false_alarm	518
ss_13	1072	Response	2							43327444	4581	1
ss_13	1074	Picture	1;1;2;2;stand;	1	1	2	2	stand		43331879	0	6	20037	6	0	next	other	0
ss_13	1076	Picture	1;1;2;2;stand;false;	1	1	2	2	stand	false	43355089	0	6	10019	6	0	next	other	0
ss_13	1078	Response	3							43699684	4459	1
ss_13	1080	Picture	1;2;1;	1	2	1				43704241	0	1	4675	1	0	next	false_alarm	523
ss_13	1080	Response	1							43708724	4483	1
ss_13	1082	Picture	1;2;1;2;sit;	1	2	1	2	sit		43712924	0	6	20037	6	0	next	other	0
ss_13	1084	Picture	1;2;1;2;sit;false;	1	2	1	2	sit	false	43736969	0	6	10019	6	0	next	other	0
ss_13	1086	Response	3							44083004	5900	1
ss_13	1088	Picture	1;2;1;	1	2	1				44086789	0	1	4007	1	0	next	false_alarm	528
ss_13	1088	Response	1							44090644	3855	1
ss_13	1090	Picture	1;2;1;2;sit;	1	2	1	2	sit		44095304	0	6	20037	6	0	next	other	0
ss_13	1092	Picture	1;2;1;2;sit;false;	1	2	1	2	sit	false	44119850	0	6	10019	6	0	next	other	0
ss_13	1094	Response	3							44471124	11139	1
ss_13	1096	Picture	1;1;2;	1	1	2				44476015	0	1	4675	1	0	next	false_alarm	533
ss_13	1096	Response	2							44480564	4549	1
ss_13	1098	Picture	1;1;2;2;sit;	1	1	2	2	sit		44485199	0	6	20037	7	0	next	other	0
ss_13	1100	Picture	1;1;2;2;sit;true;	1	1	2	2	sit	true	44509578	0	6	10019	6	0	next	other	0
ss_13	1107	Response	3							44890845	41633	1
ss_13	1109	Picture	1;2;1;	1	2	1				44895465	0	1	3841	1	0	next	false_alarm	538
ss_13	1109	Response	1							44899165	3700	0
ss_13	1111	Picture	1;2;1;2;sit;	1	2	1	2	sit		44902979	0	6	20037	6	0	next	other	0
ss_13	1113	Picture	1;2;1;2;sit;false;	1	2	1	2	sit	false	44927692	0	6	10019	6	0	next	other	0
ss_13	1115	Response	3							46131005	863179	1
ss_13	1117	Picture	1;2;1;	1	2	1				46135446	0	1	7681	1	0	next	false_alarm	543
ss_13	1117	Response	1							46142965	7519	1
ss_13	1119	Picture	1;2;1;2;sit;	1	2	1	2	sit		46147635	0	6	20037	6	0	next	other	0
ss_13	1121	Picture	1;2;1;2;sit;false;	1	2	1	2	sit	false	46172682	0	6	10019	7	0	next	other	0
ss_13	1123	Response	3							46521646	8829	1
ss_13	1125	Picture	1;2;1;	1	2	1				46525173	0	1	3006	1	0	next	false_alarm	548
ss_13	1125	Response	1							46528126	2952	1
ss_13	1127	Picture	1;2;1;2;sit;	1	2	1	2	sit		46532688	0	6	20037	6	0	next	other	0
ss_13	1129	Picture	1;2;1;2;sit;false;	1	2	1	2	sit	false	46557567	0	6	10019	6	0	next	other	0
ss_13	1131	Response	3							46904806	7104	1
ss_13	1133	Picture	1;1;2;	1	1	2				46908890	0	1	10019	1	0	next	false_alarm	553
ss_13	1133	Response	2							46918766	9876	1
ss_13	1135	Picture	1;1;2;2;sit;	1	1	2	2	sit		46922582	0	7	20037	7	0	next	other	0
ss_13	1137	Picture	1;1;2;2;sit;true;	1	1	2	2	sit	true	46946126	0	6	10019	6	0	next	other	0
ss_13	1144	Response	3							47322406	36646	1
ss_13	1146	Picture	1;1;2;	1	1	2				47327171	0	1	5009	1	0	next	false_alarm	558
ss_13	1146	Response	2							47332046	4876	0
ss_13	1148	Picture	1;1;2;2;sit;	1	1	2	2	sit		47336521	0	6	20037	7	0	next	other	0
ss_13	1150	Picture	1;1;2;2;sit;true;	1	1	2	2	sit	true	47359731	0	6	10019	7	0	next	other	0
ss_13	1157	Response	3							47738407	39041	1
ss_13	1159	Picture	1;2;1;	1	2	1				47742613	0	1	5510	1	0	next	false_alarm	563
ss_13	1159	Response	1							47747967	5354	1
ss_13	1161	Picture	1;2;1;2;sit;	1	2	1	2	sit		47751296	0	6	20037	6	0	next	other	0
ss_13	1163	Picture	1;2;1;2;sit;false;	1	2	1	2	sit	false	47774839	0	6	10019	6	0	next	other	0
ss_13	1165	Response	3							48123967	8992	1
ss_13	1167	Picture	1;1;2;	1	1	2				48128166	0	1	5176	1	0	next	false_alarm	568
ss_13	1167	Response	2							48133207	5041	1
ss_13	1169	Picture	1;1;2;2;sit;	1	1	2	2	sit		48136682	0	6	20037	7	0	next	other	0
ss_13	1171	Picture	1;1;2;2;sit;false;	1	1	2	2	sit	false	48160392	0	6	10019	6	0	next	other	0
ss_13	1173	Response	3							48509687	9160	0
ss_13	1175	Picture	1;2;1;	1	2	1				48513385	0	1	7180	1	0	next	false_alarm	573
ss_13	1175	Response	1							48520447	7062	0
ss_13	1177	Picture	1;2;1;2;sit;	1	2	1	2	sit		48525574	0	6	20037	6	0	next	other	0
ss_13	1179	Picture	1;2;1;2;sit;false;	1	2	1	2	sit	false	48549118	0	6	10019	6	0	next	other	0
ss_13	1181	Response	3							48898808	9555	1
ss_13	1183	Picture	1;2;1;	1	2	1				48902778	0	1	7848	1	0	next	false_alarm	578
ss_13	1183	Response	1							48910527	7749	1
ss_13	1185	Picture	1;2;1;2;sit;	1	2	1	2	sit		48914133	0	6	20037	6	0	next	other	0
ss_13	1187	Picture	1;2;1;2;sit;true;	1	2	1	2	sit	true	48938178	0	6	10019	6	0	next	other	0
ss_13	1194	Response	3							49316848	39036	1
ss_13	1196	Picture	1;2;1;	1	2	1				49321560	0	1	13692	1	0	next	false_alarm	583
ss_13	1196	Response	1							49335168	13608	1
ss_13	1198	Picture	1;2;1;2;stand;	1	2	1	2	stand		49338425	0	6	20037	6	0	next	other	0
ss_13	1200	Picture	1;2;1;2;stand;true;	1	2	1	2	stand	true	49361802	0	7	10019	7	0	next	other	0
ss_13	1207	Response	3							49706448	5012	1
ss_13	1209	Picture	1;1;2;	1	1	2				49709952	0	1	4174	1	0	next	false_alarm	588
ss_13	1209	Response	2							49713928	3976	1
ss_13	1211	Picture	1;1;2;2;sit;	1	1	2	2	sit		49718634	0	6	20037	7	0	next	other	0
ss_13	1213	Picture	1;1;2;2;sit;false;	1	1	2	2	sit	false	49743180	0	7	10019	7	0	next	other	0
ss_13	1215	Response	3							50092328	9013	1
ss_13	1217	Picture	1;1;2;	1	1	2				50095672	0	1	6512	1	0	next	false_alarm	593
ss_13	1217	Response	2							50102088	6417	0
ss_13	1219	Picture	1;1;2;2;sit;	1	1	2	2	sit		50106024	0	6	20037	6	0	next	other	0
ss_13	1221	Picture	1;1;2;2;sit;false;	1	1	2	2	sit	false	50130069	0	6	10019	6	0	next	other	0
ss_13	1223	Response	3							50481368	11164	0
ss_13	1225	Picture	1;1;2;	1	1	2				50485065	0	1	6512	1	0	next	false_alarm	598
ss_13	1225	Response	2							50491448	6383	0
ss_13	1227	Picture	1;1;2;2;sit;	1	1	2	2	sit		50496086	0	6	20037	7	0	next	other	0
ss_13	1229	Picture	1;1;2;2;sit;true;	1	1	2	2	sit	true	50520965	0	6	10019	6	0	next	other	0
ss_13	1236	Response	3							50913249	52649	1
ss_13	1238	Picture	1;1;2;	1	1	2				50916871	0	1	4007	1	0	next	false_alarm	603
ss_13	1238	Response	2							50920769	3898	1
ss_13	1240	Picture	1;1;2;2;sit;	1	1	2	2	sit		50925554	0	6	20037	6	0	next	other	0
ss_13	1242	Picture	1;1;2;2;sit;true;	1	1	2	2	sit	true	50949265	0	6	10019	6	0	next	other	0
ss_13	1249	Response	3							51325729	36830	1
ss_13	1251	Picture	1;2;1;	1	2	1				51329308	0	1	4342	1	0	next	false_alarm	608
ss_13	1251	Response	1							51333449	4141	1
ss_13	1253	Picture	1;2;1;2;sit;	1	2	1	2	sit		51337657	0	6	20037	6	0	next	other	0
ss_13	1255	Picture	1;2;1;2;sit;true;	1	2	1	2	sit	true	51361701	0	6	10019	6	0	next	other	0
ss_13	1262	Response	3							51744530	43194	1
ss_13	1264	Picture	1;2;1;	1	2	1				51748757	0	1	4842	1	0	next	false_alarm	613
ss_13	1264	Response	1							51753409	4652	0
ss_13	1266	Picture	1;2;1;2;sit;	1	2	1	2	sit		51757607	0	6	20037	6	0	next	other	0
ss_13	1268	Picture	1;2;1;2;sit;true;	1	2	1	2	sit	true	51781652	0	6	10019	6	0	next	other	0
ss_13	1275	Response	3							52153290	32004	1
ss_13	1277	Picture	1;1;2;	1	1	2				52156351	0	1	3841	1	0	next	false_alarm	618
ss_13	1277	Response	2							52160130	3778	1
ss_13	1279	Picture	1;1;2;2;stand;	1	1	2	2	stand		52163365	0	6	20037	6	0	next	other	0
ss_13	1281	Picture	1;1;2;2;stand;false;	1	1	2	2	stand	false	52187910	0	6	10019	7	0	next	other	0
ss_13	1283	Response	3							52538090	10045	1
ss_13	1285	Picture	1;2;1;	1	2	1				52541404	0	1	5009	1	0	next	false_alarm	623
ss_13	1285	Response	1							52546250	4846	1
ss_13	1287	Picture	1;2;1;2;sit;	1	2	1	2	sit		52550086	0	6	20037	6	0	next	other	0
ss_13	1289	Picture	1;2;1;2;sit;false;	1	2	1	2	sit	false	52573296	0	6	10019	6	0	next	other	0
ss_13	1291	Response	3							52928010	14579	1
ss_13	1293	Picture	1;2;1;	1	2	1				52933135	0	1	7681	1	0	next	false_alarm	628
ss_13	1293	Response	1							52940610	7476	1
ss_13	1295	Picture	1;2;1;2;stand;	1	2	1	2	stand		52944656	0	6	20037	6	0	next	other	0
ss_13	1297	Picture	1;2;1;2;stand;true;	1	2	1	2	stand	true	52968367	0	6	10019	7	0	next	other	0
ss_13	1304	Response	3							53313090	5089	1
ss_13	1306	Picture	1;2;1;	1	2	1				53316851	0	1	4007	1	0	next	false_alarm	633
ss_13	1306	Response	1							53320770	3919	1
ss_13	1308	Picture	1;2;1;2;sit;	1	2	1	2	sit		53324365	0	7	20037	7	0	next	other	0
ss_13	1310	Picture	1;2;1;2;sit;true;	1	2	1	2	sit	true	53348410	0	6	10019	6	0	next	other	0
ss_13	1317	Response	3							53718851	30807	1
ss_13	1319	Picture	1;2;1;	1	2	1				53722942	0	1	7848	1	0	next	false_alarm	638
ss_13	1319	Response	1							53730650	7708	0
ss_13	1321	Picture	1;2;1;2;sit;	1	2	1	2	sit		53733963	0	6	20037	6	0	next	other	0
ss_13	1323	Picture	1;2;1;2;sit;false;	1	2	1	2	sit	false	53758509	0	6	10019	6	0	next	other	0
ss_13	1325	Response	3							54111851	13207	1
ss_13	1327	Picture	1;2;1;	1	2	1				54115175	0	1	4508	1	0	next	false_alarm	643
ss_13	1327	Response	1							54119571	4396	0
ss_13	1329	Picture	1;2;1;2;sit;	1	2	1	2	sit		54123356	0	6	20037	6	0	next	other	0
ss_13	1331	Picture	1;2;1;2;sit;true;	1	2	1	2	sit	true	54147401	0	6	10019	7	0	next	other	0
ss_13	1338	Response	3							54514611	27576	1
ss_13	1340	Picture	1;2;1;	1	2	1				54518260	0	1	5844	1	0	next	false_alarm	648
ss_13	1340	Response	1							54523891	5631	1
ss_13	1342	Picture	1;2;1;2;sit;	1	2	1	2	sit		54528780	0	6	20037	6	0	next	other	0
ss_13	1344	Picture	1;2;1;2;sit;true;	1	2	1	2	sit	true	54553159	0	6	10019	7	0	next	other	0
ss_13	1351	Response	3							54925012	32219	1
ss_13	1353	Picture	1;1;2;	1	1	2				54929862	0	1	5677	1	0	next	false_alarm	653
ss_13	1353	Response	2							54935372	5510	1
ss_13	1355	Picture	1;1;2;2;stand;	1	1	2	2	stand		54940549	0	6	20037	6	0	next	other	0
ss_13	1357	Picture	1;1;2;2;stand;true;	1	1	2	2	stand	true	54963925	0	7	10019	7	0	next	other	0
ss_13	1364	Response	3							55317052	13492	1
ss_13	1366	Picture	1;2;1;	1	2	1				55322094	0	1	4508	1	0	next	false_alarm	658
ss_13	1366	Response	1							55326412	4318	1
ss_13	1368	Picture	1;2;1;2;sit;	1	2	1	2	sit		55329775	0	6	20037	6	0	next	other	0
ss_13	1370	Picture	1;2;1;2;sit;true;	1	2	1	2	sit	true	55353486	0	7	10019	7	0	next	other	0
ss_13	1377	Response	3							55730852	37732	1
ss_13	1379	Picture	1;1;2;	1	1	2				55734531	0	1	3674	1	0	next	false_alarm	663
ss_13	1379	Response	2							55738132	3602	1
ss_13	1381	Picture	1;1;2;2;sit;	1	1	2	2	sit		55742713	0	6	20037	6	0	next	other	0
ss_13	1383	Picture	1;1;2;2;sit;true;	1	1	2	2	sit	true	55766257	0	6	10019	6	0	next	other	0
ss_13	1390	Response	3							56149612	43722	1
ss_13	1392	Picture	1;2;1;	1	2	1				56154648	0	1	8683	1	0	next	false_alarm	668
ss_13	1392	Response	1							56163172	8524	1
ss_13	1394	Picture	1;2;1;2;sit;	1	2	1	2	sit		56166838	0	6	20037	6	0	next	other	0
ss_13	1396	Picture	1;2;1;2;sit;false;	1	2	1	2	sit	false	56190047	0	7	10019	7	0	next	other	0
ss_13	1398	Response	3							56546732	16550	1
ss_13	1400	Picture	1;2;1;	1	2	1				56550220	0	1	6178	1	0	next	false_alarm	673
ss_13	1400	Response	1							56556253	6033	0
ss_13	1402	Picture	1;2;1;2;sit;	1	2	1	2	sit		56560072	0	6	20037	6	0	next	other	0
ss_13	1404	Picture	1;2;1;2;sit;false;	1	2	1	2	sit	false	56583449	0	6	10019	6	0	next	other	0
ss_13	1406	Response	3							56933652	10069	1
ss_13	1408	Picture	1;2;1;	1	2	1				56938445	0	1	3673	1	0	next	false_alarm	678
ss_13	1408	Response	1							56942053	3608	1
ss_13	1410	Picture	1;2;1;2;sit;	1	2	1	2	sit		56945625	0	6	20037	6	0	next	other	0
ss_13	1412	Picture	1;2;1;2;sit;false;	1	2	1	2	sit	false	56969336	0	6	10019	6	0	next	other	0
ss_13	1414	Response	3							57322213	12743	1
ss_13	1416	Picture	1;1;2;	1	1	2				57326001	0	1	4341	1	0	next	false_alarm	683
ss_13	1416	Response	2							57330133	4132	1
ss_13	1418	Picture	1;1;2;2;stand;	1	1	2	2	stand		57334350	0	6	20037	6	0	next	other	0
ss_13	1420	Picture	1;1;2;2;stand;true;	1	1	2	2	stand	true	57359230	0	6	10019	6	0	next	other	0
ss_13	1427	Response	3							57704694	5830	1
ss_13	1429	Picture	1;2;1;	1	2	1				57707881	0	1	3340	1	0	next	false_alarm	688
ss_13	1429	Response	1							57711013	3133	1
ss_13	1431	Picture	1;2;1;2;sit;	1	2	1	2	sit		57715729	0	7	20037	7	0	next	other	0
ss_13	1433	Picture	1;2;1;2;sit;false;	1	2	1	2	sit	false	57740609	0	6	10019	6	0	next	other	0
ss_13	1435	Response	3							58089294	8550	1
ss_13	1437	Picture	1;1;2;	1	1	2				58092933	0	1	4508	1	0	next	false_alarm	693
ss_13	1437	Response	2							58097294	4361	1
ss_13	1439	Picture	1;1;2;2;stand;	1	1	2	2	stand		58102284	0	6	20037	6	0	next	other	0
ss_13	1441	Picture	1;1;2;2;stand;false;	1	1	2	2	stand	false	58126996	0	6	10019	6	0	next	other	0
ss_13	1443	Response	3							58476054	8923	0
ss_13	1445	Picture	1;1;2;	1	1	2				58479488	0	1	7013	1	0	next	false_alarm	698
ss_13	1445	Response	2							58486334	6846	1
ss_13	1447	Picture	1;1;2;2;sit;	1	1	2	2	sit		58490007	0	6	20037	6	0	next	other	0
ss_13	1449	Picture	1;1;2;2;sit;false;	1	1	2	2	sit	false	58514553	0	6	10019	6	0	next	other	0
ss_13	1451	Response	3							58863894	9206	1
ss_13	1453	Picture	1;2;1;	1	2	1				58868547	0	1	6011	1	0	next	false_alarm	703
ss_13	1453	Response	1							58874374	5827	1
ss_13	1455	Picture	1;2;1;2;stand;	1	2	1	2	stand		58878900	0	6	20037	7	0	next	other	0
ss_13	1457	Picture	1;2;1;2;stand;false;	1	2	1	2	stand	false	58903279	0	6	10019	6	0	next	other	0
ss_13	1459	Response	3							60024455	781041	1
ss_13	1461	Picture	1;2;1;	1	2	1				60028713	0	1	7180	1	0	next	false_alarm	708
ss_13	1461	Response	1							60035735	7022	1
ss_13	1463	Picture	1;2;1;2;stand;	1	2	1	2	stand		60040401	0	6	20037	7	0	next	other	0
ss_13	1465	Picture	1;2;1;2;stand;false;	1	2	1	2	stand	false	60063611	0	6	10019	6	0	next	other	0
ss_13	1467	Response	3							60415175	11429	1
ss_13	1469	Picture	1;2;1;	1	2	1				60418941	0	1	4508	1	0	next	false_alarm	713
ss_13	1469	Response	1							60423255	4314	1
ss_13	1471	Picture	1;2;1;2;sit;	1	2	1	2	sit		60427958	0	6	20037	6	0	next	other	0
ss_13	1473	Picture	1;2;1;2;sit;false;	1	2	1	2	sit	false	60452337	0	6	10019	6	0	next	other	0
ss_13	1475	Response	3							60799776	7304	1
ss_13	1477	Picture	1;2;1;	1	2	1				60803993	0	1	3340	1	0	next	false_alarm	718
ss_13	1477	Response	1							60807256	3262	1
ss_13	1479	Picture	1;2;1;2;sit;	1	2	1	2	sit		60810840	0	6	20037	6	0	next	other	0
ss_13	1481	Picture	1;2;1;2;sit;false;	1	2	1	2	sit	false	60834717	0	6	10019	6	0	next	other	0
ss_13	1483	Response	3							61181936	7083	1
ss_13	1485	Picture	1;1;2;	1	1	2				61185205	0	1	5009	1	0	next	false_alarm	723
ss_13	1485	Response	2							61190096	4891	1
ss_13	1487	Picture	1;1;2;2;sit;	1	1	2	2	sit		61195224	0	6	20037	6	0	next	other	0
ss_13	1489	Picture	1;1;2;2;sit;false;	1	1	2	2	sit	false	61219269	0	6	10019	6	0	next	other	0
ss_13	1491	Response	3							61566856	7453	1
ss_13	1493	Picture	1;2;1;	1	2	1				61570257	0	1	5343	1	0	next	false_alarm	728
ss_13	1493	Response	1							61575416	5159	1
ss_13	1495	Picture	1;2;1;2;sit;	1	2	1	2	sit		61579274	0	6	20037	6	0	next	other	0
ss_13	1497	Picture	1;2;1;2;sit;false;	1	2	1	2	sit	false	61603319	0	6	10019	6	0	next	other	0
ss_13	1499	Response	3							61950056	6603	1
ss_13	1501	Picture	1;1;2;	1	1	2				61954140	0	1	5176	1	0	next	false_alarm	733
ss_13	1501	Response	2							61959176	5036	1
ss_13	1503	Picture	1;1;2;2;sit;	1	1	2	2	sit		61963658	0	7	20037	7	0	next	other	0
ss_13	1505	Picture	1;1;2;2;sit;true;	1	1	2	2	sit	true	61988204	0	6	10019	6	0	next	other	0
ss_13	1512	Response	3							62370177	42339	1
ss_13	1514	Picture	1;1;2;	1	1	2				62373423	0	1	4842	1	0	next	false_alarm	738
ss_13	1514	Response	2							62378177	4754	1
ss_13	1516	Picture	1;1;2;2;sit;	1	1	2	2	sit		62383108	0	6	20037	6	0	next	other	0
ss_13	1518	Picture	1;1;2;2;sit;false;	1	1	2	2	sit	false	62407153	0	6	10019	7	0	next	other	0
ss_13	1520	Response	3							62757938	10650	1
ss_13	1522	Picture	1;2;1;	1	2	1				62762149	0	1	5844	1	0	next	false_alarm	743
ss_13	1522	Response	1							62767857	5709	1
ss_13	1524	Picture	1;2;1;2;sit;	1	2	1	2	sit		62772501	0	6	20037	7	0	next	other	0
ss_13	1526	Picture	1;2;1;2;sit;true;	1	2	1	2	sit	true	62797548	0	6	10019	6	0	next	other	0
ss_13	1533	Response	3							63175217	38035	1
ss_13	1535	Picture	1;1;2;	1	1	2				63179928	0	1	5844	1	0	next	false_alarm	748
ss_13	1535	Response	2							63185617	5688	1
ss_13	1537	Picture	1;1;2;2;sit;	1	1	2	2	sit		63190114	0	6	20037	6	0	next	other	0
ss_13	1539	Picture	1;1;2;2;sit;true;	1	1	2	2	sit	true	63213658	0	6	10019	7	0	next	other	0
ss_13	1546	Response	3							63580577	27285	0
ss_13	1548	Picture	1;1;2;	1	1	2				63585519	0	1	3674	1	0	next	false_alarm	753
ss_13	1548	Response	1							63589018	3499	1
ss_13	1550	Picture	1;1;2;1;sit;	1	1	2	1	sit		63593868	0	6	20037	6	0	next	other	0
ss_13	1552	Picture	1;1;2;1;sit;false;	1	1	2	1	sit	false	63617913	0	6	10019	7	0	next	other	0
ss_13	1554	Response	3							63973378	15330	1
ss_13	1556	Picture	1;2;1;	1	2	1				63976916	0	1	3507	1	0	next	false_alarm	758
ss_13	1556	Response	1							63980258	3342	0
ss_13	1558	Picture	1;2;1;2;sit;	1	2	1	2	sit		63984931	0	6	20037	6	0	next	other	0
ss_13	1560	Picture	1;2;1;2;sit;true;	1	2	1	2	sit	true	64009644	0	6	10019	6	0	next	other	0
ss_13	1567	Response	3							64377338	28060	1
ss_13	1569	Picture	1;1;2;	1	1	2				64381839	0	1	5176	1	0	next	false_alarm	763
ss_13	1569	Response	1							64386898	5060	1
ss_13	1571	Picture	1;1;2;1;sit;	1	1	2	1	sit		64391857	0	6	20037	6	0	next	other	0
ss_13	1573	Picture	1;1;2;1;sit;true;	1	1	2	1	sit	true	64416570	0	6	10019	6	0	next	other	0
ss_13	1580	Response	3							64786738	30534	1
ss_13	1582	Picture	1;2;1;	1	2	1				64791603	0	1	4007	1	0	next	false_alarm	768
ss_13	1582	Response	2							64795459	3855	1
ss_13	1584	Picture	1;2;1;1;stand;	1	2	1	1	stand		64798784	0	6	20037	6	0	next	other	0
ss_13	1586	Picture	1;2;1;1;stand;true;	1	2	1	1	stand	true	64821994	0	6	10019	6	0	next	other	0
ss_13	1593	Response	3							65167219	5591	1
ss_13	1595	Picture	1;2;1;	1	2	1				65171312	0	1	3507	1	0	next	false_alarm	773
ss_13	1595	Response	2							65174659	3347	1
ss_13	1597	Picture	1;2;1;1;stand;	1	2	1	1	stand		65178826	0	6	20037	6	0	next	other	0
ss_13	1599	Picture	1;2;1;1;stand;true;	1	2	1	1	stand	true	65202704	0	6	10019	6	0	next	other	0
ss_13	1606	Response	3							65550819	8481	1
ss_13	1608	Picture	1;1;2;	1	1	2				65555028	0	1	3674	1	0	next	false_alarm	778
ss_13	1608	Response	1							65558499	3470	1
ss_13	1610	Picture	1;1;2;1;stand;	1	1	2	1	stand		65561708	0	6	20037	6	0	next	other	0
ss_13	1612	Picture	1;1;2;1;stand;true;	1	1	2	1	stand	true	65586420	0	6	10019	7	0	next	other	0
ss_13	1619	Response	3							65938099	12045	1
ss_13	1621	Picture	1;1;2;	1	1	2				65941249	0	1	3340	1	0	next	false_alarm	783
ss_13	1621	Response	1							65944459	3210	1
ss_13	1623	Picture	1;1;2;1;stand;	1	1	2	1	stand		65947929	0	6	20037	6	0	next	other	0
ss_13	1625	Picture	1;1;2;1;stand;true;	1	1	2	1	stand	true	65972808	0	6	10019	6	0	next	other	0
ss_13	1632	Response	3							66326139	13697	1
ss_13	1634	Picture	1;2;1;	1	2	1				66330977	0	1	4508	1	0	next	false_alarm	788
ss_13	1634	Response	2							66335419	4443	1
ss_13	1636	Picture	1;2;1;1;stand;	1	2	1	1	stand		66340161	0	6	20037	7	0	next	other	0
ss_13	1638	Picture	1;2;1;1;stand;true;	1	2	1	1	stand	true	66364707	0	6	10019	6	0	next	other	0
ss_13	1645	Response	3							66711140	6799	1
ss_13	1647	Picture	1;2;1;	1	2	1				66716029	0	1	10019	1	0	next	false_alarm	793
ss_13	1647	Response	2							66725860	9831	1
ss_13	1649	Picture	1;2;1;1;sit;	1	2	1	1	sit		66729387	0	6	20037	6	0	next	other	0
ss_13	1651	Picture	1;2;1;1;sit;false;	1	2	1	1	sit	false	66753766	0	6	10019	6	0	next	other	0
ss_13	1653	Response	3							67101460	7559	1
ss_13	1655	Picture	1;2;1;	1	2	1				67104755	0	1	4675	1	0	next	false_alarm	798
ss_13	1655	Response	2							67109300	4546	1
ss_13	1657	Picture	1;2;1;1;stand;	1	2	1	1	stand		67112603	0	6	20037	6	0	next	other	0
ss_13	1659	Picture	1;2;1;1;stand;true;	1	2	1	1	stand	true	67135813	0	6	10019	6	0	next	other	0


{
   "app": "Presentation Version 21.0 Build 06.06.19",
   "device": "Dell Inc. OptiPlex 7040",
   "experiment": "{783366C0-BBCE-4F44-80DE-11CDC1AD73DF}",
   "os": "Windows 10 64 bit",
   "package": "",
   "parameters": {
      "configuration": "Default configuration"
   },
   "scenario": "Case 686.sce",
   "subject": "ss_13",
   "timestamp": "2022/02/15 19:29:51 GMT"
}
