Scenario - 
Logfile written - 03/23/2022 18:30:28

Subject	Trial	Event Type	Code	block(str)	left_stim(str)	right_stim(str)	stim_chosen(str)	instruct(str)	reward(str)	Time	TTime	Uncertainty	Duration	Uncertainty	ReqTime	ReqDur	Stim Type	Pair Index

ss_22	1	Response	3							664459	664298	1
ss_22	3	Picture	1;1;2;	1	1	2				669243	0	1	19536	1	0	next	false_alarm	3
ss_22	3	Response	2							688699	19457	1
ss_22	5	Picture	1;1;2;2;sit;	1	1	2	2	sit		692119	0	6	20037	6	0	next	other	0
ss_22	7	Picture	1;1;2;2;sit;true;	1	1	2	2	sit	true	716665	0	6	10019	6	0	next	other	0
ss_22	14	Response	3							1097779	41481	1
ss_22	16	Picture	1;1;2;	1	1	2				1102551	0	1	11355	1	0	next	false_alarm	8
ss_22	16	Response	1							1113739	11188	1
ss_22	18	Picture	1;1;2;1;stand;	1	1	2	1	stand		1118748	0	6	20037	6	0	next	other	0
ss_22	20	Picture	1;1;2;1;stand;true;	1	1	2	1	stand	true	1142292	0	7	10019	7	0	next	other	0
ss_22	27	Response	3							1501739	19813	1
ss_22	29	Picture	1;1;2;	1	1	2				1506305	0	1	7681	1	0	next	false_alarm	13
ss_22	29	Response	2							1513900	7595	1
ss_22	31	Picture	1;1;2;2;stand;	1	1	2	2	stand		1517492	0	6	20037	6	0	next	other	0
ss_22	33	Picture	1;1;2;2;stand;true;	1	1	2	2	stand	true	1540702	0	6	10019	6	0	next	other	0
ss_22	40	Response	3							1908339	28003	1
ss_22	42	Picture	1;2;1;	1	2	1				1912396	0	1	8015	1	0	next	false_alarm	18
ss_22	42	Response	2							1920259	7863	1
ss_22	44	Picture	1;2;1;1;stand;	1	2	1	1	stand		1925420	0	6	20037	6	0	next	other	0
ss_22	46	Picture	1;2;1;1;stand;true;	1	2	1	1	stand	true	1948797	0	6	10019	7	0	next	other	0
ss_22	53	Response	3							2315659	27228	0
ss_22	55	Picture	1;2;1;	1	2	1				2319656	0	1	5176	1	0	next	false_alarm	23
ss_22	55	Response	1							2324739	5083	1
ss_22	57	Picture	1;2;1;2;sit;	1	2	1	2	sit		2329173	0	6	20037	7	0	next	other	0
ss_22	59	Picture	1;2;1;2;sit;true;	1	2	1	2	sit	true	2353886	0	6	10019	6	0	next	other	0
ss_22	66	Response	3							2739259	45739	1
ss_22	68	Picture	1;1;2;	1	1	2				2744281	0	1	4007	1	0	next	false_alarm	28
ss_22	68	Response	2							2748099	3818	1
ss_22	70	Picture	1;1;2;2;sit;	1	1	2	2	sit		2752630	0	6	20037	7	0	next	other	0
ss_22	72	Picture	1;1;2;2;sit;false;	1	1	2	2	sit	false	2776341	0	6	10019	6	0	next	other	0
ss_22	74	Response	3							3171419	54943	0
ss_22	76	Picture	1;2;1;	1	2	1				3176421	0	1	8850	1	0	next	false_alarm	33
ss_22	76	Response	1							3185179	8758	1
ss_22	78	Picture	1;2;1;2;sit;	1	2	1	2	sit		3189612	0	6	20037	7	0	next	other	0
ss_22	80	Picture	1;2;1;2;sit;true;	1	2	1	2	sit	true	3214325	0	6	10019	6	0	next	other	0
ss_22	87	Response	3							3596779	42820	1
ss_22	89	Picture	1;1;2;	1	1	2				3600379	0	1	9518	1	0	next	false_alarm	38
ss_22	89	Response	2							3609819	9440	1
ss_22	91	Picture	1;1;2;2;sit;	1	1	2	2	sit		3614238	0	6	20037	6	0	next	other	0
ss_22	93	Picture	1;1;2;2;sit;true;	1	1	2	2	sit	true	3638617	0	6	10019	6	0	next	other	0
ss_22	100	Response	3							4021819	43568	1
ss_22	102	Picture	1;2;1;	1	2	1				4026841	0	1	6512	1	0	next	false_alarm	43
ss_22	102	Response	2							4033219	6378	1
ss_22	104	Picture	1;2;1;1;stand;	1	2	1	1	stand		4038196	0	6	20037	6	0	next	other	0
ss_22	106	Picture	1;2;1;1;stand;false;	1	2	1	1	stand	false	4062741	0	6	10019	7	0	next	other	0
ss_22	108	Response	3							4448059	45183	1
ss_22	110	Picture	1;1;2;	1	1	2				4451300	0	1	8516	1	0	next	false_alarm	48
ss_22	110	Response	2							4459699	8399	1
ss_22	112	Picture	1;1;2;2;sit;	1	1	2	2	sit		4462988	0	6	20037	6	0	next	other	0
ss_22	114	Picture	1;1;2;2;sit;false;	1	1	2	2	sit	false	4486365	0	6	10019	6	0	next	other	0
ss_22	116	Response	3							4839459	12959	1
ss_22	118	Picture	1;2;1;	1	2	1				4842864	0	1	7013	1	0	next	false_alarm	53
ss_22	118	Response	1							4849819	6955	1
ss_22	120	Picture	1;2;1;2;sit;	1	2	1	2	sit		4853550	0	6	20037	6	0	next	other	0
ss_22	122	Picture	1;2;1;2;sit;false;	1	2	1	2	sit	false	4877595	0	6	10019	6	0	next	other	0
ss_22	124	Response	3							5230579	12849	1
ss_22	126	Picture	1;1;2;	1	1	2				5234427	0	1	14861	1	0	next	false_alarm	58
ss_22	126	Response	2							5249099	14671	1
ss_22	128	Picture	1;1;2;2;stand;	1	1	2	2	stand		5253964	0	6	20037	6	0	next	other	0
ss_22	130	Picture	1;1;2;2;stand;false;	1	1	2	2	stand	false	5277174	0	7	10019	7	0	next	other	0
ss_22	132	Response	3							5635099	17790	1
ss_22	134	Picture	1;1;2;	1	1	2				5639851	0	1	6679	1	0	next	false_alarm	63
ss_22	134	Response	1							5646459	6608	1
ss_22	136	Picture	1;1;2;1;stand;	1	1	2	1	stand		5651372	0	7	20037	7	0	next	other	0
ss_22	138	Picture	1;1;2;1;stand;true;	1	1	2	1	stand	true	5674916	0	6	10019	6	0	next	other	0
ss_22	145	Response	3							6043379	28829	1
ss_22	147	Picture	1;2;1;	1	2	1				6046943	0	1	10353	1	0	next	false_alarm	68
ss_22	147	Response	2							6057139	10195	0
ss_22	149	Picture	1;2;1;1;sit;	1	2	1	1	sit		6060970	0	6	20037	7	0	next	other	0
ss_22	151	Picture	1;2;1;1;sit;false;	1	2	1	1	sit	false	6084180	0	6	10019	6	0	next	other	0
ss_22	153	Response	3							6452338	28024	1
ss_22	155	Picture	1;1;2;	1	1	2				6456708	0	1	9351	1	0	next	false_alarm	73
ss_22	155	Response	1							6465858	9151	1
ss_22	157	Picture	1;1;2;1;sit;	1	1	2	1	sit		6471068	0	6	20037	6	0	next	other	0
ss_22	159	Picture	1;1;2;1;sit;true;	1	1	2	1	sit	true	6494445	0	6	10019	6	0	next	other	0
ss_22	166	Response	3							6891378	57300	1
ss_22	168	Picture	1;2;1;	1	2	1				6896362	0	1	11355	1	0	next	false_alarm	78
ss_22	168	Response	1							6907618	11257	1
ss_22	170	Picture	1;2;1;2;stand;	1	2	1	2	stand		6911557	0	6	20037	6	0	next	other	0
ss_22	172	Picture	1;2;1;2;stand;false;	1	2	1	2	stand	false	6934767	0	6	10019	6	0	next	other	0
ss_22	174	Response	3							7291218	16317	0
ss_22	176	Picture	1;2;1;	1	2	1				7296441	0	1	9685	1	0	next	false_alarm	83
ss_22	176	Response	2							7305938	9497	1
ss_22	178	Picture	1;2;1;1;stand;	1	2	1	1	stand		7310969	0	6	20037	6	0	next	other	0
ss_22	180	Picture	1;2;1;1;stand;false;	1	2	1	1	stand	false	7336015	0	6	10019	6	0	next	other	0
ss_22	182	Response	3							7694978	18828	1
ss_22	184	Picture	1;2;1;	1	2	1				7698358	0	1	10854	1	0	next	false_alarm	88
ss_22	184	Response	2							7709138	10780	0
ss_22	186	Picture	1;2;1;1;stand;	1	2	1	1	stand		7712384	0	6	20037	7	0	next	other	0
ss_22	188	Picture	1;2;1;1;stand;true;	1	2	1	1	stand	true	7736095	0	6	10019	7	0	next	other	0
ss_22	195	Response	3							8112378	36650	1
ss_22	197	Picture	1;1;2;	1	1	2				8117306	0	1	11522	1	0	next	false_alarm	93
ss_22	197	Response	1							8128698	11392	1
ss_22	199	Picture	1;1;2;1;stand;	1	1	2	1	stand		8133837	0	6	20037	6	0	next	other	0
ss_22	201	Picture	1;1;2;1;stand;false;	1	1	2	1	stand	false	8157047	0	6	10019	6	0	next	other	0
ss_22	203	Response	3							8517378	20196	1
ss_22	205	Picture	1;2;1;	1	2	1				8521060	0	1	7347	1	0	next	false_alarm	98
ss_22	205	Response	1							8528298	7239	1
ss_22	207	Picture	1;2;1;2;stand;	1	2	1	2	stand		8532080	0	6	20037	6	0	next	other	0
ss_22	209	Picture	1;2;1;2;stand;true;	1	2	1	2	stand	true	8556793	0	6	10019	6	0	next	other	0
ss_22	216	Response	3							8918098	21671	1
ss_22	218	Picture	1;1;2;	1	1	2				8921640	0	1	8349	1	0	next	false_alarm	103
ss_22	218	Response	1							8929938	8298	1
ss_22	220	Picture	1;1;2;1;stand;	1	1	2	1	stand		8933663	0	6	20037	6	0	next	other	0
ss_22	222	Picture	1;1;2;1;stand;false;	1	1	2	1	stand	false	8957374	0	7	10019	7	0	next	other	0
ss_22	224	Response	3							9313018	15510	1
ss_22	226	Picture	1;1;2;	1	1	2				9317379	0	1	12022	1	0	next	false_alarm	108
ss_22	226	Response	1							9329298	11920	1
ss_22	228	Picture	1;1;2;1;sit;	1	1	2	1	sit		9332908	0	6	20037	7	0	next	other	0
ss_22	230	Picture	1;1;2;1;sit;false;	1	1	2	1	sit	false	9356285	0	6	10019	6	0	next	other	0
ss_22	232	Response	3							9713898	17479	1
ss_22	234	Picture	1;1;2;	1	1	2				9717292	0	1	7347	1	0	next	false_alarm	113
ss_22	234	Response	2							9724538	7247	1
ss_22	236	Picture	1;1;2;2;sit;	1	1	2	2	sit		9728145	0	6	20037	6	0	next	other	0
ss_22	238	Picture	1;1;2;2;sit;true;	1	1	2	2	sit	true	9752691	0	6	10019	7	0	next	other	0
ss_22	245	Response	3							10138458	46133	1
ss_22	247	Picture	1;1;2;	1	1	2				10141750	0	1	7681	1	0	next	false_alarm	118
ss_22	247	Response	1							10149338	7588	1
ss_22	249	Picture	1;1;2;1;stand;	1	1	2	1	stand		10154441	0	6	20037	6	0	next	other	0
ss_22	251	Picture	1;1;2;1;stand;true;	1	1	2	1	stand	true	10177817	0	6	10019	6	0	next	other	0
ss_22	258	Response	3							10546418	28967	1
ss_22	260	Picture	1;1;2;	1	1	2				10551181	0	1	6846	1	0	next	false_alarm	123
ss_22	260	Response	2							10557858	6677	1
ss_22	262	Picture	1;1;2;2;sit;	1	1	2	2	sit		10562201	0	6	20037	6	0	next	other	0
ss_22	264	Picture	1;1;2;2;sit;true;	1	1	2	2	sit	true	10586747	0	6	10019	6	0	next	other	0
ss_22	271	Response	3							10968338	41957	1
ss_22	273	Picture	1;2;1;	1	2	1				10972467	0	1	12690	1	0	next	false_alarm	128
ss_22	273	Response	1							10985058	12591	1
ss_22	275	Picture	1;2;1;2;sit;	1	2	1	2	sit		10988998	0	6	20037	6	0	next	other	0
ss_22	277	Picture	1;2;1;2;sit;true;	1	2	1	2	sit	true	11013376	0	6	10019	6	0	next	other	0
ss_22	284	Response	3							11393498	40488	1
ss_22	286	Picture	1;1;2;	1	1	2				11398595	0	1	7681	1	0	next	false_alarm	133
ss_22	286	Response	1							11406138	7543	1
ss_22	288	Picture	1;1;2;1;sit;	1	1	2	1	sit		11410117	0	6	20037	6	0	next	other	0
ss_22	290	Picture	1;1;2;1;sit;false;	1	1	2	1	sit	false	11433661	0	6	10019	6	0	next	other	0
ss_22	292	Response	3							11795778	21983	1
ss_22	294	Picture	1;1;2;	1	1	2				11799510	0	1	6178	1	0	next	false_alarm	138
ss_22	294	Response	2							11805578	6068	1
ss_22	296	Picture	1;1;2;2;sit;	1	1	2	2	sit		11809362	0	6	20037	6	0	next	other	0
ss_22	298	Picture	1;1;2;2;sit;false;	1	1	2	2	sit	false	11833072	0	6	10019	6	0	next	other	0
ss_22	300	Response	3							12188298	15091	1
ss_22	302	Picture	1;2;1;	1	2	1				12192910	0	1	10520	1	0	next	false_alarm	143
ss_22	302	Response	2							12203338	10427	1
ss_22	304	Picture	1;2;1;1;stand;	1	2	1	1	stand		12208273	0	6	20037	6	0	next	other	0
ss_22	306	Picture	1;2;1;1;stand;false;	1	2	1	1	stand	false	12231816	0	6	10019	6	0	next	other	0
ss_22	308	Response	3							12598018	26067	1
ss_22	310	Picture	1;1;2;	1	1	2				12601840	0	1	10854	1	0	next	false_alarm	148
ss_22	310	Response	2							12612578	10737	1
ss_22	312	Picture	1;1;2;2;sit;	1	1	2	2	sit		12615866	0	6	20037	7	0	next	other	0
ss_22	314	Picture	1;1;2;2;sit;false;	1	1	2	2	sit	false	12639577	0	6	10019	6	0	next	other	0
ss_22	316	Response	3							13000938	21226	1
ss_22	318	Picture	1;2;1;	1	2	1				13005593	0	1	9852	1	0	next	false_alarm	153
ss_22	318	Response	1							13015258	9664	1
ss_22	320	Picture	1;2;1;2;stand;	1	2	1	2	stand		13019620	0	6	20037	6	0	next	other	0
ss_22	322	Picture	1;2;1;2;stand;true;	1	2	1	2	stand	true	13043164	0	6	10019	7	0	next	other	0
ss_22	329	Response	3							13417578	34781	1
ss_22	331	Picture	1;1;2;	1	1	2				13420868	0	1	12356	1	0	next	false_alarm	158
ss_22	331	Response	2							13433058	12189	1
ss_22	333	Picture	1;1;2;2;stand;	1	1	2	2	stand		13436397	0	6	20037	6	0	next	other	0
ss_22	335	Picture	1;1;2;2;stand;false;	1	1	2	2	stand	false	13461277	0	6	10019	6	0	next	other	0
ss_22	337	Response	3							13813818	12406	1
ss_22	339	Picture	1;2;1;	1	2	1				13818443	0	1	8850	1	0	next	false_alarm	163
ss_22	339	Response	2							13827098	8654	1
ss_22	341	Picture	1;2;1;1;stand;	1	2	1	1	stand		13830967	0	6	20037	6	0	next	other	0
ss_22	343	Picture	1;2;1;1;stand;true;	1	2	1	1	stand	true	13854511	0	6	10019	6	0	next	other	0
ss_22	350	Response	3							14220818	26673	1
ss_22	352	Picture	1;2;1;	1	2	1				14225202	0	1	15696	1	0	next	false_alarm	168
ss_22	352	Response	1							14240778	15575	1
ss_22	354	Picture	1;2;1;2;stand;	1	2	1	2	stand		14244238	0	6	20037	6	0	next	other	0
ss_22	356	Picture	1;2;1;2;stand;false;	1	2	1	2	stand	false	14267949	0	6	10019	6	0	next	other	0
ss_22	358	Response	3							15732817	1124734	1
ss_22	360	Picture	1;2;1;	1	2	1				15737858	0	1	7013	1	0	next	false_alarm	173
ss_22	360	Response	1							15744697	6839	1
ss_22	362	Picture	1;2;1;2;sit;	1	2	1	2	sit		15748211	0	6	20037	6	0	next	other	0
ss_22	364	Picture	1;2;1;2;sit;false;	1	2	1	2	sit	false	15771754	0	6	10019	6	0	next	other	0
ss_22	366	Response	3							16123457	11568	1
ss_22	368	Picture	1;1;2;	1	1	2				16126750	0	1	12690	1	0	next	false_alarm	178
ss_22	368	Response	2							16139337	12587	0
ss_22	370	Picture	1;1;2;2;sit;	1	1	2	2	sit		16143782	0	6	20037	6	0	next	other	0
ss_22	372	Picture	1;1;2;2;sit;false;	1	1	2	2	sit	false	16167159	0	6	10019	6	0	next	other	0
ss_22	374	Response	3							16532737	25444	1
ss_22	376	Picture	1;1;2;	1	1	2				16536515	0	1	11188	1	0	next	false_alarm	183
ss_22	376	Response	1							16547617	11103	1
ss_22	378	Picture	1;1;2;1;sit;	1	1	2	1	sit		16551877	0	6	20037	6	0	next	other	0
ss_22	380	Picture	1;1;2;1;sit;false;	1	1	2	1	sit	false	16576256	0	6	10019	6	0	next	other	0
ss_22	382	Response	3							16935857	19467	1
ss_22	384	Picture	1;1;2;	1	1	2				16939433	0	1	13191	1	0	next	false_alarm	188
ss_22	384	Response	2							16952537	13104	1
ss_22	386	Picture	1;1;2;2;sit;	1	1	2	2	sit		16956632	0	6	20037	6	0	next	other	0
ss_22	388	Picture	1;1;2;2;sit;false;	1	1	2	2	sit	false	16980844	0	6	10019	6	0	next	other	0
ss_22	390	Response	3							17334417	13438	1
ss_22	392	Picture	1;1;2;	1	1	2				17338177	0	1	15696	1	0	next	false_alarm	193
ss_22	392	Response	1							17353737	15560	1
ss_22	394	Picture	1;1;2;1;sit;	1	1	2	1	sit		17357046	0	6	20037	6	0	next	other	0
ss_22	396	Picture	1;1;2;1;sit;false;	1	1	2	1	sit	false	17381257	0	6	10019	6	0	next	other	0
ss_22	398	Response	3							17759857	38465	1
ss_22	400	Picture	1;1;2;	1	1	2				17764138	0	1	10687	1	0	next	false_alarm	198
ss_22	400	Response	2							17774657	10519	1
ss_22	402	Picture	1;1;2;2;stand;	1	1	2	2	stand		17777998	0	6	20037	6	0	next	other	0
ss_22	404	Picture	1;1;2;2;stand;false;	1	1	2	2	stand	false	17802877	0	6	10019	7	0	next	other	0
ss_22	406	Response	3							18171857	28845	1
ss_22	408	Picture	1;1;2;	1	1	2				18175573	0	1	7848	1	0	next	false_alarm	203
ss_22	408	Response	1							18183337	7764	1
ss_22	410	Picture	1;1;2;1;sit;	1	1	2	1	sit		18188263	0	6	20037	6	0	next	other	0
ss_22	412	Picture	1;1;2;1;sit;true;	1	1	2	1	sit	true	18212809	0	6	10019	6	0	next	other	0
ss_22	419	Response	3							18596377	43934	1
ss_22	421	Picture	1;1;2;	1	1	2				18601033	0	1	12523	1	0	next	false_alarm	208
ss_22	421	Response	1							18613457	12424	1
ss_22	423	Picture	1;1;2;1;stand;	1	1	2	1	stand		18617898	0	6	20037	6	0	next	other	0
ss_22	425	Picture	1;1;2;1;stand;true;	1	1	2	1	stand	true	18642444	0	6	10019	6	0	next	other	0
ss_22	432	Response	3							19001777	19699	1
ss_22	434	Picture	1;1;2;	1	1	2				19005788	0	1	10353	1	0	next	false_alarm	213
ss_22	434	Response	1							19015937	10148	1
ss_22	436	Picture	1;1;2;1;sit;	1	1	2	1	sit		19019815	0	6	20037	6	0	next	other	0
ss_22	438	Picture	1;1;2;1;sit;true;	1	1	2	1	sit	true	19044694	0	6	10019	6	0	next	other	0
ss_22	445	Response	3							19433816	49488	1
ss_22	447	Picture	1;1;2;	1	1	2				19438262	0	1	8683	1	0	next	false_alarm	218
ss_22	447	Response	2							19446777	8515	1
ss_22	449	Picture	1;1;2;2;sit;	1	1	2	2	sit		19451620	0	6	20037	6	0	next	other	0
ss_22	451	Picture	1;1;2;2;sit;true;	1	1	2	2	sit	true	19476166	0	6	10019	6	0	next	other	0
ss_22	458	Response	3							19861337	45537	1
ss_22	460	Picture	1;1;2;	1	1	2				19865726	0	1	11188	1	0	next	false_alarm	223
ss_22	460	Response	2							19876697	10971	1
ss_22	462	Picture	1;1;2;2;sit;	1	1	2	2	sit		19881088	0	6	20037	6	0	next	other	0
ss_22	464	Picture	1;1;2;2;sit;false;	1	1	2	2	sit	false	19904632	0	6	10019	7	0	next	other	0
ss_22	466	Response	3							20260377	15610	1
ss_22	468	Picture	1;2;1;	1	2	1				20264136	0	1	10854	1	0	next	false_alarm	228
ss_22	468	Response	2							20274857	10721	1
ss_22	470	Picture	1;2;1;1;sit;	1	2	1	1	sit		20279999	0	6	20037	6	0	next	other	0
ss_22	472	Picture	1;2;1;1;sit;true;	1	2	1	1	sit	true	20303543	0	6	10019	6	0	next	other	0
ss_22	479	Response	3							20694097	50920	1
ss_22	481	Picture	1;1;2;	1	1	2				20698280	0	1	9852	1	0	next	false_alarm	233
ss_22	481	Response	2							20707937	9657	1
ss_22	483	Picture	1;1;2;2;sit;	1	1	2	2	sit		20712306	0	6	20037	7	0	next	other	0
ss_22	485	Picture	1;1;2;2;sit;true;	1	1	2	2	sit	true	20737019	0	6	10019	6	0	next	other	0
ss_22	492	Response	3							21114777	38125	1
ss_22	494	Picture	1;2;1;	1	2	1				21118063	0	1	9685	1	0	next	false_alarm	238
ss_22	494	Response	1							21127577	9514	1
ss_22	496	Picture	1;2;1;2;stand;	1	2	1	2	stand		21130920	0	6	20037	7	0	next	other	0
ss_22	498	Picture	1;2;1;2;stand;true;	1	2	1	2	stand	true	21154965	0	6	10019	7	0	next	other	0
ss_22	505	Response	3							21534097	39498	1
ss_22	507	Picture	1;2;1;	1	2	1				21538514	0	1	12523	1	0	next	false_alarm	243
ss_22	507	Response	2							21550976	12462	1
ss_22	509	Picture	1;2;1;1;stand;	1	2	1	1	stand		21555379	0	6	20037	6	0	next	other	0
ss_22	511	Picture	1;2;1;1;stand;false;	1	2	1	1	stand	false	21579090	0	6	10019	6	0	next	other	0
ss_22	513	Response	3							21931377	12152	1
ss_22	515	Picture	1;2;1;	1	2	1				21935087	0	1	10353	1	0	next	false_alarm	248
ss_22	515	Response	1							21945297	10209	1
ss_22	517	Picture	1;2;1;2;sit;	1	2	1	2	sit		21950115	0	6	20037	6	0	next	other	0
ss_22	519	Picture	1;2;1;2;sit;true;	1	2	1	2	sit	true	21973826	0	6	10019	6	0	next	other	0
ss_22	526	Response	3							22360736	47276	1
ss_22	528	Picture	1;1;2;	1	1	2				22365223	0	1	14694	1	0	next	false_alarm	253
ss_22	528	Response	1							22379737	14514	1
ss_22	530	Picture	1;1;2;1;stand;	1	1	2	1	stand		22383591	0	6	20037	6	0	next	other	0
ss_22	532	Picture	1;1;2;1;stand;true;	1	1	2	1	stand	true	22407969	0	6	10019	6	0	next	other	0
ss_22	539	Response	3							22776976	29373	1
ss_22	541	Picture	1;1;2;	1	1	2				22781166	0	1	11521	1	0	next	false_alarm	258
ss_22	541	Response	2							22792617	11451	1
ss_22	543	Picture	1;1;2;2;stand;	1	1	2	2	stand		22796528	0	6	20037	6	0	next	other	0
ss_22	545	Picture	1;1;2;2;stand;true;	1	1	2	2	stand	true	22820907	0	7	10019	7	0	next	other	0
ss_22	552	Response	3							23186576	26036	1
ss_22	554	Picture	1;2;1;	1	2	1				23190930	0	1	12022	1	0	next	false_alarm	263
ss_22	554	Response	2							23202816	11886	1
ss_22	556	Picture	1;2;1;1;stand;	1	2	1	1	stand		23205958	0	6	20037	6	0	next	other	0
ss_22	558	Picture	1;2;1;1;stand;false;	1	2	1	1	stand	false	23229168	0	6	10019	6	0	next	other	0
ss_22	560	Response	3							23608297	38994	1
ss_22	562	Picture	1;1;2;	1	1	2				23611715	0	1	13859	1	0	next	false_alarm	268
ss_22	562	Response	2							23625376	13661	1
ss_22	564	Picture	1;1;2;2;sit;	1	1	2	2	sit		23629916	0	6	20037	6	0	next	other	0
ss_22	566	Picture	1;1;2;2;sit;false;	1	1	2	2	sit	false	23654796	0	6	10019	6	0	next	other	0
ss_22	568	Response	3							24007256	12326	1
ss_22	570	Picture	1;1;2;	1	1	2				24010960	0	1	8516	1	0	next	false_alarm	273
ss_22	570	Response	1							24019336	8376	1
ss_22	572	Picture	1;1;2;1;stand;	1	1	2	1	stand		24023484	0	6	20037	6	0	next	other	0
ss_22	574	Picture	1;1;2;1;stand;true;	1	1	2	1	stand	true	24047361	0	6	10019	6	0	next	other	0
ss_22	581	Response	3							24430856	43861	1
ss_22	583	Picture	1;1;2;	1	1	2				24435753	0	1	15529	1	0	next	false_alarm	278
ss_22	583	Response	1							24451216	15463	1
ss_22	585	Picture	1;1;2;1;stand;	1	1	2	1	stand		24455289	0	6	20037	6	0	next	other	0
ss_22	587	Picture	1;1;2;1;stand;true;	1	1	2	1	stand	true	24479668	0	6	10019	7	0	next	other	0
ss_22	594	Response	3							24848376	29074	1
ss_22	596	Picture	1;1;2;	1	1	2				24851695	0	1	6679	1	0	next	false_alarm	283
ss_22	596	Response	2							24858216	6521	1
ss_22	598	Picture	1;1;2;2;stand;	1	1	2	2	stand		24862215	0	6	20037	6	0	next	other	0
ss_22	600	Picture	1;1;2;2;stand;true;	1	1	2	2	stand	true	24885592	0	6	10019	6	0	next	other	0
ss_22	607	Response	3							25258856	33630	1
ss_22	609	Picture	1;2;1;	1	2	1				25262796	0	1	14193	1	0	next	false_alarm	288
ss_22	609	Response	2							25276816	14020	1
ss_22	611	Picture	1;2;1;1;stand;	1	2	1	1	stand		25280329	0	6	20037	6	0	next	other	0
ss_22	613	Picture	1;2;1;1;stand;false;	1	2	1	1	stand	false	25304874	0	6	10019	6	0	next	other	0
ss_22	615	Response	3							25657656	12647	1
ss_22	617	Picture	1;1;2;	1	1	2				25662041	0	1	17366	1	0	next	false_alarm	293
ss_22	617	Response	1							25679296	17255	1
ss_22	619	Picture	1;1;2;1;stand;	1	1	2	1	stand		25683915	0	6	20037	6	0	next	other	0
ss_22	621	Picture	1;1;2;1;stand;false;	1	1	2	1	stand	false	25708962	0	6	10019	6	0	next	other	0
ss_22	623	Response	3							26065136	16040	1
ss_22	625	Picture	1;2;1;	1	2	1				26068967	0	1	10687	1	0	next	false_alarm	298
ss_22	625	Response	1							26079536	10569	1
ss_22	627	Picture	1;2;1;2;stand;	1	2	1	2	stand		26083995	0	6	20037	6	0	next	other	0
ss_22	629	Picture	1;2;1;2;stand;true;	1	2	1	2	stand	true	26108875	0	6	10019	6	0	next	other	0
ss_22	636	Response	3							26474976	26468	1
ss_22	638	Picture	1;1;2;	1	1	2				26479566	0	1	9184	1	0	next	false_alarm	303
ss_22	638	Response	1							26488616	9050	1
ss_22	640	Picture	1;1;2;1;stand;	1	1	2	1	stand		26493091	0	6	20037	7	0	next	other	0
ss_22	642	Picture	1;1;2;1;stand;true;	1	1	2	1	stand	true	26517971	0	6	10019	7	0	next	other	0
ss_22	649	Response	3							26909496	51891	1
ss_22	651	Picture	1;1;2;	1	1	2				26913208	0	1	9017	1	0	next	false_alarm	308
ss_22	651	Response	2							26922016	8807	1
ss_22	653	Picture	1;1;2;2;sit;	1	1	2	2	sit		26925565	0	6	20037	6	0	next	other	0
ss_22	655	Picture	1;1;2;2;sit;false;	1	1	2	2	sit	false	26948775	0	6	10019	6	0	next	other	0
ss_22	657	Response	3							27337016	48106	1
ss_22	659	Picture	1;1;2;	1	1	2				27340172	0	1	6679	1	0	next	false_alarm	313
ss_22	659	Response	1							27346736	6564	1
ss_22	661	Picture	1;1;2;1;stand;	1	1	2	1	stand		27351526	0	6	20037	6	0	next	other	0
ss_22	663	Picture	1;1;2;1;stand;true;	1	1	2	1	stand	true	27375404	0	6	10019	6	0	next	other	0
ss_22	670	Response	3							27735336	20298	1
ss_22	672	Picture	1;2;1;	1	2	1				27738916	0	1	13692	1	0	next	false_alarm	318
ss_22	672	Response	1							27752456	13540	1
ss_22	674	Picture	1;2;1;2;sit;	1	2	1	2	sit		27756615	0	6	20037	7	0	next	other	0
ss_22	676	Picture	1;2;1;2;sit;true;	1	2	1	2	sit	true	27780159	0	6	10019	6	0	next	other	0
ss_22	683	Response	3							28179496	59703	1
ss_22	685	Picture	1;1;2;	1	1	2				28183245	0	1	12022	1	0	next	false_alarm	323
ss_22	685	Response	2							28195176	11931	1
ss_22	687	Picture	1;1;2;2;sit;	1	1	2	2	sit		28199776	0	6	20037	6	0	next	other	0
ss_22	689	Picture	1;1;2;2;sit;false;	1	1	2	2	sit	false	28224822	0	6	10019	6	0	next	other	0
ss_22	691	Response	3							28575576	10619	1
ss_22	693	Picture	1;1;2;	1	1	2				28579150	0	1	19536	1	0	next	false_alarm	328
ss_22	693	Response	2							28598496	19346	1
ss_22	695	Picture	1;1;2;2;sit;	1	1	2	2	sit		28602360	0	6	20037	6	0	next	other	0
ss_22	697	Picture	1;1;2;2;sit;true;	1	1	2	2	sit	true	28626238	0	6	10019	6	0	next	other	0
ss_22	704	Response	3							29002016	36144	1
ss_22	706	Picture	1;1;2;	1	1	2				29006614	0	1	10186	1	0	next	false_alarm	333
ss_22	706	Response	1							29016615	10001	1
ss_22	708	Picture	1;1;2;1;stand;	1	1	2	1	stand		29021642	0	6	20037	6	0	next	other	0
ss_22	710	Picture	1;1;2;1;stand;true;	1	1	2	1	stand	true	29046522	0	6	10019	6	0	next	other	0
ss_22	717	Response	3							29410416	24260	1
ss_22	719	Picture	1;2;1;	1	2	1				29415043	0	1	15863	1	0	next	false_alarm	338
ss_22	719	Response	1							29430696	15653	1
ss_22	721	Picture	1;2;1;2;sit;	1	2	1	2	sit		29435247	0	6	20037	6	0	next	other	0
ss_22	723	Picture	1;2;1;2;sit;false;	1	2	1	2	sit	false	29459292	0	6	10019	6	0	next	other	0
ss_22	725	Response	3							30824055	1024629	1
ss_22	727	Picture	1;1;2;	1	1	2				30827345	0	1	8683	1	0	next	false_alarm	343
ss_22	727	Response	2							30835975	8631	1
ss_22	729	Picture	1;1;2;2;sit;	1	1	2	2	sit		30840202	0	6	20037	6	0	next	other	0
ss_22	731	Picture	1;1;2;2;sit;false;	1	1	2	2	sit	false	30864581	0	6	10019	6	0	next	other	0
ss_22	733	Response	3							31217535	12820	1
ss_22	735	Picture	1;2;1;	1	2	1				31221914	0	1	8182	1	0	next	false_alarm	348
ss_22	735	Response	1							31230015	8101	1
ss_22	737	Picture	1;2;1;2;sit;	1	2	1	2	sit		31234270	0	7	20037	7	0	next	other	0
ss_22	739	Picture	1;2;1;2;sit;true;	1	2	1	2	sit	true	31259317	0	6	10019	6	0	next	other	0
ss_22	746	Response	3							31658575	59625	1
ss_22	748	Picture	1;1;2;	1	1	2				31662069	0	1	9852	1	0	next	false_alarm	353
ss_22	748	Response	1							31671855	9787	1
ss_22	750	Picture	1;1;2;1;stand;	1	1	2	1	stand		31676763	0	6	20037	6	0	next	other	0
ss_22	752	Picture	1;1;2;1;stand;false;	1	1	2	1	stand	false	31699973	0	6	10019	6	0	next	other	0
ss_22	754	Response	3							32055135	15028	1
ss_22	756	Picture	1;1;2;	1	1	2				32060145	0	1	11688	1	0	next	false_alarm	358
ss_22	756	Response	1							32071615	11471	1
ss_22	758	Picture	1;1;2;1;stand;	1	1	2	1	stand		32075006	0	6	20037	6	0	next	other	0
ss_22	760	Picture	1;1;2;1;stand;false;	1	1	2	1	stand	false	32098717	0	6	10019	6	0	next	other	0
ss_22	762	Response	3							32452815	13964	1
ss_22	764	Picture	1;1;2;	1	1	2				32456217	0	1	10520	1	0	next	false_alarm	363
ss_22	764	Response	2							32466655	10438	1
ss_22	766	Picture	1;1;2;2;sit;	1	1	2	2	sit		32470744	0	6	20037	6	0	next	other	0
ss_22	768	Picture	1;1;2;2;sit;false;	1	1	2	2	sit	false	32494121	0	6	10019	6	0	next	other	0
ss_22	770	Response	3							32865175	30919	1
ss_22	772	Picture	1;1;2;	1	1	2				32869822	0	1	15696	1	0	next	false_alarm	368
ss_22	772	Response	2							32885455	15633	1
ss_22	774	Picture	1;1;2;2;sit;	1	1	2	2	sit		32890026	0	6	20037	6	0	next	other	0
ss_22	776	Picture	1;1;2;2;sit;true;	1	1	2	2	sit	true	32913403	0	6	10019	7	0	next	other	0
ss_22	783	Response	3							33314535	61498	1
ss_22	785	Picture	1;2;1;	1	2	1				33319494	0	1	11521	1	0	next	false_alarm	373
ss_22	785	Response	2							33330855	11361	1
ss_22	787	Picture	1;2;1;1;stand;	1	2	1	1	stand		33335524	0	6	20037	6	0	next	other	0
ss_22	789	Picture	1;2;1;1;stand;true;	1	2	1	1	stand	true	33359736	0	6	10019	6	0	next	other	0
ss_22	796	Response	3							33718215	18845	1
ss_22	798	Picture	1;1;2;	1	1	2				33721745	0	1	10186	1	0	next	false_alarm	378
ss_22	798	Response	2							33731815	10070	1
ss_22	800	Picture	1;1;2;2;sit;	1	1	2	2	sit		33735270	0	6	20037	6	0	next	other	0
ss_22	802	Picture	1;1;2;2;sit;false;	1	1	2	2	sit	false	33759816	0	6	10019	6	0	next	other	0
ss_22	804	Response	3							34112215	12265	1
ss_22	806	Picture	1;1;2;	1	1	2				34115312	0	1	9017	1	0	next	false_alarm	383
ss_22	806	Response	1							34124175	8863	1
ss_22	808	Picture	1;1;2;1;sit;	1	1	2	1	sit		34128504	0	6	20037	6	0	next	other	0
ss_22	810	Picture	1;1;2;1;sit;true;	1	1	2	1	sit	true	34152716	0	6	10019	6	0	next	other	0
ss_22	817	Response	3							34613255	120906	1
ss_22	819	Picture	1;2;1;	1	2	1				34616915	0	1	16030	1	0	next	false_alarm	388
ss_22	819	Response	1							34632815	15900	1
ss_22	821	Picture	1;2;1;2;sit;	1	2	1	2	sit		34636952	0	6	20037	6	0	next	other	0
ss_22	823	Picture	1;2;1;2;sit;false;	1	2	1	2	sit	false	34661665	0	6	10019	6	0	next	other	0
ss_22	825	Response	3							35015135	13335	1
ss_22	827	Picture	1;2;1;	1	2	1				35019332	0	1	8683	1	0	next	false_alarm	393
ss_22	827	Response	2							35027935	8602	1
ss_22	829	Picture	1;2;1;1;sit;	1	2	1	1	sit		35032524	0	6	20037	6	0	next	other	0
ss_22	831	Picture	1;2;1;1;sit;false;	1	2	1	1	sit	false	35055901	0	7	10019	7	0	next	other	0
ss_22	833	Response	3							35424615	28579	1
ss_22	835	Picture	1;1;2;	1	1	2				35428596	0	1	18201	1	0	next	false_alarm	398
ss_22	835	Response	1							35446735	18139	0
ss_22	837	Picture	1;1;2;1;stand;	1	1	2	1	stand		35450637	0	6	20037	6	0	next	other	0
ss_22	839	Picture	1;1;2;1;stand;true;	1	1	2	1	stand	true	35475684	0	6	10019	6	0	next	other	0
ss_22	846	Response	3							35842015	26697	1
ss_22	848	Picture	1;2;1;	1	2	1				35845875	0	1	13358	1	0	next	false_alarm	403
ss_22	848	Response	1							35859054	13180	1
ss_22	850	Picture	1;2;1;2;stand;	1	2	1	2	stand		35863741	0	6	20037	7	0	next	other	0
ss_22	852	Picture	1;2;1;2;stand;false;	1	2	1	2	stand	false	35888120	0	6	10019	6	0	next	other	0
ss_22	854	Response	3							36240735	12480	1
ss_22	856	Picture	1;1;2;	1	1	2				36245453	0	1	8182	1	0	next	false_alarm	408
ss_22	856	Response	2							36253455	8001	1
ss_22	858	Picture	1;1;2;2;sit;	1	1	2	2	sit		36256808	0	7	20037	7	0	next	other	0
ss_22	860	Picture	1;1;2;2;sit;true;	1	1	2	2	sit	true	36280185	0	6	10019	6	0	next	other	0
ss_22	867	Response	3							36659055	39236	1
ss_22	869	Picture	1;1;2;	1	1	2				36662565	0	1	10353	1	0	next	false_alarm	413
ss_22	869	Response	1							36672815	10250	1
ss_22	871	Picture	1;1;2;1;stand;	1	1	2	1	stand		36677593	0	6	20037	6	0	next	other	0
ss_22	873	Picture	1;1;2;1;stand;false;	1	1	2	1	stand	false	36700970	0	6	10019	7	0	next	other	0
ss_22	875	Response	3							37055455	14350	0
ss_22	877	Picture	1;2;1;	1	2	1				37059472	0	1	12356	1	0	next	false_alarm	418
ss_22	877	Response	1							37071695	12222	1
ss_22	879	Picture	1;2;1;2;sit;	1	2	1	2	sit		37076003	0	6	20037	6	0	next	other	0
ss_22	881	Picture	1;2;1;2;sit;true;	1	2	1	2	sit	true	37100215	0	6	10019	6	0	next	other	0
ss_22	888	Response	3							37481535	41686	1
ss_22	890	Picture	1;1;2;	1	1	2				37484933	0	1	8683	1	0	next	false_alarm	423
ss_22	890	Response	2							37493535	8602	1
ss_22	892	Picture	1;1;2;2;sit;	1	1	2	2	sit		37498124	0	6	20037	6	0	next	other	0
ss_22	894	Picture	1;1;2;2;sit;true;	1	1	2	2	sit	true	37521167	0	6	10186	6	0	next	other	0
ss_22	901	Response	3							37900615	39647	1
ss_22	903	Picture	1;1;2;	1	1	2				37904215	0	1	6512	1	0	next	false_alarm	428
ss_22	903	Response	1							37910575	6360	1
ss_22	905	Picture	1;1;2;1;stand;	1	1	2	1	stand		37915736	0	6	20037	7	0	next	other	0
ss_22	907	Picture	1;1;2;1;stand;false;	1	1	2	1	stand	false	37939113	0	6	10019	6	0	next	other	0
ss_22	909	Response	3							38296175	16927	1
ss_22	911	Picture	1;1;2;	1	1	2				38300287	0	1	8015	1	0	next	false_alarm	433
ss_22	911	Response	2							38308174	7887	1
ss_22	913	Picture	1;1;2;2;stand;	1	1	2	2	stand		38312644	0	6	20037	6	0	next	other	0
ss_22	915	Picture	1;1;2;2;stand;false;	1	1	2	2	stand	false	38336188	0	6	10019	6	0	next	other	0
ss_22	917	Response	3							38696254	19932	0
ss_22	919	Picture	1;1;2;	1	1	2				38700701	0	1	11188	1	0	next	false_alarm	438
ss_22	919	Response	2							38711735	11034	0
ss_22	921	Picture	1;1;2;2;sit;	1	1	2	2	sit		38715562	0	6	20037	6	0	next	other	0
ss_22	923	Picture	1;1;2;2;sit;false;	1	1	2	2	sit	false	38740275	0	6	10019	6	0	next	other	0
ss_22	925	Response	3							39089174	8765	1
ss_22	927	Picture	1;2;1;	1	2	1				39092766	0	1	13525	1	0	next	false_alarm	443
ss_22	927	Response	1							39106175	13409	1
ss_22	929	Picture	1;2;1;2;stand;	1	2	1	2	stand		39111133	0	6	20037	6	0	next	other	0
ss_22	931	Picture	1;2;1;2;stand;false;	1	2	1	2	stand	false	39135512	0	6	10019	6	0	next	other	0
ss_22	933	Response	3							39516374	40727	1
ss_22	935	Picture	1;1;2;	1	1	2				39521232	0	1	17199	1	0	next	false_alarm	448
ss_22	935	Response	1							39538294	17062	1
ss_22	937	Picture	1;1;2;1;sit;	1	1	2	1	sit		39542104	0	6	20037	6	0	next	other	0
ss_22	939	Picture	1;1;2;1;sit;false;	1	1	2	1	sit	false	39566149	0	6	10019	6	0	next	other	0
ss_22	941	Response	3							39944895	38611	1
ss_22	943	Picture	1;2;1;	1	2	1				39949698	0	1	14694	1	0	next	false_alarm	453
ss_22	943	Response	1							39964254	14556	1
ss_22	945	Picture	1;2;1;2;sit;	1	2	1	2	sit		39968900	0	6	20037	6	0	next	other	0
ss_22	947	Picture	1;2;1;2;sit;false;	1	2	1	2	sit	false	39991943	0	6	10019	6	0	next	other	0
ss_22	949	Response	3							40353174	21096	1
ss_22	951	Picture	1;1;2;	1	1	2				40357459	0	1	12356	1	0	next	false_alarm	458
ss_22	951	Response	2							40369654	12195	1
ss_22	953	Picture	1;1;2;2;sit;	1	1	2	2	sit		40373155	0	6	20037	7	0	next	other	0
ss_22	955	Picture	1;1;2;2;sit;true;	1	1	2	2	sit	true	40397533	0	6	10019	6	0	next	other	0
ss_22	962	Response	3							40776094	38927	1
ss_22	964	Picture	1;2;1;	1	2	1				40780248	0	1	8349	1	0	next	false_alarm	463
ss_22	964	Response	2							40788414	8167	1
ss_22	966	Picture	1;2;1;1;sit;	1	2	1	1	sit		40793606	0	6	20037	6	0	next	other	0
ss_22	968	Picture	1;2;1;1;sit;true;	1	2	1	1	sit	true	40816983	0	6	10019	6	0	next	other	0
ss_22	975	Response	3							41195334	38718	1
ss_22	977	Picture	1;1;2;	1	1	2				41199864	0	1	12356	1	0	next	false_alarm	468
ss_22	977	Response	2							41212014	12150	0
ss_22	979	Picture	1;1;2;2;sit;	1	1	2	2	sit		41216729	0	7	20037	7	0	next	other	0
ss_22	981	Picture	1;1;2;2;sit;false;	1	1	2	2	sit	false	41241274	0	6	10019	6	0	next	other	0
ss_22	983	Response	3							41612814	31405	1
ss_22	985	Picture	1;1;2;	1	1	2				41617142	0	1	14193	1	0	next	false_alarm	473
ss_22	985	Response	2							41631214	14072	1
ss_22	987	Picture	1;1;2;2;stand;	1	1	2	2	stand		41636011	0	6	20037	6	0	next	other	0
ss_22	989	Picture	1;1;2;2;stand;true;	1	1	2	2	stand	true	41659555	0	6	10019	6	0	next	other	0
ss_22	996	Response	3							42036134	36946	1
ss_22	998	Picture	1;1;2;	1	1	2				42039597	0	1	10520	1	0	next	false_alarm	478
ss_22	998	Response	2							42049974	10377	1
ss_22	1000	Picture	1;1;2;2;stand;	1	1	2	2	stand		42054124	0	6	20037	7	0	next	other	0
ss_22	1002	Picture	1;1;2;2;stand;true;	1	1	2	2	stand	true	42078503	0	6	10019	6	0	next	other	0
ss_22	1009	Response	3							42435334	17197	1
ss_22	1011	Picture	1;1;2;	1	1	2				42439009	0	1	16531	1	0	next	false_alarm	483
ss_22	1011	Response	1							42455374	16365	1
ss_22	1013	Picture	1;1;2;1;stand;	1	1	2	1	stand		42459881	0	6	20037	6	0	next	other	0
ss_22	1015	Picture	1;1;2;1;stand;true;	1	1	2	1	stand	true	42484260	0	6	10019	6	0	next	other	0
ss_22	1022	Response	3							42845734	21840	1
ss_22	1024	Picture	1;2;1;	1	2	1				42849441	0	1	9685	1	0	next	false_alarm	488
ss_22	1024	Response	1							42859014	9573	1
ss_22	1026	Picture	1;2;1;2;sit;	1	2	1	2	sit		42863468	0	6	20037	7	0	next	other	0
ss_22	1028	Picture	1;2;1;2;sit;true;	1	2	1	2	sit	true	42886678	0	6	10019	6	0	next	other	0
ss_22	1035	Response	3							43270373	44062	1
ss_22	1037	Picture	1;1;2;	1	1	2				43273900	0	1	12523	1	0	next	false_alarm	493
ss_22	1037	Response	2							43286374	12474	1
ss_22	1039	Picture	1;1;2;2;sit;	1	1	2	2	sit		43289763	0	6	20037	6	0	next	other	0
ss_22	1041	Picture	1;1;2;2;sit;false;	1	1	2	2	sit	false	43313307	0	7	10019	7	0	next	other	0
ss_22	1043	Response	3							43664494	11052	1
ss_22	1045	Picture	1;2;1;	1	2	1				43669471	0	1	20872	1	0	next	false_alarm	498
ss_22	1045	Response	2							43690254	20782	1
ss_22	1047	Picture	1;2;1;1;stand;	1	2	1	1	stand		43694351	0	6	20037	6	0	next	other	0
ss_22	1049	Picture	1;2;1;1;stand;true;	1	2	1	1	stand	true	43718229	0	6	10019	6	0	next	other	0
ss_22	1056	Response	3							44076334	18471	1
ss_22	1058	Picture	1;1;2;	1	1	2				44081073	0	1	11188	1	0	next	false_alarm	503
ss_22	1058	Response	2							44092174	11101	1
ss_22	1060	Picture	1;1;2;2;stand;	1	1	2	2	stand		44096435	0	6	20037	6	0	next	other	0
ss_22	1062	Picture	1;1;2;2;stand;false;	1	1	2	2	stand	false	44120146	0	6	10019	7	0	next	other	0
ss_22	1064	Response	3							44477774	17494	1
ss_22	1066	Picture	1;1;2;	1	1	2				44481987	0	1	13525	1	0	next	false_alarm	508
ss_22	1066	Response	2							44495374	13386	1
ss_22	1068	Picture	1;1;2;2;sit;	1	1	2	2	sit		44500522	0	6	20037	6	0	next	other	0
ss_22	1070	Picture	1;1;2;2;sit;false;	1	1	2	2	sit	false	44523899	0	6	10019	6	0	next	other	0
ss_22	1072	Response	3							46005053	1141020	1
ss_22	1074	Picture	1;2;1;	1	2	1				46009504	0	1	15529	1	0	next	false_alarm	513
ss_22	1074	Response	2							46024934	15430	1
ss_22	1076	Picture	1;2;1;1;sit;	1	2	1	1	sit		46028707	0	6	20037	6	0	next	other	0
ss_22	1078	Picture	1;2;1;1;sit;false;	1	2	1	1	sit	false	46053586	0	6	10019	6	0	next	other	0
ss_22	1080	Response	3							46406653	12933	1
ss_22	1082	Picture	1;2;1;	1	2	1				46411588	0	1	7013	1	0	next	false_alarm	518
ss_22	1082	Response	1							46418413	6825	1
ss_22	1084	Picture	1;2;1;2;sit;	1	2	1	2	sit		46423443	0	6	20037	6	0	next	other	0
ss_22	1086	Picture	1;2;1;2;sit;true;	1	2	1	2	sit	true	46446653	0	6	10019	6	0	next	other	0
ss_22	1093	Response	3							46842853	56567	1
ss_22	1095	Picture	1;1;2;	1	1	2				46847735	0	1	12356	1	0	next	false_alarm	523
ss_22	1095	Response	2							46859933	12199	1
ss_22	1097	Picture	1;1;2;2;sit;	1	1	2	2	sit		46864432	0	6	20037	6	0	next	other	0
ss_22	1099	Picture	1;1;2;2;sit;false;	1	1	2	2	sit	false	46888644	0	6	10019	6	0	next	other	0
ss_22	1101	Response	3							47281813	53035	1
ss_22	1103	Picture	1;1;2;	1	1	2				47285552	0	1	8850	1	0	next	false_alarm	528
ss_22	1103	Response	1							47294293	8742	1
ss_22	1105	Picture	1;1;2;1;stand;	1	1	2	1	stand		47298409	0	6	20037	7	0	next	other	0
ss_22	1107	Picture	1;1;2;1;stand;true;	1	1	2	1	stand	true	47322120	0	6	10019	6	0	next	other	0
ss_22	1114	Response	3							47686893	25140	1
ss_22	1116	Picture	1;2;1;	1	2	1				47690641	0	1	12022	1	0	next	false_alarm	533
ss_22	1116	Response	2							47702573	11933	1
ss_22	1118	Picture	1;2;1;1;stand;	1	2	1	1	stand		47706170	0	6	20037	7	0	next	other	0
ss_22	1120	Picture	1;2;1;1;stand;false;	1	2	1	1	stand	false	47731049	0	6	10019	7	0	next	other	0
ss_22	1122	Response	3							48090253	19069	1
ss_22	1124	Picture	1;2;1;	1	2	1				48095229	0	1	6679	1	0	next	false_alarm	538
ss_22	1124	Response	1							48101853	6624	0
ss_22	1126	Picture	1;2;1;2;sit;	1	2	1	2	sit		48106917	0	6	20037	6	0	next	other	0
ss_22	1128	Picture	1;2;1;2;sit;false;	1	2	1	2	sit	false	48130461	0	6	10019	6	0	next	other	0
ss_22	1130	Response	3							48484333	13737	1
ss_22	1132	Picture	1;1;2;	1	1	2				48488296	0	1	8516	1	0	next	false_alarm	543
ss_22	1132	Response	2							48496693	8398	1
ss_22	1134	Picture	1;1;2;2;stand;	1	1	2	2	stand		48501487	0	7	20037	7	0	next	other	0
ss_22	1136	Picture	1;1;2;2;stand;true;	1	1	2	2	stand	true	48525699	0	6	10019	6	0	next	other	0
ss_22	1143	Response	3							48898013	32681	1
ss_22	1145	Picture	1;2;1;	1	2	1				48903236	0	1	16197	1	0	next	false_alarm	548
ss_22	1145	Response	2							48919253	16017	1
ss_22	1147	Picture	1;2;1;1;sit;	1	2	1	1	sit		48922773	0	6	20037	6	0	next	other	0
ss_22	1149	Picture	1;2;1;1;sit;false;	1	2	1	1	sit	false	48945983	0	6	10019	6	0	next	other	0
ss_22	1151	Response	3							49304053	17936	1
ss_22	1153	Picture	1;2;1;	1	2	1				49308826	0	1	9184	1	0	next	false_alarm	553
ss_22	1153	Response	1							49317813	8987	1
ss_22	1155	Picture	1;2;1;2;sit;	1	2	1	2	sit		49321684	0	6	20037	7	0	next	other	0
ss_22	1157	Picture	1;2;1;2;sit;true;	1	2	1	2	sit	true	49344894	0	6	10019	6	0	next	other	0
ss_22	1164	Response	3							49744613	60085	1
ss_22	1166	Picture	1;1;2;	1	1	2				49748814	0	1	11021	1	0	next	false_alarm	558
ss_22	1166	Response	1							49759733	10919	1
ss_22	1168	Picture	1;1;2;1;stand;	1	1	2	1	stand		49764343	0	6	20037	6	0	next	other	0
ss_22	1170	Picture	1;1;2;1;stand;true;	1	1	2	1	stand	true	49789056	0	6	10019	6	0	next	other	0
ss_22	1177	Response	3							50159093	30404	1
ss_22	1179	Picture	1;1;2;	1	1	2				50162753	0	1	9852	1	0	next	false_alarm	563
ss_22	1179	Response	2							50172453	9700	1
ss_22	1181	Picture	1;1;2;2;stand;	1	1	2	2	stand		50175944	0	6	20037	6	0	next	other	0
ss_22	1183	Picture	1;1;2;2;stand;false;	1	1	2	2	stand	false	50199822	0	6	10019	6	0	next	other	0
ss_22	1185	Response	3							50558053	18096	1
ss_22	1187	Picture	1;1;2;	1	1	2				50561497	0	1	16364	1	0	next	false_alarm	568
ss_22	1187	Response	2							50577693	16196	1
ss_22	1189	Picture	1;1;2;2;sit;	1	1	2	2	sit		50582870	0	6	20037	7	0	next	other	0
ss_22	1191	Picture	1;1;2;2;sit;false;	1	1	2	2	sit	false	50606414	0	6	10019	6	0	next	other	0
ss_22	1193	Response	3							50961173	14624	1
ss_22	1195	Picture	1;2;1;	1	2	1				50965918	0	1	10687	1	0	next	false_alarm	573
ss_22	1195	Response	1							50976413	10495	0
ss_22	1197	Picture	1;2;1;2;sit;	1	2	1	2	sit		50979944	0	6	20037	6	0	next	other	0
ss_22	1199	Picture	1;2;1;2;sit;true;	1	2	1	2	sit	true	51003321	0	7	10019	7	0	next	other	0
ss_22	1206	Response	3							51377373	34418	1
ss_22	1208	Picture	1;2;1;	1	2	1				51381694	0	1	5844	1	0	next	false_alarm	578
ss_22	1208	Response	2							51387333	5639	1
ss_22	1210	Picture	1;2;1;1;sit;	1	2	1	1	sit		51392213	0	6	20037	6	0	next	other	0
ss_22	1212	Picture	1;2;1;1;sit;true;	1	2	1	1	sit	true	51416759	0	6	10019	6	0	next	other	0
ss_22	1219	Response	3							51820653	64260	1
ss_22	1221	Picture	1;1;2;	1	1	2				51825021	0	1	10353	1	0	next	false_alarm	583
ss_22	1221	Response	1							51835293	10272	1
ss_22	1223	Picture	1;1;2;1;stand;	1	1	2	1	stand		51839047	0	7	20037	7	0	next	other	0
ss_22	1225	Picture	1;1;2;1;stand;false;	1	1	2	1	stand	false	51863593	0	6	10019	6	0	next	other	0
ss_22	1227	Response	3							52210613	6885	1
ss_22	1229	Picture	1;1;2;	1	1	2				52213913	0	1	9017	1	0	next	false_alarm	588
ss_22	1229	Response	2							52222773	8860	1
ss_22	1231	Picture	1;1;2;2;sit;	1	1	2	2	sit		52227939	0	6	20037	7	0	next	other	0
ss_22	1233	Picture	1;1;2;2;sit;false;	1	1	2	2	sit	false	52251316	0	6	10019	7	0	next	other	0
ss_22	1235	Response	3							52609653	18202	1
ss_22	1237	Picture	1;1;2;	1	1	2				52613158	0	1	18702	1	0	next	false_alarm	593
ss_22	1237	Response	1							52631773	18615	1
ss_22	1239	Picture	1;1;2;1;stand;	1	1	2	1	stand		52635032	0	6	20037	6	0	next	other	0
ss_22	1241	Picture	1;1;2;1;stand;false;	1	1	2	1	stand	false	52658242	0	6	10019	6	0	next	other	0
ss_22	1243	Response	3							53007893	9516	1
ss_22	1245	Picture	1;2;1;	1	2	1				53011234	0	1	10853	1	0	next	false_alarm	598
ss_22	1245	Response	2							53021893	10659	1
ss_22	1247	Picture	1;2;1;1;stand;	1	2	1	1	stand		53026596	0	6	20037	6	0	next	other	0
ss_22	1249	Picture	1;2;1;1;stand;false;	1	2	1	1	stand	false	53050808	0	6	10019	7	0	next	other	0
ss_22	1251	Response	3							53401133	10190	1
ss_22	1253	Picture	1;2;1;	1	2	1				53404635	0	1	12189	1	0	next	false_alarm	603
ss_22	1253	Response	2							53416733	12098	1
ss_22	1255	Picture	1;2;1;1;sit;	1	2	1	1	sit		53421333	0	6	20037	6	0	next	other	0
ss_22	1257	Picture	1;2;1;1;sit;false;	1	2	1	1	sit	false	53446379	0	6	10019	8	0	next	other	0
ss_22	1259	Response	3							53818653	32139	1
ss_22	1261	Picture	1;2;1;	1	2	1				53823750	0	1	10186	1	0	next	false_alarm	608
ss_22	1261	Response	1							53833812	10062	1
ss_22	1263	Picture	1;2;1;2;sit;	1	2	1	2	sit		53838611	0	6	20037	6	0	next	other	0
ss_22	1265	Picture	1;2;1;2;sit;false;	1	2	1	2	sit	false	53862489	0	6	10019	6	0	next	other	0
ss_22	1267	Response	3							54210693	8069	1
ss_22	1269	Picture	1;1;2;	1	1	2				54214479	0	1	10687	1	0	next	false_alarm	613
ss_22	1269	Response	2							54225092	10613	1
ss_22	1271	Picture	1;1;2;2;sit;	1	1	2	2	sit		54229507	0	6	20037	6	0	next	other	0
ss_22	1273	Picture	1;1;2;2;sit;false;	1	1	2	2	sit	false	54254053	0	6	10019	6	0	next	other	0
ss_22	1275	Response	3							54601613	7425	1
ss_22	1277	Picture	1;2;1;	1	2	1				54606043	0	1	11689	1	0	next	false_alarm	618
ss_22	1277	Response	1							54617613	11570	1
ss_22	1279	Picture	1;2;1;2;sit;	1	2	1	2	sit		54622407	0	6	20037	7	0	next	other	0
ss_22	1281	Picture	1;2;1;2;sit;false;	1	2	1	2	sit	false	54646118	0	6	10019	6	0	next	other	0
ss_22	1283	Response	3							55011292	25040	1
ss_22	1285	Picture	1;2;1;	1	2	1				55015640	0	1	9184	1	0	next	false_alarm	623
ss_22	1285	Response	2							55024772	9132	1
ss_22	1287	Picture	1;2;1;1;stand;	1	2	1	1	stand		55029166	0	6	20037	7	0	next	other	0
ss_22	1289	Picture	1;2;1;1;stand;false;	1	2	1	1	stand	false	55052877	0	6	10019	6	0	next	other	0
ss_22	1291	Response	3							55417972	24961	1
ss_22	1293	Picture	1;2;1;	1	2	1				55422232	0	1	9685	1	0	next	false_alarm	628
ss_22	1293	Response	2							55431812	9580	1
ss_22	1295	Picture	1;2;1;1;stand;	1	2	1	1	stand		55435257	0	6	20037	6	0	next	other	0
ss_22	1297	Picture	1;2;1;1;stand;false;	1	2	1	1	stand	false	55459636	0	6	10019	7	0	next	other	0
ss_22	1299	Response	3							55814253	14482	1
ss_22	1301	Picture	1;1;2;	1	1	2				55818806	0	1	7180	1	0	next	false_alarm	633
ss_22	1301	Response	2							55825932	7127	1
ss_22	1303	Picture	1;1;2;2;stand;	1	1	2	2	stand		55828991	0	6	20037	6	0	next	other	0
ss_22	1305	Picture	1;1;2;2;stand;true;	1	1	2	2	stand	true	55852368	0	6	10019	6	0	next	other	0
ss_22	1312	Response	3							56218532	26530	1
ss_22	1314	Picture	1;1;2;	1	1	2				56221891	0	1	8349	1	0	next	false_alarm	638
ss_22	1314	Response	2							56230132	8241	1
ss_22	1316	Picture	1;1;2;2;sit;	1	1	2	2	sit		56234915	0	6	20037	6	0	next	other	0
ss_22	1318	Picture	1;1;2;2;sit;true;	1	1	2	2	sit	true	56259628	0	6	10019	7	0	next	other	0
ss_22	1325	Response	3							56652892	53630	1
ss_22	1327	Picture	1;1;2;	1	1	2				56657537	0	1	7180	1	0	next	false_alarm	643
ss_22	1327	Response	2							56664652	7115	1
ss_22	1329	Picture	1;1;2;2;stand;	1	1	2	2	stand		56668057	0	6	20037	6	0	next	other	0
ss_22	1331	Picture	1;1;2;2;stand;true;	1	1	2	2	stand	true	56691267	0	6	10019	7	0	next	other	0
ss_22	1338	Response	3							57070452	39552	1
ss_22	1340	Picture	1;2;1;	1	2	1				57074649	0	1	7013	1	0	next	false_alarm	648
ss_22	1340	Response	2							57081452	6803	1
ss_22	1342	Picture	1;2;1;1;stand;	1	2	1	1	stand		57085335	0	7	20037	7	0	next	other	0
ss_22	1344	Picture	1;2;1;1;stand;false;	1	2	1	1	stand	false	57109547	0	6	10019	6	0	next	other	0
ss_22	1346	Response	3							57460052	10370	1
ss_22	1348	Picture	1;1;2;	1	1	2				57464710	0	1	9184	1	0	next	false_alarm	653
ss_22	1348	Response	2							57473812	9102	1
ss_22	1350	Picture	1;1;2;2;stand;	1	1	2	2	stand		57478235	0	6	20037	6	0	next	other	0
ss_22	1352	Picture	1;1;2;2;stand;false;	1	1	2	2	stand	false	57501612	0	6	10019	6	0	next	other	0
ss_22	1354	Response	3							57852652	10905	1
ss_22	1356	Picture	1;2;1;	1	2	1				57856608	0	2	13191	2	0	next	false_alarm	658
ss_22	1356	Response	1							57869652	13044	1
ss_22	1358	Picture	1;2;1;2;sit;	1	2	1	2	sit		57874808	0	6	20037	6	0	next	other	0
ss_22	1360	Picture	1;2;1;2;sit;false;	1	2	1	2	sit	false	57898018	0	6	10019	6	0	next	other	0
ss_22	1362	Response	3							58245892	7739	1
ss_22	1364	Picture	1;2;1;	1	2	1				58250008	0	1	11021	1	0	next	false_alarm	663
ss_22	1364	Response	2							58260932	10924	1
ss_22	1366	Picture	1;2;1;1;sit;	1	2	1	1	sit		58264870	0	6	20037	6	0	next	other	0
ss_22	1368	Picture	1;2;1;1;sit;true;	1	2	1	1	sit	true	58288914	0	6	10019	6	0	next	other	0
ss_22	1375	Response	3							58675532	46984	1
ss_22	1377	Picture	1;1;2;	1	1	2				58679476	0	1	10520	1	0	next	false_alarm	668
ss_22	1377	Response	2							58689852	10376	1
ss_22	1379	Picture	1;1;2;2;sit;	1	1	2	2	sit		58694337	0	6	20037	6	0	next	other	0
ss_22	1381	Picture	1;1;2;2;sit;true;	1	1	2	2	sit	true	58717881	0	6	10019	6	0	next	other	0
ss_22	1388	Response	3							59099812	42297	1
ss_22	1390	Picture	1;1;2;	1	1	2				59104770	0	1	8850	1	0	next	false_alarm	673
ss_22	1390	Response	1							59113492	8722	1
ss_22	1392	Picture	1;1;2;1;stand;	1	1	2	1	stand		59117126	0	6	20037	7	0	next	other	0
ss_22	1394	Picture	1;1;2;1;stand;true;	1	1	2	1	stand	true	59141338	0	6	10019	6	0	next	other	0
ss_22	1401	Response	3							59507132	26160	1
ss_22	1403	Picture	1;1;2;	1	1	2				59511028	0	1	21206	1	0	next	false_alarm	678
ss_22	1403	Response	1							59532092	21064	1
ss_22	1405	Picture	1;1;2;1;stand;	1	1	2	1	stand		59537076	0	6	20037	6	0	next	other	0
ss_22	1407	Picture	1;1;2;1;stand;true;	1	1	2	1	stand	true	59560954	0	6	10019	6	0	next	other	0
ss_22	1414	Response	3							59923972	23384	1
ss_22	1416	Picture	1;1;2;	1	1	2				59927638	0	1	12857	1	0	next	false_alarm	683
ss_22	1416	Response	2							59940292	12653	1
ss_22	1418	Picture	1;1;2;2;stand;	1	1	2	2	stand		59944503	0	6	20037	6	0	next	other	0
ss_22	1420	Picture	1;1;2;2;stand;false;	1	1	2	2	stand	false	59969216	0	6	10019	6	0	next	other	0
ss_22	1422	Response	3							61576372	1267021	1
ss_22	1424	Picture	1;2;1;	1	2	1				61580389	0	1	11688	1	0	next	false_alarm	688
ss_22	1424	Response	1							61591892	11503	1
ss_22	1426	Picture	1;2;1;2;stand;	1	2	1	2	stand		61596419	0	6	20037	6	0	next	other	0
ss_22	1428	Picture	1;2;1;2;stand;true;	1	2	1	2	stand	true	61620129	0	6	10019	6	0	next	other	0
ss_22	1435	Response	3							61993692	33928	1
ss_22	1437	Picture	1;1;2;	1	1	2				61998168	0	1	8015	1	0	next	false_alarm	693
ss_22	1437	Response	1							62006131	7963	1
ss_22	1439	Picture	1;1;2;1;stand;	1	1	2	1	stand		62009857	0	6	20037	6	0	next	other	0
ss_22	1441	Picture	1;1;2;1;stand;true;	1	1	2	1	stand	true	62033567	0	6	10019	7	0	next	other	0
ss_22	1448	Response	3							62391891	18690	1
ss_22	1450	Picture	1;1;2;	1	1	2				62395743	0	1	10353	1	0	next	false_alarm	698
ss_22	1450	Response	2							62405891	10148	1
ss_22	1452	Picture	1;1;2;2;sit;	1	1	2	2	sit		62410103	0	6	20037	6	0	next	other	0
ss_22	1454	Picture	1;1;2;2;sit;true;	1	1	2	2	sit	true	62433981	0	7	10019	7	0	next	other	0
ss_22	1461	Response	3							62801412	27797	1
ss_22	1463	Picture	1;2;1;	1	2	1				62804840	0	1	6679	1	0	next	false_alarm	703
ss_22	1463	Response	2							62811451	6612	1
ss_22	1465	Picture	1;2;1;1;stand;	1	2	1	1	stand		62816194	0	6	20037	6	0	next	other	0
ss_22	1467	Picture	1;2;1;1;stand;true;	1	2	1	1	stand	true	62839404	0	6	10019	6	0	next	other	0
ss_22	1474	Response	3							63207211	28173	1
ss_22	1476	Picture	1;1;2;	1	1	2				63211432	0	1	7180	1	0	next	false_alarm	708
ss_22	1476	Response	2							63218451	7020	0
ss_22	1478	Picture	1;1;2;2;stand;	1	1	2	2	stand		63221784	0	6	20037	7	0	next	other	0
ss_22	1480	Picture	1;1;2;2;stand;false;	1	1	2	2	stand	false	63246664	0	6	10019	6	0	next	other	0
ss_22	1482	Response	3							63602851	16053	1
ss_22	1484	Picture	1;2;1;	1	2	1				63606168	0	1	9852	1	0	next	false_alarm	713
ss_22	1484	Response	1							63615971	9803	1
ss_22	1486	Picture	1;2;1;2;sit;	1	2	1	2	sit		63620695	0	6	20037	6	0	next	other	0
ss_22	1488	Picture	1;2;1;2;sit;false;	1	2	1	2	sit	false	63645241	0	6	10019	6	0	next	other	0
ss_22	1490	Response	3							64001891	16516	1
ss_22	1492	Picture	1;1;2;	1	1	2				64005413	0	1	8850	1	0	next	false_alarm	718
ss_22	1492	Response	2							64014051	8638	1
ss_22	1494	Picture	1;1;2;2;stand;	1	1	2	2	stand		64019272	0	6	20037	6	0	next	other	0
ss_22	1496	Picture	1;1;2;2;stand;true;	1	1	2	2	stand	true	64043317	0	6	10019	6	0	next	other	0
ss_22	1503	Response	3							64409131	26180	1
ss_22	1505	Picture	1;1;2;	1	1	2				64414343	0	1	8015	1	0	next	false_alarm	723
ss_22	1505	Response	2							64422171	7828	1
ss_22	1507	Picture	1;1;2;2;sit;	1	1	2	2	sit		64427033	0	6	20037	6	0	next	other	0
ss_22	1509	Picture	1;1;2;2;sit;false;	1	1	2	2	sit	false	64450911	0	6	10019	6	0	next	other	0
ss_22	1511	Response	3							64802051	11006	0
ss_22	1513	Picture	1;2;1;	1	2	1				64805406	0	1	10186	1	0	next	false_alarm	728
ss_22	1513	Response	2							64815491	10085	1
ss_22	1515	Picture	1;2;1;1;stand;	1	2	1	1	stand		64819432	0	6	20037	6	0	next	other	0
ss_22	1517	Picture	1;2;1;1;stand;true;	1	2	1	1	stand	true	64843811	0	6	10019	6	0	next	other	0
ss_22	1524	Response	3							65207051	23606	1
ss_22	1526	Picture	1;1;2;	1	1	2				65210662	0	1	12857	1	0	next	false_alarm	733
ss_22	1526	Response	1							65223411	12749	1
ss_22	1528	Picture	1;1;2;1;stand;	1	1	2	1	stand		65226692	0	6	20037	6	0	next	other	0
ss_22	1530	Picture	1;1;2;1;stand;true;	1	1	2	1	stand	true	65251238	0	6	10019	6	0	next	other	0
ss_22	1537	Response	3							65612771	21900	1
ss_22	1539	Picture	1;2;1;	1	2	1				65617421	0	1	5343	1	0	next	false_alarm	738
ss_22	1539	Response	1							65622571	5150	1
ss_22	1541	Picture	1;2;1;2;stand;	1	2	1	2	stand		65627105	0	6	20037	6	0	next	other	0
ss_22	1543	Picture	1;2;1;2;stand;false;	1	2	1	2	stand	false	65651985	0	6	10019	6	0	next	other	0
ss_22	1545	Response	3							66026451	34331	1
ss_22	1547	Picture	1;2;1;	1	2	1				66029857	0	1	6345	1	0	next	false_alarm	743
ss_22	1547	Response	2							66036051	6194	1
ss_22	1549	Picture	1;2;1;1;stand;	1	2	1	1	stand		66041044	0	6	20037	7	0	next	other	0
ss_22	1551	Picture	1;2;1;1;stand;true;	1	2	1	1	stand	true	66064922	0	6	10019	6	0	next	other	0
ss_22	1558	Response	3							66430331	25775	1
ss_22	1560	Picture	1;1;2;	1	1	2				66434445	0	1	9184	1	0	next	false_alarm	748
ss_22	1560	Response	2							66443451	9006	1
ss_22	1562	Picture	1;1;2;2;sit;	1	1	2	2	sit		66447636	0	7	20037	7	0	next	other	0
ss_22	1564	Picture	1;1;2;2;sit;false;	1	1	2	2	sit	false	66471180	0	6	10019	6	0	next	other	0
ss_22	1566	Response	3							66820331	9016	1
ss_22	1568	Picture	1;2;1;	1	2	1				66824673	0	1	6178	1	0	next	false_alarm	753
ss_22	1568	Response	1							66830731	6058	1
ss_22	1570	Picture	1;2;1;2;sit;	1	2	1	2	sit		66835694	0	6	20037	6	0	next	other	0
ss_22	1572	Picture	1;2;1;2;sit;true;	1	2	1	2	sit	true	66860573	0	6	10019	6	0	next	other	0
ss_22	1579	Response	3							67238451	38244	1
ss_22	1581	Picture	1;2;1;	1	2	1				67242286	0	1	6345	4	0	next	false_alarm	758
ss_22	1581	Response	2							67248451	6165	1
ss_22	1583	Picture	1;2;1;1;stand;	1	2	1	1	stand		67252805	0	7	20037	7	0	next	other	0
ss_22	1585	Picture	1;2;1;1;stand;true;	1	2	1	1	stand	true	67276516	0	6	10019	6	0	next	other	0
ss_22	1592	Response	3							67668331	52181	1
ss_22	1594	Picture	1;1;2;	1	1	2				67672088	0	1	7013	1	0	next	false_alarm	763
ss_22	1594	Response	2							67679011	6923	1
ss_22	1596	Picture	1;1;2;2;sit;	1	1	2	2	sit		67682440	0	6	20037	6	0	next	other	0
ss_22	1598	Picture	1;1;2;2;sit;true;	1	1	2	2	sit	true	67706819	0	6	10019	6	0	next	other	0
ss_22	1605	Response	3							68089091	42638	1
ss_22	1607	Picture	1;2;1;	1	2	1				68093207	0	1	8015	1	0	next	false_alarm	768
ss_22	1607	Response	2							68101051	7844	1
ss_22	1609	Picture	1;2;1;1;stand;	1	2	1	1	stand		68106064	0	6	20037	6	0	next	other	0
ss_22	1611	Picture	1;2;1;1;stand;true;	1	2	1	1	stand	true	68129608	0	6	10019	6	0	next	other	0
ss_22	1618	Response	3							68478291	9049	1
ss_22	1620	Picture	1;1;2;	1	1	2				68483268	0	1	13859	1	0	next	false_alarm	773
ss_22	1620	Response	2							68497051	13783	1
ss_22	1622	Picture	1;1;2;2;stand;	1	1	2	2	stand		68500633	0	6	20037	6	0	next	other	0
ss_22	1624	Picture	1;1;2;2;stand;true;	1	1	2	2	stand	true	68525012	0	6	10019	6	0	next	other	0
ss_22	1631	Response	3							68879171	14525	1
ss_22	1633	Picture	1;2;1;	1	2	1				68882513	0	1	9351	1	0	next	false_alarm	778
ss_22	1633	Response	1							68891811	9298	1
ss_22	1635	Picture	1;2;1;2;sit;	1	2	1	2	sit		68896873	0	6	20037	6	0	next	other	0
ss_22	1637	Picture	1;2;1;2;sit;true;	1	2	1	2	sit	true	68920584	0	6	10019	6	0	next	other	0
ss_22	1644	Response	3							69295211	34993	1
ss_22	1646	Picture	1;2;1;	1	2	1				69299958	0	1	10687	1	0	next	false_alarm	783
ss_22	1646	Response	1							69310490	10532	1
ss_22	1648	Picture	1;2;1;2;sit;	1	2	1	2	sit		69315153	0	6	20037	6	0	next	other	0
ss_22	1650	Picture	1;2;1;2;sit;false;	1	2	1	2	sit	false	69339866	0	6	10019	6	0	next	other	0
ss_22	1652	Response	3							69702210	22210	0
ss_22	1654	Picture	1;2;1;	1	2	1				69706884	0	1	9184	1	0	next	false_alarm	788
ss_22	1654	Response	1							69715891	9007	1
ss_22	1656	Picture	1;2;1;2;stand;	1	2	1	2	stand		69720409	0	6	20037	6	0	next	other	0
ss_22	1658	Picture	1;2;1;2;stand;false;	1	2	1	2	stand	false	69744788	0	6	10019	6	0	next	other	0
ss_22	1660	Response	3							70096810	11888	1
ss_22	1662	Picture	1;1;2;	1	1	2				70101620	0	1	12189	1	0	next	false_alarm	793
ss_22	1662	Response	1							70113730	12110	1
ss_22	1664	Picture	1;1;2;1;stand;	1	1	2	1	stand		70117149	0	6	20037	6	0	next	other	0
ss_22	1666	Picture	1;1;2;1;stand;false;	1	1	2	1	stand	false	70140860	0	6	10019	6	0	next	other	0
ss_22	1668	Response	3							70503491	22496	1
ss_22	1670	Picture	1;1;2;	1	1	2				70508546	0	1	8850	1	0	next	false_alarm	798
ss_22	1670	Response	2							70517330	8784	1
ss_22	1672	Picture	1;1;2;2;stand;	1	1	2	2	stand		70520903	0	6	20037	6	0	next	other	0
ss_22	1674	Picture	1;1;2;2;stand;false;	1	1	2	2	stand	false	70544113	0	6	10019	6	0	next	other	0


{
   "app": "Presentation Version 21.0 Build 06.06.19",
   "device": "Dell Inc. OptiPlex 7040",
   "experiment": "{783366C0-BBCE-4F44-80DE-11CDC1AD73DF}",
   "os": "Windows 10 64 bit",
   "package": "",
   "parameters": {
      "configuration": "Default configuration"
   },
   "scenario": "Case 686.sce",
   "subject": "ss_22",
   "timestamp": "2022/03/23 21:32:19 GMT"
}
