Scenario - 
Logfile written - 04/14/2022 18:18:31

Subject	Trial	Event Type	Code	block(str)	left_stim(str)	right_stim(str)	stim_chosen(str)	instruct(str)	reward(str)	Time	TTime	Uncertainty	Duration	Uncertainty	ReqTime	ReqDur	Stim Type	Pair Index

ss_31	1	Response	3							324502	324341	0
ss_31	3	Picture	1;1;2;	1	1	2				328607	0	1	11521	1	0	next	false_alarm	3
ss_31	3	Response	1							339942	11335	1
ss_31	5	Picture	1;1;2;1;sit;	1	1	2	1	sit		344804	0	8	20037	8	0	next	other	0
ss_31	7	Picture	1;1;2;1;sit;true;	1	1	2	1	sit	true	369851	0	6	10019	6	0	next	other	0
ss_31	14	Response	3							775382	65898	1
ss_31	16	Picture	1;2;1;	1	2	1				780450	0	1	8850	1	0	next	false_alarm	8
ss_31	16	Response	2							789142	8692	1
ss_31	18	Picture	1;2;1;1;sit;	1	2	1	1	sit		793976	0	6	20037	6	0	next	other	0
ss_31	20	Picture	1;2;1;1;sit;true;	1	2	1	1	sit	true	818688	0	6	10019	6	0	next	other	0
ss_31	27	Response	3							1214062	55740	1
ss_31	29	Picture	1;2;1;	1	2	1				1217933	0	1	7848	1	0	next	false_alarm	13
ss_31	29	Response	1							1225582	7649	1
ss_31	31	Picture	1;2;1;2;stand;	1	2	1	2	stand		1228954	0	6	20037	6	0	next	other	0
ss_31	33	Picture	1;2;1;2;stand;false;	1	2	1	2	stand	false	1252164	0	6	10019	6	0	next	other	0
ss_31	35	Response	3							1608942	16644	1
ss_31	37	Picture	1;1;2;	1	1	2				1613839	0	1	8015	1	0	next	false_alarm	18
ss_31	37	Response	1							1621742	7904	1
ss_31	39	Picture	1;1;2;1;sit;	1	1	2	1	sit		1626362	0	6	20037	6	0	next	other	0
ss_31	41	Picture	1;1;2;1;sit;true;	1	1	2	1	sit	true	1650407	0	6	10019	6	0	next	other	0
ss_31	48	Response	3							2040862	50822	1
ss_31	50	Picture	1;2;1;	1	2	1				2045811	0	1	7013	1	0	next	false_alarm	23
ss_31	50	Response	1							2052701	6890	0
ss_31	52	Picture	1;2;1;2;stand;	1	2	1	2	stand		2056164	0	6	20037	6	0	next	other	0
ss_31	54	Picture	1;2;1;2;stand;true;	1	2	1	2	stand	true	2080042	0	6	10019	6	0	next	other	0
ss_31	61	Response	3							2443702	24027	1
ss_31	63	Picture	1;2;1;	1	2	1				2447561	0	1	6011	1	0	next	false_alarm	28
ss_31	63	Response	2							2453502	5941	1
ss_31	65	Picture	1;2;1;1;sit;	1	2	1	1	sit		2457913	0	7	20037	7	0	next	other	0
ss_31	67	Picture	1;2;1;1;sit;false;	1	2	1	1	sit	false	2481123	0	6	10019	6	0	next	other	0
ss_31	69	Response	3							2836462	15204	0
ss_31	71	Picture	1;2;1;	1	2	1				2840627	0	1	8182	1	0	next	false_alarm	33
ss_31	71	Response	2							2848702	8074	0
ss_31	73	Picture	1;2;1;1;sit;	1	2	1	1	sit		2851982	0	6	20037	6	0	next	other	0
ss_31	75	Picture	1;2;1;1;sit;true;	1	2	1	1	sit	true	2876027	0	6	10019	6	0	next	other	0
ss_31	82	Response	3							3265421	49761	1
ss_31	84	Picture	1;1;2;	1	1	2				3270262	0	1	6345	1	0	next	false_alarm	38
ss_31	84	Response	1							3276461	6199	1
ss_31	86	Picture	1;1;2;1;stand;	1	1	2	1	stand		3279947	0	6	20037	6	0	next	other	0
ss_31	88	Picture	1;1;2;1;stand;false;	1	1	2	1	stand	false	3304326	0	6	10019	6	0	next	other	0
ss_31	90	Response	3							3658501	14041	1
ss_31	92	Picture	1;1;2;	1	1	2				3661826	0	1	8349	1	0	next	false_alarm	43
ss_31	92	Response	1							3670021	8195	1
ss_31	94	Picture	1;1;2;1;sit;	1	1	2	1	sit		3674015	0	7	20037	7	0	next	other	0
ss_31	96	Picture	1;1;2;1;sit;true;	1	1	2	1	sit	true	3697225	0	6	10019	6	0	next	other	0
ss_31	103	Response	3							4079861	43002	1
ss_31	105	Picture	1;2;1;	1	2	1				4083613	0	1	9017	1	0	next	false_alarm	48
ss_31	105	Response	1							4092541	8928	0
ss_31	107	Picture	1;2;1;2;stand;	1	2	1	2	stand		4096637	0	6	20037	6	0	next	other	0
ss_31	109	Picture	1;2;1;2;stand;false;	1	2	1	2	stand	false	4121183	0	6	10019	6	0	next	other	0
ss_31	111	Response	3							4471541	10224	1
ss_31	113	Picture	1;1;2;	1	1	2				4476345	0	1	6011	1	0	next	false_alarm	53
ss_31	113	Response	2							4482181	5836	1
ss_31	115	Picture	1;1;2;2;sit;	1	1	2	2	sit		4487366	0	6	20037	6	0	next	other	0
ss_31	117	Picture	1;1;2;2;sit;false;	1	1	2	2	sit	false	4511077	0	6	10019	6	0	next	other	0
ss_31	119	Response	3							4860061	8849	1
ss_31	121	Picture	1;2;1;	1	2	1				4864403	0	1	7681	1	0	next	false_alarm	58
ss_31	121	Response	1							4871980	7578	1
ss_31	123	Picture	1;2;1;2;stand;	1	2	1	2	stand		4877093	0	6	20037	6	0	next	other	0
ss_31	125	Picture	1;2;1;2;stand;true;	1	2	1	2	stand	true	4901973	0	6	10019	6	0	next	other	0
ss_31	132	Response	3							5252580	10974	1
ss_31	134	Picture	1;2;1;	1	2	1				5257135	0	1	4175	1	0	next	false_alarm	63
ss_31	134	Response	2							5261260	4125	1
ss_31	136	Picture	1;2;1;1;sit;	1	2	1	1	sit		5264983	0	6	20037	7	0	next	other	0
ss_31	138	Picture	1;2;1;1;sit;true;	1	2	1	1	sit	true	5289529	0	6	10019	6	0	next	other	0
ss_31	145	Response	3							5677540	48378	1
ss_31	147	Picture	1;2;1;	1	2	1				5681427	0	1	4675	1	0	next	false_alarm	68
ss_31	147	Response	1							5685980	4554	1
ss_31	149	Picture	1;2;1;2;sit;	1	2	1	2	sit		5689776	0	6	20037	7	0	next	other	0
ss_31	151	Picture	1;2;1;2;sit;true;	1	2	1	2	sit	true	5714656	0	6	10019	7	0	next	other	0
ss_31	158	Response	3							6078820	24531	1
ss_31	160	Picture	1;2;1;	1	2	1				6083176	0	1	8015	1	0	next	false_alarm	73
ss_31	160	Response	1							6090980	7804	1
ss_31	162	Picture	1;2;1;2;stand;	1	2	1	2	stand		6094698	0	6	20037	6	0	next	other	0
ss_31	164	Picture	1;2;1;2;stand;false;	1	2	1	2	stand	false	6118409	0	6	10019	6	0	next	other	0
ss_31	166	Response	3							6466020	7477	1
ss_31	168	Picture	1;2;1;	1	2	1				6470399	0	1	6178	1	0	next	false_alarm	78
ss_31	168	Response	1							6476420	6021	1
ss_31	170	Picture	1;2;1;2;stand;	1	2	1	2	stand		6480751	0	6	20037	6	0	next	other	0
ss_31	172	Picture	1;2;1;2;stand;false;	1	2	1	2	stand	false	6505464	0	6	10019	6	0	next	other	0
ss_31	174	Response	3							6858860	13262	0
ss_31	176	Picture	1;1;2;	1	1	2				6863298	0	1	5677	1	0	next	false_alarm	83
ss_31	176	Response	2							6868860	5562	1
ss_31	178	Picture	1;1;2;2;sit;	1	1	2	2	sit		6872482	0	6	20037	6	0	next	other	0
ss_31	180	Picture	1;1;2;2;sit;false;	1	1	2	2	sit	false	6895692	0	6	10019	6	0	next	other	0
ss_31	182	Response	3							7243020	7193	1
ss_31	184	Picture	1;1;2;	1	1	2				7246513	0	1	5009	1	0	next	false_alarm	88
ss_31	184	Response	1							7251460	4947	1
ss_31	186	Picture	1;1;2;1;sit;	1	1	2	1	sit		7255029	0	6	20037	6	0	next	other	0
ss_31	188	Picture	1;1;2;1;sit;true;	1	1	2	1	sit	true	7278740	0	6	10019	6	0	next	other	0
ss_31	195	Response	3							7665540	47166	1
ss_31	197	Picture	1;2;1;	1	2	1				7669302	0	1	6679	1	0	next	false_alarm	93
ss_31	197	Response	1							7675780	6478	1
ss_31	199	Picture	1;2;1;2;sit;	1	2	1	2	sit		7679154	0	6	20037	6	0	next	other	0
ss_31	201	Picture	1;2;1;2;sit;true;	1	2	1	2	sit	true	7703365	0	6	10019	6	0	next	other	0
ss_31	208	Response	3							8090819	47820	0
ss_31	210	Picture	1;2;1;	1	2	1				8094261	0	1	7848	1	0	next	false_alarm	98
ss_31	210	Response	2							8102020	7758	1
ss_31	212	Picture	1;2;1;1;stand;	1	2	1	1	stand		8105950	0	7	20037	7	0	next	other	0
ss_31	214	Picture	1;2;1;1;stand;true;	1	2	1	1	stand	true	8130830	0	6	10019	7	0	next	other	0
ss_31	221	Response	3							8485739	15276	1
ss_31	223	Picture	1;1;2;	1	1	2				8489165	0	1	5009	1	0	next	false_alarm	103
ss_31	223	Response	2							8494060	4895	1
ss_31	225	Picture	1;1;2;2;stand;	1	1	2	2	stand		8497848	0	6	20037	6	0	next	other	0
ss_31	227	Picture	1;1;2;2;stand;true;	1	1	2	2	stand	true	8522059	0	6	10019	6	0	next	other	0
ss_31	234	Response	3							8872819	11126	1
ss_31	236	Picture	1;2;1;	1	2	1				8877055	0	1	9351	1	0	next	false_alarm	108
ss_31	236	Response	2							8886259	9204	1
ss_31	238	Picture	1;2;1;1;sit;	1	2	1	1	sit		8890079	0	6	20037	6	0	next	other	0
ss_31	240	Picture	1;2;1;1;sit;false;	1	2	1	1	sit	false	8913289	0	7	10019	7	0	next	other	0
ss_31	242	Response	3							9261299	7876	1
ss_31	244	Picture	1;1;2;	1	1	2				9265446	0	1	5009	1	0	next	false_alarm	113
ss_31	244	Response	1							9270299	4853	1
ss_31	246	Picture	1;1;2;1;stand;	1	1	2	1	stand		9273795	0	6	20037	6	0	next	other	0
ss_31	248	Picture	1;1;2;1;stand;true;	1	1	2	1	stand	true	9298174	0	6	10019	7	0	next	other	0
ss_31	255	Response	3							9650339	12531	1
ss_31	257	Picture	1;2;1;	1	2	1				9655340	0	1	10019	1	0	next	false_alarm	118
ss_31	257	Response	1							9665259	9919	1
ss_31	259	Picture	1;2;1;2;stand;	1	2	1	2	stand		9668865	0	6	20037	6	0	next	other	0
ss_31	261	Picture	1;2;1;2;stand;true;	1	2	1	2	stand	true	9692075	0	6	10019	7	0	next	other	0
ss_31	268	Response	3							10042219	10510	1
ss_31	270	Picture	1;1;2;	1	1	2				10046069	0	1	6011	1	0	next	false_alarm	123
ss_31	270	Response	2							10051978	5909	1
ss_31	272	Picture	1;1;2;2;stand;	1	1	2	2	stand		10055921	0	6	20037	6	0	next	other	0
ss_31	274	Picture	1;1;2;2;stand;true;	1	1	2	2	stand	true	10079966	0	6	10019	6	0	next	other	0
ss_31	281	Response	3							10428459	8859	1
ss_31	283	Picture	1;2;1;	1	2	1				10432457	0	1	5844	1	0	next	false_alarm	128
ss_31	283	Response	1							10438219	5762	1
ss_31	285	Picture	1;2;1;2;stand;	1	2	1	2	stand		10443310	0	6	20037	6	0	next	other	0
ss_31	287	Picture	1;2;1;2;stand;false;	1	2	1	2	stand	false	10468357	0	6	10019	6	0	next	other	0
ss_31	289	Response	3							10819219	10727	0
ss_31	291	Picture	1;2;1;	1	2	1				10824354	0	1	6345	1	0	next	false_alarm	133
ss_31	291	Response	2							10830578	6224	1
ss_31	293	Picture	1;2;1;1;sit;	1	2	1	1	sit		10835208	0	6	20037	6	0	next	other	0
ss_31	295	Picture	1;2;1;1;sit;true;	1	2	1	1	sit	true	10859921	0	6	10019	6	0	next	other	0
ss_31	302	Response	3							11254298	54744	0
ss_31	304	Picture	1;2;1;	1	2	1				11258665	0	1	6512	1	0	next	false_alarm	138
ss_31	304	Response	1							11265099	6434	0
ss_31	306	Picture	1;2;1;2;sit;	1	2	1	2	sit		11268850	0	6	20037	6	0	next	other	0
ss_31	308	Picture	1;2;1;2;sit;false;	1	2	1	2	sit	false	11292394	0	6	10019	6	0	next	other	0
ss_31	310	Response	3							11637818	5290	1
ss_31	312	Picture	1;2;1;	1	2	1				11642213	0	1	4675	1	0	next	false_alarm	143
ss_31	312	Response	1							11646738	4525	0
ss_31	314	Picture	1;2;1;2;stand;	1	2	1	2	stand		11650896	0	6	20037	6	0	next	other	0
ss_31	316	Picture	1;2;1;2;stand;true;	1	2	1	2	stand	true	11673939	0	6	10019	6	0	next	other	0
ss_31	323	Response	3							12025818	12245	1
ss_31	325	Picture	1;1;2;	1	1	2				12030939	0	1	4508	1	0	next	false_alarm	148
ss_31	325	Response	2							12035338	4400	1
ss_31	327	Picture	1;1;2;2;stand;	1	1	2	2	stand		12038787	0	6	20037	6	0	next	other	0
ss_31	329	Picture	1;1;2;2;stand;true;	1	1	2	2	stand	true	12062664	0	6	10019	6	0	next	other	0
ss_31	336	Response	3							12410698	8400	1
ss_31	338	Picture	1;1;2;	1	1	2				12414988	0	1	3507	1	0	next	false_alarm	153
ss_31	338	Response	1							12418418	3429	1
ss_31	340	Picture	1;1;2;1;sit;	1	1	2	1	sit		12421667	0	6	20037	6	0	next	other	0
ss_31	342	Picture	1;1;2;1;sit;false;	1	1	2	1	sit	false	12445545	0	6	10019	6	0	next	other	0
ss_31	344	Response	3							12795018	9338	1
ss_31	346	Picture	1;1;2;	1	1	2				12799205	0	1	6011	1	0	next	false_alarm	158
ss_31	346	Response	1							12805018	5813	1
ss_31	348	Picture	1;1;2;1;sit;	1	1	2	1	sit		12809892	0	7	20037	7	0	next	other	0
ss_31	350	Picture	1;1;2;1;sit;false;	1	1	2	1	sit	false	12833102	0	6	10019	6	0	next	other	0
ss_31	352	Response	3							13179018	5782	0
ss_31	354	Picture	1;2;1;	1	2	1				13184090	0	1	5009	1	0	next	false_alarm	163
ss_31	354	Response	2							13188977	4888	1
ss_31	356	Picture	1;2;1;1;sit;	1	2	1	1	sit		13193107	0	6	20037	6	0	next	other	0
ss_31	358	Picture	1;2;1;1;sit;false;	1	2	1	1	sit	false	13217986	0	6	10019	6	0	next	other	0
ss_31	360	Response	3							13564857	6737	1
ss_31	362	Picture	1;1;2;	1	1	2				13569642	0	1	3673	1	0	next	false_alarm	168
ss_31	362	Response	1							13573137	3495	1
ss_31	364	Picture	1;1;2;1;sit;	1	1	2	1	sit		13576989	0	6	20037	7	0	next	other	0
ss_31	366	Picture	1;1;2;1;sit;false;	1	1	2	1	sit	false	13600867	0	6	10019	6	0	next	other	0
ss_31	368	Response	3							13945857	4855	1
ss_31	370	Picture	1;2;1;	1	2	1				13951020	0	1	19536	1	0	next	false_alarm	173
ss_31	370	Response	1							13970417	19397	1
ss_31	372	Picture	1;2;1;2;stand;	1	2	1	2	stand		13974564	0	7	20037	7	0	next	other	0
ss_31	374	Picture	1;2;1;2;stand;false;	1	2	1	2	stand	false	13997774	0	6	10019	7	0	next	other	0
ss_31	376	Response	3							14353097	15188	1
ss_31	378	Picture	1;2;1;	1	2	1				14356610	0	1	7013	1	0	next	false_alarm	178
ss_31	378	Response	2							14363497	6887	1
ss_31	380	Picture	1;2;1;1;sit;	1	2	1	1	sit		14367965	0	6	20037	6	0	next	other	0
ss_31	382	Picture	1;2;1;1;sit;true;	1	2	1	1	sit	true	14391509	0	6	10019	6	0	next	other	0
ss_31	389	Response	3							14765817	34674	0
ss_31	391	Picture	1;1;2;	1	1	2				14768879	0	1	8182	1	0	next	false_alarm	183
ss_31	391	Response	1							14776937	8057	1
ss_31	393	Picture	1;1;2;1;sit;	1	1	2	1	sit		14781570	0	6	20037	7	0	next	other	0
ss_31	395	Picture	1;1;2;1;sit;false;	1	1	2	1	sit	false	14806450	0	6	10019	6	0	next	other	0
ss_31	397	Response	3							16222936	1076352	1
ss_31	399	Picture	1;2;1;	1	2	1				16226599	0	1	7013	1	0	next	false_alarm	188
ss_31	399	Response	1							16233536	6938	0
ss_31	401	Picture	1;2;1;2;stand;	1	2	1	2	stand		16237118	0	6	20037	6	0	next	other	0
ss_31	403	Picture	1;2;1;2;stand;false;	1	2	1	2	stand	false	16260328	0	6	10019	6	0	next	other	0
ss_31	405	Response	3							16605736	5273	1
ss_31	407	Picture	1;2;1;	1	2	1				16610315	0	1	6512	1	0	next	false_alarm	193
ss_31	407	Response	2							16616656	6342	1
ss_31	409	Picture	1;2;1;1;sit;	1	2	1	1	sit		16621168	0	6	20037	6	0	next	other	0
ss_31	411	Picture	1;2;1;1;sit;false;	1	2	1	1	sit	false	16645046	0	6	10019	7	0	next	other	0
ss_31	413	Response	3							17012976	27796	1
ss_31	415	Picture	1;1;2;	1	1	2				17016906	0	1	6846	1	0	next	false_alarm	198
ss_31	415	Response	2							17023576	6670	1
ss_31	417	Picture	1;1;2;2;stand;	1	1	2	2	stand		17027927	0	6	20037	6	0	next	other	0
ss_31	419	Picture	1;1;2;2;stand;false;	1	1	2	2	stand	false	17052306	0	6	10019	6	0	next	other	0
ss_31	421	Response	3							17403216	10776	1
ss_31	423	Picture	1;1;2;	1	1	2				17408303	0	1	5844	1	0	next	false_alarm	203
ss_31	423	Response	1							17414016	5713	1
ss_31	425	Picture	1;1;2;1;sit;	1	1	2	1	sit		17418155	0	6	20037	7	0	next	other	0
ss_31	427	Picture	1;1;2;1;sit;true;	1	1	2	1	sit	true	17442200	0	6	10019	6	0	next	other	0
ss_31	434	Response	3							17831656	49822	1
ss_31	436	Picture	1;1;2;	1	1	2				17836602	0	1	9184	1	0	next	false_alarm	208
ss_31	436	Response	2							17845576	8974	1
ss_31	438	Picture	1;1;2;2;stand;	1	1	2	2	stand		17849292	0	6	20037	6	0	next	other	0
ss_31	440	Picture	1;1;2;2;stand;true;	1	1	2	2	stand	true	17874172	0	6	10019	6	0	next	other	0
ss_31	447	Response	3							18234456	20650	1
ss_31	449	Picture	1;1;2;	1	1	2				18239020	0	1	5844	1	0	next	false_alarm	213
ss_31	449	Response	2							18244696	5676	0
ss_31	451	Picture	1;1;2;2;stand;	1	1	2	2	stand		18249706	0	6	20037	6	0	next	other	0
ss_31	453	Picture	1;1;2;2;stand;false;	1	1	2	2	stand	false	18274252	0	6	10019	6	0	next	other	0
ss_31	455	Response	3							18623616	9229	1
ss_31	457	Picture	1;1;2;	1	1	2				18628413	0	1	7013	1	0	next	false_alarm	218
ss_31	457	Response	1							18635256	6843	1
ss_31	459	Picture	1;1;2;1;sit;	1	1	2	1	sit		18639099	0	6	20037	6	0	next	other	0
ss_31	461	Picture	1;1;2;1;sit;false;	1	1	2	1	sit	false	18662977	0	6	10019	6	0	next	other	0
ss_31	463	Response	3							19010255	7144	1
ss_31	465	Picture	1;2;1;	1	2	1				19014967	0	1	9017	1	0	next	false_alarm	223
ss_31	465	Response	1							19023935	8968	1
ss_31	467	Picture	1;2;1;2;stand;	1	2	1	2	stand		19028492	0	6	20037	7	0	next	other	0
ss_31	469	Picture	1;2;1;2;stand;false;	1	2	1	2	stand	false	19052036	0	6	10019	6	0	next	other	0
ss_31	471	Response	3							19398495	6325	1
ss_31	473	Picture	1;2;1;	1	2	1				19401855	0	1	6011	1	0	next	false_alarm	228
ss_31	473	Response	2							19407815	5960	1
ss_31	475	Picture	1;2;1;1;stand;	1	2	1	1	stand		19412375	0	6	20037	6	0	next	other	0
ss_31	477	Picture	1;2;1;1;stand;true;	1	2	1	1	stand	true	19435585	0	6	10019	7	0	next	other	0
ss_31	484	Response	3							19797055	21837	0
ss_31	486	Picture	1;2;1;	1	2	1				19802269	0	1	3673	1	0	next	false_alarm	233
ss_31	486	Response	1							19805735	3466	1
ss_31	488	Picture	1;2;1;2;stand;	1	2	1	2	stand		19809950	0	6	20037	6	0	next	other	0
ss_31	490	Picture	1;2;1;2;stand;false;	1	2	1	2	stand	false	19834329	0	7	10019	7	0	next	other	0
ss_31	492	Response	3							20187095	12632	1
ss_31	494	Picture	1;1;2;	1	1	2				20190493	0	1	6512	1	0	next	false_alarm	238
ss_31	494	Response	2							20196815	6321	1
ss_31	496	Picture	1;1;2;2;stand;	1	1	2	2	stand		20202015	0	6	20037	6	0	next	other	0
ss_31	498	Picture	1;1;2;2;stand;true;	1	1	2	2	stand	true	20225893	0	6	10019	6	0	next	other	0
ss_31	505	Response	3							20586854	21328	1
ss_31	507	Picture	1;1;2;	1	1	2				20591074	0	1	7180	1	0	next	false_alarm	243
ss_31	507	Response	1							20598094	7021	1
ss_31	509	Picture	1;1;2;1;stand;	1	1	2	1	stand		20602428	0	6	20037	6	0	next	other	0
ss_31	511	Picture	1;1;2;1;stand;true;	1	1	2	1	stand	true	20627475	0	6	10019	6	0	next	other	0
ss_31	518	Response	3							20980415	13306	0
ss_31	520	Picture	1;1;2;	1	1	2				20985142	0	1	3340	1	0	next	false_alarm	248
ss_31	520	Response	2							20988375	3232	1
ss_31	522	Picture	1;1;2;2;stand;	1	1	2	2	stand		20991821	0	6	20037	6	0	next	other	0
ss_31	524	Picture	1;1;2;2;stand;false;	1	1	2	2	stand	false	21015198	0	6	10019	6	0	next	other	0
ss_31	526	Response	3							21365214	9881	1
ss_31	528	Picture	1;1;2;	1	1	2				21369693	0	1	5176	1	0	next	false_alarm	253
ss_31	528	Response	1							21374694	5001	1
ss_31	530	Picture	1;1;2;1;stand;	1	1	2	1	stand		21379211	0	6	20037	7	0	next	other	0
ss_31	532	Picture	1;1;2;1;stand;true;	1	1	2	1	stand	true	21403423	0	6	10019	6	0	next	other	0
ss_31	539	Response	3							21752014	8958	1
ss_31	541	Picture	1;1;2;	1	1	2				21755413	0	1	2839	1	0	next	false_alarm	258
ss_31	541	Response	1							21758134	2722	1
ss_31	543	Picture	1;1;2;1;stand;	1	1	2	1	stand		21761925	0	6	20037	7	0	next	other	0
ss_31	545	Picture	1;1;2;1;stand;false;	1	1	2	1	stand	false	21785803	0	6	10019	6	0	next	other	0
ss_31	547	Response	3							22131174	5237	1
ss_31	549	Picture	1;1;2;	1	1	2				22134954	0	1	4508	1	0	next	false_alarm	263
ss_31	549	Response	1							22139374	4420	1
ss_31	551	Picture	1;1;2;1;stand;	1	1	2	1	stand		22142635	0	6	20037	6	0	next	other	0
ss_31	553	Picture	1;1;2;1;stand;true;	1	1	2	1	stand	true	22166179	0	6	10019	6	0	next	other	0
ss_31	560	Response	3							22513454	7642	1
ss_31	562	Picture	1;1;2;	1	1	2				22518336	0	1	3674	1	0	next	false_alarm	268
ss_31	562	Response	2							22521934	3598	1
ss_31	564	Picture	1;1;2;2;sit;	1	1	2	2	sit		22526351	0	6	20037	6	0	next	other	0
ss_31	566	Picture	1;1;2;2;sit;true;	1	1	2	2	sit	true	22551231	0	6	10019	6	0	next	other	0
ss_31	573	Response	3							22925934	35070	0
ss_31	575	Picture	1;1;2;	1	1	2				22930271	0	1	3674	1	0	next	false_alarm	273
ss_31	575	Response	1							22933814	3543	1
ss_31	577	Picture	1;1;2;1;stand;	1	1	2	1	stand		22938453	0	6	20037	6	0	next	other	0
ss_31	579	Picture	1;1;2;1;stand;true;	1	1	2	1	stand	true	22963333	0	6	10019	6	0	next	other	0
ss_31	586	Response	3							23310014	7048	1
ss_31	588	Picture	1;1;2;	1	1	2				23314488	0	1	2672	1	0	next	false_alarm	278
ss_31	588	Response	2							23317014	2526	1
ss_31	590	Picture	1;1;2;2;sit;	1	1	2	2	sit		23320666	0	6	20037	6	0	next	other	0
ss_31	592	Picture	1;1;2;2;sit;true;	1	1	2	2	sit	true	23344043	0	6	10019	6	0	next	other	0
ss_31	599	Response	3							23713094	29417	1
ss_31	601	Picture	1;2;1;	1	2	1				23716404	0	1	6679	1	0	next	false_alarm	283
ss_31	601	Response	2							23722894	6490	1
ss_31	603	Picture	1;2;1;1;sit;	1	2	1	1	sit		23727926	0	6	20037	6	0	next	other	0
ss_31	605	Picture	1;2;1;1;sit;true;	1	2	1	1	sit	true	23752471	0	6	10019	6	0	next	other	0
ss_31	612	Response	3							24107934	15829	1
ss_31	614	Picture	1;2;1;	1	2	1				24112643	0	1	25214	1	0	next	false_alarm	288
ss_31	614	Response	2							24137773	25130	1
ss_31	616	Picture	1;2;1;1;sit;	1	2	1	1	sit		24141697	0	6	20037	6	0	next	other	0
ss_31	618	Picture	1;2;1;1;sit;false;	1	2	1	1	sit	false	24165575	0	6	10019	6	0	next	other	0
ss_31	620	Response	3							24519293	13583	1
ss_31	622	Picture	1;1;2;	1	1	2				24523243	0	1	8182	1	0	next	false_alarm	293
ss_31	622	Response	2							24531333	8091	1
ss_31	624	Picture	1;1;2;2;stand;	1	1	2	2	stand		24535432	0	6	20037	6	0	next	other	0
ss_31	626	Picture	1;1;2;2;stand;true;	1	1	2	2	stand	true	24559811	0	6	10019	6	0	next	other	0
ss_31	633	Response	3							24918813	19369	0
ss_31	635	Picture	1;2;1;	1	2	1				24923990	0	1	5176	1	0	next	false_alarm	298
ss_31	635	Response	1							24929013	5023	1
ss_31	637	Picture	1;2;1;2;stand;	1	2	1	2	stand		24932673	0	6	20037	7	0	next	other	0
ss_31	639	Picture	1;2;1;2;stand;true;	1	2	1	2	stand	true	24956885	0	6	10019	7	0	next	other	0
ss_31	646	Response	3							25339253	42734	0
ss_31	648	Picture	1;2;1;	1	2	1				25343606	0	1	8182	1	0	next	false_alarm	303
ss_31	648	Response	2							25351613	8006	1
ss_31	650	Picture	1;2;1;1;stand;	1	2	1	1	stand		25354961	0	6	20037	6	0	next	other	0
ss_31	652	Picture	1;2;1;1;stand;false;	1	2	1	1	stand	false	25379841	0	6	10019	6	0	next	other	0
ss_31	654	Response	3							25735933	15958	0
ss_31	656	Picture	1;2;1;	1	2	1				25739178	0	1	3173	1	0	next	false_alarm	308
ss_31	656	Response	1							25742213	3035	1
ss_31	658	Picture	1;2;1;2;stand;	1	2	1	2	stand		25745523	0	6	20037	6	0	next	other	0
ss_31	660	Picture	1;2;1;2;stand;true;	1	2	1	2	stand	true	25770069	0	6	10019	6	0	next	other	0
ss_31	667	Response	3							26127092	17390	1
ss_31	669	Picture	1;2;1;	1	2	1				26130407	0	1	4842	1	0	next	false_alarm	313
ss_31	669	Response	2							26135132	4725	1
ss_31	671	Picture	1;2;1;1;sit;	1	2	1	1	sit		26139424	0	6	20037	6	0	next	other	0
ss_31	673	Picture	1;2;1;1;sit;true;	1	2	1	1	sit	true	26164137	0	6	10019	6	0	next	other	0
ss_31	680	Response	3							26562493	58722	1
ss_31	682	Picture	1;2;1;	1	2	1				26566721	0	1	5009	1	0	next	false_alarm	318
ss_31	682	Response	2							26571613	4891	1
ss_31	684	Picture	1;2;1;1;sit;	1	2	1	1	sit		26575571	0	6	20037	6	0	next	other	0
ss_31	686	Picture	1;2;1;1;sit;true;	1	2	1	1	sit	true	26600451	0	6	10019	7	0	next	other	0
ss_31	693	Response	3							26982293	42208	1
ss_31	695	Picture	1;1;2;	1	1	2				26986838	0	1	4007	1	0	next	false_alarm	323
ss_31	695	Response	1							26990773	3934	1
ss_31	697	Picture	1;1;2;1;stand;	1	1	2	1	stand		26994853	0	6	20037	7	0	next	other	0
ss_31	699	Picture	1;1;2;1;stand;false;	1	1	2	1	stand	false	27019900	0	6	10019	7	0	next	other	0
ss_31	701	Response	3							27371052	11018	1
ss_31	703	Picture	1;1;2;	1	1	2				27376064	0	1	4675	1	0	next	false_alarm	328
ss_31	703	Response	2							27380612	4548	1
ss_31	705	Picture	1;1;2;2;stand;	1	1	2	2	stand		27384580	0	6	20037	6	0	next	other	0
ss_31	707	Picture	1;1;2;2;stand;true;	1	1	2	2	stand	true	27409126	0	6	10019	7	0	next	other	0
ss_31	714	Response	3							27766292	17532	1
ss_31	716	Picture	1;1;2;	1	1	2				27771469	0	1	4508	1	0	next	false_alarm	333
ss_31	716	Response	2							27775892	4423	1
ss_31	718	Picture	1;1;2;2;stand;	1	1	2	2	stand		27780986	0	6	20037	6	0	next	other	0
ss_31	720	Picture	1;1;2;2;stand;true;	1	1	2	2	stand	true	27804697	0	6	10019	7	0	next	other	0
ss_31	727	Response	3							28161132	16801	0
ss_31	729	Picture	1;1;2;	1	1	2				28165370	0	1	6512	1	0	next	false_alarm	338
ss_31	729	Response	1							28171772	6402	1
ss_31	731	Picture	1;1;2;1;stand;	1	1	2	1	stand		28176892	0	6	20037	7	0	next	other	0
ss_31	733	Picture	1;1;2;1;stand;false;	1	1	2	1	stand	false	28201271	0	6	10019	6	0	next	other	0
ss_31	735	Response	3							28550612	9207	1
ss_31	737	Picture	1;1;2;	1	1	2				28553928	0	1	7347	1	0	next	false_alarm	343
ss_31	737	Response	2							28561092	7163	1
ss_31	739	Picture	1;1;2;2;stand;	1	1	2	2	stand		28566285	0	6	20037	6	0	next	other	0
ss_31	741	Picture	1;1;2;2;stand;false;	1	1	2	2	stand	false	28590497	0	6	10019	6	0	next	other	0
ss_31	743	Response	3							28938212	7580	0
ss_31	745	Picture	1;1;2;	1	1	2				28941318	0	1	4842	1	0	next	false_alarm	348
ss_31	745	Response	1							28946012	4694	1
ss_31	747	Picture	1;1;2;1;sit;	1	1	2	1	sit		28951002	0	6	20037	6	0	next	other	0
ss_31	749	Picture	1;1;2;1;sit;false;	1	1	2	1	sit	false	28974379	0	6	10019	6	0	next	other	0
ss_31	751	Response	3							29321651	7137	1
ss_31	753	Picture	1;1;2;	1	1	2				29325868	0	1	6679	1	0	next	false_alarm	353
ss_31	753	Response	2							29332371	6503	1
ss_31	755	Picture	1;1;2;2;stand;	1	1	2	2	stand		29335720	0	6	20037	6	0	next	other	0
ss_31	757	Picture	1;1;2;2;stand;false;	1	1	2	2	stand	false	29360767	0	6	10019	6	0	next	other	0
ss_31	759	Response	3							29706931	6030	1
ss_31	761	Picture	1;2;1;	1	2	1				29712089	0	1	5176	1	0	next	false_alarm	358
ss_31	761	Response	2							29717211	5122	1
ss_31	763	Picture	1;2;1;1;sit;	1	2	1	1	sit		29720438	0	6	20037	6	0	next	other	0
ss_31	765	Picture	1;2;1;1;sit;true;	1	2	1	1	sit	true	29744817	0	6	10019	6	0	next	other	0
ss_31	772	Response	3							30129211	44761	0
ss_31	774	Picture	1;2;1;	1	2	1				30133876	0	1	4842	1	0	next	false_alarm	363
ss_31	774	Response	2							30138651	4776	0
ss_31	776	Picture	1;2;1;1;stand;	1	2	1	1	stand		30142893	0	6	20037	6	0	next	other	0
ss_31	778	Picture	1;2;1;1;stand;false;	1	2	1	1	stand	false	30167104	0	6	10019	6	0	next	other	0
ss_31	780	Response	3							31299450	792211	1
ss_31	782	Picture	1;2;1;	1	2	1				31302723	0	1	9852	1	0	next	false_alarm	368
ss_31	782	Response	1							31312490	9768	1
ss_31	784	Picture	1;2;1;2;stand;	1	2	1	2	stand		31315747	0	6	20037	6	0	next	other	0
ss_31	786	Picture	1;2;1;2;stand;true;	1	2	1	2	stand	true	31340460	0	6	10019	6	0	next	other	0
ss_31	793	Response	3							31691971	11877	1
ss_31	795	Picture	1;1;2;	1	1	2				31696290	0	1	4174	1	0	next	false_alarm	373
ss_31	795	Response	2							31700411	4120	1
ss_31	797	Picture	1;1;2;2;sit;	1	1	2	2	sit		31703971	0	6	20037	6	0	next	other	0
ss_31	799	Picture	1;1;2;2;sit;false;	1	1	2	2	sit	false	31728016	0	6	10019	6	0	next	other	0
ss_31	801	Response	3							32078770	10620	1
ss_31	803	Picture	1;1;2;	1	1	2				32083346	0	1	8516	1	0	next	false_alarm	378
ss_31	803	Response	1							32091810	8465	1
ss_31	805	Picture	1;1;2;1;sit;	1	1	2	1	sit		32096537	0	6	20037	7	0	next	other	0
ss_31	807	Picture	1;1;2;1;sit;false;	1	1	2	1	sit	false	32120415	0	6	10019	6	0	next	other	0
ss_31	809	Response	3							32469290	8741	1
ss_31	811	Picture	1;2;1;	1	2	1				32473741	0	1	5677	1	0	next	false_alarm	383
ss_31	811	Response	1							32479250	5510	1
ss_31	813	Picture	1;2;1;2;stand;	1	2	1	2	stand		32482757	0	6	20037	7	0	next	other	0
ss_31	815	Picture	1;2;1;2;stand;true;	1	2	1	2	stand	true	32506635	0	6	10019	6	0	next	other	0
ss_31	822	Response	3							32867130	20861	1
ss_31	824	Picture	1;2;1;	1	2	1				32870648	0	1	5009	1	0	next	false_alarm	388
ss_31	824	Response	2							32875570	4922	1
ss_31	826	Picture	1;2;1;1;sit;	1	2	1	1	sit		32880499	0	6	20037	6	0	next	other	0
ss_31	828	Picture	1;2;1;1;sit;false;	1	2	1	1	sit	false	32904711	0	6	10019	6	0	next	other	0
ss_31	830	Response	3							33251690	6844	1
ss_31	832	Picture	1;1;2;	1	1	2				33255866	0	1	8349	1	0	next	false_alarm	393
ss_31	832	Response	1							33264050	8183	1
ss_31	834	Picture	1;1;2;1;sit;	1	1	2	1	sit		33267388	0	6	20037	7	0	next	other	0
ss_31	836	Picture	1;1;2;1;sit;false;	1	1	2	1	sit	false	33292435	0	6	10019	6	0	next	other	0
ss_31	838	Response	3							33638250	5681	1
ss_31	840	Picture	1;1;2;	1	1	2				33641753	0	1	6178	1	0	next	false_alarm	398
ss_31	840	Response	2							33647730	5977	0
ss_31	842	Picture	1;1;2;2;sit;	1	1	2	2	sit		33651438	0	6	20037	6	0	next	other	0
ss_31	844	Picture	1;1;2;2;sit;false;	1	1	2	2	sit	false	33675149	0	6	10019	6	0	next	other	0
ss_31	846	Response	3							34022730	7447	0
ss_31	848	Picture	1;1;2;	1	1	2				34026805	0	1	7514	1	0	next	false_alarm	403
ss_31	848	Response	2							34034130	7325	0
ss_31	850	Picture	1;1;2;2;sit;	1	1	2	2	sit		34038827	0	6	20037	6	0	next	other	0
ss_31	852	Picture	1;1;2;2;sit;true;	1	1	2	2	sit	true	34062705	0	6	10019	6	0	next	other	0
ss_31	859	Response	3							34465369	63031	1
ss_31	861	Picture	1;2;1;	1	2	1				34468796	0	1	7514	1	0	next	false_alarm	408
ss_31	861	Response	2							34476209	7414	1
ss_31	863	Picture	1;2;1;1;sit;	1	2	1	1	sit		34481152	0	6	20037	6	0	next	other	0
ss_31	865	Picture	1;2;1;1;sit;true;	1	2	1	1	sit	true	34505197	0	6	10019	6	0	next	other	0
ss_31	872	Response	3							34885409	40579	1
ss_31	874	Picture	1;2;1;	1	2	1				34889414	0	1	10854	1	0	next	false_alarm	413
ss_31	874	Response	2							34900209	10796	1
ss_31	876	Picture	1;2;1;1;stand;	1	2	1	1	stand		34903941	0	6	20037	6	0	next	other	0
ss_31	878	Picture	1;2;1;1;stand;false;	1	2	1	1	stand	false	34927819	0	6	10019	7	0	next	other	0
ss_31	880	Response	3							35278649	10696	1
ss_31	882	Picture	1;2;1;	1	2	1				35283315	0	1	4508	1	0	next	false_alarm	418
ss_31	882	Response	1							35287729	4414	1
ss_31	884	Picture	1;2;1;2;stand;	1	2	1	2	stand		35292499	0	6	20037	6	0	next	other	0
ss_31	886	Picture	1;2;1;2;stand;false;	1	2	1	2	stand	false	35315876	0	6	10019	6	0	next	other	0
ss_31	888	Response	3							35670689	14679	1
ss_31	890	Picture	1;2;1;	1	2	1				35675380	0	1	6679	1	0	next	false_alarm	423
ss_31	890	Response	2							35681969	6589	1
ss_31	892	Picture	1;2;1;1;sit;	1	2	1	1	sit		35686400	0	6	20037	6	0	next	other	0
ss_31	894	Picture	1;2;1;1;sit;true;	1	2	1	1	sit	true	35710946	0	6	10019	6	0	next	other	0
ss_31	901	Response	3							36106649	56069	1
ss_31	903	Picture	1;2;1;	1	2	1				36111694	0	1	5677	1	0	next	false_alarm	428
ss_31	903	Response	2							36117209	5515	1
ss_31	905	Picture	1;2;1;1;sit;	1	2	1	1	sit		36121546	0	6	20037	6	0	next	other	0
ss_31	907	Picture	1;2;1;1;sit;true;	1	2	1	1	sit	true	36144922	0	7	10019	7	0	next	other	0
ss_31	914	Response	3							36541889	57333	1
ss_31	916	Picture	1;2;1;	1	2	1				36545169	0	1	5510	1	0	next	false_alarm	433
ss_31	916	Response	1							36550529	5360	1
ss_31	918	Picture	1;2;1;2;stand;	1	2	1	2	stand		36553852	0	6	20037	7	0	next	other	0
ss_31	920	Picture	1;2;1;2;stand;true;	1	2	1	2	stand	true	36577563	0	6	10019	7	0	next	other	0
ss_31	927	Response	3							36932729	15532	1
ss_31	929	Picture	1;1;2;	1	1	2				36936399	0	1	5009	1	0	next	false_alarm	438
ss_31	929	Response	1							36941329	4930	1
ss_31	931	Picture	1;1;2;1;sit;	1	1	2	1	sit		36944581	0	6	20037	6	0	next	other	0
ss_31	933	Picture	1;1;2;1;sit;false;	1	1	2	1	sit	false	36968459	0	6	10019	6	0	next	other	0
ss_31	935	Response	3							37314889	6295	1
ss_31	937	Picture	1;2;1;	1	2	1				37319447	0	1	8015	1	0	next	false_alarm	443
ss_31	937	Response	2							37327408	7962	1
ss_31	939	Picture	1;2;1;1;sit;	1	2	1	1	sit		37330968	0	6	20037	6	0	next	other	0
ss_31	941	Picture	1;2;1;1;sit;false;	1	2	1	1	sit	false	37354679	0	6	10019	6	0	next	other	0
ss_31	943	Response	3							37705128	10315	1
ss_31	945	Picture	1;1;2;	1	1	2				37708673	0	1	8516	1	0	next	false_alarm	448
ss_31	945	Response	1							37717128	8455	0
ss_31	947	Picture	1;1;2;1;sit;	1	1	2	1	sit		37720528	0	6	20037	6	0	next	other	0
ss_31	949	Picture	1;1;2;1;sit;true;	1	1	2	1	sit	true	37744406	0	6	10019	6	0	next	other	0
ss_31	956	Response	3							38121568	37528	1
ss_31	958	Picture	1;1;2;	1	1	2				38124949	0	1	8015	1	0	next	false_alarm	453
ss_31	958	Response	2							38132888	7939	1
ss_31	960	Picture	1;1;2;2;sit;	1	1	2	2	sit		38137640	0	6	20037	6	0	next	other	0
ss_31	962	Picture	1;1;2;2;sit;true;	1	1	2	2	sit	true	38160850	0	6	10019	6	0	next	other	0
ss_31	969	Response	3							38558488	58005	1
ss_31	971	Picture	1;1;2;	1	1	2				38563267	0	1	7180	1	0	next	false_alarm	458
ss_31	971	Response	2							38570328	7061	1
ss_31	973	Picture	1;1;2;2;stand;	1	1	2	2	stand		38573954	0	6	20037	6	0	next	other	0
ss_31	975	Picture	1;1;2;2;stand;true;	1	1	2	2	stand	true	38597665	0	6	10019	7	0	next	other	0
ss_31	982	Response	3							38967208	29910	1
ss_31	984	Picture	1;2;1;	1	2	1				38971195	0	1	7013	1	0	next	false_alarm	463
ss_31	984	Response	2							38978048	6853	1
ss_31	986	Picture	1;2;1;1;sit;	1	2	1	1	sit		38983050	0	6	20037	6	0	next	other	0
ss_31	988	Picture	1;2;1;1;sit;false;	1	2	1	1	sit	false	39007930	0	6	10019	6	0	next	other	0
ss_31	990	Response	3							39359328	11263	1
ss_31	992	Picture	1;1;2;	1	1	2				39363427	0	1	5510	1	0	next	false_alarm	468
ss_31	992	Response	2							39368887	5461	1
ss_31	994	Picture	1;1;2;2;stand;	1	1	2	2	stand		39373278	0	6	20037	6	0	next	other	0
ss_31	996	Picture	1;1;2;2;stand;true;	1	1	2	2	stand	true	39397156	0	6	10019	7	0	next	other	0
ss_31	1003	Response	3							39751847	15058	1
ss_31	1005	Picture	1;2;1;	1	2	1				39755825	0	1	5009	1	0	next	false_alarm	473
ss_31	1005	Response	1							39760768	4942	0
ss_31	1007	Picture	1;2;1;2;sit;	1	2	1	2	sit		39765009	0	6	20037	6	0	next	other	0
ss_31	1009	Picture	1;2;1;2;sit;false;	1	2	1	2	sit	false	39789722	0	7	10019	7	0	next	other	0
ss_31	1011	Response	3							40140967	11111	1
ss_31	1013	Picture	1;1;2;	1	1	2				40144550	0	1	12022	1	0	next	false_alarm	478
ss_31	1013	Response	1							40156407	11857	1
ss_31	1015	Picture	1;1;2;1;sit;	1	1	2	1	sit		40161415	0	6	20037	6	0	next	other	0
ss_31	1017	Picture	1;1;2;1;sit;false;	1	1	2	1	sit	false	40184625	0	6	10019	6	0	next	other	0
ss_31	1019	Response	3							40533247	8488	1
ss_31	1021	Picture	1;1;2;	1	1	2				40536782	0	1	4842	1	0	next	false_alarm	483
ss_31	1021	Response	2							40541447	4665	0
ss_31	1023	Picture	1;1;2;2;stand;	1	1	2	2	stand		40545465	0	6	20037	6	0	next	other	0
ss_31	1025	Picture	1;1;2;2;stand;true;	1	1	2	2	stand	true	40570178	0	6	10019	6	0	next	other	0
ss_31	1032	Response	3							40927367	17556	1
ss_31	1034	Picture	1;2;1;	1	2	1				40930517	0	1	7514	1	0	next	false_alarm	488
ss_31	1034	Response	1							40937847	7330	0
ss_31	1036	Picture	1;2;1;2;stand;	1	2	1	2	stand		40941871	0	6	20037	6	0	next	other	0
ss_31	1038	Picture	1;2;1;2;stand;true;	1	2	1	2	stand	true	40966083	0	6	10019	7	0	next	other	0
ss_31	1045	Response	3							41328247	22531	0
ss_31	1047	Picture	1;2;1;	1	2	1				41331765	0	1	4341	1	0	next	false_alarm	493
ss_31	1047	Response	1							41336007	4242	1
ss_31	1049	Picture	1;2;1;2;stand;	1	2	1	2	stand		41340782	0	6	20037	6	0	next	other	0
ss_31	1051	Picture	1;2;1;2;stand;false;	1	2	1	2	stand	false	41365495	0	7	10019	7	0	next	other	0
ss_31	1053	Response	3							41715007	9378	1
ss_31	1055	Picture	1;1;2;	1	1	2				41718820	0	1	6178	1	0	next	false_alarm	498
ss_31	1055	Response	2							41724806	5986	1
ss_31	1057	Picture	1;1;2;2;stand;	1	1	2	2	stand		41728171	0	6	20037	6	0	next	other	0
ss_31	1059	Picture	1;1;2;2;stand;true;	1	1	2	2	stand	true	41752717	0	6	10019	6	0	next	other	0
ss_31	1066	Response	3							42108807	16456	1
ss_31	1068	Picture	1;2;1;	1	2	1				42112555	0	1	5844	1	0	next	false_alarm	503
ss_31	1068	Response	1							42118207	5652	1
ss_31	1070	Picture	1;2;1;2;stand;	1	2	1	2	stand		42121572	0	6	20037	6	0	next	other	0
ss_31	1072	Picture	1;2;1;2;stand;true;	1	2	1	2	stand	true	42146451	0	6	10019	6	0	next	other	0
ss_31	1079	Response	3							42505646	19561	1
ss_31	1081	Picture	1;1;2;	1	1	2				42508961	0	1	8182	1	0	next	false_alarm	508
ss_31	1081	Response	2							42517007	8045	0
ss_31	1083	Picture	1;1;2;2;stand;	1	1	2	2	stand		42520816	0	6	20037	6	0	next	other	0
ss_31	1085	Picture	1;1;2;2;stand;true;	1	1	2	2	stand	true	42544694	0	6	10019	6	0	next	other	0
ss_31	1092	Response	3							42897286	12959	0
ss_31	1094	Picture	1;2;1;	1	2	1				42900692	0	1	5009	1	0	next	false_alarm	513
ss_31	1094	Response	2							42905566	4875	1
ss_31	1096	Picture	1;2;1;1;sit;	1	2	1	1	sit		42908874	0	6	20037	7	0	next	other	0
ss_31	1098	Picture	1;2;1;1;sit;true;	1	2	1	1	sit	true	42933086	0	6	10019	6	0	next	other	0
ss_31	1105	Response	3							43304686	31967	1
ss_31	1107	Picture	1;2;1;	1	2	1				43308119	0	1	8182	1	0	next	false_alarm	518
ss_31	1107	Response	1							43316206	8088	1
ss_31	1109	Picture	1;2;1;2;stand;	1	2	1	2	stand		43320809	0	6	20037	6	0	next	other	0
ss_31	1111	Picture	1;2;1;2;stand;true;	1	2	1	2	stand	true	43345021	0	6	10019	7	0	next	other	0
ss_31	1118	Response	3							43692566	7912	1
ss_31	1120	Picture	1;1;2;	1	1	2				43695842	0	1	9017	1	0	next	false_alarm	523
ss_31	1120	Response	1							43704806	8964	1
ss_31	1122	Picture	1;1;2;1;stand;	1	1	2	1	stand		43708866	0	7	20037	7	0	next	other	0
ss_31	1124	Picture	1;1;2;1;stand;false;	1	1	2	1	stand	false	43732577	0	6	10019	7	0	next	other	0
ss_31	1126	Response	3							44081366	8654	1
ss_31	1128	Picture	1;2;1;	1	2	1				44084901	0	1	4341	1	0	next	false_alarm	528
ss_31	1128	Response	2							44089086	4185	1
ss_31	1130	Picture	1;2;1;1;stand;	1	2	1	1	stand		44092582	0	6	20037	6	0	next	other	0
ss_31	1132	Picture	1;2;1;1;stand;true;	1	2	1	1	stand	true	44116794	0	6	10019	6	0	next	other	0
ss_31	1139	Response	3							44484126	27699	0
ss_31	1141	Picture	1;1;2;	1	1	2				44488654	0	1	5844	1	0	next	false_alarm	533
ss_31	1141	Response	2							44494326	5672	1
ss_31	1143	Picture	1;1;2;2;stand;	1	1	2	2	stand		44498506	0	6	20037	6	0	next	other	0
ss_31	1145	Picture	1;1;2;2;stand;true;	1	1	2	2	stand	true	44522217	0	6	10019	6	0	next	other	0
ss_31	1152	Response	3							44871246	9395	1
ss_31	1154	Picture	1;2;1;	1	2	1				44874708	0	1	7347	1	0	next	false_alarm	538
ss_31	1154	Response	1							44881846	7138	1
ss_31	1156	Picture	1;2;1;2;sit;	1	2	1	2	sit		44886229	0	6	20037	6	0	next	other	0
ss_31	1158	Picture	1;2;1;2;sit;true;	1	2	1	2	sit	true	44909606	0	6	10019	7	0	next	other	0
ss_31	1165	Response	3							45296286	47046	1
ss_31	1167	Picture	1;1;2;	1	1	2				45300335	0	1	5510	1	0	next	false_alarm	543
ss_31	1167	Response	1							45305686	5351	1
ss_31	1169	Picture	1;1;2;1;stand;	1	1	2	1	stand		45309018	0	6	20037	6	0	next	other	0
ss_31	1171	Picture	1;1;2;1;stand;false;	1	1	2	1	stand	false	45333397	0	6	10019	6	0	next	other	0
ss_31	1173	Response	3							46489605	816074	1
ss_31	1175	Picture	1;2;1;	1	2	1				46492893	0	1	7347	1	0	next	false_alarm	548
ss_31	1175	Response	1							46500045	7152	1
ss_31	1177	Picture	1;2;1;2;stand;	1	2	1	2	stand		46504080	0	6	20037	7	0	next	other	0
ss_31	1179	Picture	1;2;1;2;stand;false;	1	2	1	2	stand	false	46527791	0	6	10019	6	0	next	other	0
ss_31	1181	Response	3							46881165	13239	0
ss_31	1183	Picture	1;1;2;	1	1	2				46885125	0	1	5343	1	0	next	false_alarm	553
ss_31	1183	Response	1							46890325	5200	1
ss_31	1185	Picture	1;1;2;1;sit;	1	1	2	1	sit		46894308	0	6	20037	6	0	next	other	0
ss_31	1187	Picture	1;1;2;1;sit;true;	1	1	2	1	sit	true	46917518	0	6	10019	7	0	next	other	0
ss_31	1194	Response	3							47293325	36173	1
ss_31	1196	Picture	1;1;2;	1	1	2				47296726	0	1	6178	1	0	next	false_alarm	558
ss_31	1196	Response	2							47302725	5999	1
ss_31	1198	Picture	1;1;2;2;stand;	1	1	2	2	stand		47307412	0	6	20037	6	0	next	other	0
ss_31	1200	Picture	1;1;2;2;stand;true;	1	1	2	2	stand	true	47332292	0	6	10019	6	0	next	other	0
ss_31	1207	Response	3							47681805	9879	1
ss_31	1209	Picture	1;2;1;	1	2	1				47686453	0	1	3507	1	0	next	false_alarm	563
ss_31	1209	Response	1							47689844	3392	1
ss_31	1211	Picture	1;2;1;2;stand;	1	2	1	2	stand		47694802	0	6	20037	7	0	next	other	0
ss_31	1213	Picture	1;2;1;2;stand;true;	1	2	1	2	stand	true	47718179	0	6	10019	6	0	next	other	0
ss_31	1220	Response	3							48079084	21272	1
ss_31	1222	Picture	1;1;2;	1	1	2				48082692	0	1	5677	1	0	next	false_alarm	568
ss_31	1222	Response	2							48088164	5472	1
ss_31	1224	Picture	1;1;2;2;stand;	1	1	2	2	stand		48093045	0	6	20037	6	0	next	other	0
ss_31	1226	Picture	1;1;2;2;stand;true;	1	1	2	2	stand	true	48117757	0	6	10019	6	0	next	other	0
ss_31	1233	Response	3							48477804	20413	1
ss_31	1235	Picture	1;1;2;	1	1	2				48481770	0	1	4675	1	0	next	false_alarm	573
ss_31	1235	Response	2							48486324	4555	1
ss_31	1237	Picture	1;1;2;2;stand;	1	1	2	2	stand		48489785	0	6	20037	6	0	next	other	0
ss_31	1239	Picture	1;1;2;2;stand;true;	1	1	2	2	stand	true	48513496	0	6	10019	6	0	next	other	0
ss_31	1246	Response	3							48866684	13555	0
ss_31	1248	Picture	1;1;2;	1	1	2				48871163	0	1	5343	1	0	next	false_alarm	578
ss_31	1248	Response	1							48876324	5161	1
ss_31	1250	Picture	1;1;2;1;sit;	1	1	2	1	sit		48881348	0	6	20037	6	0	next	other	0
ss_31	1252	Picture	1;1;2;1;sit;false;	1	1	2	1	sit	false	48906228	0	7	10019	7	0	next	other	0
ss_31	1254	Response	3							49253804	7441	1
ss_31	1256	Picture	1;1;2;	1	1	2				49257049	0	1	5844	1	0	next	false_alarm	583
ss_31	1256	Response	1							49262684	5635	1
ss_31	1258	Picture	1;1;2;1;sit;	1	1	2	1	sit		49266901	0	6	20037	6	0	next	other	0
ss_31	1260	Picture	1;1;2;1;sit;false;	1	1	2	1	sit	false	49290946	0	6	10019	6	0	next	other	0
ss_31	1262	Response	3							49639564	8484	1
ss_31	1264	Picture	1;2;1;	1	2	1				49643771	0	1	5176	1	0	next	false_alarm	588
ss_31	1264	Response	2							49648764	4993	1
ss_31	1266	Picture	1;2;1;1;sit;	1	2	1	1	sit		49653789	0	6	20037	6	0	next	other	0
ss_31	1268	Picture	1;2;1;1;sit;false;	1	2	1	1	sit	false	49678669	0	6	10019	6	0	next	other	0
ss_31	1270	Response	3							50026964	8160	1
ss_31	1272	Picture	1;2;1;	1	2	1				50031327	0	1	4508	1	0	next	false_alarm	593
ss_31	1272	Response	1							50035643	4316	1
ss_31	1274	Picture	1;2;1;2;stand;	1	2	1	2	stand		50039676	0	6	20037	6	0	next	other	0
ss_31	1276	Picture	1;2;1;2;stand;true;	1	2	1	2	stand	true	50064222	0	6	10019	6	0	next	other	0
ss_31	1283	Response	3							50416484	12628	1
ss_31	1285	Picture	1;2;1;	1	2	1				50420553	0	1	3841	1	0	next	false_alarm	598
ss_31	1285	Response	2							50424283	3730	1
ss_31	1287	Picture	1;2;1;1;sit;	1	2	1	1	sit		50427900	0	6	20037	6	0	next	other	0
ss_31	1289	Picture	1;2;1;1;sit;false;	1	2	1	1	sit	false	50451945	0	6	10019	6	0	next	other	0
ss_31	1291	Response	3							50799363	7284	0
ss_31	1293	Picture	1;1;2;	1	1	2				50804436	0	1	7681	1	0	next	false_alarm	603
ss_31	1293	Response	2							50812003	7568	1
ss_31	1295	Picture	1;1;2;2;stand;	1	1	2	2	stand		50815790	0	6	20037	6	0	next	other	0
ss_31	1297	Picture	1;1;2;2;stand;true;	1	1	2	2	stand	true	50839000	0	6	10019	6	0	next	other	0
ss_31	1304	Response	3							51193163	14529	1
ss_31	1306	Picture	1;2;1;	1	2	1				51198170	0	1	8516	1	0	next	false_alarm	608
ss_31	1306	Response	1							51206523	8353	0
ss_31	1308	Picture	1;2;1;2;stand;	1	2	1	2	stand		51211696	0	6	20037	6	0	next	other	0
ss_31	1310	Picture	1;2;1;2;stand;true;	1	2	1	2	stand	true	51236074	0	6	10019	6	0	next	other	0
ss_31	1317	Response	3							51594283	18575	1
ss_31	1319	Picture	1;1;2;	1	1	2				51597582	0	1	6846	1	0	next	false_alarm	613
ss_31	1319	Response	1							51604283	6701	1
ss_31	1321	Picture	1;1;2;1;sit;	1	1	2	1	sit		51608102	0	6	20037	6	0	next	other	0
ss_31	1323	Picture	1;1;2;1;sit;true;	1	1	2	1	sit	true	51632147	0	6	10019	6	0	next	other	0
ss_31	1330	Response	3							52021483	49702	1
ss_31	1332	Picture	1;2;1;	1	2	1				52024879	0	1	8683	1	0	next	false_alarm	618
ss_31	1332	Response	2							52033483	8604	1
ss_31	1334	Picture	1;2;1;1;sit;	1	2	1	1	sit		52037403	0	6	20037	6	0	next	other	0
ss_31	1336	Picture	1;2;1;1;sit;false;	1	2	1	1	sit	false	52061614	0	6	10019	6	0	next	other	0
ss_31	1338	Response	3							52411683	9934	1
ss_31	1340	Picture	1;1;2;	1	1	2				52415441	0	1	7514	1	0	next	false_alarm	623
ss_31	1340	Response	2							52422762	7321	1
ss_31	1342	Picture	1;1;2;2;stand;	1	1	2	2	stand		52427130	0	6	20037	6	0	next	other	0
ss_31	1344	Picture	1;1;2;2;stand;true;	1	1	2	2	stand	true	52451842	0	6	10019	6	0	next	other	0
ss_31	1351	Response	3							52801443	9967	1
ss_31	1353	Picture	1;2;1;	1	2	1				52805001	0	1	3006	1	0	next	false_alarm	628
ss_31	1353	Response	2							52807882	2881	1
ss_31	1355	Picture	1;2;1;1;sit;	1	2	1	1	sit		52812515	0	6	20037	7	0	next	other	0
ss_31	1357	Picture	1;2;1;1;sit;false;	1	2	1	1	sit	false	52837061	0	6	10019	6	0	next	other	0
ss_31	1359	Response	3							53188682	11487	1
ss_31	1361	Picture	1;1;2;	1	1	2				53192223	0	1	7681	1	0	next	false_alarm	633
ss_31	1361	Response	2							53199842	7619	1
ss_31	1363	Picture	1;1;2;2;stand;	1	1	2	2	stand		53203912	0	6	20037	6	0	next	other	0
ss_31	1365	Picture	1;1;2;2;stand;true;	1	1	2	2	stand	true	53227790	0	6	10019	6	0	next	other	0
ss_31	1372	Response	3							53581762	14339	1
ss_31	1374	Picture	1;1;2;	1	1	2				53585123	0	1	5009	1	0	next	false_alarm	638
ss_31	1374	Response	2							53590042	4919	1
ss_31	1376	Picture	1;1;2;2;stand;	1	1	2	2	stand		53594808	0	6	20037	6	0	next	other	0
ss_31	1378	Picture	1;1;2;2;stand;false;	1	1	2	2	stand	false	53619020	0	6	10019	6	0	next	other	0
ss_31	1380	Response	3							53966002	6848	1
ss_31	1382	Picture	1;2;1;	1	2	1				53970843	0	1	6512	1	0	next	false_alarm	643
ss_31	1382	Response	1							53977162	6320	0
ss_31	1384	Picture	1;2;1;2;stand;	1	2	1	2	stand		53982364	0	6	20037	6	0	next	other	0
ss_31	1386	Picture	1;2;1;2;stand;true;	1	2	1	2	stand	true	54007411	0	6	10019	6	0	next	other	0
ss_31	1393	Response	3							54361402	14358	1
ss_31	1395	Picture	1;1;2;	1	1	2				54365579	0	1	4508	1	0	next	false_alarm	648
ss_31	1395	Response	1							54370002	4423	1
ss_31	1397	Picture	1;1;2;1;sit;	1	1	2	1	sit		54374763	0	7	20037	7	0	next	other	0
ss_31	1399	Picture	1;1;2;1;sit;false;	1	1	2	1	sit	false	54398474	0	6	10019	6	0	next	other	0
ss_31	1401	Response	3							54746522	7914	1
ss_31	1403	Picture	1;1;2;	1	1	2				54750464	0	1	11522	1	0	next	false_alarm	653
ss_31	1403	Response	1							54761881	11418	1
ss_31	1405	Picture	1;1;2;1;stand;	1	1	2	1	stand		54764991	0	6	20037	6	0	next	other	0
ss_31	1407	Picture	1;1;2;1;stand;true;	1	1	2	1	stand	true	54790037	0	6	10019	6	0	next	other	0
ss_31	1414	Response	3							55140481	10810	1
ss_31	1416	Picture	1;1;2;	1	1	2				55144866	0	1	9852	1	0	next	false_alarm	658
ss_31	1416	Response	1							55154642	9776	1
ss_31	1418	Picture	1;1;2;1;sit;	1	1	2	1	sit		55158391	0	7	20037	7	0	next	other	0
ss_31	1420	Picture	1;1;2;1;sit;false;	1	1	2	1	sit	false	55182770	0	6	10019	6	0	next	other	0
ss_31	1422	Response	3							55529722	6817	1
ss_31	1424	Picture	1;1;2;	1	1	2				55533925	0	1	4341	1	0	next	false_alarm	663
ss_31	1424	Response	2							55538081	4156	1
ss_31	1426	Picture	1;1;2;2;sit;	1	1	2	2	sit		55541606	0	6	20037	6	0	next	other	0
ss_31	1428	Picture	1;1;2;2;sit;true;	1	1	2	2	sit	true	55566653	0	6	10019	6	0	next	other	0
ss_31	1435	Response	3							55957561	51275	0
ss_31	1437	Picture	1;2;1;	1	2	1				55961389	0	1	5343	1	0	next	false_alarm	668
ss_31	1437	Response	1							55966561	5172	1
ss_31	1439	Picture	1;2;1;2;stand;	1	2	1	2	stand		55970239	0	6	20037	6	0	next	other	0
ss_31	1441	Picture	1;2;1;2;stand;true;	1	2	1	2	stand	true	55993950	0	6	10019	6	0	next	other	0
ss_31	1448	Response	3							56341521	7937	1
ss_31	1450	Picture	1;1;2;	1	1	2				56344604	0	1	6345	1	0	next	false_alarm	673
ss_31	1450	Response	2							56350801	6197	1
ss_31	1452	Picture	1;1;2;2;stand;	1	1	2	2	stand		56354623	0	6	20037	6	0	next	other	0
ss_31	1454	Picture	1;1;2;2;stand;false;	1	1	2	2	stand	false	56378167	0	6	10019	7	0	next	other	0
ss_31	1456	Response	3							56725281	6980	1
ss_31	1458	Picture	1;1;2;	1	1	2				56729656	0	1	5844	1	0	next	false_alarm	678
ss_31	1458	Response	1							56735441	5785	1
ss_31	1460	Picture	1;1;2;1;sit;	1	1	2	1	sit		56738840	0	6	20037	6	0	next	other	0
ss_31	1462	Picture	1;1;2;1;sit;false;	1	1	2	1	sit	false	56763886	0	6	10019	6	0	next	other	0
ss_31	1464	Response	3							57115561	11540	1
ss_31	1466	Picture	1;2;1;	1	2	1				57120552	0	1	6345	1	0	next	false_alarm	683
ss_31	1466	Response	1							57126721	6169	1
ss_31	1468	Picture	1;2;1;2;stand;	1	2	1	2	stand		57131071	0	6	20037	6	0	next	other	0
ss_31	1470	Picture	1;2;1;2;stand;true;	1	2	1	2	stand	true	57154782	0	6	10019	6	0	next	other	0
ss_31	1477	Response	3							57510481	16065	1
ss_31	1479	Picture	1;1;2;	1	1	2				57513952	0	1	5510	1	0	next	false_alarm	688
ss_31	1479	Response	1							57519401	5449	1
ss_31	1481	Picture	1;1;2;1;sit;	1	1	2	1	sit		57522635	0	9	20037	9	0	next	other	0
ss_31	1483	Picture	1;1;2;1;sit;false;	1	1	2	1	sit	false	57546847	0	6	10019	6	0	next	other	0
ss_31	1485	Response	3							57896001	9019	1
ss_31	1487	Picture	1;2;1;	1	2	1				57901174	0	1	5343	1	0	next	false_alarm	693
ss_31	1487	Response	1							57906401	5226	1
ss_31	1489	Picture	1;2;1;2;sit;	1	2	1	2	sit		57910525	0	6	20037	6	0	next	other	0
ss_31	1491	Picture	1;2;1;2;sit;true;	1	2	1	2	sit	true	57934904	0	6	10019	6	0	next	other	0
ss_31	1498	Response	3							58317400	42862	1
ss_31	1500	Picture	1;1;2;	1	1	2				58321458	0	1	7013	1	0	next	false_alarm	698
ss_31	1500	Response	2							58328280	6822	1
ss_31	1502	Picture	1;1;2;2;stand;	1	1	2	2	stand		58332479	0	6	20037	6	0	next	other	0
ss_31	1504	Picture	1;1;2;2;stand;true;	1	1	2	2	stand	true	58356691	0	6	10019	6	0	next	other	0
ss_31	1511	Response	3							58714200	17876	1
ss_31	1513	Picture	1;2;1;	1	2	1				58718866	0	1	7013	1	0	next	false_alarm	703
ss_31	1513	Response	2							58725720	6854	1
ss_31	1515	Picture	1;2;1;1;stand;	1	2	1	1	stand		58729386	0	6	20037	6	0	next	other	0
ss_31	1517	Picture	1;2;1;1;stand;true;	1	2	1	1	stand	true	58752930	0	6	10019	6	0	next	other	0
ss_31	1524	Response	3							59105200	12637	1
ss_31	1526	Picture	1;1;2;	1	1	2				59109428	0	1	4341	1	0	next	false_alarm	708
ss_31	1526	Response	1							59113720	4291	1
ss_31	1528	Picture	1;1;2;1;sit;	1	1	2	1	sit		59117944	0	6	20037	6	0	next	other	0
ss_31	1530	Picture	1;1;2;1;sit;true;	1	1	2	1	sit	true	59142824	0	6	10019	6	0	next	other	0
ss_31	1537	Response	3							59520000	37542	1
ss_31	1539	Picture	1;1;2;	1	1	2				59525037	0	1	8850	1	0	next	false_alarm	713
ss_31	1539	Response	1							59533760	8723	1
ss_31	1541	Picture	1;1;2;1;stand;	1	1	2	1	stand		59537894	0	6	20037	6	0	next	other	0
ss_31	1543	Picture	1;1;2;1;stand;false;	1	1	2	1	stand	false	59562106	0	6	10019	6	0	next	other	0
ss_31	1545	Response	3							60800000	897759	1
ss_31	1547	Picture	1;1;2;	1	1	2				60805092	0	1	7180	1	0	next	false_alarm	718
ss_31	1547	Response	1							60812160	7068	0
ss_31	1549	Picture	1;1;2;1;sit;	1	1	2	1	sit		60817281	0	6	20037	6	0	next	other	0
ss_31	1551	Picture	1;1;2;1;sit;false;	1	1	2	1	sit	false	60841493	0	6	10019	6	0	next	other	0
ss_31	1553	Response	3							61187680	6052	1
ss_31	1555	Picture	1;1;2;	1	1	2				61192314	0	1	3674	1	0	next	false_alarm	723
ss_31	1555	Response	2							61195799	3485	1
ss_31	1557	Picture	1;1;2;2;stand;	1	1	2	2	stand		61200162	0	6	20037	6	0	next	other	0
ss_31	1559	Picture	1;1;2;2;stand;true;	1	1	2	2	stand	true	61225042	0	6	10019	7	0	next	other	0
ss_31	1566	Response	3							61583519	18844	1
ss_31	1568	Picture	1;1;2;	1	1	2				61588219	0	1	4675	1	0	next	false_alarm	728
ss_31	1568	Response	1							61592759	4540	1
ss_31	1570	Picture	1;1;2;1;sit;	1	1	2	1	sit		61596067	0	6	20037	6	0	next	other	0
ss_31	1572	Picture	1;1;2;1;sit;false;	1	1	2	1	sit	false	61620446	0	6	10019	6	0	next	other	0
ss_31	1574	Response	3							61969119	8539	1
ss_31	1576	Picture	1;2;1;	1	2	1				61973772	0	1	8683	1	0	next	false_alarm	733
ss_31	1576	Response	2							61982319	8547	0
ss_31	1578	Picture	1;2;1;1;stand;	1	2	1	1	stand		61987130	0	6	20037	6	0	next	other	0
ss_31	1580	Picture	1;2;1;1;stand;false;	1	2	1	1	stand	false	62011676	0	6	10019	6	0	next	other	0
ss_31	1582	Response	3							62359519	7709	1
ss_31	1584	Picture	1;2;1;	1	2	1				62364167	0	1	5176	1	0	next	false_alarm	738
ss_31	1584	Response	2							62369279	5112	1
ss_31	1586	Picture	1;2;1;1;sit;	1	2	1	1	sit		62374185	0	6	20037	6	0	next	other	0
ss_31	1588	Picture	1;2;1;1;sit;true;	1	2	1	1	sit	true	62398230	0	6	10019	6	0	next	other	0
ss_31	1595	Response	3							62772879	35015	1
ss_31	1597	Picture	1;1;2;	1	1	2				62777605	0	1	4675	1	0	next	false_alarm	743
ss_31	1597	Response	2							62782159	4554	0
ss_31	1599	Picture	1;1;2;2;stand;	1	1	2	2	stand		62785453	0	6	20037	6	0	next	other	0
ss_31	1601	Picture	1;1;2;2;stand;true;	1	1	2	2	stand	true	62809164	0	6	10019	6	0	next	other	0
ss_31	1608	Response	3							63162119	13322	1
ss_31	1610	Picture	1;1;2;	1	1	2				63165996	0	1	3340	1	0	next	false_alarm	748
ss_31	1610	Response	1							63169278	3283	1
ss_31	1612	Picture	1;1;2;1;stand;	1	1	2	1	stand		63173677	0	6	20037	6	0	next	other	0
ss_31	1614	Picture	1;1;2;1;stand;false;	1	1	2	1	stand	false	63196887	0	6	10019	6	0	next	other	0
ss_31	1616	Response	3							63551399	14377	1
ss_31	1618	Picture	1;1;2;	1	1	2				63554888	0	1	8182	1	0	next	false_alarm	753
ss_31	1618	Response	1							63562998	8110	1
ss_31	1620	Picture	1;1;2;1;sit;	1	1	2	1	sit		63567244	0	6	20037	6	0	next	other	0
ss_31	1622	Picture	1;1;2;1;sit;false;	1	1	2	1	sit	false	63592291	0	6	10019	6	0	next	other	0
ss_31	1624	Response	3							63940478	8053	1
ss_31	1626	Picture	1;2;1;	1	2	1				63943947	0	1	5009	1	0	next	false_alarm	758
ss_31	1626	Response	1							63948758	4811	0
ss_31	1628	Picture	1;2;1;2;sit;	1	2	1	2	sit		63953131	0	6	20037	7	0	next	other	0
ss_31	1630	Picture	1;2;1;2;sit;true;	1	2	1	2	sit	true	63976508	0	6	10019	6	0	next	other	0
ss_31	1637	Response	3							64365598	49457	1
ss_31	1639	Picture	1;1;2;	1	1	2				64369073	0	1	5510	1	0	next	false_alarm	763
ss_31	1639	Response	1							64374518	5445	1
ss_31	1641	Picture	1;1;2;1;stand;	1	1	2	1	stand		64378758	0	6	20037	6	0	next	other	0
ss_31	1643	Picture	1;1;2;1;stand;true;	1	1	2	1	stand	true	64403638	0	6	10019	6	0	next	other	0
ss_31	1650	Response	3							64753278	10006	1
ss_31	1652	Picture	1;2;1;	1	2	1				64757799	0	1	3507	1	0	next	false_alarm	768
ss_31	1652	Response	2							64761158	3360	1
ss_31	1654	Picture	1;2;1;1;stand;	1	2	1	1	stand		64765146	0	6	20037	6	0	next	other	0
ss_31	1656	Picture	1;2;1;1;stand;true;	1	2	1	1	stand	true	64788856	0	6	10019	6	0	next	other	0
ss_31	1663	Response	3							65142078	13588	0
ss_31	1665	Picture	1;1;2;	1	1	2				65146691	0	1	4174	1	0	next	false_alarm	773
ss_31	1665	Response	1							65150798	4107	1
ss_31	1667	Picture	1;1;2;1;sit;	1	1	2	1	sit		65154372	0	6	20037	7	0	next	other	0
ss_31	1669	Picture	1;1;2;1;sit;true;	1	1	2	1	sit	true	65178417	0	6	10019	6	0	next	other	0
ss_31	1676	Response	3							65561238	43188	1
ss_31	1678	Picture	1;1;2;	1	1	2				65565472	0	1	5677	1	0	next	false_alarm	778
ss_31	1678	Response	1							65571078	5606	1
ss_31	1680	Picture	1;1;2;1;sit;	1	1	2	1	sit		65576158	0	6	20037	7	0	next	other	0
ss_31	1682	Picture	1;1;2;1;sit;true;	1	1	2	1	sit	true	65599869	0	6	10019	7	0	next	other	0
ss_31	1689	Response	3							65986277	46774	1
ss_31	1691	Picture	1;1;2;	1	1	2				65990264	0	1	4508	1	0	next	false_alarm	783
ss_31	1691	Response	2							65994718	4453	1
ss_31	1693	Picture	1;1;2;2;stand;	1	1	2	2	stand		65999448	0	6	20037	6	0	next	other	0
ss_31	1695	Picture	1;1;2;2;stand;true;	1	1	2	2	stand	true	66022992	0	7	10019	7	0	next	other	0
ss_31	1702	Response	3							66377677	15052	0
ss_31	1704	Picture	1;2;1;	1	2	1				66382830	0	1	4508	1	0	next	false_alarm	788
ss_31	1704	Response	2							66387237	4407	1
ss_31	1706	Picture	1;2;1;1;sit;	1	2	1	1	sit		66391012	0	6	20037	6	0	next	other	0
ss_31	1708	Picture	1;2;1;1;sit;true;	1	2	1	1	sit	true	66415725	0	6	10019	6	0	next	other	0
ss_31	1715	Response	3							66793517	38159	1
ss_31	1717	Picture	1;1;2;	1	1	2				66797938	0	1	5510	1	0	next	false_alarm	793
ss_31	1717	Response	2							66803277	5340	0
ss_31	1719	Picture	1;1;2;2;stand;	1	1	2	2	stand		66807622	0	6	20037	7	0	next	other	0
ss_31	1721	Picture	1;1;2;2;stand;false;	1	1	2	2	stand	false	66831834	0	6	10019	6	0	next	other	0
ss_31	1723	Response	3							67179997	8028	1
ss_31	1725	Picture	1;1;2;	1	1	2				67184325	0	1	4341	1	0	next	false_alarm	798
ss_31	1725	Response	1							67188557	4232	1
ss_31	1727	Picture	1;1;2;1;sit;	1	1	2	1	sit		67193008	0	6	20037	6	0	next	other	0
ss_31	1729	Picture	1;1;2;1;sit;true;	1	1	2	1	sit	true	67216552	0	6	10019	7	0	next	other	0


{
   "app": "Presentation Version 21.0 Build 06.06.19",
   "device": "Dell Inc. OptiPlex 7040",
   "experiment": "{783366C0-BBCE-4F44-80DE-11CDC1AD73DF}",
   "os": "Windows 10 64 bit",
   "package": "",
   "parameters": {
      "configuration": "Default configuration"
   },
   "scenario": "Case 686.sce",
   "subject": "ss_31",
   "timestamp": "2022/04/14 21:25:55 GMT"
}
